[1.048s] Invoking command in '/media/david/Storage/David/Research/Github/ROS/ROS2/src/bumperbot_py_examples': PYTHONPATH=/media/david/Storage/David/Research/Github/ROS/ROS2/build/bumperbot_py_examples/prefix_override:/media/david/Storage/David/Research/Github/ROS/ROS2/install/bumperbot_py_examples/lib/python3.10/site-packages:${PYTHONPATH} /usr/bin/python3 -W ignore:setup.py install is deprecated setup.py egg_info --egg-base ../../build/bumperbot_py_examples build --build-base /media/david/Storage/David/Research/Github/ROS/ROS2/build/bumperbot_py_examples/build install --record /media/david/Storage/David/Research/Github/ROS/ROS2/build/bumperbot_py_examples/install.log --single-version-externally-managed install_data
[1.412s] running egg_info
[1.414s] creating ../../build/bumperbot_py_examples/bumperbot_py_examples.egg-info
[1.415s] writing ../../build/bumperbot_py_examples/bumperbot_py_examples.egg-info/PKG-INFO
[1.416s] writing dependency_links to ../../build/bumperbot_py_examples/bumperbot_py_examples.egg-info/dependency_links.txt
[1.418s] writing entry points to ../../build/bumperbot_py_examples/bumperbot_py_examples.egg-info/entry_points.txt
[1.419s] writing requirements to ../../build/bumperbot_py_examples/bumperbot_py_examples.egg-info/requires.txt
[1.419s] writing top-level names to ../../build/bumperbot_py_examples/bumperbot_py_examples.egg-info/top_level.txt
[1.420s] writing manifest file '../../build/bumperbot_py_examples/bumperbot_py_examples.egg-info/SOURCES.txt'
[1.426s] reading manifest file '../../build/bumperbot_py_examples/bumperbot_py_examples.egg-info/SOURCES.txt'
[1.431s] writing manifest file '../../build/bumperbot_py_examples/bumperbot_py_examples.egg-info/SOURCES.txt'
[1.431s] running build
[1.432s] running build_py
[1.432s] creating /media/david/Storage/David/Research/Github/ROS/ROS2/build/bumperbot_py_examples/build
[1.433s] creating /media/david/Storage/David/Research/Github/ROS/ROS2/build/bumperbot_py_examples/build/lib
[1.433s] creating /media/david/Storage/David/Research/Github/ROS/ROS2/build/bumperbot_py_examples/build/lib/bumperbot_py_examples
[1.433s] copying bumperbot_py_examples/simple_parameter.py -> /media/david/Storage/David/Research/Github/ROS/ROS2/build/bumperbot_py_examples/build/lib/bumperbot_py_examples
[1.435s] copying bumperbot_py_examples/simple_publisher.py -> /media/david/Storage/David/Research/Github/ROS/ROS2/build/bumperbot_py_examples/build/lib/bumperbot_py_examples
[1.436s] copying bumperbot_py_examples/simple_subscriber.py -> /media/david/Storage/David/Research/Github/ROS/ROS2/build/bumperbot_py_examples/build/lib/bumperbot_py_examples
[1.437s] copying bumperbot_py_examples/simple_turtlesim_kinematics.py -> /media/david/Storage/David/Research/Github/ROS/ROS2/build/bumperbot_py_examples/build/lib/bumperbot_py_examples
[1.439s] copying bumperbot_py_examples/__init__.py -> /media/david/Storage/David/Research/Github/ROS/ROS2/build/bumperbot_py_examples/build/lib/bumperbot_py_examples
[1.440s] running install
[1.440s] running install_lib
[1.443s] creating /media/david/Storage/David/Research/Github/ROS/ROS2/install/bumperbot_py_examples/lib/python3.10/site-packages/bumperbot_py_examples
[1.444s] copying /media/david/Storage/David/Research/Github/ROS/ROS2/build/bumperbot_py_examples/build/lib/bumperbot_py_examples/simple_parameter.py -> /media/david/Storage/David/Research/Github/ROS/ROS2/install/bumperbot_py_examples/lib/python3.10/site-packages/bumperbot_py_examples
[1.445s] copying /media/david/Storage/David/Research/Github/ROS/ROS2/build/bumperbot_py_examples/build/lib/bumperbot_py_examples/simple_publisher.py -> /media/david/Storage/David/Research/Github/ROS/ROS2/install/bumperbot_py_examples/lib/python3.10/site-packages/bumperbot_py_examples
[1.447s] copying /media/david/Storage/David/Research/Github/ROS/ROS2/build/bumperbot_py_examples/build/lib/bumperbot_py_examples/simple_subscriber.py -> /media/david/Storage/David/Research/Github/ROS/ROS2/install/bumperbot_py_examples/lib/python3.10/site-packages/bumperbot_py_examples
[1.448s] copying /media/david/Storage/David/Research/Github/ROS/ROS2/build/bumperbot_py_examples/build/lib/bumperbot_py_examples/simple_turtlesim_kinematics.py -> /media/david/Storage/David/Research/Github/ROS/ROS2/install/bumperbot_py_examples/lib/python3.10/site-packages/bumperbot_py_examples
[1.449s] copying /media/david/Storage/David/Research/Github/ROS/ROS2/build/bumperbot_py_examples/build/lib/bumperbot_py_examples/__init__.py -> /media/david/Storage/David/Research/Github/ROS/ROS2/install/bumperbot_py_examples/lib/python3.10/site-packages/bumperbot_py_examples
[1.452s] byte-compiling /media/david/Storage/David/Research/Github/ROS/ROS2/install/bumperbot_py_examples/lib/python3.10/site-packages/bumperbot_py_examples/simple_parameter.py to simple_parameter.cpython-310.pyc
[1.453s] byte-compiling /media/david/Storage/David/Research/Github/ROS/ROS2/install/bumperbot_py_examples/lib/python3.10/site-packages/bumperbot_py_examples/simple_publisher.py to simple_publisher.cpython-310.pyc
[1.456s] byte-compiling /media/david/Storage/David/Research/Github/ROS/ROS2/install/bumperbot_py_examples/lib/python3.10/site-packages/bumperbot_py_examples/simple_subscriber.py to simple_subscriber.cpython-310.pyc
[1.458s] byte-compiling /media/david/Storage/David/Research/Github/ROS/ROS2/install/bumperbot_py_examples/lib/python3.10/site-packages/bumperbot_py_examples/simple_turtlesim_kinematics.py to simple_turtlesim_kinematics.cpython-310.pyc
[1.460s] byte-compiling /media/david/Storage/David/Research/Github/ROS/ROS2/install/bumperbot_py_examples/lib/python3.10/site-packages/bumperbot_py_examples/__init__.py to __init__.cpython-310.pyc
[1.463s] running install_data
[1.463s] creating /media/david/Storage/David/Research/Github/ROS/ROS2/install/bumperbot_py_examples/share/ament_index
[1.463s] creating /media/david/Storage/David/Research/Github/ROS/ROS2/install/bumperbot_py_examples/share/ament_index/resource_index
[1.464s] creating /media/david/Storage/David/Research/Github/ROS/ROS2/install/bumperbot_py_examples/share/ament_index/resource_index/packages
[1.464s] copying resource/bumperbot_py_examples -> /media/david/Storage/David/Research/Github/ROS/ROS2/install/bumperbot_py_examples/share/ament_index/resource_index/packages
[1.466s] copying package.xml -> /media/david/Storage/David/Research/Github/ROS/ROS2/install/bumperbot_py_examples/share/bumperbot_py_examples
[1.466s] running install_egg_info
[1.470s] Copying ../../build/bumperbot_py_examples/bumperbot_py_examples.egg-info to /media/david/Storage/David/Research/Github/ROS/ROS2/install/bumperbot_py_examples/lib/python3.10/site-packages/bumperbot_py_examples-0.0.0-py3.10.egg-info
[1.482s] running install_scripts
[1.511s] Installing simple_parameter script to /media/david/Storage/David/Research/Github/ROS/ROS2/install/bumperbot_py_examples/lib/bumperbot_py_examples
[1.512s] Installing simple_publisher script to /media/david/Storage/David/Research/Github/ROS/ROS2/install/bumperbot_py_examples/lib/bumperbot_py_examples
[1.514s] Installing simple_subscriber script to /media/david/Storage/David/Research/Github/ROS/ROS2/install/bumperbot_py_examples/lib/bumperbot_py_examples
[1.514s] Installing simple_turtlesim_kinematics script to /media/david/Storage/David/Research/Github/ROS/ROS2/install/bumperbot_py_examples/lib/bumperbot_py_examples
[1.516s] writing list of installed files to '/media/david/Storage/David/Research/Github/ROS/ROS2/build/bumperbot_py_examples/install.log'
[1.542s] Invoked command in '/media/david/Storage/David/Research/Github/ROS/ROS2/src/bumperbot_py_examples' returned '0': PYTHONPATH=/media/david/Storage/David/Research/Github/ROS/ROS2/build/bumperbot_py_examples/prefix_override:/media/david/Storage/David/Research/Github/ROS/ROS2/install/bumperbot_py_examples/lib/python3.10/site-packages:${PYTHONPATH} /usr/bin/python3 -W ignore:setup.py install is deprecated setup.py egg_info --egg-base ../../build/bumperbot_py_examples build --build-base /media/david/Storage/David/Research/Github/ROS/ROS2/build/bumperbot_py_examples/build install --record /media/david/Storage/David/Research/Github/ROS/ROS2/build/bumperbot_py_examples/install.log --single-version-externally-managed install_data
