[0.131s] DEBUG:colcon:Command line arguments: ['/usr/bin/colcon', 'build']
[0.131s] DEBUG:colcon:Parsed command line arguments: Namespace(log_base=None, log_level=None, verb_name='build', build_base='build', install_base='install', merge_install=False, symlink_install=False, test_result_base=None, continue_on_error=False, executor='parallel', parallel_workers=4, event_handlers=None, ignore_user_meta=False, metas=['./colcon.meta'], base_paths=['.'], packages_ignore=None, packages_ignore_regex=None, paths=None, packages_up_to=None, packages_up_to_regex=None, packages_above=None, packages_above_and_dependencies=None, packages_above_depth=None, packages_select_by_dep=None, packages_skip_by_dep=None, packages_skip_up_to=None, packages_select_build_failed=False, packages_skip_build_finished=False, packages_select_test_failures=False, packages_skip_test_passed=False, packages_select=None, packages_skip=None, packages_select_regex=None, packages_skip_regex=None, packages_start=None, packages_end=None, allow_overriding=[], cmake_args=None, cmake_target=None, cmake_target_skip_unavailable=False, cmake_clean_cache=False, cmake_clean_first=False, cmake_force_configure=False, ament_cmake_args=None, catkin_cmake_args=None, catkin_skip_building_tests=False, mixin_files=None, mixin=None, verb_parser=<colcon_mixin.mixin.mixin_argument.MixinArgumentDecorator object at 0x78070f3883d0>, verb_extension=<colcon_core.verb.build.BuildVerb object at 0x78070f35bb80>, main=<bound method BuildVerb.main of <colcon_core.verb.build.BuildVerb object at 0x78070f35bb80>>, mixin_verb=('build',))
[0.371s] Level 1:colcon.colcon_core.package_discovery:discover_packages(colcon_meta) check parameters
[0.371s] Level 1:colcon.colcon_core.package_discovery:discover_packages(recursive) check parameters
[0.371s] Level 1:colcon.colcon_core.package_discovery:discover_packages(ignore) check parameters
[0.371s] Level 1:colcon.colcon_core.package_discovery:discover_packages(path) check parameters
[0.371s] Level 1:colcon.colcon_core.package_discovery:discover_packages(colcon_meta) discover
[0.372s] Level 1:colcon.colcon_core.package_discovery:discover_packages(recursive) discover
[0.372s] INFO:colcon.colcon_core.package_discovery:Crawling recursively for packages in '/media/david/Storage/David/Research/Github/ROS/ROS2'
[0.372s] Level 1:colcon.colcon_core.package_identification:_identify(.) by extensions ['ignore', 'ignore_ament_install']
[0.372s] Level 1:colcon.colcon_core.package_identification:_identify(.) by extension 'ignore'
[0.372s] Level 1:colcon.colcon_core.package_identification:_identify(.) by extension 'ignore_ament_install'
[0.372s] Level 1:colcon.colcon_core.package_identification:_identify(.) by extensions ['colcon_pkg']
[0.373s] Level 1:colcon.colcon_core.package_identification:_identify(.) by extension 'colcon_pkg'
[0.373s] Level 1:colcon.colcon_core.package_identification:_identify(.) by extensions ['colcon_meta']
[0.373s] Level 1:colcon.colcon_core.package_identification:_identify(.) by extension 'colcon_meta'
[0.373s] Level 1:colcon.colcon_core.package_identification:_identify(.) by extensions ['ros']
[0.373s] Level 1:colcon.colcon_core.package_identification:_identify(.) by extension 'ros'
[0.398s] Level 1:colcon.colcon_core.package_identification:_identify(.) by extensions ['cmake', 'python']
[0.398s] Level 1:colcon.colcon_core.package_identification:_identify(.) by extension 'cmake'
[0.398s] Level 1:colcon.colcon_core.package_identification:_identify(.) by extension 'python'
[0.399s] Level 1:colcon.colcon_core.package_identification:_identify(.) by extensions ['python_setup_py']
[0.399s] Level 1:colcon.colcon_core.package_identification:_identify(.) by extension 'python_setup_py'
[0.399s] Level 1:colcon.colcon_core.package_identification:_identify(build) by extensions ['ignore', 'ignore_ament_install']
[0.399s] Level 1:colcon.colcon_core.package_identification:_identify(build) by extension 'ignore'
[0.400s] Level 1:colcon.colcon_core.package_identification:_identify(build) ignored
[0.400s] Level 1:colcon.colcon_core.package_identification:_identify(install) by extensions ['ignore', 'ignore_ament_install']
[0.400s] Level 1:colcon.colcon_core.package_identification:_identify(install) by extension 'ignore'
[0.400s] Level 1:colcon.colcon_core.package_identification:_identify(install) ignored
[0.401s] Level 1:colcon.colcon_core.package_identification:_identify(log) by extensions ['ignore', 'ignore_ament_install']
[0.401s] Level 1:colcon.colcon_core.package_identification:_identify(log) by extension 'ignore'
[0.401s] Level 1:colcon.colcon_core.package_identification:_identify(log) ignored
[0.401s] Level 1:colcon.colcon_core.package_identification:_identify(src) by extensions ['ignore', 'ignore_ament_install']
[0.402s] Level 1:colcon.colcon_core.package_identification:_identify(src) by extension 'ignore'
[0.402s] Level 1:colcon.colcon_core.package_identification:_identify(src) by extension 'ignore_ament_install'
[0.402s] Level 1:colcon.colcon_core.package_identification:_identify(src) by extensions ['colcon_pkg']
[0.402s] Level 1:colcon.colcon_core.package_identification:_identify(src) by extension 'colcon_pkg'
[0.402s] Level 1:colcon.colcon_core.package_identification:_identify(src) by extensions ['colcon_meta']
[0.402s] Level 1:colcon.colcon_core.package_identification:_identify(src) by extension 'colcon_meta'
[0.402s] Level 1:colcon.colcon_core.package_identification:_identify(src) by extensions ['ros']
[0.403s] Level 1:colcon.colcon_core.package_identification:_identify(src) by extension 'ros'
[0.403s] Level 1:colcon.colcon_core.package_identification:_identify(src) by extensions ['cmake', 'python']
[0.403s] Level 1:colcon.colcon_core.package_identification:_identify(src) by extension 'cmake'
[0.403s] Level 1:colcon.colcon_core.package_identification:_identify(src) by extension 'python'
[0.403s] Level 1:colcon.colcon_core.package_identification:_identify(src) by extensions ['python_setup_py']
[0.403s] Level 1:colcon.colcon_core.package_identification:_identify(src) by extension 'python_setup_py'
[0.404s] Level 1:colcon.colcon_core.package_identification:_identify(src/bumperbot_controller) by extensions ['ignore', 'ignore_ament_install']
[0.404s] Level 1:colcon.colcon_core.package_identification:_identify(src/bumperbot_controller) by extension 'ignore'
[0.404s] Level 1:colcon.colcon_core.package_identification:_identify(src/bumperbot_controller) by extension 'ignore_ament_install'
[0.404s] Level 1:colcon.colcon_core.package_identification:_identify(src/bumperbot_controller) by extensions ['colcon_pkg']
[0.404s] Level 1:colcon.colcon_core.package_identification:_identify(src/bumperbot_controller) by extension 'colcon_pkg'
[0.404s] Level 1:colcon.colcon_core.package_identification:_identify(src/bumperbot_controller) by extensions ['colcon_meta']
[0.405s] Level 1:colcon.colcon_core.package_identification:_identify(src/bumperbot_controller) by extension 'colcon_meta'
[0.405s] Level 1:colcon.colcon_core.package_identification:_identify(src/bumperbot_controller) by extensions ['ros']
[0.405s] Level 1:colcon.colcon_core.package_identification:_identify(src/bumperbot_controller) by extension 'ros'
[0.408s] DEBUG:colcon.colcon_core.package_identification:Package 'src/bumperbot_controller' with type 'ros.ament_cmake' and name 'bumperbot_controller'
[0.408s] Level 1:colcon.colcon_core.package_identification:_identify(src/bumperbot_cpp_examples) by extensions ['ignore', 'ignore_ament_install']
[0.409s] Level 1:colcon.colcon_core.package_identification:_identify(src/bumperbot_cpp_examples) by extension 'ignore'
[0.409s] Level 1:colcon.colcon_core.package_identification:_identify(src/bumperbot_cpp_examples) by extension 'ignore_ament_install'
[0.409s] Level 1:colcon.colcon_core.package_identification:_identify(src/bumperbot_cpp_examples) by extensions ['colcon_pkg']
[0.409s] Level 1:colcon.colcon_core.package_identification:_identify(src/bumperbot_cpp_examples) by extension 'colcon_pkg'
[0.409s] Level 1:colcon.colcon_core.package_identification:_identify(src/bumperbot_cpp_examples) by extensions ['colcon_meta']
[0.409s] Level 1:colcon.colcon_core.package_identification:_identify(src/bumperbot_cpp_examples) by extension 'colcon_meta'
[0.410s] Level 1:colcon.colcon_core.package_identification:_identify(src/bumperbot_cpp_examples) by extensions ['ros']
[0.410s] Level 1:colcon.colcon_core.package_identification:_identify(src/bumperbot_cpp_examples) by extension 'ros'
[0.412s] DEBUG:colcon.colcon_core.package_identification:Package 'src/bumperbot_cpp_examples' with type 'ros.ament_cmake' and name 'bumperbot_cpp_examples'
[0.413s] Level 1:colcon.colcon_core.package_identification:_identify(src/bumperbot_description) by extensions ['ignore', 'ignore_ament_install']
[0.413s] Level 1:colcon.colcon_core.package_identification:_identify(src/bumperbot_description) by extension 'ignore'
[0.413s] Level 1:colcon.colcon_core.package_identification:_identify(src/bumperbot_description) by extension 'ignore_ament_install'
[0.413s] Level 1:colcon.colcon_core.package_identification:_identify(src/bumperbot_description) by extensions ['colcon_pkg']
[0.413s] Level 1:colcon.colcon_core.package_identification:_identify(src/bumperbot_description) by extension 'colcon_pkg'
[0.413s] Level 1:colcon.colcon_core.package_identification:_identify(src/bumperbot_description) by extensions ['colcon_meta']
[0.413s] Level 1:colcon.colcon_core.package_identification:_identify(src/bumperbot_description) by extension 'colcon_meta'
[0.414s] Level 1:colcon.colcon_core.package_identification:_identify(src/bumperbot_description) by extensions ['ros']
[0.414s] Level 1:colcon.colcon_core.package_identification:_identify(src/bumperbot_description) by extension 'ros'
[0.415s] DEBUG:colcon.colcon_core.package_identification:Package 'src/bumperbot_description' with type 'ros.ament_cmake' and name 'bumperbot_description'
[0.416s] Level 1:colcon.colcon_core.package_identification:_identify(src/bumperbot_msgs) by extensions ['ignore', 'ignore_ament_install']
[0.416s] Level 1:colcon.colcon_core.package_identification:_identify(src/bumperbot_msgs) by extension 'ignore'
[0.416s] Level 1:colcon.colcon_core.package_identification:_identify(src/bumperbot_msgs) by extension 'ignore_ament_install'
[0.416s] Level 1:colcon.colcon_core.package_identification:_identify(src/bumperbot_msgs) by extensions ['colcon_pkg']
[0.416s] Level 1:colcon.colcon_core.package_identification:_identify(src/bumperbot_msgs) by extension 'colcon_pkg'
[0.417s] Level 1:colcon.colcon_core.package_identification:_identify(src/bumperbot_msgs) by extensions ['colcon_meta']
[0.417s] Level 1:colcon.colcon_core.package_identification:_identify(src/bumperbot_msgs) by extension 'colcon_meta'
[0.417s] Level 1:colcon.colcon_core.package_identification:_identify(src/bumperbot_msgs) by extensions ['ros']
[0.417s] Level 1:colcon.colcon_core.package_identification:_identify(src/bumperbot_msgs) by extension 'ros'
[0.418s] DEBUG:colcon.colcon_core.package_identification:Package 'src/bumperbot_msgs' with type 'ros.ament_cmake' and name 'bumperbot_msgs'
[0.419s] Level 1:colcon.colcon_core.package_identification:_identify(src/bumperbot_py_examples) by extensions ['ignore', 'ignore_ament_install']
[0.419s] Level 1:colcon.colcon_core.package_identification:_identify(src/bumperbot_py_examples) by extension 'ignore'
[0.420s] Level 1:colcon.colcon_core.package_identification:_identify(src/bumperbot_py_examples) by extension 'ignore_ament_install'
[0.420s] Level 1:colcon.colcon_core.package_identification:_identify(src/bumperbot_py_examples) by extensions ['colcon_pkg']
[0.420s] Level 1:colcon.colcon_core.package_identification:_identify(src/bumperbot_py_examples) by extension 'colcon_pkg'
[0.421s] Level 1:colcon.colcon_core.package_identification:_identify(src/bumperbot_py_examples) by extensions ['colcon_meta']
[0.421s] Level 1:colcon.colcon_core.package_identification:_identify(src/bumperbot_py_examples) by extension 'colcon_meta'
[0.421s] Level 1:colcon.colcon_core.package_identification:_identify(src/bumperbot_py_examples) by extensions ['ros']
[0.421s] Level 1:colcon.colcon_core.package_identification:_identify(src/bumperbot_py_examples) by extension 'ros'
[0.422s] DEBUG:colcon.colcon_core.package_identification:Package 'src/bumperbot_py_examples' with type 'ros.ament_python' and name 'bumperbot_py_examples'
[0.423s] Level 1:colcon.colcon_core.package_discovery:discover_packages(recursive) using defaults
[0.423s] Level 1:colcon.colcon_core.package_discovery:discover_packages(ignore) discover
[0.423s] Level 1:colcon.colcon_core.package_discovery:discover_packages(ignore) using defaults
[0.423s] Level 1:colcon.colcon_core.package_discovery:discover_packages(path) discover
[0.423s] Level 1:colcon.colcon_core.package_discovery:discover_packages(path) using defaults
[0.445s] Level 1:colcon.colcon_core.package_discovery:discover_packages(prefix_path) check parameters
[0.445s] Level 1:colcon.colcon_core.package_discovery:discover_packages(prefix_path) discover
[0.449s] DEBUG:colcon.colcon_installed_package_information.package_discovery:Found 331 installed packages in /opt/ros/humble
[0.453s] Level 1:colcon.colcon_core.package_discovery:discover_packages(prefix_path) using defaults
[0.501s] Level 5:colcon.colcon_core.verb:set package 'bumperbot_controller' build argument 'cmake_args' from command line to 'None'
[0.501s] Level 5:colcon.colcon_core.verb:set package 'bumperbot_controller' build argument 'cmake_target' from command line to 'None'
[0.501s] Level 5:colcon.colcon_core.verb:set package 'bumperbot_controller' build argument 'cmake_target_skip_unavailable' from command line to 'False'
[0.501s] Level 5:colcon.colcon_core.verb:set package 'bumperbot_controller' build argument 'cmake_clean_cache' from command line to 'False'
[0.501s] Level 5:colcon.colcon_core.verb:set package 'bumperbot_controller' build argument 'cmake_clean_first' from command line to 'False'
[0.502s] Level 5:colcon.colcon_core.verb:set package 'bumperbot_controller' build argument 'cmake_force_configure' from command line to 'False'
[0.502s] Level 5:colcon.colcon_core.verb:set package 'bumperbot_controller' build argument 'ament_cmake_args' from command line to 'None'
[0.502s] Level 5:colcon.colcon_core.verb:set package 'bumperbot_controller' build argument 'catkin_cmake_args' from command line to 'None'
[0.502s] Level 5:colcon.colcon_core.verb:set package 'bumperbot_controller' build argument 'catkin_skip_building_tests' from command line to 'False'
[0.502s] DEBUG:colcon.colcon_core.verb:Building package 'bumperbot_controller' with the following arguments: {'ament_cmake_args': None, 'build_base': '/media/david/Storage/David/Research/Github/ROS/ROS2/build/bumperbot_controller', 'catkin_cmake_args': None, 'catkin_skip_building_tests': False, 'cmake_args': None, 'cmake_clean_cache': False, 'cmake_clean_first': False, 'cmake_force_configure': False, 'cmake_target': None, 'cmake_target_skip_unavailable': False, 'install_base': '/media/david/Storage/David/Research/Github/ROS/ROS2/install/bumperbot_controller', 'merge_install': False, 'path': '/media/david/Storage/David/Research/Github/ROS/ROS2/src/bumperbot_controller', 'symlink_install': False, 'test_result_base': None}
[0.503s] Level 5:colcon.colcon_core.verb:set package 'bumperbot_description' build argument 'cmake_args' from command line to 'None'
[0.503s] Level 5:colcon.colcon_core.verb:set package 'bumperbot_description' build argument 'cmake_target' from command line to 'None'
[0.503s] Level 5:colcon.colcon_core.verb:set package 'bumperbot_description' build argument 'cmake_target_skip_unavailable' from command line to 'False'
[0.503s] Level 5:colcon.colcon_core.verb:set package 'bumperbot_description' build argument 'cmake_clean_cache' from command line to 'False'
[0.503s] Level 5:colcon.colcon_core.verb:set package 'bumperbot_description' build argument 'cmake_clean_first' from command line to 'False'
[0.503s] Level 5:colcon.colcon_core.verb:set package 'bumperbot_description' build argument 'cmake_force_configure' from command line to 'False'
[0.503s] Level 5:colcon.colcon_core.verb:set package 'bumperbot_description' build argument 'ament_cmake_args' from command line to 'None'
[0.503s] Level 5:colcon.colcon_core.verb:set package 'bumperbot_description' build argument 'catkin_cmake_args' from command line to 'None'
[0.503s] Level 5:colcon.colcon_core.verb:set package 'bumperbot_description' build argument 'catkin_skip_building_tests' from command line to 'False'
[0.504s] DEBUG:colcon.colcon_core.verb:Building package 'bumperbot_description' with the following arguments: {'ament_cmake_args': None, 'build_base': '/media/david/Storage/David/Research/Github/ROS/ROS2/build/bumperbot_description', 'catkin_cmake_args': None, 'catkin_skip_building_tests': False, 'cmake_args': None, 'cmake_clean_cache': False, 'cmake_clean_first': False, 'cmake_force_configure': False, 'cmake_target': None, 'cmake_target_skip_unavailable': False, 'install_base': '/media/david/Storage/David/Research/Github/ROS/ROS2/install/bumperbot_description', 'merge_install': False, 'path': '/media/david/Storage/David/Research/Github/ROS/ROS2/src/bumperbot_description', 'symlink_install': False, 'test_result_base': None}
[0.504s] Level 5:colcon.colcon_core.verb:set package 'bumperbot_msgs' build argument 'cmake_args' from command line to 'None'
[0.504s] Level 5:colcon.colcon_core.verb:set package 'bumperbot_msgs' build argument 'cmake_target' from command line to 'None'
[0.504s] Level 5:colcon.colcon_core.verb:set package 'bumperbot_msgs' build argument 'cmake_target_skip_unavailable' from command line to 'False'
[0.505s] Level 5:colcon.colcon_core.verb:set package 'bumperbot_msgs' build argument 'cmake_clean_cache' from command line to 'False'
[0.505s] Level 5:colcon.colcon_core.verb:set package 'bumperbot_msgs' build argument 'cmake_clean_first' from command line to 'False'
[0.505s] Level 5:colcon.colcon_core.verb:set package 'bumperbot_msgs' build argument 'cmake_force_configure' from command line to 'False'
[0.505s] Level 5:colcon.colcon_core.verb:set package 'bumperbot_msgs' build argument 'ament_cmake_args' from command line to 'None'
[0.505s] Level 5:colcon.colcon_core.verb:set package 'bumperbot_msgs' build argument 'catkin_cmake_args' from command line to 'None'
[0.505s] Level 5:colcon.colcon_core.verb:set package 'bumperbot_msgs' build argument 'catkin_skip_building_tests' from command line to 'False'
[0.505s] DEBUG:colcon.colcon_core.verb:Building package 'bumperbot_msgs' with the following arguments: {'ament_cmake_args': None, 'build_base': '/media/david/Storage/David/Research/Github/ROS/ROS2/build/bumperbot_msgs', 'catkin_cmake_args': None, 'catkin_skip_building_tests': False, 'cmake_args': None, 'cmake_clean_cache': False, 'cmake_clean_first': False, 'cmake_force_configure': False, 'cmake_target': None, 'cmake_target_skip_unavailable': False, 'install_base': '/media/david/Storage/David/Research/Github/ROS/ROS2/install/bumperbot_msgs', 'merge_install': False, 'path': '/media/david/Storage/David/Research/Github/ROS/ROS2/src/bumperbot_msgs', 'symlink_install': False, 'test_result_base': None}
[0.506s] Level 5:colcon.colcon_core.verb:set package 'bumperbot_cpp_examples' build argument 'cmake_args' from command line to 'None'
[0.506s] Level 5:colcon.colcon_core.verb:set package 'bumperbot_cpp_examples' build argument 'cmake_target' from command line to 'None'
[0.506s] Level 5:colcon.colcon_core.verb:set package 'bumperbot_cpp_examples' build argument 'cmake_target_skip_unavailable' from command line to 'False'
[0.506s] Level 5:colcon.colcon_core.verb:set package 'bumperbot_cpp_examples' build argument 'cmake_clean_cache' from command line to 'False'
[0.506s] Level 5:colcon.colcon_core.verb:set package 'bumperbot_cpp_examples' build argument 'cmake_clean_first' from command line to 'False'
[0.506s] Level 5:colcon.colcon_core.verb:set package 'bumperbot_cpp_examples' build argument 'cmake_force_configure' from command line to 'False'
[0.506s] Level 5:colcon.colcon_core.verb:set package 'bumperbot_cpp_examples' build argument 'ament_cmake_args' from command line to 'None'
[0.506s] Level 5:colcon.colcon_core.verb:set package 'bumperbot_cpp_examples' build argument 'catkin_cmake_args' from command line to 'None'
[0.506s] Level 5:colcon.colcon_core.verb:set package 'bumperbot_cpp_examples' build argument 'catkin_skip_building_tests' from command line to 'False'
[0.506s] DEBUG:colcon.colcon_core.verb:Building package 'bumperbot_cpp_examples' with the following arguments: {'ament_cmake_args': None, 'build_base': '/media/david/Storage/David/Research/Github/ROS/ROS2/build/bumperbot_cpp_examples', 'catkin_cmake_args': None, 'catkin_skip_building_tests': False, 'cmake_args': None, 'cmake_clean_cache': False, 'cmake_clean_first': False, 'cmake_force_configure': False, 'cmake_target': None, 'cmake_target_skip_unavailable': False, 'install_base': '/media/david/Storage/David/Research/Github/ROS/ROS2/install/bumperbot_cpp_examples', 'merge_install': False, 'path': '/media/david/Storage/David/Research/Github/ROS/ROS2/src/bumperbot_cpp_examples', 'symlink_install': False, 'test_result_base': None}
[0.507s] Level 5:colcon.colcon_core.verb:set package 'bumperbot_py_examples' build argument 'cmake_args' from command line to 'None'
[0.507s] Level 5:colcon.colcon_core.verb:set package 'bumperbot_py_examples' build argument 'cmake_target' from command line to 'None'
[0.507s] Level 5:colcon.colcon_core.verb:set package 'bumperbot_py_examples' build argument 'cmake_target_skip_unavailable' from command line to 'False'
[0.507s] Level 5:colcon.colcon_core.verb:set package 'bumperbot_py_examples' build argument 'cmake_clean_cache' from command line to 'False'
[0.508s] Level 5:colcon.colcon_core.verb:set package 'bumperbot_py_examples' build argument 'cmake_clean_first' from command line to 'False'
[0.508s] Level 5:colcon.colcon_core.verb:set package 'bumperbot_py_examples' build argument 'cmake_force_configure' from command line to 'False'
[0.508s] Level 5:colcon.colcon_core.verb:set package 'bumperbot_py_examples' build argument 'ament_cmake_args' from command line to 'None'
[0.508s] Level 5:colcon.colcon_core.verb:set package 'bumperbot_py_examples' build argument 'catkin_cmake_args' from command line to 'None'
[0.508s] Level 5:colcon.colcon_core.verb:set package 'bumperbot_py_examples' build argument 'catkin_skip_building_tests' from command line to 'False'
[0.508s] DEBUG:colcon.colcon_core.verb:Building package 'bumperbot_py_examples' with the following arguments: {'ament_cmake_args': None, 'build_base': '/media/david/Storage/David/Research/Github/ROS/ROS2/build/bumperbot_py_examples', 'catkin_cmake_args': None, 'catkin_skip_building_tests': False, 'cmake_args': None, 'cmake_clean_cache': False, 'cmake_clean_first': False, 'cmake_force_configure': False, 'cmake_target': None, 'cmake_target_skip_unavailable': False, 'install_base': '/media/david/Storage/David/Research/Github/ROS/ROS2/install/bumperbot_py_examples', 'merge_install': False, 'path': '/media/david/Storage/David/Research/Github/ROS/ROS2/src/bumperbot_py_examples', 'symlink_install': False, 'test_result_base': None}
[0.508s] INFO:colcon.colcon_core.executor:Executing jobs using 'parallel' executor
[0.510s] DEBUG:colcon.colcon_parallel_executor.executor.parallel:run_until_complete
[0.510s] INFO:colcon.colcon_ros.task.ament_cmake.build:Building ROS package in '/media/david/Storage/David/Research/Github/ROS/ROS2/src/bumperbot_msgs' with build type 'ament_cmake'
[0.510s] INFO:colcon.colcon_cmake.task.cmake.build:Building CMake package in '/media/david/Storage/David/Research/Github/ROS/ROS2/src/bumperbot_msgs'
[0.513s] INFO:colcon.colcon_core.plugin_system:Skipping extension 'colcon_core.shell.bat': Not used on non-Windows systems
[0.513s] INFO:colcon.colcon_core.shell:Skip shell extension 'powershell' for command environment: Not usable outside of PowerShell
[0.514s] DEBUG:colcon.colcon_core.shell:Skip shell extension 'dsv' for command environment
[0.519s] INFO:colcon.colcon_ros.task.ament_cmake.build:Building ROS package in '/media/david/Storage/David/Research/Github/ROS/ROS2/src/bumperbot_controller' with build type 'ament_cmake'
[0.519s] INFO:colcon.colcon_cmake.task.cmake.build:Building CMake package in '/media/david/Storage/David/Research/Github/ROS/ROS2/src/bumperbot_controller'
[0.520s] INFO:colcon.colcon_core.shell:Skip shell extension 'powershell' for command environment: Not usable outside of PowerShell
[0.521s] DEBUG:colcon.colcon_core.shell:Skip shell extension 'dsv' for command environment
[0.526s] INFO:colcon.colcon_ros.task.ament_cmake.build:Building ROS package in '/media/david/Storage/David/Research/Github/ROS/ROS2/src/bumperbot_description' with build type 'ament_cmake'
[0.526s] INFO:colcon.colcon_cmake.task.cmake.build:Building CMake package in '/media/david/Storage/David/Research/Github/ROS/ROS2/src/bumperbot_description'
[0.527s] INFO:colcon.colcon_core.shell:Skip shell extension 'powershell' for command environment: Not usable outside of PowerShell
[0.527s] DEBUG:colcon.colcon_core.shell:Skip shell extension 'dsv' for command environment
[0.546s] DEBUG:colcon.colcon_core.event_handler.log_command:Invoking command in '/media/david/Storage/David/Research/Github/ROS/ROS2/build/bumperbot_msgs': CMAKE_PREFIX_PATH=/opt/ros/humble /usr/bin/cmake --build /media/david/Storage/David/Research/Github/ROS/ROS2/build/bumperbot_msgs -- -j4 -l4
[0.556s] DEBUG:colcon.colcon_core.event_handler.log_command:Invoking command in '/media/david/Storage/David/Research/Github/ROS/ROS2/build/bumperbot_controller': CMAKE_PREFIX_PATH=/opt/ros/humble /usr/bin/cmake --build /media/david/Storage/David/Research/Github/ROS/ROS2/build/bumperbot_controller -- -j4 -l4
[0.565s] DEBUG:colcon.colcon_core.event_handler.log_command:Invoking command in '/media/david/Storage/David/Research/Github/ROS/ROS2/build/bumperbot_description': CMAKE_PREFIX_PATH=/opt/ros/humble /usr/bin/cmake --build /media/david/Storage/David/Research/Github/ROS/ROS2/build/bumperbot_description -- -j4 -l4
[0.658s] DEBUG:colcon.colcon_core.event_handler.log_command:Invoked command in '/media/david/Storage/David/Research/Github/ROS/ROS2/build/bumperbot_description' returned '0': CMAKE_PREFIX_PATH=/opt/ros/humble /usr/bin/cmake --build /media/david/Storage/David/Research/Github/ROS/ROS2/build/bumperbot_description -- -j4 -l4
[0.855s] DEBUG:colcon.colcon_core.event_handler.log_command:Invoking command in '/media/david/Storage/David/Research/Github/ROS/ROS2/build/bumperbot_description': CMAKE_PREFIX_PATH=/opt/ros/humble /usr/bin/cmake --install /media/david/Storage/David/Research/Github/ROS/ROS2/build/bumperbot_description
[1.044s] Level 1:colcon.colcon_core.environment:create_environment_scripts_only(bumperbot_description)
[1.049s] Level 1:colcon.colcon_core.environment:checking '/media/david/Storage/David/Research/Github/ROS/ROS2/install/bumperbot_description' for CMake module files
[1.053s] DEBUG:colcon.colcon_core.event_handler.log_command:Invoked command in '/media/david/Storage/David/Research/Github/ROS/ROS2/build/bumperbot_description' returned '0': CMAKE_PREFIX_PATH=/opt/ros/humble /usr/bin/cmake --install /media/david/Storage/David/Research/Github/ROS/ROS2/build/bumperbot_description
[1.075s] Level 1:colcon.colcon_core.environment:checking '/media/david/Storage/David/Research/Github/ROS/ROS2/install/bumperbot_description' for CMake config files
[1.083s] Level 1:colcon.colcon_core.shell:create_environment_hook('bumperbot_description', 'cmake_prefix_path')
[1.088s] INFO:colcon.colcon_core.shell:Creating environment hook '/media/david/Storage/David/Research/Github/ROS/ROS2/install/bumperbot_description/share/bumperbot_description/hook/cmake_prefix_path.ps1'
[1.092s] INFO:colcon.colcon_core.shell:Creating environment descriptor '/media/david/Storage/David/Research/Github/ROS/ROS2/install/bumperbot_description/share/bumperbot_description/hook/cmake_prefix_path.dsv'
[1.095s] INFO:colcon.colcon_core.shell:Creating environment hook '/media/david/Storage/David/Research/Github/ROS/ROS2/install/bumperbot_description/share/bumperbot_description/hook/cmake_prefix_path.sh'
[1.101s] Level 1:colcon.colcon_core.environment:checking '/media/david/Storage/David/Research/Github/ROS/ROS2/install/bumperbot_description/bin'
[1.103s] Level 1:colcon.colcon_core.environment:checking '/media/david/Storage/David/Research/Github/ROS/ROS2/install/bumperbot_description/lib/pkgconfig/bumperbot_description.pc'
[1.104s] Level 1:colcon.colcon_core.environment:checking '/media/david/Storage/David/Research/Github/ROS/ROS2/install/bumperbot_description/lib/python3.10/site-packages'
[1.106s] Level 1:colcon.colcon_core.environment:checking '/media/david/Storage/David/Research/Github/ROS/ROS2/install/bumperbot_description/bin'
[1.107s] INFO:colcon.colcon_core.shell:Creating package script '/media/david/Storage/David/Research/Github/ROS/ROS2/install/bumperbot_description/share/bumperbot_description/package.ps1'
[1.110s] INFO:colcon.colcon_core.shell:Creating package descriptor '/media/david/Storage/David/Research/Github/ROS/ROS2/install/bumperbot_description/share/bumperbot_description/package.dsv'
[1.112s] INFO:colcon.colcon_core.shell:Creating package script '/media/david/Storage/David/Research/Github/ROS/ROS2/install/bumperbot_description/share/bumperbot_description/package.sh'
[1.114s] INFO:colcon.colcon_core.shell:Creating package script '/media/david/Storage/David/Research/Github/ROS/ROS2/install/bumperbot_description/share/bumperbot_description/package.bash'
[1.117s] INFO:colcon.colcon_core.shell:Creating package script '/media/david/Storage/David/Research/Github/ROS/ROS2/install/bumperbot_description/share/bumperbot_description/package.zsh'
[1.119s] Level 1:colcon.colcon_core.environment:create_file_with_runtime_dependencies(/media/david/Storage/David/Research/Github/ROS/ROS2/install/bumperbot_description/share/colcon-core/packages/bumperbot_description)
[1.318s] Level 1:colcon.colcon_core.environment:create_environment_scripts_only(bumperbot_description)
[1.319s] Level 1:colcon.colcon_core.environment:checking '/media/david/Storage/David/Research/Github/ROS/ROS2/install/bumperbot_description' for CMake module files
[1.328s] Level 1:colcon.colcon_core.environment:checking '/media/david/Storage/David/Research/Github/ROS/ROS2/install/bumperbot_description' for CMake config files
[1.333s] Level 1:colcon.colcon_core.shell:create_environment_hook('bumperbot_description', 'cmake_prefix_path')
[1.333s] INFO:colcon.colcon_core.shell:Creating environment hook '/media/david/Storage/David/Research/Github/ROS/ROS2/install/bumperbot_description/share/bumperbot_description/hook/cmake_prefix_path.ps1'
[1.336s] INFO:colcon.colcon_core.shell:Creating environment descriptor '/media/david/Storage/David/Research/Github/ROS/ROS2/install/bumperbot_description/share/bumperbot_description/hook/cmake_prefix_path.dsv'
[1.338s] INFO:colcon.colcon_core.shell:Creating environment hook '/media/david/Storage/David/Research/Github/ROS/ROS2/install/bumperbot_description/share/bumperbot_description/hook/cmake_prefix_path.sh'
[1.340s] Level 1:colcon.colcon_core.environment:checking '/media/david/Storage/David/Research/Github/ROS/ROS2/install/bumperbot_description/bin'
[1.340s] Level 1:colcon.colcon_core.environment:checking '/media/david/Storage/David/Research/Github/ROS/ROS2/install/bumperbot_description/lib/pkgconfig/bumperbot_description.pc'
[1.341s] Level 1:colcon.colcon_core.environment:checking '/media/david/Storage/David/Research/Github/ROS/ROS2/install/bumperbot_description/lib/python3.10/site-packages'
[1.341s] Level 1:colcon.colcon_core.environment:checking '/media/david/Storage/David/Research/Github/ROS/ROS2/install/bumperbot_description/bin'
[1.342s] INFO:colcon.colcon_core.shell:Creating package script '/media/david/Storage/David/Research/Github/ROS/ROS2/install/bumperbot_description/share/bumperbot_description/package.ps1'
[1.344s] INFO:colcon.colcon_core.shell:Creating package descriptor '/media/david/Storage/David/Research/Github/ROS/ROS2/install/bumperbot_description/share/bumperbot_description/package.dsv'
[1.345s] INFO:colcon.colcon_core.shell:Creating package script '/media/david/Storage/David/Research/Github/ROS/ROS2/install/bumperbot_description/share/bumperbot_description/package.sh'
[1.347s] INFO:colcon.colcon_core.shell:Creating package script '/media/david/Storage/David/Research/Github/ROS/ROS2/install/bumperbot_description/share/bumperbot_description/package.bash'
[1.349s] INFO:colcon.colcon_core.shell:Creating package script '/media/david/Storage/David/Research/Github/ROS/ROS2/install/bumperbot_description/share/bumperbot_description/package.zsh'
[1.350s] Level 1:colcon.colcon_core.environment:create_file_with_runtime_dependencies(/media/david/Storage/David/Research/Github/ROS/ROS2/install/bumperbot_description/share/colcon-core/packages/bumperbot_description)
[1.616s] DEBUG:colcon.colcon_core.event_handler.log_command:Invoked command in '/media/david/Storage/David/Research/Github/ROS/ROS2/build/bumperbot_controller' returned '0': CMAKE_PREFIX_PATH=/opt/ros/humble /usr/bin/cmake --build /media/david/Storage/David/Research/Github/ROS/ROS2/build/bumperbot_controller -- -j4 -l4
[1.788s] DEBUG:colcon.colcon_core.event_handler.log_command:Invoking command in '/media/david/Storage/David/Research/Github/ROS/ROS2/build/bumperbot_controller': CMAKE_PREFIX_PATH=/opt/ros/humble /usr/bin/cmake --install /media/david/Storage/David/Research/Github/ROS/ROS2/build/bumperbot_controller
[1.976s] DEBUG:colcon.colcon_core.event_handler.log_command:Invoked command in '/media/david/Storage/David/Research/Github/ROS/ROS2/build/bumperbot_msgs' returned '0': CMAKE_PREFIX_PATH=/opt/ros/humble /usr/bin/cmake --build /media/david/Storage/David/Research/Github/ROS/ROS2/build/bumperbot_msgs -- -j4 -l4
[2.003s] Level 1:colcon.colcon_core.environment:create_environment_scripts_only(bumperbot_controller)
[2.004s] Level 1:colcon.colcon_core.environment:checking '/media/david/Storage/David/Research/Github/ROS/ROS2/install/bumperbot_controller' for CMake module files
[2.005s] DEBUG:colcon.colcon_core.event_handler.log_command:Invoked command in '/media/david/Storage/David/Research/Github/ROS/ROS2/build/bumperbot_controller' returned '0': CMAKE_PREFIX_PATH=/opt/ros/humble /usr/bin/cmake --install /media/david/Storage/David/Research/Github/ROS/ROS2/build/bumperbot_controller
[2.022s] Level 1:colcon.colcon_core.environment:checking '/media/david/Storage/David/Research/Github/ROS/ROS2/install/bumperbot_controller' for CMake config files
[2.046s] Level 1:colcon.colcon_core.shell:create_environment_hook('bumperbot_controller', 'cmake_prefix_path')
[2.047s] INFO:colcon.colcon_core.shell:Creating environment hook '/media/david/Storage/David/Research/Github/ROS/ROS2/install/bumperbot_controller/share/bumperbot_controller/hook/cmake_prefix_path.ps1'
[2.048s] INFO:colcon.colcon_core.shell:Creating environment descriptor '/media/david/Storage/David/Research/Github/ROS/ROS2/install/bumperbot_controller/share/bumperbot_controller/hook/cmake_prefix_path.dsv'
[2.050s] INFO:colcon.colcon_core.shell:Creating environment hook '/media/david/Storage/David/Research/Github/ROS/ROS2/install/bumperbot_controller/share/bumperbot_controller/hook/cmake_prefix_path.sh'
[2.054s] Level 1:colcon.colcon_core.environment:checking '/media/david/Storage/David/Research/Github/ROS/ROS2/install/bumperbot_controller/lib'
[2.055s] Level 1:colcon.colcon_core.environment:checking '/media/david/Storage/David/Research/Github/ROS/ROS2/install/bumperbot_controller/bin'
[2.056s] Level 1:colcon.colcon_core.environment:checking '/media/david/Storage/David/Research/Github/ROS/ROS2/install/bumperbot_controller/lib/pkgconfig/bumperbot_controller.pc'
[2.057s] Level 1:colcon.colcon_core.environment:checking '/media/david/Storage/David/Research/Github/ROS/ROS2/install/bumperbot_controller/lib/python3.10/site-packages'
[2.058s] Level 1:colcon.colcon_core.environment:checking '/media/david/Storage/David/Research/Github/ROS/ROS2/install/bumperbot_controller/bin'
[2.059s] INFO:colcon.colcon_core.shell:Creating package script '/media/david/Storage/David/Research/Github/ROS/ROS2/install/bumperbot_controller/share/bumperbot_controller/package.ps1'
[2.061s] INFO:colcon.colcon_core.shell:Creating package descriptor '/media/david/Storage/David/Research/Github/ROS/ROS2/install/bumperbot_controller/share/bumperbot_controller/package.dsv'
[2.064s] INFO:colcon.colcon_core.shell:Creating package script '/media/david/Storage/David/Research/Github/ROS/ROS2/install/bumperbot_controller/share/bumperbot_controller/package.sh'
[2.066s] INFO:colcon.colcon_core.shell:Creating package script '/media/david/Storage/David/Research/Github/ROS/ROS2/install/bumperbot_controller/share/bumperbot_controller/package.bash'
[2.069s] INFO:colcon.colcon_core.shell:Creating package script '/media/david/Storage/David/Research/Github/ROS/ROS2/install/bumperbot_controller/share/bumperbot_controller/package.zsh'
[2.071s] Level 1:colcon.colcon_core.environment:create_file_with_runtime_dependencies(/media/david/Storage/David/Research/Github/ROS/ROS2/install/bumperbot_controller/share/colcon-core/packages/bumperbot_controller)
[2.169s] Level 1:colcon.colcon_core.environment:create_environment_scripts_only(bumperbot_controller)
[2.170s] Level 1:colcon.colcon_core.environment:checking '/media/david/Storage/David/Research/Github/ROS/ROS2/install/bumperbot_controller' for CMake module files
[2.179s] Level 1:colcon.colcon_core.environment:checking '/media/david/Storage/David/Research/Github/ROS/ROS2/install/bumperbot_controller' for CMake config files
[2.188s] Level 1:colcon.colcon_core.shell:create_environment_hook('bumperbot_controller', 'cmake_prefix_path')
[2.189s] INFO:colcon.colcon_core.shell:Creating environment hook '/media/david/Storage/David/Research/Github/ROS/ROS2/install/bumperbot_controller/share/bumperbot_controller/hook/cmake_prefix_path.ps1'
[2.191s] INFO:colcon.colcon_core.shell:Creating environment descriptor '/media/david/Storage/David/Research/Github/ROS/ROS2/install/bumperbot_controller/share/bumperbot_controller/hook/cmake_prefix_path.dsv'
[2.194s] INFO:colcon.colcon_core.shell:Creating environment hook '/media/david/Storage/David/Research/Github/ROS/ROS2/install/bumperbot_controller/share/bumperbot_controller/hook/cmake_prefix_path.sh'
[2.197s] Level 1:colcon.colcon_core.environment:checking '/media/david/Storage/David/Research/Github/ROS/ROS2/install/bumperbot_controller/lib'
[2.198s] Level 1:colcon.colcon_core.environment:checking '/media/david/Storage/David/Research/Github/ROS/ROS2/install/bumperbot_controller/bin'
[2.198s] Level 1:colcon.colcon_core.environment:checking '/media/david/Storage/David/Research/Github/ROS/ROS2/install/bumperbot_controller/lib/pkgconfig/bumperbot_controller.pc'
[2.199s] Level 1:colcon.colcon_core.environment:checking '/media/david/Storage/David/Research/Github/ROS/ROS2/install/bumperbot_controller/lib/python3.10/site-packages'
[2.199s] Level 1:colcon.colcon_core.environment:checking '/media/david/Storage/David/Research/Github/ROS/ROS2/install/bumperbot_controller/bin'
[2.200s] INFO:colcon.colcon_core.shell:Creating package script '/media/david/Storage/David/Research/Github/ROS/ROS2/install/bumperbot_controller/share/bumperbot_controller/package.ps1'
[2.202s] INFO:colcon.colcon_core.shell:Creating package descriptor '/media/david/Storage/David/Research/Github/ROS/ROS2/install/bumperbot_controller/share/bumperbot_controller/package.dsv'
[2.204s] INFO:colcon.colcon_core.shell:Creating package script '/media/david/Storage/David/Research/Github/ROS/ROS2/install/bumperbot_controller/share/bumperbot_controller/package.sh'
[2.207s] INFO:colcon.colcon_core.shell:Creating package script '/media/david/Storage/David/Research/Github/ROS/ROS2/install/bumperbot_controller/share/bumperbot_controller/package.bash'
[2.210s] INFO:colcon.colcon_core.shell:Creating package script '/media/david/Storage/David/Research/Github/ROS/ROS2/install/bumperbot_controller/share/bumperbot_controller/package.zsh'
[2.212s] Level 1:colcon.colcon_core.environment:create_file_with_runtime_dependencies(/media/david/Storage/David/Research/Github/ROS/ROS2/install/bumperbot_controller/share/colcon-core/packages/bumperbot_controller)
[2.241s] DEBUG:colcon.colcon_core.event_handler.log_command:Invoking command in '/media/david/Storage/David/Research/Github/ROS/ROS2/build/bumperbot_msgs': CMAKE_PREFIX_PATH=/opt/ros/humble /usr/bin/cmake --install /media/david/Storage/David/Research/Github/ROS/ROS2/build/bumperbot_msgs
[2.690s] Level 1:colcon.colcon_core.environment:create_environment_scripts_only(bumperbot_msgs)
[2.691s] Level 1:colcon.colcon_core.environment:checking '/media/david/Storage/David/Research/Github/ROS/ROS2/install/bumperbot_msgs' for CMake module files
[2.692s] DEBUG:colcon.colcon_core.event_handler.log_command:Invoked command in '/media/david/Storage/David/Research/Github/ROS/ROS2/build/bumperbot_msgs' returned '0': CMAKE_PREFIX_PATH=/opt/ros/humble /usr/bin/cmake --install /media/david/Storage/David/Research/Github/ROS/ROS2/build/bumperbot_msgs
[2.703s] Level 1:colcon.colcon_core.environment:checking '/media/david/Storage/David/Research/Github/ROS/ROS2/install/bumperbot_msgs' for CMake config files
[2.715s] Level 1:colcon.colcon_core.shell:create_environment_hook('bumperbot_msgs', 'cmake_prefix_path')
[2.716s] INFO:colcon.colcon_core.shell:Creating environment hook '/media/david/Storage/David/Research/Github/ROS/ROS2/install/bumperbot_msgs/share/bumperbot_msgs/hook/cmake_prefix_path.ps1'
[2.717s] INFO:colcon.colcon_core.shell:Creating environment descriptor '/media/david/Storage/David/Research/Github/ROS/ROS2/install/bumperbot_msgs/share/bumperbot_msgs/hook/cmake_prefix_path.dsv'
[2.719s] INFO:colcon.colcon_core.shell:Creating environment hook '/media/david/Storage/David/Research/Github/ROS/ROS2/install/bumperbot_msgs/share/bumperbot_msgs/hook/cmake_prefix_path.sh'
[2.721s] Level 1:colcon.colcon_core.environment:checking '/media/david/Storage/David/Research/Github/ROS/ROS2/install/bumperbot_msgs/lib'
[2.722s] Level 1:colcon.colcon_core.shell:create_environment_hook('bumperbot_msgs', 'ld_library_path_lib')
[2.722s] INFO:colcon.colcon_core.shell:Creating environment hook '/media/david/Storage/David/Research/Github/ROS/ROS2/install/bumperbot_msgs/share/bumperbot_msgs/hook/ld_library_path_lib.ps1'
[2.724s] INFO:colcon.colcon_core.shell:Creating environment descriptor '/media/david/Storage/David/Research/Github/ROS/ROS2/install/bumperbot_msgs/share/bumperbot_msgs/hook/ld_library_path_lib.dsv'
[2.725s] INFO:colcon.colcon_core.shell:Creating environment hook '/media/david/Storage/David/Research/Github/ROS/ROS2/install/bumperbot_msgs/share/bumperbot_msgs/hook/ld_library_path_lib.sh'
[2.727s] Level 1:colcon.colcon_core.environment:checking '/media/david/Storage/David/Research/Github/ROS/ROS2/install/bumperbot_msgs/bin'
[2.727s] Level 1:colcon.colcon_core.environment:checking '/media/david/Storage/David/Research/Github/ROS/ROS2/install/bumperbot_msgs/lib/pkgconfig/bumperbot_msgs.pc'
[2.728s] Level 1:colcon.colcon_core.environment:checking '/media/david/Storage/David/Research/Github/ROS/ROS2/install/bumperbot_msgs/lib/python3.10/site-packages'
[2.728s] Level 1:colcon.colcon_core.environment:checking '/media/david/Storage/David/Research/Github/ROS/ROS2/install/bumperbot_msgs/bin'
[2.729s] INFO:colcon.colcon_core.shell:Creating package script '/media/david/Storage/David/Research/Github/ROS/ROS2/install/bumperbot_msgs/share/bumperbot_msgs/package.ps1'
[2.732s] INFO:colcon.colcon_core.shell:Creating package descriptor '/media/david/Storage/David/Research/Github/ROS/ROS2/install/bumperbot_msgs/share/bumperbot_msgs/package.dsv'
[2.734s] INFO:colcon.colcon_core.shell:Creating package script '/media/david/Storage/David/Research/Github/ROS/ROS2/install/bumperbot_msgs/share/bumperbot_msgs/package.sh'
[2.735s] INFO:colcon.colcon_core.shell:Creating package script '/media/david/Storage/David/Research/Github/ROS/ROS2/install/bumperbot_msgs/share/bumperbot_msgs/package.bash'
[2.737s] INFO:colcon.colcon_core.shell:Creating package script '/media/david/Storage/David/Research/Github/ROS/ROS2/install/bumperbot_msgs/share/bumperbot_msgs/package.zsh'
[2.738s] Level 1:colcon.colcon_core.environment:create_file_with_runtime_dependencies(/media/david/Storage/David/Research/Github/ROS/ROS2/install/bumperbot_msgs/share/colcon-core/packages/bumperbot_msgs)
[2.860s] Level 1:colcon.colcon_core.environment:create_environment_scripts_only(bumperbot_msgs)
[2.861s] Level 1:colcon.colcon_core.environment:checking '/media/david/Storage/David/Research/Github/ROS/ROS2/install/bumperbot_msgs' for CMake module files
[2.870s] Level 1:colcon.colcon_core.environment:checking '/media/david/Storage/David/Research/Github/ROS/ROS2/install/bumperbot_msgs' for CMake config files
[2.883s] Level 1:colcon.colcon_core.shell:create_environment_hook('bumperbot_msgs', 'cmake_prefix_path')
[2.883s] INFO:colcon.colcon_core.shell:Creating environment hook '/media/david/Storage/David/Research/Github/ROS/ROS2/install/bumperbot_msgs/share/bumperbot_msgs/hook/cmake_prefix_path.ps1'
[2.885s] INFO:colcon.colcon_core.shell:Creating environment descriptor '/media/david/Storage/David/Research/Github/ROS/ROS2/install/bumperbot_msgs/share/bumperbot_msgs/hook/cmake_prefix_path.dsv'
[2.887s] INFO:colcon.colcon_core.shell:Creating environment hook '/media/david/Storage/David/Research/Github/ROS/ROS2/install/bumperbot_msgs/share/bumperbot_msgs/hook/cmake_prefix_path.sh'
[2.889s] Level 1:colcon.colcon_core.environment:checking '/media/david/Storage/David/Research/Github/ROS/ROS2/install/bumperbot_msgs/lib'
[2.889s] Level 1:colcon.colcon_core.shell:create_environment_hook('bumperbot_msgs', 'ld_library_path_lib')
[2.890s] INFO:colcon.colcon_core.shell:Creating environment hook '/media/david/Storage/David/Research/Github/ROS/ROS2/install/bumperbot_msgs/share/bumperbot_msgs/hook/ld_library_path_lib.ps1'
[2.892s] INFO:colcon.colcon_core.shell:Creating environment descriptor '/media/david/Storage/David/Research/Github/ROS/ROS2/install/bumperbot_msgs/share/bumperbot_msgs/hook/ld_library_path_lib.dsv'
[2.894s] INFO:colcon.colcon_core.shell:Creating environment hook '/media/david/Storage/David/Research/Github/ROS/ROS2/install/bumperbot_msgs/share/bumperbot_msgs/hook/ld_library_path_lib.sh'
[2.895s] Level 1:colcon.colcon_core.environment:checking '/media/david/Storage/David/Research/Github/ROS/ROS2/install/bumperbot_msgs/bin'
[2.895s] Level 1:colcon.colcon_core.environment:checking '/media/david/Storage/David/Research/Github/ROS/ROS2/install/bumperbot_msgs/lib/pkgconfig/bumperbot_msgs.pc'
[2.896s] Level 1:colcon.colcon_core.environment:checking '/media/david/Storage/David/Research/Github/ROS/ROS2/install/bumperbot_msgs/lib/python3.10/site-packages'
[2.897s] Level 1:colcon.colcon_core.environment:checking '/media/david/Storage/David/Research/Github/ROS/ROS2/install/bumperbot_msgs/bin'
[2.899s] INFO:colcon.colcon_core.shell:Creating package script '/media/david/Storage/David/Research/Github/ROS/ROS2/install/bumperbot_msgs/share/bumperbot_msgs/package.ps1'
[2.902s] INFO:colcon.colcon_core.shell:Creating package descriptor '/media/david/Storage/David/Research/Github/ROS/ROS2/install/bumperbot_msgs/share/bumperbot_msgs/package.dsv'
[2.904s] INFO:colcon.colcon_core.shell:Creating package script '/media/david/Storage/David/Research/Github/ROS/ROS2/install/bumperbot_msgs/share/bumperbot_msgs/package.sh'
[2.906s] INFO:colcon.colcon_core.shell:Creating package script '/media/david/Storage/David/Research/Github/ROS/ROS2/install/bumperbot_msgs/share/bumperbot_msgs/package.bash'
[2.907s] INFO:colcon.colcon_core.shell:Creating package script '/media/david/Storage/David/Research/Github/ROS/ROS2/install/bumperbot_msgs/share/bumperbot_msgs/package.zsh'
[2.909s] Level 1:colcon.colcon_core.environment:create_file_with_runtime_dependencies(/media/david/Storage/David/Research/Github/ROS/ROS2/install/bumperbot_msgs/share/colcon-core/packages/bumperbot_msgs)
[2.911s] INFO:colcon.colcon_ros.task.ament_cmake.build:Building ROS package in '/media/david/Storage/David/Research/Github/ROS/ROS2/src/bumperbot_cpp_examples' with build type 'ament_cmake'
[2.911s] INFO:colcon.colcon_cmake.task.cmake.build:Building CMake package in '/media/david/Storage/David/Research/Github/ROS/ROS2/src/bumperbot_cpp_examples'
[2.912s] INFO:colcon.colcon_core.shell:Skip shell extension 'powershell' for command environment: Not usable outside of PowerShell
[2.912s] DEBUG:colcon.colcon_core.shell:Skip shell extension 'dsv' for command environment
[2.920s] INFO:colcon.colcon_ros.task.ament_python.build:Building ROS package in '/media/david/Storage/David/Research/Github/ROS/ROS2/src/bumperbot_py_examples' with build type 'ament_python'
[2.921s] Level 1:colcon.colcon_core.shell:create_environment_hook('bumperbot_py_examples', 'ament_prefix_path')
[2.921s] INFO:colcon.colcon_core.shell:Creating environment hook '/media/david/Storage/David/Research/Github/ROS/ROS2/install/bumperbot_py_examples/share/bumperbot_py_examples/hook/ament_prefix_path.ps1'
[2.924s] INFO:colcon.colcon_core.shell:Creating environment descriptor '/media/david/Storage/David/Research/Github/ROS/ROS2/install/bumperbot_py_examples/share/bumperbot_py_examples/hook/ament_prefix_path.dsv'
[2.928s] INFO:colcon.colcon_core.shell:Creating environment hook '/media/david/Storage/David/Research/Github/ROS/ROS2/install/bumperbot_py_examples/share/bumperbot_py_examples/hook/ament_prefix_path.sh'
[2.935s] INFO:colcon.colcon_core.shell:Skip shell extension 'powershell' for command environment: Not usable outside of PowerShell
[2.936s] DEBUG:colcon.colcon_core.shell:Skip shell extension 'dsv' for command environment
[2.962s] DEBUG:colcon.colcon_core.event_handler.log_command:Invoking command in '/media/david/Storage/David/Research/Github/ROS/ROS2/build/bumperbot_cpp_examples': AMENT_PREFIX_PATH=/media/david/Storage/David/Research/Github/ROS/ROS2/install/bumperbot_msgs:${AMENT_PREFIX_PATH} CMAKE_PREFIX_PATH=/media/david/Storage/David/Research/Github/ROS/ROS2/install/bumperbot_msgs:/opt/ros/humble LD_LIBRARY_PATH=/media/david/Storage/David/Research/Github/ROS/ROS2/install/bumperbot_msgs/lib:${LD_LIBRARY_PATH} PYTHONPATH=/media/david/Storage/David/Research/Github/ROS/ROS2/install/bumperbot_msgs/local/lib/python3.10/dist-packages:${PYTHONPATH} /usr/bin/cmake --build /media/david/Storage/David/Research/Github/ROS/ROS2/build/bumperbot_cpp_examples -- -j4 -l4
[3.856s] INFO:colcon.colcon_core.task.python.build:Building Python package in '/media/david/Storage/David/Research/Github/ROS/ROS2/src/bumperbot_py_examples'
[3.857s] INFO:colcon.colcon_core.shell:Skip shell extension 'powershell' for command environment: Not usable outside of PowerShell
[3.857s] DEBUG:colcon.colcon_core.shell:Skip shell extension 'dsv' for command environment
[4.926s] DEBUG:colcon.colcon_core.event_handler.log_command:Invoking command in '/media/david/Storage/David/Research/Github/ROS/ROS2/src/bumperbot_py_examples': AMENT_PREFIX_PATH=/media/david/Storage/David/Research/Github/ROS/ROS2/install/bumperbot_msgs:${AMENT_PREFIX_PATH} CMAKE_PREFIX_PATH=/media/david/Storage/David/Research/Github/ROS/ROS2/install/bumperbot_msgs LD_LIBRARY_PATH=/media/david/Storage/David/Research/Github/ROS/ROS2/install/bumperbot_msgs/lib:${LD_LIBRARY_PATH} PYTHONPATH=/media/david/Storage/David/Research/Github/ROS/ROS2/build/bumperbot_py_examples/prefix_override:/media/david/Storage/David/Research/Github/ROS/ROS2/install/bumperbot_py_examples/lib/python3.10/site-packages:/media/david/Storage/David/Research/Github/ROS/ROS2/install/bumperbot_msgs/local/lib/python3.10/dist-packages:${PYTHONPATH} /usr/bin/python3 -W ignore:setup.py install is deprecated setup.py egg_info --egg-base ../../build/bumperbot_py_examples build --build-base /media/david/Storage/David/Research/Github/ROS/ROS2/build/bumperbot_py_examples/build install --record /media/david/Storage/David/Research/Github/ROS/ROS2/build/bumperbot_py_examples/install.log --single-version-externally-managed install_data
[5.893s] Level 1:colcon.colcon_core.environment:checking '/media/david/Storage/David/Research/Github/ROS/ROS2/install/bumperbot_py_examples' for CMake module files
[5.894s] DEBUG:colcon.colcon_core.event_handler.log_command:Invoked command in '/media/david/Storage/David/Research/Github/ROS/ROS2/src/bumperbot_py_examples' returned '0': AMENT_PREFIX_PATH=/media/david/Storage/David/Research/Github/ROS/ROS2/install/bumperbot_msgs:${AMENT_PREFIX_PATH} CMAKE_PREFIX_PATH=/media/david/Storage/David/Research/Github/ROS/ROS2/install/bumperbot_msgs LD_LIBRARY_PATH=/media/david/Storage/David/Research/Github/ROS/ROS2/install/bumperbot_msgs/lib:${LD_LIBRARY_PATH} PYTHONPATH=/media/david/Storage/David/Research/Github/ROS/ROS2/build/bumperbot_py_examples/prefix_override:/media/david/Storage/David/Research/Github/ROS/ROS2/install/bumperbot_py_examples/lib/python3.10/site-packages:/media/david/Storage/David/Research/Github/ROS/ROS2/install/bumperbot_msgs/local/lib/python3.10/dist-packages:${PYTHONPATH} /usr/bin/python3 -W ignore:setup.py install is deprecated setup.py egg_info --egg-base ../../build/bumperbot_py_examples build --build-base /media/david/Storage/David/Research/Github/ROS/ROS2/build/bumperbot_py_examples/build install --record /media/david/Storage/David/Research/Github/ROS/ROS2/build/bumperbot_py_examples/install.log --single-version-externally-managed install_data
[5.905s] Level 1:colcon.colcon_core.environment:checking '/media/david/Storage/David/Research/Github/ROS/ROS2/install/bumperbot_py_examples' for CMake config files
[5.913s] Level 1:colcon.colcon_core.environment:checking '/media/david/Storage/David/Research/Github/ROS/ROS2/install/bumperbot_py_examples/lib'
[5.913s] Level 1:colcon.colcon_core.environment:checking '/media/david/Storage/David/Research/Github/ROS/ROS2/install/bumperbot_py_examples/bin'
[5.914s] Level 1:colcon.colcon_core.environment:checking '/media/david/Storage/David/Research/Github/ROS/ROS2/install/bumperbot_py_examples/lib/pkgconfig/bumperbot_py_examples.pc'
[5.914s] Level 1:colcon.colcon_core.environment:checking '/media/david/Storage/David/Research/Github/ROS/ROS2/install/bumperbot_py_examples/lib/python3.10/site-packages'
[5.915s] Level 1:colcon.colcon_core.shell:create_environment_hook('bumperbot_py_examples', 'pythonpath')
[5.915s] INFO:colcon.colcon_core.shell:Creating environment hook '/media/david/Storage/David/Research/Github/ROS/ROS2/install/bumperbot_py_examples/share/bumperbot_py_examples/hook/pythonpath.ps1'
[5.918s] INFO:colcon.colcon_core.shell:Creating environment descriptor '/media/david/Storage/David/Research/Github/ROS/ROS2/install/bumperbot_py_examples/share/bumperbot_py_examples/hook/pythonpath.dsv'
[5.920s] INFO:colcon.colcon_core.shell:Creating environment hook '/media/david/Storage/David/Research/Github/ROS/ROS2/install/bumperbot_py_examples/share/bumperbot_py_examples/hook/pythonpath.sh'
[5.924s] Level 1:colcon.colcon_core.environment:checking '/media/david/Storage/David/Research/Github/ROS/ROS2/install/bumperbot_py_examples/bin'
[5.924s] Level 1:colcon.colcon_core.environment:create_environment_scripts_only(bumperbot_py_examples)
[5.925s] INFO:colcon.colcon_core.shell:Creating package script '/media/david/Storage/David/Research/Github/ROS/ROS2/install/bumperbot_py_examples/share/bumperbot_py_examples/package.ps1'
[5.932s] INFO:colcon.colcon_core.shell:Creating package descriptor '/media/david/Storage/David/Research/Github/ROS/ROS2/install/bumperbot_py_examples/share/bumperbot_py_examples/package.dsv'
[5.934s] INFO:colcon.colcon_core.shell:Creating package script '/media/david/Storage/David/Research/Github/ROS/ROS2/install/bumperbot_py_examples/share/bumperbot_py_examples/package.sh'
[5.936s] INFO:colcon.colcon_core.shell:Creating package script '/media/david/Storage/David/Research/Github/ROS/ROS2/install/bumperbot_py_examples/share/bumperbot_py_examples/package.bash'
[5.937s] INFO:colcon.colcon_core.shell:Creating package script '/media/david/Storage/David/Research/Github/ROS/ROS2/install/bumperbot_py_examples/share/bumperbot_py_examples/package.zsh'
[5.939s] Level 1:colcon.colcon_core.environment:create_file_with_runtime_dependencies(/media/david/Storage/David/Research/Github/ROS/ROS2/install/bumperbot_py_examples/share/colcon-core/packages/bumperbot_py_examples)
[10.359s] DEBUG:colcon.colcon_core.event_handler.log_command:Invoked command in '/media/david/Storage/David/Research/Github/ROS/ROS2/build/bumperbot_cpp_examples' returned '2': AMENT_PREFIX_PATH=/media/david/Storage/David/Research/Github/ROS/ROS2/install/bumperbot_msgs:${AMENT_PREFIX_PATH} CMAKE_PREFIX_PATH=/media/david/Storage/David/Research/Github/ROS/ROS2/install/bumperbot_msgs:/opt/ros/humble LD_LIBRARY_PATH=/media/david/Storage/David/Research/Github/ROS/ROS2/install/bumperbot_msgs/lib:${LD_LIBRARY_PATH} PYTHONPATH=/media/david/Storage/David/Research/Github/ROS/ROS2/install/bumperbot_msgs/local/lib/python3.10/dist-packages:${PYTHONPATH} /usr/bin/cmake --build /media/david/Storage/David/Research/Github/ROS/ROS2/build/bumperbot_cpp_examples -- -j4 -l4
[10.454s] Level 1:colcon.colcon_core.environment:create_environment_scripts_only(bumperbot_cpp_examples)
[10.455s] Level 1:colcon.colcon_core.environment:checking '/media/david/Storage/David/Research/Github/ROS/ROS2/install/bumperbot_cpp_examples' for CMake module files
[10.462s] Level 1:colcon.colcon_core.environment:checking '/media/david/Storage/David/Research/Github/ROS/ROS2/install/bumperbot_cpp_examples' for CMake config files
[10.468s] Level 1:colcon.colcon_core.shell:create_environment_hook('bumperbot_cpp_examples', 'cmake_prefix_path')
[10.469s] INFO:colcon.colcon_core.shell:Creating environment hook '/media/david/Storage/David/Research/Github/ROS/ROS2/install/bumperbot_cpp_examples/share/bumperbot_cpp_examples/hook/cmake_prefix_path.ps1'
[10.471s] INFO:colcon.colcon_core.shell:Creating environment descriptor '/media/david/Storage/David/Research/Github/ROS/ROS2/install/bumperbot_cpp_examples/share/bumperbot_cpp_examples/hook/cmake_prefix_path.dsv'
[10.473s] INFO:colcon.colcon_core.shell:Creating environment hook '/media/david/Storage/David/Research/Github/ROS/ROS2/install/bumperbot_cpp_examples/share/bumperbot_cpp_examples/hook/cmake_prefix_path.sh'
[10.476s] Level 1:colcon.colcon_core.environment:checking '/media/david/Storage/David/Research/Github/ROS/ROS2/install/bumperbot_cpp_examples/lib'
[10.477s] Level 1:colcon.colcon_core.environment:checking '/media/david/Storage/David/Research/Github/ROS/ROS2/install/bumperbot_cpp_examples/bin'
[10.477s] Level 1:colcon.colcon_core.environment:checking '/media/david/Storage/David/Research/Github/ROS/ROS2/install/bumperbot_cpp_examples/lib/pkgconfig/bumperbot_cpp_examples.pc'
[10.478s] Level 1:colcon.colcon_core.environment:checking '/media/david/Storage/David/Research/Github/ROS/ROS2/install/bumperbot_cpp_examples/lib/python3.10/site-packages'
[10.479s] Level 1:colcon.colcon_core.environment:checking '/media/david/Storage/David/Research/Github/ROS/ROS2/install/bumperbot_cpp_examples/bin'
[10.480s] INFO:colcon.colcon_core.shell:Creating package script '/media/david/Storage/David/Research/Github/ROS/ROS2/install/bumperbot_cpp_examples/share/bumperbot_cpp_examples/package.ps1'
[10.482s] INFO:colcon.colcon_core.shell:Creating package descriptor '/media/david/Storage/David/Research/Github/ROS/ROS2/install/bumperbot_cpp_examples/share/bumperbot_cpp_examples/package.dsv'
[10.484s] INFO:colcon.colcon_core.shell:Creating package script '/media/david/Storage/David/Research/Github/ROS/ROS2/install/bumperbot_cpp_examples/share/bumperbot_cpp_examples/package.sh'
[10.485s] INFO:colcon.colcon_core.shell:Creating package script '/media/david/Storage/David/Research/Github/ROS/ROS2/install/bumperbot_cpp_examples/share/bumperbot_cpp_examples/package.bash'
[10.487s] INFO:colcon.colcon_core.shell:Creating package script '/media/david/Storage/David/Research/Github/ROS/ROS2/install/bumperbot_cpp_examples/share/bumperbot_cpp_examples/package.zsh'
[10.488s] Level 1:colcon.colcon_core.environment:create_file_with_runtime_dependencies(/media/david/Storage/David/Research/Github/ROS/ROS2/install/bumperbot_cpp_examples/share/colcon-core/packages/bumperbot_cpp_examples)
[10.490s] DEBUG:colcon.colcon_parallel_executor.executor.parallel:closing loop
[10.490s] DEBUG:colcon.colcon_parallel_executor.executor.parallel:loop closed
[10.490s] DEBUG:colcon.colcon_parallel_executor.executor.parallel:run_until_complete finished with '2'
[10.491s] DEBUG:colcon.colcon_core.event_reactor:joining thread
[10.504s] INFO:colcon.colcon_core.plugin_system:Skipping extension 'colcon_notification.desktop_notification.terminal_notifier': Not used on non-Darwin systems
[10.504s] INFO:colcon.colcon_core.plugin_system:Skipping extension 'colcon_notification.desktop_notification.win32': Not used on non-Windows systems
[10.504s] INFO:colcon.colcon_notification.desktop_notification:Sending desktop notification using 'notify2'
[10.532s] DEBUG:colcon.colcon_core.event_reactor:joined thread
[10.532s] INFO:colcon.colcon_core.shell:Creating prefix script '/media/david/Storage/David/Research/Github/ROS/ROS2/install/local_setup.ps1'
[10.535s] INFO:colcon.colcon_core.shell:Creating prefix util module '/media/david/Storage/David/Research/Github/ROS/ROS2/install/_local_setup_util_ps1.py'
[10.538s] INFO:colcon.colcon_core.shell:Creating prefix chain script '/media/david/Storage/David/Research/Github/ROS/ROS2/install/setup.ps1'
[10.541s] INFO:colcon.colcon_core.shell:Creating prefix script '/media/david/Storage/David/Research/Github/ROS/ROS2/install/local_setup.sh'
[10.543s] INFO:colcon.colcon_core.shell:Creating prefix util module '/media/david/Storage/David/Research/Github/ROS/ROS2/install/_local_setup_util_sh.py'
[10.545s] INFO:colcon.colcon_core.shell:Creating prefix chain script '/media/david/Storage/David/Research/Github/ROS/ROS2/install/setup.sh'
[10.547s] INFO:colcon.colcon_core.shell:Creating prefix script '/media/david/Storage/David/Research/Github/ROS/ROS2/install/local_setup.bash'
[10.549s] INFO:colcon.colcon_core.shell:Creating prefix chain script '/media/david/Storage/David/Research/Github/ROS/ROS2/install/setup.bash'
[10.555s] INFO:colcon.colcon_core.shell:Creating prefix script '/media/david/Storage/David/Research/Github/ROS/ROS2/install/local_setup.zsh'
[10.557s] INFO:colcon.colcon_core.shell:Creating prefix chain script '/media/david/Storage/David/Research/Github/ROS/ROS2/install/setup.zsh'
