[0.050s] Invoking command in '/media/david/David/David/Research/Github/ROS/ROS2/build/bumperbot_description': CMAKE_PREFIX_PATH=${CMAKE_PREFIX_PATH}:/media/david/David/David/Research/Github/ROS/ROS2/install/bumperbot_py_examples:/opt/ros/humble /usr/bin/cmake --build /media/david/David/David/Research/Github/ROS/ROS2/build/bumperbot_description -- -j4 -l4
[0.492s] Invoked command in '/media/david/David/David/Research/Github/ROS/ROS2/build/bumperbot_description' returned '0': CMAKE_PREFIX_PATH=${CMAKE_PREFIX_PATH}:/media/david/David/David/Research/Github/ROS/ROS2/install/bumperbot_py_examples:/opt/ros/humble /usr/bin/cmake --build /media/david/David/David/Research/Github/ROS/ROS2/build/bumperbot_description -- -j4 -l4
[0.547s] Invoking command in '/media/david/David/David/Research/Github/ROS/ROS2/build/bumperbot_description': CMAKE_PREFIX_PATH=${CMAKE_PREFIX_PATH}:/media/david/David/David/Research/Github/ROS/ROS2/install/bumperbot_py_examples:/opt/ros/humble /usr/bin/cmake --install /media/david/David/David/Research/Github/ROS/ROS2/build/bumperbot_description
[0.563s] -- Install configuration: ""
[0.564s] -- Up-to-date: /media/david/David/David/Research/Github/ROS/ROS2/install/bumperbot_description/share/bumperbot_description/meshes
[0.567s] -- Up-to-date: /media/david/David/David/Research/Github/ROS/ROS2/install/bumperbot_description/share/bumperbot_description/meshes/base_link.STL
[0.572s] -- Up-to-date: /media/david/David/David/Research/Github/ROS/ROS2/install/bumperbot_description/share/bumperbot_description/meshes/Can.STL
[0.574s] -- Up-to-date: /media/david/David/David/Research/Github/ROS/ROS2/install/bumperbot_description/share/bumperbot_description/meshes/caster_front_link.STL
[0.577s] -- Up-to-date: /media/david/David/David/Research/Github/ROS/ROS2/install/bumperbot_description/share/bumperbot_description/meshes/caster_rear_link.STL
[0.580s] -- Up-to-date: /media/david/David/David/Research/Github/ROS/ROS2/install/bumperbot_description/share/bumperbot_description/meshes/imu_link.STL
[0.584s] -- Up-to-date: /media/david/David/David/Research/Github/ROS/ROS2/install/bumperbot_description/share/bumperbot_description/meshes/wheel_left_link.STL
[0.586s] -- Up-to-date: /media/david/David/David/Research/Github/ROS/ROS2/install/bumperbot_description/share/bumperbot_description/meshes/wheel_right_link.STL
[0.588s] -- Up-to-date: /media/david/David/David/Research/Github/ROS/ROS2/install/bumperbot_description/share/bumperbot_description/models
[0.590s] -- Up-to-date: /media/david/David/David/Research/Github/ROS/ROS2/install/bumperbot_description/share/bumperbot_description/models/ground_plane
[0.593s] -- Up-to-date: /media/david/David/David/Research/Github/ROS/ROS2/install/bumperbot_description/share/bumperbot_description/models/ground_plane/model-1_2.sdf
[0.596s] -- Up-to-date: /media/david/David/David/Research/Github/ROS/ROS2/install/bumperbot_description/share/bumperbot_description/models/ground_plane/model-1_3.sdf
[0.600s] -- Up-to-date: /media/david/David/David/Research/Github/ROS/ROS2/install/bumperbot_description/share/bumperbot_description/models/ground_plane/model-1_4.sdf
[0.602s] -- Up-to-date: /media/david/David/David/Research/Github/ROS/ROS2/install/bumperbot_description/share/bumperbot_description/models/ground_plane/model.config
[0.605s] -- Up-to-date: /media/david/David/David/Research/Github/ROS/ROS2/install/bumperbot_description/share/bumperbot_description/models/ground_plane/model.sdf
[0.606s] -- Up-to-date: /media/david/David/David/Research/Github/ROS/ROS2/install/bumperbot_description/share/bumperbot_description/models/sun
[0.612s] -- Up-to-date: /media/david/David/David/Research/Github/ROS/ROS2/install/bumperbot_description/share/bumperbot_description/models/sun/model-1_2.sdf
[0.619s] -- Up-to-date: /media/david/David/David/Research/Github/ROS/ROS2/install/bumperbot_description/share/bumperbot_description/models/sun/model-1_3.sdf
[0.624s] -- Up-to-date: /media/david/David/David/Research/Github/ROS/ROS2/install/bumperbot_description/share/bumperbot_description/models/sun/model-1_4.sdf
[0.625s] -- Up-to-date: /media/david/David/David/Research/Github/ROS/ROS2/install/bumperbot_description/share/bumperbot_description/models/sun/model.config
[0.630s] -- Up-to-date: /media/david/David/David/Research/Github/ROS/ROS2/install/bumperbot_description/share/bumperbot_description/models/sun/model.sdf
[0.634s] -- Up-to-date: /media/david/David/David/Research/Github/ROS/ROS2/install/bumperbot_description/share/bumperbot_description/urdf
[0.636s] -- Up-to-date: /media/david/David/David/Research/Github/ROS/ROS2/install/bumperbot_description/share/bumperbot_description/urdf/bumperbot.urdf.xacro
[0.639s] -- Up-to-date: /media/david/David/David/Research/Github/ROS/ROS2/install/bumperbot_description/share/bumperbot_description/urdf/bumperbot_gazebo.xacro
[0.641s] -- Up-to-date: /media/david/David/David/Research/Github/ROS/ROS2/install/bumperbot_description/share/bumperbot_description/launch
[0.645s] -- Up-to-date: /media/david/David/David/Research/Github/ROS/ROS2/install/bumperbot_description/share/bumperbot_description/launch/display.launch.py
[0.648s] -- Installing: /media/david/David/David/Research/Github/ROS/ROS2/install/bumperbot_description/share/bumperbot_description/launch/gazebo.launch.py
[0.659s] -- Up-to-date: /media/david/David/David/Research/Github/ROS/ROS2/install/bumperbot_description/share/bumperbot_description/rviz
[0.664s] -- Up-to-date: /media/david/David/David/Research/Github/ROS/ROS2/install/bumperbot_description/share/bumperbot_description/rviz/display.rviz
[0.666s] -- Up-to-date: /media/david/David/David/Research/Github/ROS/ROS2/install/bumperbot_description/share/ament_index/resource_index/package_run_dependencies/bumperbot_description
[0.667s] -- Up-to-date: /media/david/David/David/Research/Github/ROS/ROS2/install/bumperbot_description/share/ament_index/resource_index/parent_prefix_path/bumperbot_description
[0.667s] -- Up-to-date: /media/david/David/David/Research/Github/ROS/ROS2/install/bumperbot_description/share/bumperbot_description/environment/ament_prefix_path.sh
[0.669s] -- Up-to-date: /media/david/David/David/Research/Github/ROS/ROS2/install/bumperbot_description/share/bumperbot_description/environment/ament_prefix_path.dsv
[0.671s] -- Up-to-date: /media/david/David/David/Research/Github/ROS/ROS2/install/bumperbot_description/share/bumperbot_description/environment/path.sh
[0.674s] -- Up-to-date: /media/david/David/David/Research/Github/ROS/ROS2/install/bumperbot_description/share/bumperbot_description/environment/path.dsv
[0.676s] -- Up-to-date: /media/david/David/David/Research/Github/ROS/ROS2/install/bumperbot_description/share/bumperbot_description/local_setup.bash
[0.679s] -- Up-to-date: /media/david/David/David/Research/Github/ROS/ROS2/install/bumperbot_description/share/bumperbot_description/local_setup.sh
[0.681s] -- Up-to-date: /media/david/David/David/Research/Github/ROS/ROS2/install/bumperbot_description/share/bumperbot_description/local_setup.zsh
[0.686s] -- Up-to-date: /media/david/David/David/Research/Github/ROS/ROS2/install/bumperbot_description/share/bumperbot_description/local_setup.dsv
[0.690s] -- Up-to-date: /media/david/David/David/Research/Github/ROS/ROS2/install/bumperbot_description/share/bumperbot_description/package.dsv
[0.694s] -- Up-to-date: /media/david/David/David/Research/Github/ROS/ROS2/install/bumperbot_description/share/ament_index/resource_index/packages/bumperbot_description
[0.698s] -- Up-to-date: /media/david/David/David/Research/Github/ROS/ROS2/install/bumperbot_description/share/bumperbot_description/cmake/bumperbot_descriptionConfig.cmake
[0.700s] -- Up-to-date: /media/david/David/David/Research/Github/ROS/ROS2/install/bumperbot_description/share/bumperbot_description/cmake/bumperbot_descriptionConfig-version.cmake
[0.703s] -- Up-to-date: /media/david/David/David/Research/Github/ROS/ROS2/install/bumperbot_description/share/bumperbot_description/package.xml
[0.716s] Invoked command in '/media/david/David/David/Research/Github/ROS/ROS2/build/bumperbot_description' returned '0': CMAKE_PREFIX_PATH=${CMAKE_PREFIX_PATH}:/media/david/David/David/Research/Github/ROS/ROS2/install/bumperbot_py_examples:/opt/ros/humble /usr/bin/cmake --install /media/david/David/David/Research/Github/ROS/ROS2/build/bumperbot_description
