[0.071s] Invoking command in '/media/david/David/David/Research/Github/ROS/ROS2/build/bumperbot_controller': CMAKE_PREFIX_PATH=${CMAKE_PREFIX_PATH}:/media/david/David/David/Research/Github/ROS/ROS2/install/bumperbot_py_examples:/opt/ros/humble /usr/bin/cmake /media/david/David/David/Research/Github/ROS/ROS2/src/bumperbot_controller -DCMAKE_INSTALL_PREFIX=/media/david/David/David/Research/Github/ROS/ROS2/install/bumperbot_controller
[0.269s] -- The C compiler identification is GNU 11.4.0
[0.489s] -- The CXX compiler identification is GNU 11.4.0
[0.513s] -- Detecting C compiler ABI info
[0.781s] -- Detecting C compiler ABI info - done
[0.800s] -- Check for working C compiler: /usr/bin/cc - skipped
[0.801s] -- Detecting C compile features
[0.801s] -- Detecting C compile features - done
[0.811s] -- Detecting CXX compiler ABI info
[1.082s] -- Detecting CXX compiler ABI info - done
[1.117s] -- Check for working CXX compiler: /usr/bin/c++ - skipped
[1.118s] -- Detecting CXX compile features
[1.121s] -- Detecting CXX compile features - done
[1.168s] -- Found ament_cmake: 1.3.8 (/opt/ros/humble/share/ament_cmake/cmake)
[1.611s] -- Found Python3: /usr/bin/python3 (found version "3.10.12") found components: Interpreter 
[1.976s] -- Found ament_lint_auto: 0.12.10 (/opt/ros/humble/share/ament_lint_auto/cmake)
[2.268s] -- Added test 'lint_cmake' to check CMake code style
[2.298s] -- Added test 'xmllint' to check XML markup files
[2.320s] -- Configuring done
[2.375s] -- Generating done
[2.384s] -- Build files have been written to: /media/david/David/David/Research/Github/ROS/ROS2/build/bumperbot_controller
[2.391s] Invoked command in '/media/david/David/David/Research/Github/ROS/ROS2/build/bumperbot_controller' returned '0': CMAKE_PREFIX_PATH=${CMAKE_PREFIX_PATH}:/media/david/David/David/Research/Github/ROS/ROS2/install/bumperbot_py_examples:/opt/ros/humble /usr/bin/cmake /media/david/David/David/Research/Github/ROS/ROS2/src/bumperbot_controller -DCMAKE_INSTALL_PREFIX=/media/david/David/David/Research/Github/ROS/ROS2/install/bumperbot_controller
[2.395s] Invoking command in '/media/david/David/David/Research/Github/ROS/ROS2/build/bumperbot_controller': CMAKE_PREFIX_PATH=${CMAKE_PREFIX_PATH}:/media/david/David/David/Research/Github/ROS/ROS2/install/bumperbot_py_examples:/opt/ros/humble /usr/bin/cmake --build /media/david/David/David/Research/Github/ROS/ROS2/build/bumperbot_controller -- -j4 -l4
[2.476s] Invoked command in '/media/david/David/David/Research/Github/ROS/ROS2/build/bumperbot_controller' returned '0': CMAKE_PREFIX_PATH=${CMAKE_PREFIX_PATH}:/media/david/David/David/Research/Github/ROS/ROS2/install/bumperbot_py_examples:/opt/ros/humble /usr/bin/cmake --build /media/david/David/David/Research/Github/ROS/ROS2/build/bumperbot_controller -- -j4 -l4
[2.524s] Invoking command in '/media/david/David/David/Research/Github/ROS/ROS2/build/bumperbot_controller': CMAKE_PREFIX_PATH=${CMAKE_PREFIX_PATH}:/media/david/David/David/Research/Github/ROS/ROS2/install/bumperbot_py_examples:/opt/ros/humble /usr/bin/cmake --install /media/david/David/David/Research/Github/ROS/ROS2/build/bumperbot_controller
[2.538s] -- Install configuration: ""
[2.543s] -- Installing: /media/david/David/David/Research/Github/ROS/ROS2/install/bumperbot_controller/share/ament_index/resource_index/package_run_dependencies/bumperbot_controller
[2.552s] -- Installing: /media/david/David/David/Research/Github/ROS/ROS2/install/bumperbot_controller/share/ament_index/resource_index/parent_prefix_path/bumperbot_controller
[2.559s] -- Installing: /media/david/David/David/Research/Github/ROS/ROS2/install/bumperbot_controller/share/bumperbot_controller/environment/ament_prefix_path.sh
[2.565s] -- Installing: /media/david/David/David/Research/Github/ROS/ROS2/install/bumperbot_controller/share/bumperbot_controller/environment/ament_prefix_path.dsv
[2.571s] -- Installing: /media/david/David/David/Research/Github/ROS/ROS2/install/bumperbot_controller/share/bumperbot_controller/environment/path.sh
[2.582s] -- Installing: /media/david/David/David/Research/Github/ROS/ROS2/install/bumperbot_controller/share/bumperbot_controller/environment/path.dsv
[2.587s] -- Installing: /media/david/David/David/Research/Github/ROS/ROS2/install/bumperbot_controller/share/bumperbot_controller/local_setup.bash
[2.592s] -- Installing: /media/david/David/David/Research/Github/ROS/ROS2/install/bumperbot_controller/share/bumperbot_controller/local_setup.sh
[2.598s] -- Installing: /media/david/David/David/Research/Github/ROS/ROS2/install/bumperbot_controller/share/bumperbot_controller/local_setup.zsh
[2.603s] -- Installing: /media/david/David/David/Research/Github/ROS/ROS2/install/bumperbot_controller/share/bumperbot_controller/local_setup.dsv
[2.607s] -- Installing: /media/david/David/David/Research/Github/ROS/ROS2/install/bumperbot_controller/share/bumperbot_controller/package.dsv
[2.614s] -- Installing: /media/david/David/David/Research/Github/ROS/ROS2/install/bumperbot_controller/share/ament_index/resource_index/packages/bumperbot_controller
[2.620s] -- Installing: /media/david/David/David/Research/Github/ROS/ROS2/install/bumperbot_controller/share/bumperbot_controller/cmake/bumperbot_controllerConfig.cmake
[2.624s] -- Installing: /media/david/David/David/Research/Github/ROS/ROS2/install/bumperbot_controller/share/bumperbot_controller/cmake/bumperbot_controllerConfig-version.cmake
[2.629s] -- Installing: /media/david/David/David/Research/Github/ROS/ROS2/install/bumperbot_controller/share/bumperbot_controller/package.xml
[2.635s] Invoked command in '/media/david/David/David/Research/Github/ROS/ROS2/build/bumperbot_controller' returned '0': CMAKE_PREFIX_PATH=${CMAKE_PREFIX_PATH}:/media/david/David/David/Research/Github/ROS/ROS2/install/bumperbot_py_examples:/opt/ros/humble /usr/bin/cmake --install /media/david/David/David/Research/Github/ROS/ROS2/build/bumperbot_controller
