[0.133s] DEBUG:colcon:Command line arguments: ['/usr/bin/colcon', 'build']
[0.133s] DEBUG:colcon:Parsed command line arguments: Namespace(log_base=None, log_level=None, verb_name='build', build_base='build', install_base='install', merge_install=False, symlink_install=False, test_result_base=None, continue_on_error=False, executor='parallel', parallel_workers=4, event_handlers=None, ignore_user_meta=False, metas=['./colcon.meta'], base_paths=['.'], packages_ignore=None, packages_ignore_regex=None, paths=None, packages_up_to=None, packages_up_to_regex=None, packages_above=None, packages_above_and_dependencies=None, packages_above_depth=None, packages_select_by_dep=None, packages_skip_by_dep=None, packages_skip_up_to=None, packages_select_build_failed=False, packages_skip_build_finished=False, packages_select_test_failures=False, packages_skip_test_passed=False, packages_select=None, packages_skip=None, packages_select_regex=None, packages_skip_regex=None, packages_start=None, packages_end=None, allow_overriding=[], cmake_args=None, cmake_target=None, cmake_target_skip_unavailable=False, cmake_clean_cache=False, cmake_clean_first=False, cmake_force_configure=False, ament_cmake_args=None, catkin_cmake_args=None, catkin_skip_building_tests=False, mixin_files=None, mixin=None, verb_parser=<colcon_mixin.mixin.mixin_argument.MixinArgumentDecorator object at 0x78ac1875c4c0>, verb_extension=<colcon_core.verb.build.BuildVerb object at 0x78ac1872fc70>, main=<bound method BuildVerb.main of <colcon_core.verb.build.BuildVerb object at 0x78ac1872fc70>>, mixin_verb=('build',))
[0.465s] Level 1:colcon.colcon_core.package_discovery:discover_packages(colcon_meta) check parameters
[0.466s] Level 1:colcon.colcon_core.package_discovery:discover_packages(recursive) check parameters
[0.466s] Level 1:colcon.colcon_core.package_discovery:discover_packages(ignore) check parameters
[0.466s] Level 1:colcon.colcon_core.package_discovery:discover_packages(path) check parameters
[0.466s] Level 1:colcon.colcon_core.package_discovery:discover_packages(colcon_meta) discover
[0.466s] Level 1:colcon.colcon_core.package_discovery:discover_packages(recursive) discover
[0.467s] INFO:colcon.colcon_core.package_discovery:Crawling recursively for packages in '/media/david/Storage/David/Research/Github/ROS/ROS2'
[0.467s] Level 1:colcon.colcon_core.package_identification:_identify(.) by extensions ['ignore', 'ignore_ament_install']
[0.467s] Level 1:colcon.colcon_core.package_identification:_identify(.) by extension 'ignore'
[0.468s] Level 1:colcon.colcon_core.package_identification:_identify(.) by extension 'ignore_ament_install'
[0.468s] Level 1:colcon.colcon_core.package_identification:_identify(.) by extensions ['colcon_pkg']
[0.468s] Level 1:colcon.colcon_core.package_identification:_identify(.) by extension 'colcon_pkg'
[0.468s] Level 1:colcon.colcon_core.package_identification:_identify(.) by extensions ['colcon_meta']
[0.468s] Level 1:colcon.colcon_core.package_identification:_identify(.) by extension 'colcon_meta'
[0.469s] Level 1:colcon.colcon_core.package_identification:_identify(.) by extensions ['ros']
[0.469s] Level 1:colcon.colcon_core.package_identification:_identify(.) by extension 'ros'
[0.507s] Level 1:colcon.colcon_core.package_identification:_identify(.) by extensions ['cmake', 'python']
[0.507s] Level 1:colcon.colcon_core.package_identification:_identify(.) by extension 'cmake'
[0.507s] Level 1:colcon.colcon_core.package_identification:_identify(.) by extension 'python'
[0.508s] Level 1:colcon.colcon_core.package_identification:_identify(.) by extensions ['python_setup_py']
[0.508s] Level 1:colcon.colcon_core.package_identification:_identify(.) by extension 'python_setup_py'
[0.508s] Level 1:colcon.colcon_core.package_identification:_identify(build) by extensions ['ignore', 'ignore_ament_install']
[0.509s] Level 1:colcon.colcon_core.package_identification:_identify(build) by extension 'ignore'
[0.511s] Level 1:colcon.colcon_core.package_identification:_identify(build) ignored
[0.511s] Level 1:colcon.colcon_core.package_identification:_identify(install) by extensions ['ignore', 'ignore_ament_install']
[0.512s] Level 1:colcon.colcon_core.package_identification:_identify(install) by extension 'ignore'
[0.512s] Level 1:colcon.colcon_core.package_identification:_identify(install) ignored
[0.513s] Level 1:colcon.colcon_core.package_identification:_identify(log) by extensions ['ignore', 'ignore_ament_install']
[0.513s] Level 1:colcon.colcon_core.package_identification:_identify(log) by extension 'ignore'
[0.513s] Level 1:colcon.colcon_core.package_identification:_identify(log) ignored
[0.513s] Level 1:colcon.colcon_core.package_identification:_identify(src) by extensions ['ignore', 'ignore_ament_install']
[0.514s] Level 1:colcon.colcon_core.package_identification:_identify(src) by extension 'ignore'
[0.514s] Level 1:colcon.colcon_core.package_identification:_identify(src) by extension 'ignore_ament_install'
[0.515s] Level 1:colcon.colcon_core.package_identification:_identify(src) by extensions ['colcon_pkg']
[0.515s] Level 1:colcon.colcon_core.package_identification:_identify(src) by extension 'colcon_pkg'
[0.515s] Level 1:colcon.colcon_core.package_identification:_identify(src) by extensions ['colcon_meta']
[0.515s] Level 1:colcon.colcon_core.package_identification:_identify(src) by extension 'colcon_meta'
[0.515s] Level 1:colcon.colcon_core.package_identification:_identify(src) by extensions ['ros']
[0.515s] Level 1:colcon.colcon_core.package_identification:_identify(src) by extension 'ros'
[0.516s] Level 1:colcon.colcon_core.package_identification:_identify(src) by extensions ['cmake', 'python']
[0.516s] Level 1:colcon.colcon_core.package_identification:_identify(src) by extension 'cmake'
[0.516s] Level 1:colcon.colcon_core.package_identification:_identify(src) by extension 'python'
[0.516s] Level 1:colcon.colcon_core.package_identification:_identify(src) by extensions ['python_setup_py']
[0.517s] Level 1:colcon.colcon_core.package_identification:_identify(src) by extension 'python_setup_py'
[0.517s] Level 1:colcon.colcon_core.package_identification:_identify(src/bumperbot_controller) by extensions ['ignore', 'ignore_ament_install']
[0.517s] Level 1:colcon.colcon_core.package_identification:_identify(src/bumperbot_controller) by extension 'ignore'
[0.518s] Level 1:colcon.colcon_core.package_identification:_identify(src/bumperbot_controller) by extension 'ignore_ament_install'
[0.518s] Level 1:colcon.colcon_core.package_identification:_identify(src/bumperbot_controller) by extensions ['colcon_pkg']
[0.518s] Level 1:colcon.colcon_core.package_identification:_identify(src/bumperbot_controller) by extension 'colcon_pkg'
[0.518s] Level 1:colcon.colcon_core.package_identification:_identify(src/bumperbot_controller) by extensions ['colcon_meta']
[0.518s] Level 1:colcon.colcon_core.package_identification:_identify(src/bumperbot_controller) by extension 'colcon_meta'
[0.519s] Level 1:colcon.colcon_core.package_identification:_identify(src/bumperbot_controller) by extensions ['ros']
[0.519s] Level 1:colcon.colcon_core.package_identification:_identify(src/bumperbot_controller) by extension 'ros'
[0.526s] DEBUG:colcon.colcon_core.package_identification:Package 'src/bumperbot_controller' with type 'ros.ament_cmake' and name 'bumperbot_controller'
[0.526s] Level 1:colcon.colcon_core.package_identification:_identify(src/bumperbot_cpp_examples) by extensions ['ignore', 'ignore_ament_install']
[0.526s] Level 1:colcon.colcon_core.package_identification:_identify(src/bumperbot_cpp_examples) by extension 'ignore'
[0.527s] Level 1:colcon.colcon_core.package_identification:_identify(src/bumperbot_cpp_examples) by extension 'ignore_ament_install'
[0.527s] Level 1:colcon.colcon_core.package_identification:_identify(src/bumperbot_cpp_examples) by extensions ['colcon_pkg']
[0.527s] Level 1:colcon.colcon_core.package_identification:_identify(src/bumperbot_cpp_examples) by extension 'colcon_pkg'
[0.527s] Level 1:colcon.colcon_core.package_identification:_identify(src/bumperbot_cpp_examples) by extensions ['colcon_meta']
[0.527s] Level 1:colcon.colcon_core.package_identification:_identify(src/bumperbot_cpp_examples) by extension 'colcon_meta'
[0.528s] Level 1:colcon.colcon_core.package_identification:_identify(src/bumperbot_cpp_examples) by extensions ['ros']
[0.529s] Level 1:colcon.colcon_core.package_identification:_identify(src/bumperbot_cpp_examples) by extension 'ros'
[0.532s] DEBUG:colcon.colcon_core.package_identification:Package 'src/bumperbot_cpp_examples' with type 'ros.ament_cmake' and name 'bumperbot_cpp_examples'
[0.533s] Level 1:colcon.colcon_core.package_identification:_identify(src/bumperbot_description) by extensions ['ignore', 'ignore_ament_install']
[0.533s] Level 1:colcon.colcon_core.package_identification:_identify(src/bumperbot_description) by extension 'ignore'
[0.533s] Level 1:colcon.colcon_core.package_identification:_identify(src/bumperbot_description) by extension 'ignore_ament_install'
[0.533s] Level 1:colcon.colcon_core.package_identification:_identify(src/bumperbot_description) by extensions ['colcon_pkg']
[0.533s] Level 1:colcon.colcon_core.package_identification:_identify(src/bumperbot_description) by extension 'colcon_pkg'
[0.534s] Level 1:colcon.colcon_core.package_identification:_identify(src/bumperbot_description) by extensions ['colcon_meta']
[0.534s] Level 1:colcon.colcon_core.package_identification:_identify(src/bumperbot_description) by extension 'colcon_meta'
[0.534s] Level 1:colcon.colcon_core.package_identification:_identify(src/bumperbot_description) by extensions ['ros']
[0.534s] Level 1:colcon.colcon_core.package_identification:_identify(src/bumperbot_description) by extension 'ros'
[0.536s] DEBUG:colcon.colcon_core.package_identification:Package 'src/bumperbot_description' with type 'ros.ament_cmake' and name 'bumperbot_description'
[0.537s] Level 1:colcon.colcon_core.package_identification:_identify(src/bumperbot_msgs) by extensions ['ignore', 'ignore_ament_install']
[0.537s] Level 1:colcon.colcon_core.package_identification:_identify(src/bumperbot_msgs) by extension 'ignore'
[0.537s] Level 1:colcon.colcon_core.package_identification:_identify(src/bumperbot_msgs) by extension 'ignore_ament_install'
[0.538s] Level 1:colcon.colcon_core.package_identification:_identify(src/bumperbot_msgs) by extensions ['colcon_pkg']
[0.538s] Level 1:colcon.colcon_core.package_identification:_identify(src/bumperbot_msgs) by extension 'colcon_pkg'
[0.538s] Level 1:colcon.colcon_core.package_identification:_identify(src/bumperbot_msgs) by extensions ['colcon_meta']
[0.538s] Level 1:colcon.colcon_core.package_identification:_identify(src/bumperbot_msgs) by extension 'colcon_meta'
[0.538s] Level 1:colcon.colcon_core.package_identification:_identify(src/bumperbot_msgs) by extensions ['ros']
[0.538s] Level 1:colcon.colcon_core.package_identification:_identify(src/bumperbot_msgs) by extension 'ros'
[0.540s] DEBUG:colcon.colcon_core.package_identification:Package 'src/bumperbot_msgs' with type 'ros.ament_cmake' and name 'bumperbot_msgs'
[0.541s] Level 1:colcon.colcon_core.package_identification:_identify(src/bumperbot_py_examples) by extensions ['ignore', 'ignore_ament_install']
[0.541s] Level 1:colcon.colcon_core.package_identification:_identify(src/bumperbot_py_examples) by extension 'ignore'
[0.541s] Level 1:colcon.colcon_core.package_identification:_identify(src/bumperbot_py_examples) by extension 'ignore_ament_install'
[0.542s] Level 1:colcon.colcon_core.package_identification:_identify(src/bumperbot_py_examples) by extensions ['colcon_pkg']
[0.542s] Level 1:colcon.colcon_core.package_identification:_identify(src/bumperbot_py_examples) by extension 'colcon_pkg'
[0.542s] Level 1:colcon.colcon_core.package_identification:_identify(src/bumperbot_py_examples) by extensions ['colcon_meta']
[0.542s] Level 1:colcon.colcon_core.package_identification:_identify(src/bumperbot_py_examples) by extension 'colcon_meta'
[0.542s] Level 1:colcon.colcon_core.package_identification:_identify(src/bumperbot_py_examples) by extensions ['ros']
[0.543s] Level 1:colcon.colcon_core.package_identification:_identify(src/bumperbot_py_examples) by extension 'ros'
[0.545s] DEBUG:colcon.colcon_core.package_identification:Package 'src/bumperbot_py_examples' with type 'ros.ament_python' and name 'bumperbot_py_examples'
[0.545s] Level 1:colcon.colcon_core.package_discovery:discover_packages(recursive) using defaults
[0.545s] Level 1:colcon.colcon_core.package_discovery:discover_packages(ignore) discover
[0.545s] Level 1:colcon.colcon_core.package_discovery:discover_packages(ignore) using defaults
[0.545s] Level 1:colcon.colcon_core.package_discovery:discover_packages(path) discover
[0.545s] Level 1:colcon.colcon_core.package_discovery:discover_packages(path) using defaults
[0.587s] Level 1:colcon.colcon_core.package_discovery:discover_packages(prefix_path) check parameters
[0.587s] Level 1:colcon.colcon_core.package_discovery:discover_packages(prefix_path) discover
[0.592s] DEBUG:colcon.colcon_installed_package_information.package_discovery:Found 331 installed packages in /opt/ros/humble
[0.597s] Level 1:colcon.colcon_core.package_discovery:discover_packages(prefix_path) using defaults
[0.678s] Level 5:colcon.colcon_core.verb:set package 'bumperbot_controller' build argument 'cmake_args' from command line to 'None'
[0.678s] Level 5:colcon.colcon_core.verb:set package 'bumperbot_controller' build argument 'cmake_target' from command line to 'None'
[0.678s] Level 5:colcon.colcon_core.verb:set package 'bumperbot_controller' build argument 'cmake_target_skip_unavailable' from command line to 'False'
[0.678s] Level 5:colcon.colcon_core.verb:set package 'bumperbot_controller' build argument 'cmake_clean_cache' from command line to 'False'
[0.678s] Level 5:colcon.colcon_core.verb:set package 'bumperbot_controller' build argument 'cmake_clean_first' from command line to 'False'
[0.679s] Level 5:colcon.colcon_core.verb:set package 'bumperbot_controller' build argument 'cmake_force_configure' from command line to 'False'
[0.679s] Level 5:colcon.colcon_core.verb:set package 'bumperbot_controller' build argument 'ament_cmake_args' from command line to 'None'
[0.679s] Level 5:colcon.colcon_core.verb:set package 'bumperbot_controller' build argument 'catkin_cmake_args' from command line to 'None'
[0.679s] Level 5:colcon.colcon_core.verb:set package 'bumperbot_controller' build argument 'catkin_skip_building_tests' from command line to 'False'
[0.679s] DEBUG:colcon.colcon_core.verb:Building package 'bumperbot_controller' with the following arguments: {'ament_cmake_args': None, 'build_base': '/media/david/Storage/David/Research/Github/ROS/ROS2/build/bumperbot_controller', 'catkin_cmake_args': None, 'catkin_skip_building_tests': False, 'cmake_args': None, 'cmake_clean_cache': False, 'cmake_clean_first': False, 'cmake_force_configure': False, 'cmake_target': None, 'cmake_target_skip_unavailable': False, 'install_base': '/media/david/Storage/David/Research/Github/ROS/ROS2/install/bumperbot_controller', 'merge_install': False, 'path': '/media/david/Storage/David/Research/Github/ROS/ROS2/src/bumperbot_controller', 'symlink_install': False, 'test_result_base': None}
[0.680s] Level 5:colcon.colcon_core.verb:set package 'bumperbot_description' build argument 'cmake_args' from command line to 'None'
[0.680s] Level 5:colcon.colcon_core.verb:set package 'bumperbot_description' build argument 'cmake_target' from command line to 'None'
[0.680s] Level 5:colcon.colcon_core.verb:set package 'bumperbot_description' build argument 'cmake_target_skip_unavailable' from command line to 'False'
[0.680s] Level 5:colcon.colcon_core.verb:set package 'bumperbot_description' build argument 'cmake_clean_cache' from command line to 'False'
[0.680s] Level 5:colcon.colcon_core.verb:set package 'bumperbot_description' build argument 'cmake_clean_first' from command line to 'False'
[0.680s] Level 5:colcon.colcon_core.verb:set package 'bumperbot_description' build argument 'cmake_force_configure' from command line to 'False'
[0.680s] Level 5:colcon.colcon_core.verb:set package 'bumperbot_description' build argument 'ament_cmake_args' from command line to 'None'
[0.680s] Level 5:colcon.colcon_core.verb:set package 'bumperbot_description' build argument 'catkin_cmake_args' from command line to 'None'
[0.680s] Level 5:colcon.colcon_core.verb:set package 'bumperbot_description' build argument 'catkin_skip_building_tests' from command line to 'False'
[0.680s] DEBUG:colcon.colcon_core.verb:Building package 'bumperbot_description' with the following arguments: {'ament_cmake_args': None, 'build_base': '/media/david/Storage/David/Research/Github/ROS/ROS2/build/bumperbot_description', 'catkin_cmake_args': None, 'catkin_skip_building_tests': False, 'cmake_args': None, 'cmake_clean_cache': False, 'cmake_clean_first': False, 'cmake_force_configure': False, 'cmake_target': None, 'cmake_target_skip_unavailable': False, 'install_base': '/media/david/Storage/David/Research/Github/ROS/ROS2/install/bumperbot_description', 'merge_install': False, 'path': '/media/david/Storage/David/Research/Github/ROS/ROS2/src/bumperbot_description', 'symlink_install': False, 'test_result_base': None}
[0.681s] Level 5:colcon.colcon_core.verb:set package 'bumperbot_msgs' build argument 'cmake_args' from command line to 'None'
[0.681s] Level 5:colcon.colcon_core.verb:set package 'bumperbot_msgs' build argument 'cmake_target' from command line to 'None'
[0.681s] Level 5:colcon.colcon_core.verb:set package 'bumperbot_msgs' build argument 'cmake_target_skip_unavailable' from command line to 'False'
[0.681s] Level 5:colcon.colcon_core.verb:set package 'bumperbot_msgs' build argument 'cmake_clean_cache' from command line to 'False'
[0.682s] Level 5:colcon.colcon_core.verb:set package 'bumperbot_msgs' build argument 'cmake_clean_first' from command line to 'False'
[0.682s] Level 5:colcon.colcon_core.verb:set package 'bumperbot_msgs' build argument 'cmake_force_configure' from command line to 'False'
[0.682s] Level 5:colcon.colcon_core.verb:set package 'bumperbot_msgs' build argument 'ament_cmake_args' from command line to 'None'
[0.682s] Level 5:colcon.colcon_core.verb:set package 'bumperbot_msgs' build argument 'catkin_cmake_args' from command line to 'None'
[0.682s] Level 5:colcon.colcon_core.verb:set package 'bumperbot_msgs' build argument 'catkin_skip_building_tests' from command line to 'False'
[0.682s] DEBUG:colcon.colcon_core.verb:Building package 'bumperbot_msgs' with the following arguments: {'ament_cmake_args': None, 'build_base': '/media/david/Storage/David/Research/Github/ROS/ROS2/build/bumperbot_msgs', 'catkin_cmake_args': None, 'catkin_skip_building_tests': False, 'cmake_args': None, 'cmake_clean_cache': False, 'cmake_clean_first': False, 'cmake_force_configure': False, 'cmake_target': None, 'cmake_target_skip_unavailable': False, 'install_base': '/media/david/Storage/David/Research/Github/ROS/ROS2/install/bumperbot_msgs', 'merge_install': False, 'path': '/media/david/Storage/David/Research/Github/ROS/ROS2/src/bumperbot_msgs', 'symlink_install': False, 'test_result_base': None}
[0.683s] Level 5:colcon.colcon_core.verb:set package 'bumperbot_cpp_examples' build argument 'cmake_args' from command line to 'None'
[0.683s] Level 5:colcon.colcon_core.verb:set package 'bumperbot_cpp_examples' build argument 'cmake_target' from command line to 'None'
[0.683s] Level 5:colcon.colcon_core.verb:set package 'bumperbot_cpp_examples' build argument 'cmake_target_skip_unavailable' from command line to 'False'
[0.683s] Level 5:colcon.colcon_core.verb:set package 'bumperbot_cpp_examples' build argument 'cmake_clean_cache' from command line to 'False'
[0.683s] Level 5:colcon.colcon_core.verb:set package 'bumperbot_cpp_examples' build argument 'cmake_clean_first' from command line to 'False'
[0.683s] Level 5:colcon.colcon_core.verb:set package 'bumperbot_cpp_examples' build argument 'cmake_force_configure' from command line to 'False'
[0.683s] Level 5:colcon.colcon_core.verb:set package 'bumperbot_cpp_examples' build argument 'ament_cmake_args' from command line to 'None'
[0.683s] Level 5:colcon.colcon_core.verb:set package 'bumperbot_cpp_examples' build argument 'catkin_cmake_args' from command line to 'None'
[0.683s] Level 5:colcon.colcon_core.verb:set package 'bumperbot_cpp_examples' build argument 'catkin_skip_building_tests' from command line to 'False'
[0.684s] DEBUG:colcon.colcon_core.verb:Building package 'bumperbot_cpp_examples' with the following arguments: {'ament_cmake_args': None, 'build_base': '/media/david/Storage/David/Research/Github/ROS/ROS2/build/bumperbot_cpp_examples', 'catkin_cmake_args': None, 'catkin_skip_building_tests': False, 'cmake_args': None, 'cmake_clean_cache': False, 'cmake_clean_first': False, 'cmake_force_configure': False, 'cmake_target': None, 'cmake_target_skip_unavailable': False, 'install_base': '/media/david/Storage/David/Research/Github/ROS/ROS2/install/bumperbot_cpp_examples', 'merge_install': False, 'path': '/media/david/Storage/David/Research/Github/ROS/ROS2/src/bumperbot_cpp_examples', 'symlink_install': False, 'test_result_base': None}
[0.684s] Level 5:colcon.colcon_core.verb:set package 'bumperbot_py_examples' build argument 'cmake_args' from command line to 'None'
[0.684s] Level 5:colcon.colcon_core.verb:set package 'bumperbot_py_examples' build argument 'cmake_target' from command line to 'None'
[0.684s] Level 5:colcon.colcon_core.verb:set package 'bumperbot_py_examples' build argument 'cmake_target_skip_unavailable' from command line to 'False'
[0.685s] Level 5:colcon.colcon_core.verb:set package 'bumperbot_py_examples' build argument 'cmake_clean_cache' from command line to 'False'
[0.685s] Level 5:colcon.colcon_core.verb:set package 'bumperbot_py_examples' build argument 'cmake_clean_first' from command line to 'False'
[0.685s] Level 5:colcon.colcon_core.verb:set package 'bumperbot_py_examples' build argument 'cmake_force_configure' from command line to 'False'
[0.685s] Level 5:colcon.colcon_core.verb:set package 'bumperbot_py_examples' build argument 'ament_cmake_args' from command line to 'None'
[0.685s] Level 5:colcon.colcon_core.verb:set package 'bumperbot_py_examples' build argument 'catkin_cmake_args' from command line to 'None'
[0.685s] Level 5:colcon.colcon_core.verb:set package 'bumperbot_py_examples' build argument 'catkin_skip_building_tests' from command line to 'False'
[0.685s] DEBUG:colcon.colcon_core.verb:Building package 'bumperbot_py_examples' with the following arguments: {'ament_cmake_args': None, 'build_base': '/media/david/Storage/David/Research/Github/ROS/ROS2/build/bumperbot_py_examples', 'catkin_cmake_args': None, 'catkin_skip_building_tests': False, 'cmake_args': None, 'cmake_clean_cache': False, 'cmake_clean_first': False, 'cmake_force_configure': False, 'cmake_target': None, 'cmake_target_skip_unavailable': False, 'install_base': '/media/david/Storage/David/Research/Github/ROS/ROS2/install/bumperbot_py_examples', 'merge_install': False, 'path': '/media/david/Storage/David/Research/Github/ROS/ROS2/src/bumperbot_py_examples', 'symlink_install': False, 'test_result_base': None}
[0.685s] INFO:colcon.colcon_core.executor:Executing jobs using 'parallel' executor
[0.687s] DEBUG:colcon.colcon_parallel_executor.executor.parallel:run_until_complete
[0.687s] INFO:colcon.colcon_ros.task.ament_cmake.build:Building ROS package in '/media/david/Storage/David/Research/Github/ROS/ROS2/src/bumperbot_msgs' with build type 'ament_cmake'
[0.687s] INFO:colcon.colcon_cmake.task.cmake.build:Building CMake package in '/media/david/Storage/David/Research/Github/ROS/ROS2/src/bumperbot_msgs'
[0.691s] INFO:colcon.colcon_core.plugin_system:Skipping extension 'colcon_core.shell.bat': Not used on non-Windows systems
[0.691s] INFO:colcon.colcon_core.shell:Skip shell extension 'powershell' for command environment: Not usable outside of PowerShell
[0.691s] DEBUG:colcon.colcon_core.shell:Skip shell extension 'dsv' for command environment
[0.698s] INFO:colcon.colcon_ros.task.ament_cmake.build:Building ROS package in '/media/david/Storage/David/Research/Github/ROS/ROS2/src/bumperbot_controller' with build type 'ament_cmake'
[0.698s] INFO:colcon.colcon_cmake.task.cmake.build:Building CMake package in '/media/david/Storage/David/Research/Github/ROS/ROS2/src/bumperbot_controller'
[0.699s] INFO:colcon.colcon_core.shell:Skip shell extension 'powershell' for command environment: Not usable outside of PowerShell
[0.699s] DEBUG:colcon.colcon_core.shell:Skip shell extension 'dsv' for command environment
[0.708s] INFO:colcon.colcon_ros.task.ament_cmake.build:Building ROS package in '/media/david/Storage/David/Research/Github/ROS/ROS2/src/bumperbot_description' with build type 'ament_cmake'
[0.708s] INFO:colcon.colcon_cmake.task.cmake.build:Building CMake package in '/media/david/Storage/David/Research/Github/ROS/ROS2/src/bumperbot_description'
[0.709s] INFO:colcon.colcon_core.shell:Skip shell extension 'powershell' for command environment: Not usable outside of PowerShell
[0.709s] DEBUG:colcon.colcon_core.shell:Skip shell extension 'dsv' for command environment
[0.736s] DEBUG:colcon.colcon_core.event_handler.log_command:Invoking command in '/media/david/Storage/David/Research/Github/ROS/ROS2/build/bumperbot_msgs': CMAKE_PREFIX_PATH=/opt/ros/humble /usr/bin/cmake --build /media/david/Storage/David/Research/Github/ROS/ROS2/build/bumperbot_msgs -- -j4 -l4
[0.746s] DEBUG:colcon.colcon_core.event_handler.log_command:Invoking command in '/media/david/Storage/David/Research/Github/ROS/ROS2/build/bumperbot_controller': CMAKE_PREFIX_PATH=/opt/ros/humble /usr/bin/cmake --build /media/david/Storage/David/Research/Github/ROS/ROS2/build/bumperbot_controller -- -j4 -l4
[0.798s] DEBUG:colcon.colcon_core.event_handler.log_command:Invoking command in '/media/david/Storage/David/Research/Github/ROS/ROS2/build/bumperbot_description': CMAKE_PREFIX_PATH=/opt/ros/humble /usr/bin/cmake --build /media/david/Storage/David/Research/Github/ROS/ROS2/build/bumperbot_description -- -j4 -l4
[0.962s] DEBUG:colcon.colcon_core.event_handler.log_command:Invoked command in '/media/david/Storage/David/Research/Github/ROS/ROS2/build/bumperbot_description' returned '0': CMAKE_PREFIX_PATH=/opt/ros/humble /usr/bin/cmake --build /media/david/Storage/David/Research/Github/ROS/ROS2/build/bumperbot_description -- -j4 -l4
[1.254s] DEBUG:colcon.colcon_core.event_handler.log_command:Invoking command in '/media/david/Storage/David/Research/Github/ROS/ROS2/build/bumperbot_description': CMAKE_PREFIX_PATH=/opt/ros/humble /usr/bin/cmake --install /media/david/Storage/David/Research/Github/ROS/ROS2/build/bumperbot_description
[1.392s] Level 1:colcon.colcon_core.environment:create_environment_scripts_only(bumperbot_description)
[1.397s] Level 1:colcon.colcon_core.environment:checking '/media/david/Storage/David/Research/Github/ROS/ROS2/install/bumperbot_description' for CMake module files
[1.398s] DEBUG:colcon.colcon_core.event_handler.log_command:Invoked command in '/media/david/Storage/David/Research/Github/ROS/ROS2/build/bumperbot_description' returned '0': CMAKE_PREFIX_PATH=/opt/ros/humble /usr/bin/cmake --install /media/david/Storage/David/Research/Github/ROS/ROS2/build/bumperbot_description
[1.442s] Level 1:colcon.colcon_core.environment:checking '/media/david/Storage/David/Research/Github/ROS/ROS2/install/bumperbot_description' for CMake config files
[1.457s] Level 1:colcon.colcon_core.shell:create_environment_hook('bumperbot_description', 'cmake_prefix_path')
[1.458s] INFO:colcon.colcon_core.shell:Creating environment hook '/media/david/Storage/David/Research/Github/ROS/ROS2/install/bumperbot_description/share/bumperbot_description/hook/cmake_prefix_path.ps1'
[1.462s] INFO:colcon.colcon_core.shell:Creating environment descriptor '/media/david/Storage/David/Research/Github/ROS/ROS2/install/bumperbot_description/share/bumperbot_description/hook/cmake_prefix_path.dsv'
[1.464s] INFO:colcon.colcon_core.shell:Creating environment hook '/media/david/Storage/David/Research/Github/ROS/ROS2/install/bumperbot_description/share/bumperbot_description/hook/cmake_prefix_path.sh'
[1.467s] Level 1:colcon.colcon_core.environment:checking '/media/david/Storage/David/Research/Github/ROS/ROS2/install/bumperbot_description/bin'
[1.467s] Level 1:colcon.colcon_core.environment:checking '/media/david/Storage/David/Research/Github/ROS/ROS2/install/bumperbot_description/lib/pkgconfig/bumperbot_description.pc'
[1.468s] Level 1:colcon.colcon_core.environment:checking '/media/david/Storage/David/Research/Github/ROS/ROS2/install/bumperbot_description/lib/python3.10/site-packages'
[1.469s] Level 1:colcon.colcon_core.environment:checking '/media/david/Storage/David/Research/Github/ROS/ROS2/install/bumperbot_description/bin'
[1.469s] INFO:colcon.colcon_core.shell:Creating package script '/media/david/Storage/David/Research/Github/ROS/ROS2/install/bumperbot_description/share/bumperbot_description/package.ps1'
[1.473s] INFO:colcon.colcon_core.shell:Creating package descriptor '/media/david/Storage/David/Research/Github/ROS/ROS2/install/bumperbot_description/share/bumperbot_description/package.dsv'
[1.474s] INFO:colcon.colcon_core.shell:Creating package script '/media/david/Storage/David/Research/Github/ROS/ROS2/install/bumperbot_description/share/bumperbot_description/package.sh'
[1.476s] INFO:colcon.colcon_core.shell:Creating package script '/media/david/Storage/David/Research/Github/ROS/ROS2/install/bumperbot_description/share/bumperbot_description/package.bash'
[1.479s] INFO:colcon.colcon_core.shell:Creating package script '/media/david/Storage/David/Research/Github/ROS/ROS2/install/bumperbot_description/share/bumperbot_description/package.zsh'
[1.481s] Level 1:colcon.colcon_core.environment:create_file_with_runtime_dependencies(/media/david/Storage/David/Research/Github/ROS/ROS2/install/bumperbot_description/share/colcon-core/packages/bumperbot_description)
[1.597s] Level 1:colcon.colcon_core.environment:create_environment_scripts_only(bumperbot_description)
[1.598s] Level 1:colcon.colcon_core.environment:checking '/media/david/Storage/David/Research/Github/ROS/ROS2/install/bumperbot_description' for CMake module files
[1.606s] Level 1:colcon.colcon_core.environment:checking '/media/david/Storage/David/Research/Github/ROS/ROS2/install/bumperbot_description' for CMake config files
[1.611s] Level 1:colcon.colcon_core.shell:create_environment_hook('bumperbot_description', 'cmake_prefix_path')
[1.612s] INFO:colcon.colcon_core.shell:Creating environment hook '/media/david/Storage/David/Research/Github/ROS/ROS2/install/bumperbot_description/share/bumperbot_description/hook/cmake_prefix_path.ps1'
[1.614s] INFO:colcon.colcon_core.shell:Creating environment descriptor '/media/david/Storage/David/Research/Github/ROS/ROS2/install/bumperbot_description/share/bumperbot_description/hook/cmake_prefix_path.dsv'
[1.617s] INFO:colcon.colcon_core.shell:Creating environment hook '/media/david/Storage/David/Research/Github/ROS/ROS2/install/bumperbot_description/share/bumperbot_description/hook/cmake_prefix_path.sh'
[1.620s] Level 1:colcon.colcon_core.environment:checking '/media/david/Storage/David/Research/Github/ROS/ROS2/install/bumperbot_description/bin'
[1.621s] Level 1:colcon.colcon_core.environment:checking '/media/david/Storage/David/Research/Github/ROS/ROS2/install/bumperbot_description/lib/pkgconfig/bumperbot_description.pc'
[1.622s] Level 1:colcon.colcon_core.environment:checking '/media/david/Storage/David/Research/Github/ROS/ROS2/install/bumperbot_description/lib/python3.10/site-packages'
[1.623s] Level 1:colcon.colcon_core.environment:checking '/media/david/Storage/David/Research/Github/ROS/ROS2/install/bumperbot_description/bin'
[1.625s] INFO:colcon.colcon_core.shell:Creating package script '/media/david/Storage/David/Research/Github/ROS/ROS2/install/bumperbot_description/share/bumperbot_description/package.ps1'
[1.628s] INFO:colcon.colcon_core.shell:Creating package descriptor '/media/david/Storage/David/Research/Github/ROS/ROS2/install/bumperbot_description/share/bumperbot_description/package.dsv'
[1.631s] INFO:colcon.colcon_core.shell:Creating package script '/media/david/Storage/David/Research/Github/ROS/ROS2/install/bumperbot_description/share/bumperbot_description/package.sh'
[1.646s] INFO:colcon.colcon_core.shell:Creating package script '/media/david/Storage/David/Research/Github/ROS/ROS2/install/bumperbot_description/share/bumperbot_description/package.bash'
[1.653s] INFO:colcon.colcon_core.shell:Creating package script '/media/david/Storage/David/Research/Github/ROS/ROS2/install/bumperbot_description/share/bumperbot_description/package.zsh'
[1.658s] Level 1:colcon.colcon_core.environment:create_file_with_runtime_dependencies(/media/david/Storage/David/Research/Github/ROS/ROS2/install/bumperbot_description/share/colcon-core/packages/bumperbot_description)
[1.929s] DEBUG:colcon.colcon_core.event_handler.log_command:Invoked command in '/media/david/Storage/David/Research/Github/ROS/ROS2/build/bumperbot_controller' returned '0': CMAKE_PREFIX_PATH=/opt/ros/humble /usr/bin/cmake --build /media/david/Storage/David/Research/Github/ROS/ROS2/build/bumperbot_controller -- -j4 -l4
[1.981s] DEBUG:colcon.colcon_core.event_handler.log_command:Invoking command in '/media/david/Storage/David/Research/Github/ROS/ROS2/build/bumperbot_controller': CMAKE_PREFIX_PATH=/opt/ros/humble /usr/bin/cmake --install /media/david/Storage/David/Research/Github/ROS/ROS2/build/bumperbot_controller
[2.202s] DEBUG:colcon.colcon_core.event_handler.log_command:Invoked command in '/media/david/Storage/David/Research/Github/ROS/ROS2/build/bumperbot_msgs' returned '0': CMAKE_PREFIX_PATH=/opt/ros/humble /usr/bin/cmake --build /media/david/Storage/David/Research/Github/ROS/ROS2/build/bumperbot_msgs -- -j4 -l4
[2.220s] Level 1:colcon.colcon_core.environment:create_environment_scripts_only(bumperbot_controller)
[2.221s] Level 1:colcon.colcon_core.environment:checking '/media/david/Storage/David/Research/Github/ROS/ROS2/install/bumperbot_controller' for CMake module files
[2.222s] DEBUG:colcon.colcon_core.event_handler.log_command:Invoked command in '/media/david/Storage/David/Research/Github/ROS/ROS2/build/bumperbot_controller' returned '0': CMAKE_PREFIX_PATH=/opt/ros/humble /usr/bin/cmake --install /media/david/Storage/David/Research/Github/ROS/ROS2/build/bumperbot_controller
[2.231s] Level 1:colcon.colcon_core.environment:checking '/media/david/Storage/David/Research/Github/ROS/ROS2/install/bumperbot_controller' for CMake config files
[2.245s] Level 1:colcon.colcon_core.shell:create_environment_hook('bumperbot_controller', 'cmake_prefix_path')
[2.246s] INFO:colcon.colcon_core.shell:Creating environment hook '/media/david/Storage/David/Research/Github/ROS/ROS2/install/bumperbot_controller/share/bumperbot_controller/hook/cmake_prefix_path.ps1'
[2.248s] INFO:colcon.colcon_core.shell:Creating environment descriptor '/media/david/Storage/David/Research/Github/ROS/ROS2/install/bumperbot_controller/share/bumperbot_controller/hook/cmake_prefix_path.dsv'
[2.250s] INFO:colcon.colcon_core.shell:Creating environment hook '/media/david/Storage/David/Research/Github/ROS/ROS2/install/bumperbot_controller/share/bumperbot_controller/hook/cmake_prefix_path.sh'
[2.253s] Level 1:colcon.colcon_core.environment:checking '/media/david/Storage/David/Research/Github/ROS/ROS2/install/bumperbot_controller/lib'
[2.254s] Level 1:colcon.colcon_core.environment:checking '/media/david/Storage/David/Research/Github/ROS/ROS2/install/bumperbot_controller/bin'
[2.254s] Level 1:colcon.colcon_core.environment:checking '/media/david/Storage/David/Research/Github/ROS/ROS2/install/bumperbot_controller/lib/pkgconfig/bumperbot_controller.pc'
[2.255s] Level 1:colcon.colcon_core.environment:checking '/media/david/Storage/David/Research/Github/ROS/ROS2/install/bumperbot_controller/lib/python3.10/site-packages'
[2.257s] Level 1:colcon.colcon_core.environment:checking '/media/david/Storage/David/Research/Github/ROS/ROS2/install/bumperbot_controller/bin'
[2.258s] INFO:colcon.colcon_core.shell:Creating package script '/media/david/Storage/David/Research/Github/ROS/ROS2/install/bumperbot_controller/share/bumperbot_controller/package.ps1'
[2.260s] INFO:colcon.colcon_core.shell:Creating package descriptor '/media/david/Storage/David/Research/Github/ROS/ROS2/install/bumperbot_controller/share/bumperbot_controller/package.dsv'
[2.262s] INFO:colcon.colcon_core.shell:Creating package script '/media/david/Storage/David/Research/Github/ROS/ROS2/install/bumperbot_controller/share/bumperbot_controller/package.sh'
[2.265s] INFO:colcon.colcon_core.shell:Creating package script '/media/david/Storage/David/Research/Github/ROS/ROS2/install/bumperbot_controller/share/bumperbot_controller/package.bash'
[2.267s] INFO:colcon.colcon_core.shell:Creating package script '/media/david/Storage/David/Research/Github/ROS/ROS2/install/bumperbot_controller/share/bumperbot_controller/package.zsh'
[2.269s] Level 1:colcon.colcon_core.environment:create_file_with_runtime_dependencies(/media/david/Storage/David/Research/Github/ROS/ROS2/install/bumperbot_controller/share/colcon-core/packages/bumperbot_controller)
[2.315s] Level 1:colcon.colcon_core.environment:create_environment_scripts_only(bumperbot_controller)
[2.316s] Level 1:colcon.colcon_core.environment:checking '/media/david/Storage/David/Research/Github/ROS/ROS2/install/bumperbot_controller' for CMake module files
[2.326s] Level 1:colcon.colcon_core.environment:checking '/media/david/Storage/David/Research/Github/ROS/ROS2/install/bumperbot_controller' for CMake config files
[2.337s] Level 1:colcon.colcon_core.shell:create_environment_hook('bumperbot_controller', 'cmake_prefix_path')
[2.338s] INFO:colcon.colcon_core.shell:Creating environment hook '/media/david/Storage/David/Research/Github/ROS/ROS2/install/bumperbot_controller/share/bumperbot_controller/hook/cmake_prefix_path.ps1'
[2.350s] INFO:colcon.colcon_core.shell:Creating environment descriptor '/media/david/Storage/David/Research/Github/ROS/ROS2/install/bumperbot_controller/share/bumperbot_controller/hook/cmake_prefix_path.dsv'
[2.351s] INFO:colcon.colcon_core.shell:Creating environment hook '/media/david/Storage/David/Research/Github/ROS/ROS2/install/bumperbot_controller/share/bumperbot_controller/hook/cmake_prefix_path.sh'
[2.354s] Level 1:colcon.colcon_core.environment:checking '/media/david/Storage/David/Research/Github/ROS/ROS2/install/bumperbot_controller/lib'
[2.356s] Level 1:colcon.colcon_core.environment:checking '/media/david/Storage/David/Research/Github/ROS/ROS2/install/bumperbot_controller/bin'
[2.356s] Level 1:colcon.colcon_core.environment:checking '/media/david/Storage/David/Research/Github/ROS/ROS2/install/bumperbot_controller/lib/pkgconfig/bumperbot_controller.pc'
[2.356s] Level 1:colcon.colcon_core.environment:checking '/media/david/Storage/David/Research/Github/ROS/ROS2/install/bumperbot_controller/lib/python3.10/site-packages'
[2.357s] Level 1:colcon.colcon_core.environment:checking '/media/david/Storage/David/Research/Github/ROS/ROS2/install/bumperbot_controller/bin'
[2.358s] INFO:colcon.colcon_core.shell:Creating package script '/media/david/Storage/David/Research/Github/ROS/ROS2/install/bumperbot_controller/share/bumperbot_controller/package.ps1'
[2.360s] INFO:colcon.colcon_core.shell:Creating package descriptor '/media/david/Storage/David/Research/Github/ROS/ROS2/install/bumperbot_controller/share/bumperbot_controller/package.dsv'
[2.362s] INFO:colcon.colcon_core.shell:Creating package script '/media/david/Storage/David/Research/Github/ROS/ROS2/install/bumperbot_controller/share/bumperbot_controller/package.sh'
[2.363s] INFO:colcon.colcon_core.shell:Creating package script '/media/david/Storage/David/Research/Github/ROS/ROS2/install/bumperbot_controller/share/bumperbot_controller/package.bash'
[2.364s] INFO:colcon.colcon_core.shell:Creating package script '/media/david/Storage/David/Research/Github/ROS/ROS2/install/bumperbot_controller/share/bumperbot_controller/package.zsh'
[2.366s] Level 1:colcon.colcon_core.environment:create_file_with_runtime_dependencies(/media/david/Storage/David/Research/Github/ROS/ROS2/install/bumperbot_controller/share/colcon-core/packages/bumperbot_controller)
[2.371s] DEBUG:colcon.colcon_core.event_handler.log_command:Invoking command in '/media/david/Storage/David/Research/Github/ROS/ROS2/build/bumperbot_msgs': CMAKE_PREFIX_PATH=/opt/ros/humble /usr/bin/cmake --install /media/david/Storage/David/Research/Github/ROS/ROS2/build/bumperbot_msgs
[2.767s] Level 1:colcon.colcon_core.environment:create_environment_scripts_only(bumperbot_msgs)
[2.767s] Level 1:colcon.colcon_core.environment:checking '/media/david/Storage/David/Research/Github/ROS/ROS2/install/bumperbot_msgs' for CMake module files
[2.768s] DEBUG:colcon.colcon_core.event_handler.log_command:Invoked command in '/media/david/Storage/David/Research/Github/ROS/ROS2/build/bumperbot_msgs' returned '0': CMAKE_PREFIX_PATH=/opt/ros/humble /usr/bin/cmake --install /media/david/Storage/David/Research/Github/ROS/ROS2/build/bumperbot_msgs
[2.779s] Level 1:colcon.colcon_core.environment:checking '/media/david/Storage/David/Research/Github/ROS/ROS2/install/bumperbot_msgs' for CMake config files
[2.791s] Level 1:colcon.colcon_core.shell:create_environment_hook('bumperbot_msgs', 'cmake_prefix_path')
[2.792s] INFO:colcon.colcon_core.shell:Creating environment hook '/media/david/Storage/David/Research/Github/ROS/ROS2/install/bumperbot_msgs/share/bumperbot_msgs/hook/cmake_prefix_path.ps1'
[2.793s] INFO:colcon.colcon_core.shell:Creating environment descriptor '/media/david/Storage/David/Research/Github/ROS/ROS2/install/bumperbot_msgs/share/bumperbot_msgs/hook/cmake_prefix_path.dsv'
[2.794s] INFO:colcon.colcon_core.shell:Creating environment hook '/media/david/Storage/David/Research/Github/ROS/ROS2/install/bumperbot_msgs/share/bumperbot_msgs/hook/cmake_prefix_path.sh'
[2.796s] Level 1:colcon.colcon_core.environment:checking '/media/david/Storage/David/Research/Github/ROS/ROS2/install/bumperbot_msgs/lib'
[2.797s] Level 1:colcon.colcon_core.shell:create_environment_hook('bumperbot_msgs', 'ld_library_path_lib')
[2.797s] INFO:colcon.colcon_core.shell:Creating environment hook '/media/david/Storage/David/Research/Github/ROS/ROS2/install/bumperbot_msgs/share/bumperbot_msgs/hook/ld_library_path_lib.ps1'
[2.798s] INFO:colcon.colcon_core.shell:Creating environment descriptor '/media/david/Storage/David/Research/Github/ROS/ROS2/install/bumperbot_msgs/share/bumperbot_msgs/hook/ld_library_path_lib.dsv'
[2.802s] INFO:colcon.colcon_core.shell:Creating environment hook '/media/david/Storage/David/Research/Github/ROS/ROS2/install/bumperbot_msgs/share/bumperbot_msgs/hook/ld_library_path_lib.sh'
[2.804s] Level 1:colcon.colcon_core.environment:checking '/media/david/Storage/David/Research/Github/ROS/ROS2/install/bumperbot_msgs/bin'
[2.804s] Level 1:colcon.colcon_core.environment:checking '/media/david/Storage/David/Research/Github/ROS/ROS2/install/bumperbot_msgs/lib/pkgconfig/bumperbot_msgs.pc'
[2.805s] Level 1:colcon.colcon_core.environment:checking '/media/david/Storage/David/Research/Github/ROS/ROS2/install/bumperbot_msgs/lib/python3.10/site-packages'
[2.805s] Level 1:colcon.colcon_core.environment:checking '/media/david/Storage/David/Research/Github/ROS/ROS2/install/bumperbot_msgs/bin'
[2.806s] INFO:colcon.colcon_core.shell:Creating package script '/media/david/Storage/David/Research/Github/ROS/ROS2/install/bumperbot_msgs/share/bumperbot_msgs/package.ps1'
[2.808s] INFO:colcon.colcon_core.shell:Creating package descriptor '/media/david/Storage/David/Research/Github/ROS/ROS2/install/bumperbot_msgs/share/bumperbot_msgs/package.dsv'
[2.809s] INFO:colcon.colcon_core.shell:Creating package script '/media/david/Storage/David/Research/Github/ROS/ROS2/install/bumperbot_msgs/share/bumperbot_msgs/package.sh'
[2.811s] INFO:colcon.colcon_core.shell:Creating package script '/media/david/Storage/David/Research/Github/ROS/ROS2/install/bumperbot_msgs/share/bumperbot_msgs/package.bash'
[2.812s] INFO:colcon.colcon_core.shell:Creating package script '/media/david/Storage/David/Research/Github/ROS/ROS2/install/bumperbot_msgs/share/bumperbot_msgs/package.zsh'
[2.814s] Level 1:colcon.colcon_core.environment:create_file_with_runtime_dependencies(/media/david/Storage/David/Research/Github/ROS/ROS2/install/bumperbot_msgs/share/colcon-core/packages/bumperbot_msgs)
[2.910s] Level 1:colcon.colcon_core.environment:create_environment_scripts_only(bumperbot_msgs)
[2.911s] Level 1:colcon.colcon_core.environment:checking '/media/david/Storage/David/Research/Github/ROS/ROS2/install/bumperbot_msgs' for CMake module files
[2.920s] Level 1:colcon.colcon_core.environment:checking '/media/david/Storage/David/Research/Github/ROS/ROS2/install/bumperbot_msgs' for CMake config files
[2.928s] Level 1:colcon.colcon_core.shell:create_environment_hook('bumperbot_msgs', 'cmake_prefix_path')
[2.928s] INFO:colcon.colcon_core.shell:Creating environment hook '/media/david/Storage/David/Research/Github/ROS/ROS2/install/bumperbot_msgs/share/bumperbot_msgs/hook/cmake_prefix_path.ps1'
[2.931s] INFO:colcon.colcon_core.shell:Creating environment descriptor '/media/david/Storage/David/Research/Github/ROS/ROS2/install/bumperbot_msgs/share/bumperbot_msgs/hook/cmake_prefix_path.dsv'
[2.933s] INFO:colcon.colcon_core.shell:Creating environment hook '/media/david/Storage/David/Research/Github/ROS/ROS2/install/bumperbot_msgs/share/bumperbot_msgs/hook/cmake_prefix_path.sh'
[2.934s] Level 1:colcon.colcon_core.environment:checking '/media/david/Storage/David/Research/Github/ROS/ROS2/install/bumperbot_msgs/lib'
[2.935s] Level 1:colcon.colcon_core.shell:create_environment_hook('bumperbot_msgs', 'ld_library_path_lib')
[2.935s] INFO:colcon.colcon_core.shell:Creating environment hook '/media/david/Storage/David/Research/Github/ROS/ROS2/install/bumperbot_msgs/share/bumperbot_msgs/hook/ld_library_path_lib.ps1'
[2.937s] INFO:colcon.colcon_core.shell:Creating environment descriptor '/media/david/Storage/David/Research/Github/ROS/ROS2/install/bumperbot_msgs/share/bumperbot_msgs/hook/ld_library_path_lib.dsv'
[2.938s] INFO:colcon.colcon_core.shell:Creating environment hook '/media/david/Storage/David/Research/Github/ROS/ROS2/install/bumperbot_msgs/share/bumperbot_msgs/hook/ld_library_path_lib.sh'
[2.939s] Level 1:colcon.colcon_core.environment:checking '/media/david/Storage/David/Research/Github/ROS/ROS2/install/bumperbot_msgs/bin'
[2.940s] Level 1:colcon.colcon_core.environment:checking '/media/david/Storage/David/Research/Github/ROS/ROS2/install/bumperbot_msgs/lib/pkgconfig/bumperbot_msgs.pc'
[2.940s] Level 1:colcon.colcon_core.environment:checking '/media/david/Storage/David/Research/Github/ROS/ROS2/install/bumperbot_msgs/lib/python3.10/site-packages'
[2.941s] Level 1:colcon.colcon_core.environment:checking '/media/david/Storage/David/Research/Github/ROS/ROS2/install/bumperbot_msgs/bin'
[2.942s] INFO:colcon.colcon_core.shell:Creating package script '/media/david/Storage/David/Research/Github/ROS/ROS2/install/bumperbot_msgs/share/bumperbot_msgs/package.ps1'
[2.944s] INFO:colcon.colcon_core.shell:Creating package descriptor '/media/david/Storage/David/Research/Github/ROS/ROS2/install/bumperbot_msgs/share/bumperbot_msgs/package.dsv'
[2.946s] INFO:colcon.colcon_core.shell:Creating package script '/media/david/Storage/David/Research/Github/ROS/ROS2/install/bumperbot_msgs/share/bumperbot_msgs/package.sh'
[2.947s] INFO:colcon.colcon_core.shell:Creating package script '/media/david/Storage/David/Research/Github/ROS/ROS2/install/bumperbot_msgs/share/bumperbot_msgs/package.bash'
[2.949s] INFO:colcon.colcon_core.shell:Creating package script '/media/david/Storage/David/Research/Github/ROS/ROS2/install/bumperbot_msgs/share/bumperbot_msgs/package.zsh'
[2.952s] Level 1:colcon.colcon_core.environment:create_file_with_runtime_dependencies(/media/david/Storage/David/Research/Github/ROS/ROS2/install/bumperbot_msgs/share/colcon-core/packages/bumperbot_msgs)
[2.954s] INFO:colcon.colcon_ros.task.ament_cmake.build:Building ROS package in '/media/david/Storage/David/Research/Github/ROS/ROS2/src/bumperbot_cpp_examples' with build type 'ament_cmake'
[2.954s] INFO:colcon.colcon_cmake.task.cmake.build:Building CMake package in '/media/david/Storage/David/Research/Github/ROS/ROS2/src/bumperbot_cpp_examples'
[2.955s] INFO:colcon.colcon_core.shell:Skip shell extension 'powershell' for command environment: Not usable outside of PowerShell
[2.955s] DEBUG:colcon.colcon_core.shell:Skip shell extension 'dsv' for command environment
[2.962s] INFO:colcon.colcon_ros.task.ament_python.build:Building ROS package in '/media/david/Storage/David/Research/Github/ROS/ROS2/src/bumperbot_py_examples' with build type 'ament_python'
[2.962s] Level 1:colcon.colcon_core.shell:create_environment_hook('bumperbot_py_examples', 'ament_prefix_path')
[2.963s] INFO:colcon.colcon_core.shell:Creating environment hook '/media/david/Storage/David/Research/Github/ROS/ROS2/install/bumperbot_py_examples/share/bumperbot_py_examples/hook/ament_prefix_path.ps1'
[2.964s] INFO:colcon.colcon_core.shell:Creating environment descriptor '/media/david/Storage/David/Research/Github/ROS/ROS2/install/bumperbot_py_examples/share/bumperbot_py_examples/hook/ament_prefix_path.dsv'
[2.966s] INFO:colcon.colcon_core.shell:Creating environment hook '/media/david/Storage/David/Research/Github/ROS/ROS2/install/bumperbot_py_examples/share/bumperbot_py_examples/hook/ament_prefix_path.sh'
[2.968s] INFO:colcon.colcon_core.shell:Skip shell extension 'powershell' for command environment: Not usable outside of PowerShell
[2.968s] DEBUG:colcon.colcon_core.shell:Skip shell extension 'dsv' for command environment
[3.005s] DEBUG:colcon.colcon_core.event_handler.log_command:Invoking command in '/media/david/Storage/David/Research/Github/ROS/ROS2/build/bumperbot_cpp_examples': AMENT_PREFIX_PATH=/media/david/Storage/David/Research/Github/ROS/ROS2/install/bumperbot_msgs:${AMENT_PREFIX_PATH} CMAKE_PREFIX_PATH=/media/david/Storage/David/Research/Github/ROS/ROS2/install/bumperbot_msgs:/opt/ros/humble LD_LIBRARY_PATH=/media/david/Storage/David/Research/Github/ROS/ROS2/install/bumperbot_msgs/lib:${LD_LIBRARY_PATH} PYTHONPATH=/media/david/Storage/David/Research/Github/ROS/ROS2/install/bumperbot_msgs/local/lib/python3.10/dist-packages:${PYTHONPATH} /usr/bin/cmake --build /media/david/Storage/David/Research/Github/ROS/ROS2/build/bumperbot_cpp_examples -- -j4 -l4
[3.755s] INFO:colcon.colcon_core.task.python.build:Building Python package in '/media/david/Storage/David/Research/Github/ROS/ROS2/src/bumperbot_py_examples'
[3.756s] INFO:colcon.colcon_core.shell:Skip shell extension 'powershell' for command environment: Not usable outside of PowerShell
[3.756s] DEBUG:colcon.colcon_core.shell:Skip shell extension 'dsv' for command environment
[4.729s] DEBUG:colcon.colcon_core.event_handler.log_command:Invoking command in '/media/david/Storage/David/Research/Github/ROS/ROS2/src/bumperbot_py_examples': AMENT_PREFIX_PATH=/media/david/Storage/David/Research/Github/ROS/ROS2/install/bumperbot_msgs:${AMENT_PREFIX_PATH} CMAKE_PREFIX_PATH=/media/david/Storage/David/Research/Github/ROS/ROS2/install/bumperbot_msgs LD_LIBRARY_PATH=/media/david/Storage/David/Research/Github/ROS/ROS2/install/bumperbot_msgs/lib:${LD_LIBRARY_PATH} PYTHONPATH=/media/david/Storage/David/Research/Github/ROS/ROS2/build/bumperbot_py_examples/prefix_override:/media/david/Storage/David/Research/Github/ROS/ROS2/install/bumperbot_py_examples/lib/python3.10/site-packages:/media/david/Storage/David/Research/Github/ROS/ROS2/install/bumperbot_msgs/local/lib/python3.10/dist-packages:${PYTHONPATH} /usr/bin/python3 -W ignore:setup.py install is deprecated setup.py egg_info --egg-base ../../build/bumperbot_py_examples build --build-base /media/david/Storage/David/Research/Github/ROS/ROS2/build/bumperbot_py_examples/build install --record /media/david/Storage/David/Research/Github/ROS/ROS2/build/bumperbot_py_examples/install.log --single-version-externally-managed install_data
[5.613s] Level 1:colcon.colcon_core.environment:checking '/media/david/Storage/David/Research/Github/ROS/ROS2/install/bumperbot_py_examples' for CMake module files
[5.615s] DEBUG:colcon.colcon_core.event_handler.log_command:Invoked command in '/media/david/Storage/David/Research/Github/ROS/ROS2/src/bumperbot_py_examples' returned '0': AMENT_PREFIX_PATH=/media/david/Storage/David/Research/Github/ROS/ROS2/install/bumperbot_msgs:${AMENT_PREFIX_PATH} CMAKE_PREFIX_PATH=/media/david/Storage/David/Research/Github/ROS/ROS2/install/bumperbot_msgs LD_LIBRARY_PATH=/media/david/Storage/David/Research/Github/ROS/ROS2/install/bumperbot_msgs/lib:${LD_LIBRARY_PATH} PYTHONPATH=/media/david/Storage/David/Research/Github/ROS/ROS2/build/bumperbot_py_examples/prefix_override:/media/david/Storage/David/Research/Github/ROS/ROS2/install/bumperbot_py_examples/lib/python3.10/site-packages:/media/david/Storage/David/Research/Github/ROS/ROS2/install/bumperbot_msgs/local/lib/python3.10/dist-packages:${PYTHONPATH} /usr/bin/python3 -W ignore:setup.py install is deprecated setup.py egg_info --egg-base ../../build/bumperbot_py_examples build --build-base /media/david/Storage/David/Research/Github/ROS/ROS2/build/bumperbot_py_examples/build install --record /media/david/Storage/David/Research/Github/ROS/ROS2/build/bumperbot_py_examples/install.log --single-version-externally-managed install_data
[5.620s] Level 1:colcon.colcon_core.environment:checking '/media/david/Storage/David/Research/Github/ROS/ROS2/install/bumperbot_py_examples' for CMake config files
[5.626s] Level 1:colcon.colcon_core.environment:checking '/media/david/Storage/David/Research/Github/ROS/ROS2/install/bumperbot_py_examples/lib'
[5.627s] Level 1:colcon.colcon_core.environment:checking '/media/david/Storage/David/Research/Github/ROS/ROS2/install/bumperbot_py_examples/bin'
[5.627s] Level 1:colcon.colcon_core.environment:checking '/media/david/Storage/David/Research/Github/ROS/ROS2/install/bumperbot_py_examples/lib/pkgconfig/bumperbot_py_examples.pc'
[5.628s] Level 1:colcon.colcon_core.environment:checking '/media/david/Storage/David/Research/Github/ROS/ROS2/install/bumperbot_py_examples/lib/python3.10/site-packages'
[5.628s] Level 1:colcon.colcon_core.shell:create_environment_hook('bumperbot_py_examples', 'pythonpath')
[5.628s] INFO:colcon.colcon_core.shell:Creating environment hook '/media/david/Storage/David/Research/Github/ROS/ROS2/install/bumperbot_py_examples/share/bumperbot_py_examples/hook/pythonpath.ps1'
[5.630s] INFO:colcon.colcon_core.shell:Creating environment descriptor '/media/david/Storage/David/Research/Github/ROS/ROS2/install/bumperbot_py_examples/share/bumperbot_py_examples/hook/pythonpath.dsv'
[5.631s] INFO:colcon.colcon_core.shell:Creating environment hook '/media/david/Storage/David/Research/Github/ROS/ROS2/install/bumperbot_py_examples/share/bumperbot_py_examples/hook/pythonpath.sh'
[5.635s] Level 1:colcon.colcon_core.environment:checking '/media/david/Storage/David/Research/Github/ROS/ROS2/install/bumperbot_py_examples/bin'
[5.635s] Level 1:colcon.colcon_core.environment:create_environment_scripts_only(bumperbot_py_examples)
[5.636s] INFO:colcon.colcon_core.shell:Creating package script '/media/david/Storage/David/Research/Github/ROS/ROS2/install/bumperbot_py_examples/share/bumperbot_py_examples/package.ps1'
[5.639s] INFO:colcon.colcon_core.shell:Creating package descriptor '/media/david/Storage/David/Research/Github/ROS/ROS2/install/bumperbot_py_examples/share/bumperbot_py_examples/package.dsv'
[5.643s] INFO:colcon.colcon_core.shell:Creating package script '/media/david/Storage/David/Research/Github/ROS/ROS2/install/bumperbot_py_examples/share/bumperbot_py_examples/package.sh'
[5.647s] INFO:colcon.colcon_core.shell:Creating package script '/media/david/Storage/David/Research/Github/ROS/ROS2/install/bumperbot_py_examples/share/bumperbot_py_examples/package.bash'
[5.649s] INFO:colcon.colcon_core.shell:Creating package script '/media/david/Storage/David/Research/Github/ROS/ROS2/install/bumperbot_py_examples/share/bumperbot_py_examples/package.zsh'
[5.653s] Level 1:colcon.colcon_core.environment:create_file_with_runtime_dependencies(/media/david/Storage/David/Research/Github/ROS/ROS2/install/bumperbot_py_examples/share/colcon-core/packages/bumperbot_py_examples)
[8.492s] DEBUG:colcon.colcon_core.event_handler.log_command:Invoked command in '/media/david/Storage/David/Research/Github/ROS/ROS2/build/bumperbot_cpp_examples' returned '2': AMENT_PREFIX_PATH=/media/david/Storage/David/Research/Github/ROS/ROS2/install/bumperbot_msgs:${AMENT_PREFIX_PATH} CMAKE_PREFIX_PATH=/media/david/Storage/David/Research/Github/ROS/ROS2/install/bumperbot_msgs:/opt/ros/humble LD_LIBRARY_PATH=/media/david/Storage/David/Research/Github/ROS/ROS2/install/bumperbot_msgs/lib:${LD_LIBRARY_PATH} PYTHONPATH=/media/david/Storage/David/Research/Github/ROS/ROS2/install/bumperbot_msgs/local/lib/python3.10/dist-packages:${PYTHONPATH} /usr/bin/cmake --build /media/david/Storage/David/Research/Github/ROS/ROS2/build/bumperbot_cpp_examples -- -j4 -l4
[8.554s] Level 1:colcon.colcon_core.environment:create_environment_scripts_only(bumperbot_cpp_examples)
[8.555s] Level 1:colcon.colcon_core.environment:checking '/media/david/Storage/David/Research/Github/ROS/ROS2/install/bumperbot_cpp_examples' for CMake module files
[8.561s] Level 1:colcon.colcon_core.environment:checking '/media/david/Storage/David/Research/Github/ROS/ROS2/install/bumperbot_cpp_examples' for CMake config files
[8.566s] Level 1:colcon.colcon_core.shell:create_environment_hook('bumperbot_cpp_examples', 'cmake_prefix_path')
[8.566s] INFO:colcon.colcon_core.shell:Creating environment hook '/media/david/Storage/David/Research/Github/ROS/ROS2/install/bumperbot_cpp_examples/share/bumperbot_cpp_examples/hook/cmake_prefix_path.ps1'
[8.567s] INFO:colcon.colcon_core.shell:Creating environment descriptor '/media/david/Storage/David/Research/Github/ROS/ROS2/install/bumperbot_cpp_examples/share/bumperbot_cpp_examples/hook/cmake_prefix_path.dsv'
[8.569s] INFO:colcon.colcon_core.shell:Creating environment hook '/media/david/Storage/David/Research/Github/ROS/ROS2/install/bumperbot_cpp_examples/share/bumperbot_cpp_examples/hook/cmake_prefix_path.sh'
[8.571s] Level 1:colcon.colcon_core.environment:checking '/media/david/Storage/David/Research/Github/ROS/ROS2/install/bumperbot_cpp_examples/lib'
[8.571s] Level 1:colcon.colcon_core.environment:checking '/media/david/Storage/David/Research/Github/ROS/ROS2/install/bumperbot_cpp_examples/bin'
[8.572s] Level 1:colcon.colcon_core.environment:checking '/media/david/Storage/David/Research/Github/ROS/ROS2/install/bumperbot_cpp_examples/lib/pkgconfig/bumperbot_cpp_examples.pc'
[8.572s] Level 1:colcon.colcon_core.environment:checking '/media/david/Storage/David/Research/Github/ROS/ROS2/install/bumperbot_cpp_examples/lib/python3.10/site-packages'
[8.573s] Level 1:colcon.colcon_core.environment:checking '/media/david/Storage/David/Research/Github/ROS/ROS2/install/bumperbot_cpp_examples/bin'
[8.574s] INFO:colcon.colcon_core.shell:Creating package script '/media/david/Storage/David/Research/Github/ROS/ROS2/install/bumperbot_cpp_examples/share/bumperbot_cpp_examples/package.ps1'
[8.576s] INFO:colcon.colcon_core.shell:Creating package descriptor '/media/david/Storage/David/Research/Github/ROS/ROS2/install/bumperbot_cpp_examples/share/bumperbot_cpp_examples/package.dsv'
[8.578s] INFO:colcon.colcon_core.shell:Creating package script '/media/david/Storage/David/Research/Github/ROS/ROS2/install/bumperbot_cpp_examples/share/bumperbot_cpp_examples/package.sh'
[8.580s] INFO:colcon.colcon_core.shell:Creating package script '/media/david/Storage/David/Research/Github/ROS/ROS2/install/bumperbot_cpp_examples/share/bumperbot_cpp_examples/package.bash'
[8.581s] INFO:colcon.colcon_core.shell:Creating package script '/media/david/Storage/David/Research/Github/ROS/ROS2/install/bumperbot_cpp_examples/share/bumperbot_cpp_examples/package.zsh'
[8.583s] Level 1:colcon.colcon_core.environment:create_file_with_runtime_dependencies(/media/david/Storage/David/Research/Github/ROS/ROS2/install/bumperbot_cpp_examples/share/colcon-core/packages/bumperbot_cpp_examples)
[8.594s] DEBUG:colcon.colcon_parallel_executor.executor.parallel:closing loop
[8.594s] DEBUG:colcon.colcon_parallel_executor.executor.parallel:loop closed
[8.595s] DEBUG:colcon.colcon_parallel_executor.executor.parallel:run_until_complete finished with '2'
[8.595s] DEBUG:colcon.colcon_core.event_reactor:joining thread
[8.603s] INFO:colcon.colcon_core.plugin_system:Skipping extension 'colcon_notification.desktop_notification.terminal_notifier': Not used on non-Darwin systems
[8.603s] INFO:colcon.colcon_core.plugin_system:Skipping extension 'colcon_notification.desktop_notification.win32': Not used on non-Windows systems
[8.603s] INFO:colcon.colcon_notification.desktop_notification:Sending desktop notification using 'notify2'
[8.622s] DEBUG:colcon.colcon_core.event_reactor:joined thread
[8.623s] INFO:colcon.colcon_core.shell:Creating prefix script '/media/david/Storage/David/Research/Github/ROS/ROS2/install/local_setup.ps1'
[8.625s] INFO:colcon.colcon_core.shell:Creating prefix util module '/media/david/Storage/David/Research/Github/ROS/ROS2/install/_local_setup_util_ps1.py'
[8.628s] INFO:colcon.colcon_core.shell:Creating prefix chain script '/media/david/Storage/David/Research/Github/ROS/ROS2/install/setup.ps1'
[8.630s] INFO:colcon.colcon_core.shell:Creating prefix script '/media/david/Storage/David/Research/Github/ROS/ROS2/install/local_setup.sh'
[8.632s] INFO:colcon.colcon_core.shell:Creating prefix util module '/media/david/Storage/David/Research/Github/ROS/ROS2/install/_local_setup_util_sh.py'
[8.635s] INFO:colcon.colcon_core.shell:Creating prefix chain script '/media/david/Storage/David/Research/Github/ROS/ROS2/install/setup.sh'
[8.641s] INFO:colcon.colcon_core.shell:Creating prefix script '/media/david/Storage/David/Research/Github/ROS/ROS2/install/local_setup.bash'
[8.643s] INFO:colcon.colcon_core.shell:Creating prefix chain script '/media/david/Storage/David/Research/Github/ROS/ROS2/install/setup.bash'
[8.645s] INFO:colcon.colcon_core.shell:Creating prefix script '/media/david/Storage/David/Research/Github/ROS/ROS2/install/local_setup.zsh'
[8.647s] INFO:colcon.colcon_core.shell:Creating prefix chain script '/media/david/Storage/David/Research/Github/ROS/ROS2/install/setup.zsh'
