[0.078s] Invoking command in '/media/david/Storage/David/Research/Github/ROS/ROS2/build/bumperbot_cpp_examples': CMAKE_PREFIX_PATH=/opt/ros/humble /usr/bin/cmake /media/david/Storage/David/Research/Github/ROS/ROS2/src/bumperbot_cpp_examples -DCMAKE_INSTALL_PREFIX=/media/david/Storage/David/Research/Github/ROS/ROS2/install/bumperbot_cpp_examples
[1.217s] -- The C compiler identification is GNU 11.4.0
[2.960s] -- The CXX compiler identification is GNU 11.4.0
[3.062s] -- Detecting C compiler ABI info
[3.494s] -- Detecting C compiler ABI info - done
[3.517s] -- Check for working C compiler: /usr/bin/cc - skipped
[3.522s] -- Detecting C compile features
[3.529s] -- Detecting C compile features - done
[3.574s] -- Detecting CXX compiler ABI info
[3.851s] -- Detecting CXX compiler ABI info - done
[3.870s] -- Check for working CXX compiler: /usr/bin/c++ - skipped
[3.870s] -- Detecting CXX compile features
[3.872s] -- Detecting CXX compile features - done
[3.954s] -- Found ament_cmake: 1.3.8 (/opt/ros/humble/share/ament_cmake/cmake)
[4.389s] -- Found Python3: /usr/bin/python3 (found version "3.10.12") found components: Interpreter 
[4.797s] -- Found rclcpp: 16.0.8 (/opt/ros/humble/share/rclcpp/cmake)
[5.248s] -- Found rosidl_generator_c: 3.1.5 (/opt/ros/humble/share/rosidl_generator_c/cmake)
[5.309s] -- Found rosidl_adapter: 3.1.5 (/opt/ros/humble/share/rosidl_adapter/cmake)
[5.380s] -- Found rosidl_generator_cpp: 3.1.5 (/opt/ros/humble/share/rosidl_generator_cpp/cmake)
[5.473s] -- Using all available rosidl_typesupport_c: rosidl_typesupport_fastrtps_c;rosidl_typesupport_introspection_c
[5.586s] -- Using all available rosidl_typesupport_cpp: rosidl_typesupport_fastrtps_cpp;rosidl_typesupport_introspection_cpp
[5.898s] -- Found rmw_implementation_cmake: 6.1.1 (/opt/ros/humble/share/rmw_implementation_cmake/cmake)
[5.905s] -- Found rmw_fastrtps_cpp: 6.2.6 (/opt/ros/humble/share/rmw_fastrtps_cpp/cmake)
[6.377s] -- Found OpenSSL: /usr/lib/x86_64-linux-gnu/libcrypto.so (found version "3.0.2")  
[6.467s] -- Found FastRTPS: /opt/ros/humble/include  
[6.563s] -- Using RMW implementation 'rmw_fastrtps_cpp' as default
[6.881s] -- Looking for pthread.h
[7.360s] -- Looking for pthread.h - found
[7.362s] -- Performing Test CMAKE_HAVE_LIBC_PTHREAD
[7.590s] -- Performing Test CMAKE_HAVE_LIBC_PTHREAD - Success
[7.593s] -- Found Threads: TRUE  
[8.235s] -- Found turtlesim: 1.4.2 (/opt/ros/humble/share/turtlesim/cmake)
[8.706s] -- Configuring done
[8.856s] -- Generating done
[8.875s] -- Build files have been written to: /media/david/Storage/David/Research/Github/ROS/ROS2/build/bumperbot_cpp_examples
[8.886s] Invoked command in '/media/david/Storage/David/Research/Github/ROS/ROS2/build/bumperbot_cpp_examples' returned '0': CMAKE_PREFIX_PATH=/opt/ros/humble /usr/bin/cmake /media/david/Storage/David/Research/Github/ROS/ROS2/src/bumperbot_cpp_examples -DCMAKE_INSTALL_PREFIX=/media/david/Storage/David/Research/Github/ROS/ROS2/install/bumperbot_cpp_examples
[8.889s] Invoking command in '/media/david/Storage/David/Research/Github/ROS/ROS2/build/bumperbot_cpp_examples': CMAKE_PREFIX_PATH=/opt/ros/humble /usr/bin/cmake --build /media/david/Storage/David/Research/Github/ROS/ROS2/build/bumperbot_cpp_examples -- -j4 -l4
[8.979s] [ 12%] [32mBuilding CXX object CMakeFiles/simple_turtlesim_kinematics.dir/src/simple_turtlesim_kinematics.cpp.o[0m
[8.982s] [ 25%] [32mBuilding CXX object CMakeFiles/simple_publisher.dir/src/simple_publisher.cpp.o[0m
[8.989s] [ 37%] [32mBuilding CXX object CMakeFiles/simple_subscriber.dir/src/simple_subscriber.cpp.o[0m
[8.997s] [ 50%] [32mBuilding CXX object CMakeFiles/simple_parameter.dir/src/simple_parameter.cpp.o[0m
[21.934s] [ 62%] [32m[1mLinking CXX executable simple_parameter[0m
[23.375s] [ 62%] Built target simple_parameter
[25.600s] [ 75%] [32m[1mLinking CXX executable simple_publisher[0m
[26.526s] [ 75%] Built target simple_publisher
[32.861s] [ 87%] [32m[1mLinking CXX executable simple_turtlesim_kinematics[0m
[33.859s] [100%] [32m[1mLinking CXX executable simple_subscriber[0m
[34.903s] [100%] Built target simple_turtlesim_kinematics
[35.509s] [100%] Built target simple_subscriber
[35.532s] Invoked command in '/media/david/Storage/David/Research/Github/ROS/ROS2/build/bumperbot_cpp_examples' returned '0': CMAKE_PREFIX_PATH=/opt/ros/humble /usr/bin/cmake --build /media/david/Storage/David/Research/Github/ROS/ROS2/build/bumperbot_cpp_examples -- -j4 -l4
[35.589s] Invoking command in '/media/david/Storage/David/Research/Github/ROS/ROS2/build/bumperbot_cpp_examples': CMAKE_PREFIX_PATH=/opt/ros/humble /usr/bin/cmake --install /media/david/Storage/David/Research/Github/ROS/ROS2/build/bumperbot_cpp_examples
[35.599s] -- Install configuration: ""
[35.600s] -- Installing: /media/david/Storage/David/Research/Github/ROS/ROS2/install/bumperbot_cpp_examples/include/include
[35.603s] -- Installing: /media/david/Storage/David/Research/Github/ROS/ROS2/install/bumperbot_cpp_examples/include/include/bumperbot_cpp_examples
[35.605s] -- Installing: /media/david/Storage/David/Research/Github/ROS/ROS2/install/bumperbot_cpp_examples/include/include/bumperbot_cpp_examples/simple_turtlesim_kinematics.hpp
[35.611s] -- Installing: /media/david/Storage/David/Research/Github/ROS/ROS2/install/bumperbot_cpp_examples/lib/bumperbot_cpp_examples/simple_publisher
[35.629s] -- Set runtime path of "/media/david/Storage/David/Research/Github/ROS/ROS2/install/bumperbot_cpp_examples/lib/bumperbot_cpp_examples/simple_publisher" to ""
[35.630s] -- Installing: /media/david/Storage/David/Research/Github/ROS/ROS2/install/bumperbot_cpp_examples/lib/bumperbot_cpp_examples/simple_subscriber
[35.682s] -- Set runtime path of "/media/david/Storage/David/Research/Github/ROS/ROS2/install/bumperbot_cpp_examples/lib/bumperbot_cpp_examples/simple_subscriber" to ""
[35.684s] -- Installing: /media/david/Storage/David/Research/Github/ROS/ROS2/install/bumperbot_cpp_examples/lib/bumperbot_cpp_examples/simple_parameter
[35.691s] -- Set runtime path of "/media/david/Storage/David/Research/Github/ROS/ROS2/install/bumperbot_cpp_examples/lib/bumperbot_cpp_examples/simple_parameter" to ""
[35.693s] -- Installing: /media/david/Storage/David/Research/Github/ROS/ROS2/install/bumperbot_cpp_examples/lib/bumperbot_cpp_examples/simple_turtlesim_kinematics
[35.754s] -- Set runtime path of "/media/david/Storage/David/Research/Github/ROS/ROS2/install/bumperbot_cpp_examples/lib/bumperbot_cpp_examples/simple_turtlesim_kinematics" to ""
[35.759s] -- Installing: /media/david/Storage/David/Research/Github/ROS/ROS2/install/bumperbot_cpp_examples/share/ament_index/resource_index/package_run_dependencies/bumperbot_cpp_examples
[35.766s] -- Installing: /media/david/Storage/David/Research/Github/ROS/ROS2/install/bumperbot_cpp_examples/share/ament_index/resource_index/parent_prefix_path/bumperbot_cpp_examples
[35.777s] -- Installing: /media/david/Storage/David/Research/Github/ROS/ROS2/install/bumperbot_cpp_examples/share/bumperbot_cpp_examples/environment/ament_prefix_path.sh
[35.783s] -- Installing: /media/david/Storage/David/Research/Github/ROS/ROS2/install/bumperbot_cpp_examples/share/bumperbot_cpp_examples/environment/ament_prefix_path.dsv
[35.790s] -- Installing: /media/david/Storage/David/Research/Github/ROS/ROS2/install/bumperbot_cpp_examples/share/bumperbot_cpp_examples/environment/path.sh
[35.795s] -- Installing: /media/david/Storage/David/Research/Github/ROS/ROS2/install/bumperbot_cpp_examples/share/bumperbot_cpp_examples/environment/path.dsv
[35.805s] -- Installing: /media/david/Storage/David/Research/Github/ROS/ROS2/install/bumperbot_cpp_examples/share/bumperbot_cpp_examples/local_setup.bash
[35.808s] -- Installing: /media/david/Storage/David/Research/Github/ROS/ROS2/install/bumperbot_cpp_examples/share/bumperbot_cpp_examples/local_setup.sh
[35.810s] -- Installing: /media/david/Storage/David/Research/Github/ROS/ROS2/install/bumperbot_cpp_examples/share/bumperbot_cpp_examples/local_setup.zsh
[35.818s] -- Installing: /media/david/Storage/David/Research/Github/ROS/ROS2/install/bumperbot_cpp_examples/share/bumperbot_cpp_examples/local_setup.dsv
[35.822s] -- Installing: /media/david/Storage/David/Research/Github/ROS/ROS2/install/bumperbot_cpp_examples/share/bumperbot_cpp_examples/package.dsv
[35.830s] -- Installing: /media/david/Storage/David/Research/Github/ROS/ROS2/install/bumperbot_cpp_examples/share/ament_index/resource_index/packages/bumperbot_cpp_examples
[35.842s] -- Installing: /media/david/Storage/David/Research/Github/ROS/ROS2/install/bumperbot_cpp_examples/share/bumperbot_cpp_examples/cmake/bumperbot_cpp_examplesConfig.cmake
[35.854s] -- Installing: /media/david/Storage/David/Research/Github/ROS/ROS2/install/bumperbot_cpp_examples/share/bumperbot_cpp_examples/cmake/bumperbot_cpp_examplesConfig-version.cmake
[35.866s] -- Installing: /media/david/Storage/David/Research/Github/ROS/ROS2/install/bumperbot_cpp_examples/share/bumperbot_cpp_examples/package.xml
[35.877s] Invoked command in '/media/david/Storage/David/Research/Github/ROS/ROS2/build/bumperbot_cpp_examples' returned '0': CMAKE_PREFIX_PATH=/opt/ros/humble /usr/bin/cmake --install /media/david/Storage/David/Research/Github/ROS/ROS2/build/bumperbot_cpp_examples
