[0.140s] DEBUG:colcon:Command line arguments: ['/usr/bin/colcon', 'build']
[0.140s] DEBUG:colcon:Parsed command line arguments: Namespace(log_base=None, log_level=None, verb_name='build', build_base='build', install_base='install', merge_install=False, symlink_install=False, test_result_base=None, continue_on_error=False, executor='parallel', parallel_workers=4, event_handlers=None, ignore_user_meta=False, metas=['./colcon.meta'], base_paths=['.'], packages_ignore=None, packages_ignore_regex=None, paths=None, packages_up_to=None, packages_up_to_regex=None, packages_above=None, packages_above_and_dependencies=None, packages_above_depth=None, packages_select_by_dep=None, packages_skip_by_dep=None, packages_skip_up_to=None, packages_select_build_failed=False, packages_skip_build_finished=False, packages_select_test_failures=False, packages_skip_test_passed=False, packages_select=None, packages_skip=None, packages_select_regex=None, packages_skip_regex=None, packages_start=None, packages_end=None, allow_overriding=[], cmake_args=None, cmake_target=None, cmake_target_skip_unavailable=False, cmake_clean_cache=False, cmake_clean_first=False, cmake_force_configure=False, ament_cmake_args=None, catkin_cmake_args=None, catkin_skip_building_tests=False, verb_parser=<colcon_defaults.argument_parser.defaults.DefaultArgumentsDecorator object at 0x736b99955f60>, verb_extension=<colcon_core.verb.build.BuildVerb object at 0x736b999559c0>, main=<bound method BuildVerb.main of <colcon_core.verb.build.BuildVerb object at 0x736b999559c0>>)
[0.347s] Level 1:colcon.colcon_core.package_discovery:discover_packages(colcon_meta) check parameters
[0.347s] Level 1:colcon.colcon_core.package_discovery:discover_packages(recursive) check parameters
[0.347s] Level 1:colcon.colcon_core.package_discovery:discover_packages(ignore) check parameters
[0.347s] Level 1:colcon.colcon_core.package_discovery:discover_packages(path) check parameters
[0.348s] Level 1:colcon.colcon_core.package_discovery:discover_packages(colcon_meta) discover
[0.348s] Level 1:colcon.colcon_core.package_discovery:discover_packages(recursive) discover
[0.348s] INFO:colcon.colcon_core.package_discovery:Crawling recursively for packages in '/media/david/David/David/Research/Github/ROS/ROS2'
[0.348s] Level 1:colcon.colcon_core.package_identification:_identify(.) by extensions ['ignore', 'ignore_ament_install']
[0.348s] Level 1:colcon.colcon_core.package_identification:_identify(.) by extension 'ignore'
[0.348s] Level 1:colcon.colcon_core.package_identification:_identify(.) by extension 'ignore_ament_install'
[0.349s] Level 1:colcon.colcon_core.package_identification:_identify(.) by extensions ['colcon_pkg']
[0.349s] Level 1:colcon.colcon_core.package_identification:_identify(.) by extension 'colcon_pkg'
[0.349s] Level 1:colcon.colcon_core.package_identification:_identify(.) by extensions ['colcon_meta']
[0.349s] Level 1:colcon.colcon_core.package_identification:_identify(.) by extension 'colcon_meta'
[0.349s] Level 1:colcon.colcon_core.package_identification:_identify(.) by extensions ['ros']
[0.349s] Level 1:colcon.colcon_core.package_identification:_identify(.) by extension 'ros'
[0.360s] Level 1:colcon.colcon_core.package_identification:_identify(.) by extensions ['cmake', 'python']
[0.361s] Level 1:colcon.colcon_core.package_identification:_identify(.) by extension 'cmake'
[0.361s] Level 1:colcon.colcon_core.package_identification:_identify(.) by extension 'python'
[0.361s] Level 1:colcon.colcon_core.package_identification:_identify(.) by extensions ['python_setup_py']
[0.361s] Level 1:colcon.colcon_core.package_identification:_identify(.) by extension 'python_setup_py'
[0.361s] Level 1:colcon.colcon_core.package_identification:_identify(build) by extensions ['ignore', 'ignore_ament_install']
[0.361s] Level 1:colcon.colcon_core.package_identification:_identify(build) by extension 'ignore'
[0.361s] Level 1:colcon.colcon_core.package_identification:_identify(build) ignored
[0.362s] Level 1:colcon.colcon_core.package_identification:_identify(install) by extensions ['ignore', 'ignore_ament_install']
[0.362s] Level 1:colcon.colcon_core.package_identification:_identify(install) by extension 'ignore'
[0.362s] Level 1:colcon.colcon_core.package_identification:_identify(install) ignored
[0.362s] Level 1:colcon.colcon_core.package_identification:_identify(log) by extensions ['ignore', 'ignore_ament_install']
[0.363s] Level 1:colcon.colcon_core.package_identification:_identify(log) by extension 'ignore'
[0.363s] Level 1:colcon.colcon_core.package_identification:_identify(log) ignored
[0.363s] Level 1:colcon.colcon_core.package_identification:_identify(src) by extensions ['ignore', 'ignore_ament_install']
[0.363s] Level 1:colcon.colcon_core.package_identification:_identify(src) by extension 'ignore'
[0.363s] Level 1:colcon.colcon_core.package_identification:_identify(src) by extension 'ignore_ament_install'
[0.363s] Level 1:colcon.colcon_core.package_identification:_identify(src) by extensions ['colcon_pkg']
[0.364s] Level 1:colcon.colcon_core.package_identification:_identify(src) by extension 'colcon_pkg'
[0.364s] Level 1:colcon.colcon_core.package_identification:_identify(src) by extensions ['colcon_meta']
[0.364s] Level 1:colcon.colcon_core.package_identification:_identify(src) by extension 'colcon_meta'
[0.364s] Level 1:colcon.colcon_core.package_identification:_identify(src) by extensions ['ros']
[0.364s] Level 1:colcon.colcon_core.package_identification:_identify(src) by extension 'ros'
[0.364s] Level 1:colcon.colcon_core.package_identification:_identify(src) by extensions ['cmake', 'python']
[0.364s] Level 1:colcon.colcon_core.package_identification:_identify(src) by extension 'cmake'
[0.364s] Level 1:colcon.colcon_core.package_identification:_identify(src) by extension 'python'
[0.365s] Level 1:colcon.colcon_core.package_identification:_identify(src) by extensions ['python_setup_py']
[0.365s] Level 1:colcon.colcon_core.package_identification:_identify(src) by extension 'python_setup_py'
[0.365s] Level 1:colcon.colcon_core.package_identification:_identify(src/bumperbot_cpp_examples) by extensions ['ignore', 'ignore_ament_install']
[0.365s] Level 1:colcon.colcon_core.package_identification:_identify(src/bumperbot_cpp_examples) by extension 'ignore'
[0.365s] Level 1:colcon.colcon_core.package_identification:_identify(src/bumperbot_cpp_examples) by extension 'ignore_ament_install'
[0.365s] Level 1:colcon.colcon_core.package_identification:_identify(src/bumperbot_cpp_examples) by extensions ['colcon_pkg']
[0.365s] Level 1:colcon.colcon_core.package_identification:_identify(src/bumperbot_cpp_examples) by extension 'colcon_pkg'
[0.366s] Level 1:colcon.colcon_core.package_identification:_identify(src/bumperbot_cpp_examples) by extensions ['colcon_meta']
[0.366s] Level 1:colcon.colcon_core.package_identification:_identify(src/bumperbot_cpp_examples) by extension 'colcon_meta'
[0.366s] Level 1:colcon.colcon_core.package_identification:_identify(src/bumperbot_cpp_examples) by extensions ['ros']
[0.366s] Level 1:colcon.colcon_core.package_identification:_identify(src/bumperbot_cpp_examples) by extension 'ros'
[0.370s] DEBUG:colcon.colcon_core.package_identification:Package 'src/bumperbot_cpp_examples' with type 'ros.ament_cmake' and name 'bumperbot_cpp_examples'
[0.370s] Level 1:colcon.colcon_core.package_identification:_identify(src/bumperbot_description) by extensions ['ignore', 'ignore_ament_install']
[0.371s] Level 1:colcon.colcon_core.package_identification:_identify(src/bumperbot_description) by extension 'ignore'
[0.371s] Level 1:colcon.colcon_core.package_identification:_identify(src/bumperbot_description) by extension 'ignore_ament_install'
[0.371s] Level 1:colcon.colcon_core.package_identification:_identify(src/bumperbot_description) by extensions ['colcon_pkg']
[0.371s] Level 1:colcon.colcon_core.package_identification:_identify(src/bumperbot_description) by extension 'colcon_pkg'
[0.371s] Level 1:colcon.colcon_core.package_identification:_identify(src/bumperbot_description) by extensions ['colcon_meta']
[0.372s] Level 1:colcon.colcon_core.package_identification:_identify(src/bumperbot_description) by extension 'colcon_meta'
[0.372s] Level 1:colcon.colcon_core.package_identification:_identify(src/bumperbot_description) by extensions ['ros']
[0.372s] Level 1:colcon.colcon_core.package_identification:_identify(src/bumperbot_description) by extension 'ros'
[0.373s] DEBUG:colcon.colcon_core.package_identification:Package 'src/bumperbot_description' with type 'ros.ament_cmake' and name 'bumperbot_description'
[0.374s] Level 1:colcon.colcon_core.package_identification:_identify(src/bumperbot_py_examples) by extensions ['ignore', 'ignore_ament_install']
[0.374s] Level 1:colcon.colcon_core.package_identification:_identify(src/bumperbot_py_examples) by extension 'ignore'
[0.374s] Level 1:colcon.colcon_core.package_identification:_identify(src/bumperbot_py_examples) by extension 'ignore_ament_install'
[0.375s] Level 1:colcon.colcon_core.package_identification:_identify(src/bumperbot_py_examples) by extensions ['colcon_pkg']
[0.375s] Level 1:colcon.colcon_core.package_identification:_identify(src/bumperbot_py_examples) by extension 'colcon_pkg'
[0.375s] Level 1:colcon.colcon_core.package_identification:_identify(src/bumperbot_py_examples) by extensions ['colcon_meta']
[0.375s] Level 1:colcon.colcon_core.package_identification:_identify(src/bumperbot_py_examples) by extension 'colcon_meta'
[0.375s] Level 1:colcon.colcon_core.package_identification:_identify(src/bumperbot_py_examples) by extensions ['ros']
[0.375s] Level 1:colcon.colcon_core.package_identification:_identify(src/bumperbot_py_examples) by extension 'ros'
[0.377s] DEBUG:colcon.colcon_core.package_identification:Package 'src/bumperbot_py_examples' with type 'ros.ament_python' and name 'bumperbot_py_examples'
[0.377s] Level 1:colcon.colcon_core.package_discovery:discover_packages(recursive) using defaults
[0.377s] Level 1:colcon.colcon_core.package_discovery:discover_packages(ignore) discover
[0.377s] Level 1:colcon.colcon_core.package_discovery:discover_packages(ignore) using defaults
[0.377s] Level 1:colcon.colcon_core.package_discovery:discover_packages(path) discover
[0.377s] Level 1:colcon.colcon_core.package_discovery:discover_packages(path) using defaults
[0.490s] Level 1:colcon.colcon_core.package_discovery:discover_packages(prefix_path) check parameters
[0.490s] Level 1:colcon.colcon_core.package_discovery:discover_packages(prefix_path) discover
[0.492s] WARNING:colcon.colcon_ros.prefix_path.ament:The path '/media/david/David/David/Research/Github/ROS/ROS2/install/bumperbot_py_examples' in the environment variable AMENT_PREFIX_PATH doesn't exist
[0.492s] WARNING:colcon.colcon_ros.prefix_path.ament:The path '/media/david/David/David/Research/Github/ROS/ROS2/install/bumperbot_description' in the environment variable AMENT_PREFIX_PATH doesn't exist
[0.492s] WARNING:colcon.colcon_ros.prefix_path.ament:The path '/media/david/David/David/Research/Github/ROS/ROS2/install/bumperbot_cpp_examples' in the environment variable AMENT_PREFIX_PATH doesn't exist
[0.492s] WARNING:colcon.colcon_ros.prefix_path.catkin:The path '/media/david/David/David/Research/Github/ROS/ROS2/install/bumperbot_description' in the environment variable CMAKE_PREFIX_PATH doesn't exist
[0.493s] WARNING:colcon.colcon_ros.prefix_path.catkin:The path '/media/david/David/David/Research/Github/ROS/ROS2/install/bumperbot_cpp_examples' in the environment variable CMAKE_PREFIX_PATH doesn't exist
[0.494s] DEBUG:colcon.colcon_installed_package_information.package_discovery:Found 0 installed packages in /media/david/David/David/Research/Github/ROS/ROS2/install
[0.497s] DEBUG:colcon.colcon_installed_package_information.package_discovery:Found 331 installed packages in /opt/ros/humble
[0.499s] Level 1:colcon.colcon_core.package_discovery:discover_packages(prefix_path) using defaults
[0.550s] Level 5:colcon.colcon_core.verb:set package 'bumperbot_cpp_examples' build argument 'cmake_args' from command line to 'None'
[0.550s] Level 5:colcon.colcon_core.verb:set package 'bumperbot_cpp_examples' build argument 'cmake_target' from command line to 'None'
[0.550s] Level 5:colcon.colcon_core.verb:set package 'bumperbot_cpp_examples' build argument 'cmake_target_skip_unavailable' from command line to 'False'
[0.550s] Level 5:colcon.colcon_core.verb:set package 'bumperbot_cpp_examples' build argument 'cmake_clean_cache' from command line to 'False'
[0.550s] Level 5:colcon.colcon_core.verb:set package 'bumperbot_cpp_examples' build argument 'cmake_clean_first' from command line to 'False'
[0.551s] Level 5:colcon.colcon_core.verb:set package 'bumperbot_cpp_examples' build argument 'cmake_force_configure' from command line to 'False'
[0.551s] Level 5:colcon.colcon_core.verb:set package 'bumperbot_cpp_examples' build argument 'ament_cmake_args' from command line to 'None'
[0.551s] Level 5:colcon.colcon_core.verb:set package 'bumperbot_cpp_examples' build argument 'catkin_cmake_args' from command line to 'None'
[0.551s] Level 5:colcon.colcon_core.verb:set package 'bumperbot_cpp_examples' build argument 'catkin_skip_building_tests' from command line to 'False'
[0.551s] DEBUG:colcon.colcon_core.verb:Building package 'bumperbot_cpp_examples' with the following arguments: {'ament_cmake_args': None, 'build_base': '/media/david/David/David/Research/Github/ROS/ROS2/build/bumperbot_cpp_examples', 'catkin_cmake_args': None, 'catkin_skip_building_tests': False, 'cmake_args': None, 'cmake_clean_cache': False, 'cmake_clean_first': False, 'cmake_force_configure': False, 'cmake_target': None, 'cmake_target_skip_unavailable': False, 'install_base': '/media/david/David/David/Research/Github/ROS/ROS2/install/bumperbot_cpp_examples', 'merge_install': False, 'path': '/media/david/David/David/Research/Github/ROS/ROS2/src/bumperbot_cpp_examples', 'symlink_install': False, 'test_result_base': None}
[0.552s] Level 5:colcon.colcon_core.verb:set package 'bumperbot_description' build argument 'cmake_args' from command line to 'None'
[0.552s] Level 5:colcon.colcon_core.verb:set package 'bumperbot_description' build argument 'cmake_target' from command line to 'None'
[0.552s] Level 5:colcon.colcon_core.verb:set package 'bumperbot_description' build argument 'cmake_target_skip_unavailable' from command line to 'False'
[0.552s] Level 5:colcon.colcon_core.verb:set package 'bumperbot_description' build argument 'cmake_clean_cache' from command line to 'False'
[0.552s] Level 5:colcon.colcon_core.verb:set package 'bumperbot_description' build argument 'cmake_clean_first' from command line to 'False'
[0.552s] Level 5:colcon.colcon_core.verb:set package 'bumperbot_description' build argument 'cmake_force_configure' from command line to 'False'
[0.552s] Level 5:colcon.colcon_core.verb:set package 'bumperbot_description' build argument 'ament_cmake_args' from command line to 'None'
[0.552s] Level 5:colcon.colcon_core.verb:set package 'bumperbot_description' build argument 'catkin_cmake_args' from command line to 'None'
[0.552s] Level 5:colcon.colcon_core.verb:set package 'bumperbot_description' build argument 'catkin_skip_building_tests' from command line to 'False'
[0.552s] DEBUG:colcon.colcon_core.verb:Building package 'bumperbot_description' with the following arguments: {'ament_cmake_args': None, 'build_base': '/media/david/David/David/Research/Github/ROS/ROS2/build/bumperbot_description', 'catkin_cmake_args': None, 'catkin_skip_building_tests': False, 'cmake_args': None, 'cmake_clean_cache': False, 'cmake_clean_first': False, 'cmake_force_configure': False, 'cmake_target': None, 'cmake_target_skip_unavailable': False, 'install_base': '/media/david/David/David/Research/Github/ROS/ROS2/install/bumperbot_description', 'merge_install': False, 'path': '/media/david/David/David/Research/Github/ROS/ROS2/src/bumperbot_description', 'symlink_install': False, 'test_result_base': None}
[0.553s] Level 5:colcon.colcon_core.verb:set package 'bumperbot_py_examples' build argument 'cmake_args' from command line to 'None'
[0.553s] Level 5:colcon.colcon_core.verb:set package 'bumperbot_py_examples' build argument 'cmake_target' from command line to 'None'
[0.553s] Level 5:colcon.colcon_core.verb:set package 'bumperbot_py_examples' build argument 'cmake_target_skip_unavailable' from command line to 'False'
[0.553s] Level 5:colcon.colcon_core.verb:set package 'bumperbot_py_examples' build argument 'cmake_clean_cache' from command line to 'False'
[0.554s] Level 5:colcon.colcon_core.verb:set package 'bumperbot_py_examples' build argument 'cmake_clean_first' from command line to 'False'
[0.554s] Level 5:colcon.colcon_core.verb:set package 'bumperbot_py_examples' build argument 'cmake_force_configure' from command line to 'False'
[0.554s] Level 5:colcon.colcon_core.verb:set package 'bumperbot_py_examples' build argument 'ament_cmake_args' from command line to 'None'
[0.554s] Level 5:colcon.colcon_core.verb:set package 'bumperbot_py_examples' build argument 'catkin_cmake_args' from command line to 'None'
[0.554s] Level 5:colcon.colcon_core.verb:set package 'bumperbot_py_examples' build argument 'catkin_skip_building_tests' from command line to 'False'
[0.554s] DEBUG:colcon.colcon_core.verb:Building package 'bumperbot_py_examples' with the following arguments: {'ament_cmake_args': None, 'build_base': '/media/david/David/David/Research/Github/ROS/ROS2/build/bumperbot_py_examples', 'catkin_cmake_args': None, 'catkin_skip_building_tests': False, 'cmake_args': None, 'cmake_clean_cache': False, 'cmake_clean_first': False, 'cmake_force_configure': False, 'cmake_target': None, 'cmake_target_skip_unavailable': False, 'install_base': '/media/david/David/David/Research/Github/ROS/ROS2/install/bumperbot_py_examples', 'merge_install': False, 'path': '/media/david/David/David/Research/Github/ROS/ROS2/src/bumperbot_py_examples', 'symlink_install': False, 'test_result_base': None}
[0.554s] INFO:colcon.colcon_core.executor:Executing jobs using 'parallel' executor
[0.556s] DEBUG:colcon.colcon_parallel_executor.executor.parallel:run_until_complete
[0.556s] INFO:colcon.colcon_ros.task.ament_cmake.build:Building ROS package in '/media/david/David/David/Research/Github/ROS/ROS2/src/bumperbot_cpp_examples' with build type 'ament_cmake'
[0.556s] INFO:colcon.colcon_cmake.task.cmake.build:Building CMake package in '/media/david/David/David/Research/Github/ROS/ROS2/src/bumperbot_cpp_examples'
[0.559s] INFO:colcon.colcon_core.plugin_system:Skipping extension 'colcon_core.shell.bat': Not used on non-Windows systems
[0.559s] INFO:colcon.colcon_core.shell:Skip shell extension 'powershell' for command environment: Not usable outside of PowerShell
[0.559s] DEBUG:colcon.colcon_core.shell:Skip shell extension 'dsv' for command environment
[0.567s] INFO:colcon.colcon_ros.task.ament_cmake.build:Building ROS package in '/media/david/David/David/Research/Github/ROS/ROS2/src/bumperbot_description' with build type 'ament_cmake'
[0.567s] INFO:colcon.colcon_cmake.task.cmake.build:Building CMake package in '/media/david/David/David/Research/Github/ROS/ROS2/src/bumperbot_description'
[0.568s] INFO:colcon.colcon_core.shell:Skip shell extension 'powershell' for command environment: Not usable outside of PowerShell
[0.568s] DEBUG:colcon.colcon_core.shell:Skip shell extension 'dsv' for command environment
[0.575s] INFO:colcon.colcon_ros.task.ament_python.build:Building ROS package in '/media/david/David/David/Research/Github/ROS/ROS2/src/bumperbot_py_examples' with build type 'ament_python'
[0.576s] Level 1:colcon.colcon_core.shell:create_environment_hook('bumperbot_py_examples', 'ament_prefix_path')
[0.576s] INFO:colcon.colcon_core.shell:Creating environment hook '/media/david/David/David/Research/Github/ROS/ROS2/install/bumperbot_py_examples/share/bumperbot_py_examples/hook/ament_prefix_path.ps1'
[0.578s] INFO:colcon.colcon_core.shell:Creating environment descriptor '/media/david/David/David/Research/Github/ROS/ROS2/install/bumperbot_py_examples/share/bumperbot_py_examples/hook/ament_prefix_path.dsv'
[0.579s] INFO:colcon.colcon_core.shell:Creating environment hook '/media/david/David/David/Research/Github/ROS/ROS2/install/bumperbot_py_examples/share/bumperbot_py_examples/hook/ament_prefix_path.sh'
[0.581s] INFO:colcon.colcon_core.shell:Skip shell extension 'powershell' for command environment: Not usable outside of PowerShell
[0.581s] DEBUG:colcon.colcon_core.shell:Skip shell extension 'dsv' for command environment
[0.599s] DEBUG:colcon.colcon_core.event_handler.log_command:Invoking command in '/media/david/David/David/Research/Github/ROS/ROS2/build/bumperbot_cpp_examples': CMAKE_PREFIX_PATH=${CMAKE_PREFIX_PATH}:/media/david/David/David/Research/Github/ROS/ROS2/install/bumperbot_py_examples:/opt/ros/humble /usr/bin/cmake /media/david/David/David/Research/Github/ROS/ROS2/src/bumperbot_cpp_examples -DCMAKE_INSTALL_PREFIX=/media/david/David/David/Research/Github/ROS/ROS2/install/bumperbot_cpp_examples
[0.607s] DEBUG:colcon.colcon_core.event_handler.log_command:Invoking command in '/media/david/David/David/Research/Github/ROS/ROS2/build/bumperbot_description': CMAKE_PREFIX_PATH=${CMAKE_PREFIX_PATH}:/media/david/David/David/Research/Github/ROS/ROS2/install/bumperbot_py_examples:/opt/ros/humble /usr/bin/cmake /media/david/David/David/Research/Github/ROS/ROS2/src/bumperbot_description -DCMAKE_INSTALL_PREFIX=/media/david/David/David/Research/Github/ROS/ROS2/install/bumperbot_description
[1.054s] INFO:colcon.colcon_core.task.python.build:Building Python package in '/media/david/David/David/Research/Github/ROS/ROS2/src/bumperbot_py_examples'
[1.055s] INFO:colcon.colcon_core.shell:Skip shell extension 'powershell' for command environment: Not usable outside of PowerShell
[1.055s] DEBUG:colcon.colcon_core.shell:Skip shell extension 'dsv' for command environment
[1.744s] DEBUG:colcon.colcon_core.event_handler.log_command:Invoking command in '/media/david/David/David/Research/Github/ROS/ROS2/src/bumperbot_py_examples': PYTHONPATH=/media/david/David/David/Research/Github/ROS/ROS2/build/bumperbot_py_examples/prefix_override:/media/david/David/David/Research/Github/ROS/ROS2/install/bumperbot_py_examples/lib/python3.10/site-packages:${PYTHONPATH} /usr/bin/python3 -W ignore:setup.py install is deprecated setup.py egg_info --egg-base ../../build/bumperbot_py_examples build --build-base /media/david/David/David/Research/Github/ROS/ROS2/build/bumperbot_py_examples/build install --record /media/david/David/David/Research/Github/ROS/ROS2/build/bumperbot_py_examples/install.log --single-version-externally-managed install_data
[2.286s] DEBUG:colcon.colcon_core.event_handler.log_command:Invoked command in '/media/david/David/David/Research/Github/ROS/ROS2/src/bumperbot_py_examples' returned '0': PYTHONPATH=/media/david/David/David/Research/Github/ROS/ROS2/build/bumperbot_py_examples/prefix_override:/media/david/David/David/Research/Github/ROS/ROS2/install/bumperbot_py_examples/lib/python3.10/site-packages:${PYTHONPATH} /usr/bin/python3 -W ignore:setup.py install is deprecated setup.py egg_info --egg-base ../../build/bumperbot_py_examples build --build-base /media/david/David/David/Research/Github/ROS/ROS2/build/bumperbot_py_examples/build install --record /media/david/David/David/Research/Github/ROS/ROS2/build/bumperbot_py_examples/install.log --single-version-externally-managed install_data
[2.289s] Level 1:colcon.colcon_core.environment:checking '/media/david/David/David/Research/Github/ROS/ROS2/install/bumperbot_py_examples' for CMake module files
[2.297s] Level 1:colcon.colcon_core.environment:checking '/media/david/David/David/Research/Github/ROS/ROS2/install/bumperbot_py_examples' for CMake config files
[2.304s] Level 1:colcon.colcon_core.environment:checking '/media/david/David/David/Research/Github/ROS/ROS2/install/bumperbot_py_examples/lib'
[2.306s] Level 1:colcon.colcon_core.environment:checking '/media/david/David/David/Research/Github/ROS/ROS2/install/bumperbot_py_examples/bin'
[2.306s] Level 1:colcon.colcon_core.environment:checking '/media/david/David/David/Research/Github/ROS/ROS2/install/bumperbot_py_examples/lib/pkgconfig/bumperbot_py_examples.pc'
[2.307s] Level 1:colcon.colcon_core.environment:checking '/media/david/David/David/Research/Github/ROS/ROS2/install/bumperbot_py_examples/lib/python3.10/site-packages'
[2.307s] Level 1:colcon.colcon_core.shell:create_environment_hook('bumperbot_py_examples', 'pythonpath')
[2.308s] INFO:colcon.colcon_core.shell:Creating environment hook '/media/david/David/David/Research/Github/ROS/ROS2/install/bumperbot_py_examples/share/bumperbot_py_examples/hook/pythonpath.ps1'
[2.310s] INFO:colcon.colcon_core.shell:Creating environment descriptor '/media/david/David/David/Research/Github/ROS/ROS2/install/bumperbot_py_examples/share/bumperbot_py_examples/hook/pythonpath.dsv'
[2.313s] INFO:colcon.colcon_core.shell:Creating environment hook '/media/david/David/David/Research/Github/ROS/ROS2/install/bumperbot_py_examples/share/bumperbot_py_examples/hook/pythonpath.sh'
[2.315s] Level 1:colcon.colcon_core.environment:checking '/media/david/David/David/Research/Github/ROS/ROS2/install/bumperbot_py_examples/bin'
[2.316s] Level 1:colcon.colcon_core.environment:create_environment_scripts_only(bumperbot_py_examples)
[2.316s] INFO:colcon.colcon_core.shell:Creating package script '/media/david/David/David/Research/Github/ROS/ROS2/install/bumperbot_py_examples/share/bumperbot_py_examples/package.ps1'
[2.321s] INFO:colcon.colcon_core.shell:Creating package descriptor '/media/david/David/David/Research/Github/ROS/ROS2/install/bumperbot_py_examples/share/bumperbot_py_examples/package.dsv'
[2.328s] INFO:colcon.colcon_core.shell:Creating package script '/media/david/David/David/Research/Github/ROS/ROS2/install/bumperbot_py_examples/share/bumperbot_py_examples/package.sh'
[2.331s] INFO:colcon.colcon_core.shell:Creating package script '/media/david/David/David/Research/Github/ROS/ROS2/install/bumperbot_py_examples/share/bumperbot_py_examples/package.bash'
[2.333s] INFO:colcon.colcon_core.shell:Creating package script '/media/david/David/David/Research/Github/ROS/ROS2/install/bumperbot_py_examples/share/bumperbot_py_examples/package.zsh'
[2.335s] Level 1:colcon.colcon_core.environment:create_file_with_runtime_dependencies(/media/david/David/David/Research/Github/ROS/ROS2/install/bumperbot_py_examples/share/colcon-core/packages/bumperbot_py_examples)
[4.216s] DEBUG:colcon.colcon_core.event_handler.log_command:Invoked command in '/media/david/David/David/Research/Github/ROS/ROS2/build/bumperbot_description' returned '0': CMAKE_PREFIX_PATH=${CMAKE_PREFIX_PATH}:/media/david/David/David/Research/Github/ROS/ROS2/install/bumperbot_py_examples:/opt/ros/humble /usr/bin/cmake /media/david/David/David/Research/Github/ROS/ROS2/src/bumperbot_description -DCMAKE_INSTALL_PREFIX=/media/david/David/David/Research/Github/ROS/ROS2/install/bumperbot_description
[4.219s] DEBUG:colcon.colcon_core.event_handler.log_command:Invoking command in '/media/david/David/David/Research/Github/ROS/ROS2/build/bumperbot_description': CMAKE_PREFIX_PATH=${CMAKE_PREFIX_PATH}:/media/david/David/David/Research/Github/ROS/ROS2/install/bumperbot_py_examples:/opt/ros/humble /usr/bin/cmake --build /media/david/David/David/Research/Github/ROS/ROS2/build/bumperbot_description -- -j4 -l4
[4.272s] DEBUG:colcon.colcon_core.event_handler.log_command:Invoked command in '/media/david/David/David/Research/Github/ROS/ROS2/build/bumperbot_description' returned '0': CMAKE_PREFIX_PATH=${CMAKE_PREFIX_PATH}:/media/david/David/David/Research/Github/ROS/ROS2/install/bumperbot_py_examples:/opt/ros/humble /usr/bin/cmake --build /media/david/David/David/Research/Github/ROS/ROS2/build/bumperbot_description -- -j4 -l4
[4.317s] DEBUG:colcon.colcon_core.event_handler.log_command:Invoking command in '/media/david/David/David/Research/Github/ROS/ROS2/build/bumperbot_description': CMAKE_PREFIX_PATH=${CMAKE_PREFIX_PATH}:/media/david/David/David/Research/Github/ROS/ROS2/install/bumperbot_py_examples:/opt/ros/humble /usr/bin/cmake --install /media/david/David/David/Research/Github/ROS/ROS2/build/bumperbot_description
[4.718s] Level 1:colcon.colcon_core.environment:create_environment_scripts_only(bumperbot_description)
[4.718s] Level 1:colcon.colcon_core.environment:checking '/media/david/David/David/Research/Github/ROS/ROS2/install/bumperbot_description' for CMake module files
[4.719s] DEBUG:colcon.colcon_core.event_handler.log_command:Invoked command in '/media/david/David/David/Research/Github/ROS/ROS2/build/bumperbot_description' returned '0': CMAKE_PREFIX_PATH=${CMAKE_PREFIX_PATH}:/media/david/David/David/Research/Github/ROS/ROS2/install/bumperbot_py_examples:/opt/ros/humble /usr/bin/cmake --install /media/david/David/David/Research/Github/ROS/ROS2/build/bumperbot_description
[4.727s] Level 1:colcon.colcon_core.environment:checking '/media/david/David/David/Research/Github/ROS/ROS2/install/bumperbot_description' for CMake config files
[4.730s] Level 1:colcon.colcon_core.shell:create_environment_hook('bumperbot_description', 'cmake_prefix_path')
[4.731s] INFO:colcon.colcon_core.shell:Creating environment hook '/media/david/David/David/Research/Github/ROS/ROS2/install/bumperbot_description/share/bumperbot_description/hook/cmake_prefix_path.ps1'
[4.732s] INFO:colcon.colcon_core.shell:Creating environment descriptor '/media/david/David/David/Research/Github/ROS/ROS2/install/bumperbot_description/share/bumperbot_description/hook/cmake_prefix_path.dsv'
[4.734s] INFO:colcon.colcon_core.shell:Creating environment hook '/media/david/David/David/Research/Github/ROS/ROS2/install/bumperbot_description/share/bumperbot_description/hook/cmake_prefix_path.sh'
[4.736s] Level 1:colcon.colcon_core.environment:checking '/media/david/David/David/Research/Github/ROS/ROS2/install/bumperbot_description/bin'
[4.736s] Level 1:colcon.colcon_core.environment:checking '/media/david/David/David/Research/Github/ROS/ROS2/install/bumperbot_description/lib/pkgconfig/bumperbot_description.pc'
[4.737s] Level 1:colcon.colcon_core.environment:checking '/media/david/David/David/Research/Github/ROS/ROS2/install/bumperbot_description/lib/python3.10/site-packages'
[4.737s] Level 1:colcon.colcon_core.environment:checking '/media/david/David/David/Research/Github/ROS/ROS2/install/bumperbot_description/bin'
[4.738s] INFO:colcon.colcon_core.shell:Creating package script '/media/david/David/David/Research/Github/ROS/ROS2/install/bumperbot_description/share/bumperbot_description/package.ps1'
[4.741s] INFO:colcon.colcon_core.shell:Creating package descriptor '/media/david/David/David/Research/Github/ROS/ROS2/install/bumperbot_description/share/bumperbot_description/package.dsv'
[4.742s] INFO:colcon.colcon_core.shell:Creating package script '/media/david/David/David/Research/Github/ROS/ROS2/install/bumperbot_description/share/bumperbot_description/package.sh'
[4.744s] INFO:colcon.colcon_core.shell:Creating package script '/media/david/David/David/Research/Github/ROS/ROS2/install/bumperbot_description/share/bumperbot_description/package.bash'
[4.745s] INFO:colcon.colcon_core.shell:Creating package script '/media/david/David/David/Research/Github/ROS/ROS2/install/bumperbot_description/share/bumperbot_description/package.zsh'
[4.746s] Level 1:colcon.colcon_core.environment:create_file_with_runtime_dependencies(/media/david/David/David/Research/Github/ROS/ROS2/install/bumperbot_description/share/colcon-core/packages/bumperbot_description)
[4.786s] Level 1:colcon.colcon_core.environment:create_environment_scripts_only(bumperbot_description)
[4.786s] Level 1:colcon.colcon_core.environment:checking '/media/david/David/David/Research/Github/ROS/ROS2/install/bumperbot_description' for CMake module files
[4.793s] Level 1:colcon.colcon_core.environment:checking '/media/david/David/David/Research/Github/ROS/ROS2/install/bumperbot_description' for CMake config files
[4.798s] Level 1:colcon.colcon_core.shell:create_environment_hook('bumperbot_description', 'cmake_prefix_path')
[4.799s] INFO:colcon.colcon_core.shell:Creating environment hook '/media/david/David/David/Research/Github/ROS/ROS2/install/bumperbot_description/share/bumperbot_description/hook/cmake_prefix_path.ps1'
[4.800s] INFO:colcon.colcon_core.shell:Creating environment descriptor '/media/david/David/David/Research/Github/ROS/ROS2/install/bumperbot_description/share/bumperbot_description/hook/cmake_prefix_path.dsv'
[4.802s] INFO:colcon.colcon_core.shell:Creating environment hook '/media/david/David/David/Research/Github/ROS/ROS2/install/bumperbot_description/share/bumperbot_description/hook/cmake_prefix_path.sh'
[4.803s] Level 1:colcon.colcon_core.environment:checking '/media/david/David/David/Research/Github/ROS/ROS2/install/bumperbot_description/bin'
[4.804s] Level 1:colcon.colcon_core.environment:checking '/media/david/David/David/Research/Github/ROS/ROS2/install/bumperbot_description/lib/pkgconfig/bumperbot_description.pc'
[4.804s] Level 1:colcon.colcon_core.environment:checking '/media/david/David/David/Research/Github/ROS/ROS2/install/bumperbot_description/lib/python3.10/site-packages'
[4.805s] Level 1:colcon.colcon_core.environment:checking '/media/david/David/David/Research/Github/ROS/ROS2/install/bumperbot_description/bin'
[4.806s] INFO:colcon.colcon_core.shell:Creating package script '/media/david/David/David/Research/Github/ROS/ROS2/install/bumperbot_description/share/bumperbot_description/package.ps1'
[4.809s] INFO:colcon.colcon_core.shell:Creating package descriptor '/media/david/David/David/Research/Github/ROS/ROS2/install/bumperbot_description/share/bumperbot_description/package.dsv'
[4.811s] INFO:colcon.colcon_core.shell:Creating package script '/media/david/David/David/Research/Github/ROS/ROS2/install/bumperbot_description/share/bumperbot_description/package.sh'
[4.813s] INFO:colcon.colcon_core.shell:Creating package script '/media/david/David/David/Research/Github/ROS/ROS2/install/bumperbot_description/share/bumperbot_description/package.bash'
[4.814s] INFO:colcon.colcon_core.shell:Creating package script '/media/david/David/David/Research/Github/ROS/ROS2/install/bumperbot_description/share/bumperbot_description/package.zsh'
[4.816s] Level 1:colcon.colcon_core.environment:create_file_with_runtime_dependencies(/media/david/David/David/Research/Github/ROS/ROS2/install/bumperbot_description/share/colcon-core/packages/bumperbot_description)
[7.399s] DEBUG:colcon.colcon_core.event_handler.log_command:Invoked command in '/media/david/David/David/Research/Github/ROS/ROS2/build/bumperbot_cpp_examples' returned '0': CMAKE_PREFIX_PATH=${CMAKE_PREFIX_PATH}:/media/david/David/David/Research/Github/ROS/ROS2/install/bumperbot_py_examples:/opt/ros/humble /usr/bin/cmake /media/david/David/David/Research/Github/ROS/ROS2/src/bumperbot_cpp_examples -DCMAKE_INSTALL_PREFIX=/media/david/David/David/Research/Github/ROS/ROS2/install/bumperbot_cpp_examples
[7.402s] DEBUG:colcon.colcon_core.event_handler.log_command:Invoking command in '/media/david/David/David/Research/Github/ROS/ROS2/build/bumperbot_cpp_examples': CMAKE_PREFIX_PATH=${CMAKE_PREFIX_PATH}:/media/david/David/David/Research/Github/ROS/ROS2/install/bumperbot_py_examples:/opt/ros/humble /usr/bin/cmake --build /media/david/David/David/Research/Github/ROS/ROS2/build/bumperbot_cpp_examples -- -j4 -l4
[20.856s] DEBUG:colcon.colcon_core.event_handler.log_command:Invoked command in '/media/david/David/David/Research/Github/ROS/ROS2/build/bumperbot_cpp_examples' returned '0': CMAKE_PREFIX_PATH=${CMAKE_PREFIX_PATH}:/media/david/David/David/Research/Github/ROS/ROS2/install/bumperbot_py_examples:/opt/ros/humble /usr/bin/cmake --build /media/david/David/David/Research/Github/ROS/ROS2/build/bumperbot_cpp_examples -- -j4 -l4
[20.898s] DEBUG:colcon.colcon_core.event_handler.log_command:Invoking command in '/media/david/David/David/Research/Github/ROS/ROS2/build/bumperbot_cpp_examples': CMAKE_PREFIX_PATH=${CMAKE_PREFIX_PATH}:/media/david/David/David/Research/Github/ROS/ROS2/install/bumperbot_py_examples:/opt/ros/humble /usr/bin/cmake --install /media/david/David/David/Research/Github/ROS/ROS2/build/bumperbot_cpp_examples
[21.040s] Level 1:colcon.colcon_core.environment:create_environment_scripts_only(bumperbot_cpp_examples)
[21.041s] Level 1:colcon.colcon_core.environment:checking '/media/david/David/David/Research/Github/ROS/ROS2/install/bumperbot_cpp_examples' for CMake module files
[21.041s] DEBUG:colcon.colcon_core.event_handler.log_command:Invoked command in '/media/david/David/David/Research/Github/ROS/ROS2/build/bumperbot_cpp_examples' returned '0': CMAKE_PREFIX_PATH=${CMAKE_PREFIX_PATH}:/media/david/David/David/Research/Github/ROS/ROS2/install/bumperbot_py_examples:/opt/ros/humble /usr/bin/cmake --install /media/david/David/David/Research/Github/ROS/ROS2/build/bumperbot_cpp_examples
[21.045s] Level 1:colcon.colcon_core.environment:checking '/media/david/David/David/Research/Github/ROS/ROS2/install/bumperbot_cpp_examples' for CMake config files
[21.048s] Level 1:colcon.colcon_core.shell:create_environment_hook('bumperbot_cpp_examples', 'cmake_prefix_path')
[21.048s] INFO:colcon.colcon_core.shell:Creating environment hook '/media/david/David/David/Research/Github/ROS/ROS2/install/bumperbot_cpp_examples/share/bumperbot_cpp_examples/hook/cmake_prefix_path.ps1'
[21.049s] INFO:colcon.colcon_core.shell:Creating environment descriptor '/media/david/David/David/Research/Github/ROS/ROS2/install/bumperbot_cpp_examples/share/bumperbot_cpp_examples/hook/cmake_prefix_path.dsv'
[21.051s] INFO:colcon.colcon_core.shell:Creating environment hook '/media/david/David/David/Research/Github/ROS/ROS2/install/bumperbot_cpp_examples/share/bumperbot_cpp_examples/hook/cmake_prefix_path.sh'
[21.052s] Level 1:colcon.colcon_core.environment:checking '/media/david/David/David/Research/Github/ROS/ROS2/install/bumperbot_cpp_examples/lib'
[21.052s] Level 1:colcon.colcon_core.environment:checking '/media/david/David/David/Research/Github/ROS/ROS2/install/bumperbot_cpp_examples/bin'
[21.053s] Level 1:colcon.colcon_core.environment:checking '/media/david/David/David/Research/Github/ROS/ROS2/install/bumperbot_cpp_examples/lib/pkgconfig/bumperbot_cpp_examples.pc'
[21.053s] Level 1:colcon.colcon_core.environment:checking '/media/david/David/David/Research/Github/ROS/ROS2/install/bumperbot_cpp_examples/lib/python3.10/site-packages'
[21.054s] Level 1:colcon.colcon_core.environment:checking '/media/david/David/David/Research/Github/ROS/ROS2/install/bumperbot_cpp_examples/bin'
[21.054s] INFO:colcon.colcon_core.shell:Creating package script '/media/david/David/David/Research/Github/ROS/ROS2/install/bumperbot_cpp_examples/share/bumperbot_cpp_examples/package.ps1'
[21.055s] INFO:colcon.colcon_core.shell:Creating package descriptor '/media/david/David/David/Research/Github/ROS/ROS2/install/bumperbot_cpp_examples/share/bumperbot_cpp_examples/package.dsv'
[21.056s] INFO:colcon.colcon_core.shell:Creating package script '/media/david/David/David/Research/Github/ROS/ROS2/install/bumperbot_cpp_examples/share/bumperbot_cpp_examples/package.sh'
[21.058s] INFO:colcon.colcon_core.shell:Creating package script '/media/david/David/David/Research/Github/ROS/ROS2/install/bumperbot_cpp_examples/share/bumperbot_cpp_examples/package.bash'
[21.059s] INFO:colcon.colcon_core.shell:Creating package script '/media/david/David/David/Research/Github/ROS/ROS2/install/bumperbot_cpp_examples/share/bumperbot_cpp_examples/package.zsh'
[21.060s] Level 1:colcon.colcon_core.environment:create_file_with_runtime_dependencies(/media/david/David/David/Research/Github/ROS/ROS2/install/bumperbot_cpp_examples/share/colcon-core/packages/bumperbot_cpp_examples)
[21.102s] Level 1:colcon.colcon_core.environment:create_environment_scripts_only(bumperbot_cpp_examples)
[21.102s] Level 1:colcon.colcon_core.environment:checking '/media/david/David/David/Research/Github/ROS/ROS2/install/bumperbot_cpp_examples' for CMake module files
[21.106s] Level 1:colcon.colcon_core.environment:checking '/media/david/David/David/Research/Github/ROS/ROS2/install/bumperbot_cpp_examples' for CMake config files
[21.108s] Level 1:colcon.colcon_core.shell:create_environment_hook('bumperbot_cpp_examples', 'cmake_prefix_path')
[21.109s] INFO:colcon.colcon_core.shell:Creating environment hook '/media/david/David/David/Research/Github/ROS/ROS2/install/bumperbot_cpp_examples/share/bumperbot_cpp_examples/hook/cmake_prefix_path.ps1'
[21.109s] INFO:colcon.colcon_core.shell:Creating environment descriptor '/media/david/David/David/Research/Github/ROS/ROS2/install/bumperbot_cpp_examples/share/bumperbot_cpp_examples/hook/cmake_prefix_path.dsv'
[21.110s] INFO:colcon.colcon_core.shell:Creating environment hook '/media/david/David/David/Research/Github/ROS/ROS2/install/bumperbot_cpp_examples/share/bumperbot_cpp_examples/hook/cmake_prefix_path.sh'
[21.112s] Level 1:colcon.colcon_core.environment:checking '/media/david/David/David/Research/Github/ROS/ROS2/install/bumperbot_cpp_examples/lib'
[21.112s] Level 1:colcon.colcon_core.environment:checking '/media/david/David/David/Research/Github/ROS/ROS2/install/bumperbot_cpp_examples/bin'
[21.112s] Level 1:colcon.colcon_core.environment:checking '/media/david/David/David/Research/Github/ROS/ROS2/install/bumperbot_cpp_examples/lib/pkgconfig/bumperbot_cpp_examples.pc'
[21.113s] Level 1:colcon.colcon_core.environment:checking '/media/david/David/David/Research/Github/ROS/ROS2/install/bumperbot_cpp_examples/lib/python3.10/site-packages'
[21.114s] Level 1:colcon.colcon_core.environment:checking '/media/david/David/David/Research/Github/ROS/ROS2/install/bumperbot_cpp_examples/bin'
[21.114s] INFO:colcon.colcon_core.shell:Creating package script '/media/david/David/David/Research/Github/ROS/ROS2/install/bumperbot_cpp_examples/share/bumperbot_cpp_examples/package.ps1'
[21.116s] INFO:colcon.colcon_core.shell:Creating package descriptor '/media/david/David/David/Research/Github/ROS/ROS2/install/bumperbot_cpp_examples/share/bumperbot_cpp_examples/package.dsv'
[21.117s] INFO:colcon.colcon_core.shell:Creating package script '/media/david/David/David/Research/Github/ROS/ROS2/install/bumperbot_cpp_examples/share/bumperbot_cpp_examples/package.sh'
[21.119s] INFO:colcon.colcon_core.shell:Creating package script '/media/david/David/David/Research/Github/ROS/ROS2/install/bumperbot_cpp_examples/share/bumperbot_cpp_examples/package.bash'
[21.120s] INFO:colcon.colcon_core.shell:Creating package script '/media/david/David/David/Research/Github/ROS/ROS2/install/bumperbot_cpp_examples/share/bumperbot_cpp_examples/package.zsh'
[21.121s] Level 1:colcon.colcon_core.environment:create_file_with_runtime_dependencies(/media/david/David/David/Research/Github/ROS/ROS2/install/bumperbot_cpp_examples/share/colcon-core/packages/bumperbot_cpp_examples)
[21.122s] DEBUG:colcon.colcon_parallel_executor.executor.parallel:closing loop
[21.122s] DEBUG:colcon.colcon_parallel_executor.executor.parallel:loop closed
[21.122s] DEBUG:colcon.colcon_parallel_executor.executor.parallel:run_until_complete finished with '0'
[21.122s] DEBUG:colcon.colcon_core.event_reactor:joining thread
[21.129s] INFO:colcon.colcon_core.plugin_system:Skipping extension 'colcon_notification.desktop_notification.terminal_notifier': Not used on non-Darwin systems
[21.129s] INFO:colcon.colcon_core.plugin_system:Skipping extension 'colcon_notification.desktop_notification.win32': Not used on non-Windows systems
[21.130s] INFO:colcon.colcon_notification.desktop_notification:Sending desktop notification using 'notify2'
[21.142s] DEBUG:colcon.colcon_core.event_reactor:joined thread
[21.143s] INFO:colcon.colcon_core.shell:Creating prefix script '/media/david/David/David/Research/Github/ROS/ROS2/install/local_setup.ps1'
[21.145s] INFO:colcon.colcon_core.shell:Creating prefix util module '/media/david/David/David/Research/Github/ROS/ROS2/install/_local_setup_util_ps1.py'
[21.147s] INFO:colcon.colcon_core.shell:Creating prefix chain script '/media/david/David/David/Research/Github/ROS/ROS2/install/setup.ps1'
[21.152s] INFO:colcon.colcon_core.shell:Creating prefix script '/media/david/David/David/Research/Github/ROS/ROS2/install/local_setup.sh'
[21.154s] INFO:colcon.colcon_core.shell:Creating prefix util module '/media/david/David/David/Research/Github/ROS/ROS2/install/_local_setup_util_sh.py'
[21.155s] INFO:colcon.colcon_core.shell:Creating prefix chain script '/media/david/David/David/Research/Github/ROS/ROS2/install/setup.sh'
[21.159s] INFO:colcon.colcon_core.shell:Creating prefix script '/media/david/David/David/Research/Github/ROS/ROS2/install/local_setup.bash'
[21.160s] INFO:colcon.colcon_core.shell:Creating prefix chain script '/media/david/David/David/Research/Github/ROS/ROS2/install/setup.bash'
[21.165s] INFO:colcon.colcon_core.shell:Creating prefix script '/media/david/David/David/Research/Github/ROS/ROS2/install/local_setup.zsh'
[21.166s] INFO:colcon.colcon_core.shell:Creating prefix chain script '/media/david/David/David/Research/Github/ROS/ROS2/install/setup.zsh'
