[2.089s] Invoking command in '/media/david/Storage/David/Research/Github/ROS/ROS2/src/bumperbot_py_examples': PYTHONPATH=/media/david/Storage/David/Research/Github/ROS/ROS2/build/bumperbot_py_examples/prefix_override:/media/david/Storage/David/Research/Github/ROS/ROS2/install/bumperbot_py_examples/lib/python3.10/site-packages:${PYTHONPATH} /usr/bin/python3 -W ignore:setup.py install is deprecated setup.py egg_info --egg-base ../../build/bumperbot_py_examples build --build-base /media/david/Storage/David/Research/Github/ROS/ROS2/build/bumperbot_py_examples/build install --record /media/david/Storage/David/Research/Github/ROS/ROS2/build/bumperbot_py_examples/install.log --single-version-externally-managed install_data
[2.672s] running egg_info
[2.676s] writing ../../build/bumperbot_py_examples/bumperbot_py_examples.egg-info/PKG-INFO
[2.677s] writing dependency_links to ../../build/bumperbot_py_examples/bumperbot_py_examples.egg-info/dependency_links.txt
[2.678s] writing entry points to ../../build/bumperbot_py_examples/bumperbot_py_examples.egg-info/entry_points.txt
[2.679s] writing requirements to ../../build/bumperbot_py_examples/bumperbot_py_examples.egg-info/requires.txt
[2.680s] writing top-level names to ../../build/bumperbot_py_examples/bumperbot_py_examples.egg-info/top_level.txt
[2.689s] reading manifest file '../../build/bumperbot_py_examples/bumperbot_py_examples.egg-info/SOURCES.txt'
[2.695s] writing manifest file '../../build/bumperbot_py_examples/bumperbot_py_examples.egg-info/SOURCES.txt'
[2.696s] running build
[2.696s] running build_py
[2.705s] running install
[2.707s] running install_lib
[2.720s] running install_data
[2.723s] running install_egg_info
[2.727s] removing '/media/david/Storage/David/Research/Github/ROS/ROS2/install/bumperbot_py_examples/lib/python3.10/site-packages/bumperbot_py_examples-0.0.0-py3.10.egg-info' (and everything under it)
[2.731s] Copying ../../build/bumperbot_py_examples/bumperbot_py_examples.egg-info to /media/david/Storage/David/Research/Github/ROS/ROS2/install/bumperbot_py_examples/lib/python3.10/site-packages/bumperbot_py_examples-0.0.0-py3.10.egg-info
[2.748s] running install_scripts
[2.793s] Installing simple_parameter script to /media/david/Storage/David/Research/Github/ROS/ROS2/install/bumperbot_py_examples/lib/bumperbot_py_examples
[2.794s] Installing simple_publisher script to /media/david/Storage/David/Research/Github/ROS/ROS2/install/bumperbot_py_examples/lib/bumperbot_py_examples
[2.794s] Installing simple_subscriber script to /media/david/Storage/David/Research/Github/ROS/ROS2/install/bumperbot_py_examples/lib/bumperbot_py_examples
[2.794s] Installing simple_tf_kinematics script to /media/david/Storage/David/Research/Github/ROS/ROS2/install/bumperbot_py_examples/lib/bumperbot_py_examples
[2.795s] Installing simple_turtlesim_kinematics script to /media/david/Storage/David/Research/Github/ROS/ROS2/install/bumperbot_py_examples/lib/bumperbot_py_examples
[2.795s] writing list of installed files to '/media/david/Storage/David/Research/Github/ROS/ROS2/build/bumperbot_py_examples/install.log'
[2.837s] Invoked command in '/media/david/Storage/David/Research/Github/ROS/ROS2/src/bumperbot_py_examples' returned '0': PYTHONPATH=/media/david/Storage/David/Research/Github/ROS/ROS2/build/bumperbot_py_examples/prefix_override:/media/david/Storage/David/Research/Github/ROS/ROS2/install/bumperbot_py_examples/lib/python3.10/site-packages:${PYTHONPATH} /usr/bin/python3 -W ignore:setup.py install is deprecated setup.py egg_info --egg-base ../../build/bumperbot_py_examples build --build-base /media/david/Storage/David/Research/Github/ROS/ROS2/build/bumperbot_py_examples/build install --record /media/david/Storage/David/Research/Github/ROS/ROS2/build/bumperbot_py_examples/install.log --single-version-externally-managed install_data
