Traceback (most recent call last):
  File "/media/david/Storage/David/Research/Github/ROS/ROS2/build/bumperbot_controller/ament_cmake_python/bumperbot_controller/setup.py", line 1, in <module>
    from setuptools import find_packages
  File "/usr/lib/python3/dist-packages/setuptools/__init__.py", line 16, in <module>
    import setuptools.version
  File "/usr/lib/python3/dist-packages/setuptools/version.py", line 1, in <module>
    import pkg_resources
  File "/usr/lib/python3/dist-packages/pkg_resources/__init__.py", line 3267, in <module>
    def _initialize_master_working_set():
  File "/usr/lib/python3/dist-packages/pkg_resources/__init__.py", line 3241, in _call_aside
    f(*args, **kwargs)
  File "/usr/lib/python3/dist-packages/pkg_resources/__init__.py", line 3302, in _initialize_master_working_set
    list(map(working_set.add_entry, sys.path))
  File "/usr/lib/python3/dist-packages/pkg_resources/__init__.py", line 613, in add_entry
    for dist in find_distributions(entry, True):
  File "/usr/lib/python3/dist-packages/pkg_resources/__init__.py", line 2077, in find_on_path
    for dist in factory(fullpath):
  File "/usr/lib/python3/dist-packages/pkg_resources/__init__.py", line 2135, in distributions_from_metadata
    if len(os.listdir(path)) == 0:
KeyboardInterrupt
gmake[2]: *** [CMakeFiles/ament_cmake_python_build_bumperbot_controller_egg.dir/build.make:70: CMakeFiles/ament_cmake_python_build_bumperbot_controller_egg] Interrupt
gmake[1]: *** [CMakeFiles/Makefile2:192: CMakeFiles/ament_cmake_python_build_bumperbot_controller_egg.dir/all] Interrupt
gmake: *** [Makefile:146: all] Interrupt
