[0.042s] Invoking command in '/media/david/Storage/David/Research/Github/ROS/ROS2/build/bumperbot_controller': CMAKE_PREFIX_PATH=/opt/ros/humble /usr/bin/cmake --build /media/david/Storage/David/Research/Github/ROS/ROS2/build/bumperbot_controller -- -j4 -l4
[0.305s] [  0%] Built target ament_cmake_python_copy_bumperbot_controller
[0.309s] [100%] Built target simple_controller
[1.206s] Traceback (most recent call last):
[1.209s]   File "/media/david/Storage/David/Research/Github/ROS/ROS2/build/bumperbot_controller/ament_cmake_python/bumperbot_controller/setup.py", line 1, in <module>
[1.209s]     from setuptools import find_packages
[1.211s]   File "/usr/lib/python3/dist-packages/setuptools/__init__.py", line 16, in <module>
[1.230s]     import setuptools.version
[1.231s]   File "/usr/lib/python3/dist-packages/setuptools/version.py", line 1, in <module>
[1.232s]     import pkg_resources
[1.232s]   File "/usr/lib/python3/dist-packages/pkg_resources/__init__.py", line 3267, in <module>
[1.264s]     def _initialize_master_working_set():
[1.265s]   File "/usr/lib/python3/dist-packages/pkg_resources/__init__.py", line 3241, in _call_aside
[1.265s]     f(*args, **kwargs)
[1.266s]   File "/usr/lib/python3/dist-packages/pkg_resources/__init__.py", line 3302, in _initialize_master_working_set
[1.267s]     list(map(working_set.add_entry, sys.path))
[1.267s]   File "/usr/lib/python3/dist-packages/pkg_resources/__init__.py", line 613, in add_entry
[1.267s]     for dist in find_distributions(entry, True):
[1.268s]   File "/usr/lib/python3/dist-packages/pkg_resources/__init__.py", line 2077, in find_on_path
[1.268s]     for dist in factory(fullpath):
[1.268s]   File "/usr/lib/python3/dist-packages/pkg_resources/__init__.py", line 2135, in distributions_from_metadata
[1.272s]     if len(os.listdir(path)) == 0:
[1.273s] KeyboardInterrupt
[1.323s] gmake[2]: *** [CMakeFiles/ament_cmake_python_build_bumperbot_controller_egg.dir/build.make:70: CMakeFiles/ament_cmake_python_build_bumperbot_controller_egg] Interrupt
[1.323s] gmake[1]: *** [CMakeFiles/Makefile2:192: CMakeFiles/ament_cmake_python_build_bumperbot_controller_egg.dir/all] Interrupt
[1.323s] gmake: *** [Makefile:146: all] Interrupt
