[0.067s] Invoking command in '/media/david/Storage/David/Research/Github/ROS/ROS2/build/bumperbot_description': CMAKE_PREFIX_PATH=${CMAKE_PREFIX_PATH}:/media/david/Storage/David/Research/Github/ROS/ROS2/install/bumperbot_py_examples:/opt/ros/humble /usr/bin/cmake --build /media/david/Storage/David/Research/Github/ROS/ROS2/build/bumperbot_description -- -j4 -l4
[0.980s] Invoked command in '/media/david/Storage/David/Research/Github/ROS/ROS2/build/bumperbot_description' returned '0': CMAKE_PREFIX_PATH=${CMAKE_PREFIX_PATH}:/media/david/Storage/David/Research/Github/ROS/ROS2/install/bumperbot_py_examples:/opt/ros/humble /usr/bin/cmake --build /media/david/Storage/David/Research/Github/ROS/ROS2/build/bumperbot_description -- -j4 -l4
[1.075s] Invoking command in '/media/david/Storage/David/Research/Github/ROS/ROS2/build/bumperbot_description': CMAKE_PREFIX_PATH=${CMAKE_PREFIX_PATH}:/media/david/Storage/David/Research/Github/ROS/ROS2/install/bumperbot_py_examples:/opt/ros/humble /usr/bin/cmake --install /media/david/Storage/David/Research/Github/ROS/ROS2/build/bumperbot_description
[1.095s] -- Install configuration: ""
[1.097s] -- Up-to-date: /media/david/Storage/David/Research/Github/ROS/ROS2/install/bumperbot_description/share/bumperbot_description/launch
[1.099s] -- Up-to-date: /media/david/Storage/David/Research/Github/ROS/ROS2/install/bumperbot_description/share/bumperbot_description/launch/display.launch.py
[1.100s] -- Up-to-date: /media/david/Storage/David/Research/Github/ROS/ROS2/install/bumperbot_description/share/bumperbot_description/launch/gazebo.launch.py
[1.102s] -- Up-to-date: /media/david/Storage/David/Research/Github/ROS/ROS2/install/bumperbot_description/share/bumperbot_description/meshes
[1.104s] -- Up-to-date: /media/david/Storage/David/Research/Github/ROS/ROS2/install/bumperbot_description/share/bumperbot_description/meshes/base_link.STL
[1.106s] -- Up-to-date: /media/david/Storage/David/Research/Github/ROS/ROS2/install/bumperbot_description/share/bumperbot_description/meshes/caster_front_link.STL
[1.107s] -- Up-to-date: /media/david/Storage/David/Research/Github/ROS/ROS2/install/bumperbot_description/share/bumperbot_description/meshes/caster_rear_link.STL
[1.109s] -- Up-to-date: /media/david/Storage/David/Research/Github/ROS/ROS2/install/bumperbot_description/share/bumperbot_description/meshes/imu_link.STL
[1.111s] -- Up-to-date: /media/david/Storage/David/Research/Github/ROS/ROS2/install/bumperbot_description/share/bumperbot_description/meshes/wheel_left_link.STL
[1.114s] -- Up-to-date: /media/david/Storage/David/Research/Github/ROS/ROS2/install/bumperbot_description/share/bumperbot_description/meshes/wheel_right_link.STL
[1.116s] -- Up-to-date: /media/david/Storage/David/Research/Github/ROS/ROS2/install/bumperbot_description/share/bumperbot_description/models
[1.118s] -- Up-to-date: /media/david/Storage/David/Research/Github/ROS/ROS2/install/bumperbot_description/share/bumperbot_description/models/ground_plane
[1.119s] -- Up-to-date: /media/david/Storage/David/Research/Github/ROS/ROS2/install/bumperbot_description/share/bumperbot_description/models/ground_plane/model-1_2.sdf
[1.121s] -- Up-to-date: /media/david/Storage/David/Research/Github/ROS/ROS2/install/bumperbot_description/share/bumperbot_description/models/ground_plane/model-1_3.sdf
[1.127s] -- Up-to-date: /media/david/Storage/David/Research/Github/ROS/ROS2/install/bumperbot_description/share/bumperbot_description/models/ground_plane/model-1_4.sdf
[1.128s] -- Up-to-date: /media/david/Storage/David/Research/Github/ROS/ROS2/install/bumperbot_description/share/bumperbot_description/models/ground_plane/model.config
[1.130s] -- Up-to-date: /media/david/Storage/David/Research/Github/ROS/ROS2/install/bumperbot_description/share/bumperbot_description/models/ground_plane/model.sdf
[1.133s] -- Up-to-date: /media/david/Storage/David/Research/Github/ROS/ROS2/install/bumperbot_description/share/bumperbot_description/models/sun
[1.135s] -- Up-to-date: /media/david/Storage/David/Research/Github/ROS/ROS2/install/bumperbot_description/share/bumperbot_description/models/sun/model-1_2.sdf
[1.136s] -- Up-to-date: /media/david/Storage/David/Research/Github/ROS/ROS2/install/bumperbot_description/share/bumperbot_description/models/sun/model-1_3.sdf
[1.140s] -- Up-to-date: /media/david/Storage/David/Research/Github/ROS/ROS2/install/bumperbot_description/share/bumperbot_description/models/sun/model-1_4.sdf
[1.141s] -- Up-to-date: /media/david/Storage/David/Research/Github/ROS/ROS2/install/bumperbot_description/share/bumperbot_description/models/sun/model.config
[1.143s] -- Up-to-date: /media/david/Storage/David/Research/Github/ROS/ROS2/install/bumperbot_description/share/bumperbot_description/models/sun/model.sdf
[1.144s] -- Up-to-date: /media/david/Storage/David/Research/Github/ROS/ROS2/install/bumperbot_description/share/bumperbot_description/urdf
[1.146s] -- Up-to-date: /media/david/Storage/David/Research/Github/ROS/ROS2/install/bumperbot_description/share/bumperbot_description/urdf/bumperbot.urdf.xacro
[1.148s] -- Up-to-date: /media/david/Storage/David/Research/Github/ROS/ROS2/install/bumperbot_description/share/bumperbot_description/urdf/bumperbot_gazebo.xacro
[1.150s] -- Up-to-date: /media/david/Storage/David/Research/Github/ROS/ROS2/install/bumperbot_description/share/bumperbot_description/urdf/bumperbot_ros2_control.xacro
[1.152s] -- Up-to-date: /media/david/Storage/David/Research/Github/ROS/ROS2/install/bumperbot_description/share/bumperbot_description/rviz
[1.153s] -- Up-to-date: /media/david/Storage/David/Research/Github/ROS/ROS2/install/bumperbot_description/share/bumperbot_description/rviz/display.rviz
[1.156s] -- Up-to-date: /media/david/Storage/David/Research/Github/ROS/ROS2/install/bumperbot_description/share/ament_index/resource_index/package_run_dependencies/bumperbot_description
[1.158s] -- Up-to-date: /media/david/Storage/David/Research/Github/ROS/ROS2/install/bumperbot_description/share/ament_index/resource_index/parent_prefix_path/bumperbot_description
[1.160s] -- Up-to-date: /media/david/Storage/David/Research/Github/ROS/ROS2/install/bumperbot_description/share/bumperbot_description/environment/ament_prefix_path.sh
[1.162s] -- Up-to-date: /media/david/Storage/David/Research/Github/ROS/ROS2/install/bumperbot_description/share/bumperbot_description/environment/ament_prefix_path.dsv
[1.163s] -- Up-to-date: /media/david/Storage/David/Research/Github/ROS/ROS2/install/bumperbot_description/share/bumperbot_description/environment/path.sh
[1.165s] -- Up-to-date: /media/david/Storage/David/Research/Github/ROS/ROS2/install/bumperbot_description/share/bumperbot_description/environment/path.dsv
[1.167s] -- Up-to-date: /media/david/Storage/David/Research/Github/ROS/ROS2/install/bumperbot_description/share/bumperbot_description/local_setup.bash
[1.169s] -- Up-to-date: /media/david/Storage/David/Research/Github/ROS/ROS2/install/bumperbot_description/share/bumperbot_description/local_setup.sh
[1.170s] -- Up-to-date: /media/david/Storage/David/Research/Github/ROS/ROS2/install/bumperbot_description/share/bumperbot_description/local_setup.zsh
[1.185s] -- Up-to-date: /media/david/Storage/David/Research/Github/ROS/ROS2/install/bumperbot_description/share/bumperbot_description/local_setup.dsv
[1.187s] -- Installing: /media/david/Storage/David/Research/Github/ROS/ROS2/install/bumperbot_description/share/bumperbot_description/package.dsv
[1.191s] -- Up-to-date: /media/david/Storage/David/Research/Github/ROS/ROS2/install/bumperbot_description/share/ament_index/resource_index/packages/bumperbot_description
[1.193s] -- Up-to-date: /media/david/Storage/David/Research/Github/ROS/ROS2/install/bumperbot_description/share/bumperbot_description/cmake/bumperbot_descriptionConfig.cmake
[1.195s] -- Up-to-date: /media/david/Storage/David/Research/Github/ROS/ROS2/install/bumperbot_description/share/bumperbot_description/cmake/bumperbot_descriptionConfig-version.cmake
[1.200s] -- Up-to-date: /media/david/Storage/David/Research/Github/ROS/ROS2/install/bumperbot_description/share/bumperbot_description/package.xml
[1.201s] Invoked command in '/media/david/Storage/David/Research/Github/ROS/ROS2/build/bumperbot_description' returned '0': CMAKE_PREFIX_PATH=${CMAKE_PREFIX_PATH}:/media/david/Storage/David/Research/Github/ROS/ROS2/install/bumperbot_py_examples:/opt/ros/humble /usr/bin/cmake --install /media/david/Storage/David/Research/Github/ROS/ROS2/build/bumperbot_description
