[0.064s] Invoking command in '/media/david/Storage/David/Research/Github/ROS/ROS2/build/bumperbot_cpp_examples': CMAKE_PREFIX_PATH=${CMAKE_PREFIX_PATH}:/media/david/Storage/David/Research/Github/ROS/ROS2/install/bumperbot_py_examples:/opt/ros/humble /usr/bin/cmake --build /media/david/Storage/David/Research/Github/ROS/ROS2/build/bumperbot_cpp_examples -- -j4 -l4
[0.256s] [ 20%] Built target simple_subscriber
[0.296s] [ 40%] Built target simple_turtlesim_kinematics
[0.313s] [ 60%] Built target simple_parameter
[0.314s] [ 80%] Built target simple_publisher
[0.333s] [35m[1mConsolidate compiler generated dependencies of target simple_tf_kinematics[0m
[0.533s] [ 90%] [32mBuilding CXX object CMakeFiles/simple_tf_kinematics.dir/src/simple_tf_kinematics.cpp.o[0m
[4.549s] In file included from [01m[K/media/david/Storage/David/Research/Github/ROS/ROS2/src/bumperbot_cpp_examples/src/simple_tf_kinematics.cpp:1[m[K:
[4.549s] [01m[K/media/david/Storage/David/Research/Github/ROS/ROS2/src/bumperbot_cpp_examples/include/bumperbot_cpp_examples/simple_tf_kinematics.hpp:27:24:[m[K [01;31m[Kerror: [m[Kexpected ‘[01m[K;[m[K’ at end of member declaration
[4.549s]    27 |     void timerCallback([01;31m[K)[m[K
[4.550s]       |                        [01;31m[K^[m[K
[4.550s]       |                         [32m[K;[m[K
[4.555s] [01m[K/media/david/Storage/David/Research/Github/ROS/ROS2/src/bumperbot_cpp_examples/src/simple_tf_kinematics.cpp:[m[K In constructor ‘[01m[KSimpleTfKinematics::SimpleTfKinematics(const string&)[m[K’:
[4.555s] [01m[K/media/david/Storage/David/Research/Github/ROS/ROS2/src/bumperbot_cpp_examples/src/simple_tf_kinematics.cpp:12:84:[m[K [01;31m[Kerror: [m[Kno match for ‘[01m[Koperator=[m[K’ (operand types are ‘[01m[Kstd::unique_ptr<tf2_ros::TransformBroadcaster>[m[K’ and ‘[01m[Kstd::shared_ptr<tf2_ros::TransformBroadcaster>[m[K’)
[4.555s]    12 | red<tf2_ros::TransformBroadcaster>(*this[01;31m[K)[m[K;
[4.556s]       |                                         [01;31m[K^[m[K
[4.556s] 
[4.556s] In file included from [01m[K/usr/include/c++/11/memory:76[m[K,
[4.557s]                  from [01m[K/opt/ros/humble/include/rclcpp/rclcpp/rclcpp.hpp:153[m[K,
[4.557s]                  from [01m[K/media/david/Storage/David/Research/Github/ROS/ROS2/src/bumperbot_cpp_examples/include/bumperbot_cpp_examples/simple_tf_kinematics.hpp:4[m[K,
[4.558s]                  from [01m[K/media/david/Storage/David/Research/Github/ROS/ROS2/src/bumperbot_cpp_examples/src/simple_tf_kinematics.cpp:1[m[K:
[4.558s] [01m[K/usr/include/c++/11/bits/unique_ptr.h:386:9:[m[K [01;36m[Knote: [m[Kcandidate: ‘[01m[Ktemplate<class _Up, class _Ep> typename std::enable_if<std::__and_<std::__and_<std::is_convertible<typename std::unique_ptr<_Up, _Ep>::pointer, typename std::__uniq_ptr_impl<_Tp, _Dp>::pointer>, std::__not_<std::is_array<_Up> > >, std::is_assignable<_T2&, _U2&&> >::value, std::unique_ptr<_Tp, _Dp>&>::type std::unique_ptr<_Tp, _Dp>::operator=(std::unique_ptr<_Up, _Ep>&&) [with _Up = _Up; _Ep = _Ep; _Tp = tf2_ros::TransformBroadcaster; _Dp = std::default_delete<tf2_ros::TransformBroadcaster>][m[K’
[4.558s]   386 |         [01;36m[Koperator[m[K=(unique_ptr<_Up, _Ep>&& __u) noexcept
[4.559s]       |         [01;36m[K^~~~~~~~[m[K
[4.559s] [01m[K/usr/include/c++/11/bits/unique_ptr.h:386:9:[m[K [01;36m[Knote: [m[K  template argument deduction/substitution failed:
[4.559s] [01m[K/media/david/Storage/David/Research/Github/ROS/ROS2/src/bumperbot_cpp_examples/src/simple_tf_kinematics.cpp:12:84:[m[K [01;36m[Knote: [m[K  ‘[01m[Kstd::shared_ptr<tf2_ros::TransformBroadcaster>[m[K’ is not derived from ‘[01m[Kstd::unique_ptr<_Tp, _Dp>[m[K’
[4.560s]    12 | red<tf2_ros::TransformBroadcaster>(*this[01;36m[K)[m[K;
[4.560s]       |                                         [01;36m[K^[m[K
[4.561s] 
[4.561s] In file included from [01m[K/usr/include/c++/11/memory:76[m[K,
[4.561s]                  from [01m[K/opt/ros/humble/include/rclcpp/rclcpp/rclcpp.hpp:153[m[K,
[4.561s]                  from [01m[K/media/david/Storage/David/Research/Github/ROS/ROS2/src/bumperbot_cpp_examples/include/bumperbot_cpp_examples/simple_tf_kinematics.hpp:4[m[K,
[4.562s]                  from [01m[K/media/david/Storage/David/Research/Github/ROS/ROS2/src/bumperbot_cpp_examples/src/simple_tf_kinematics.cpp:1[m[K:
[4.562s] [01m[K/usr/include/c++/11/bits/unique_ptr.h:371:19:[m[K [01;36m[Knote: [m[Kcandidate: ‘[01m[Kstd::unique_ptr<_Tp, _Dp>& std::unique_ptr<_Tp, _Dp>::operator=(std::unique_ptr<_Tp, _Dp>&&) [with _Tp = tf2_ros::TransformBroadcaster; _Dp = std::default_delete<tf2_ros::TransformBroadcaster>][m[K’
[4.562s]   371 |       unique_ptr& [01;36m[Koperator[m[K=(unique_ptr&&) = default;
[4.563s]       |                   [01;36m[K^~~~~~~~[m[K
[4.563s] [01m[K/usr/include/c++/11/bits/unique_ptr.h:371:29:[m[K [01;36m[Knote: [m[K  no known conversion for argument 1 from ‘[01m[Kstd::shared_ptr<tf2_ros::TransformBroadcaster>[m[K’ to ‘[01m[Kstd::unique_ptr<tf2_ros::TransformBroadcaster>&&[m[K’
[4.564s]   371 |       unique_ptr& operator=([01;36m[Kunique_ptr&&[m[K) = default;
[4.564s]       |                             [01;36m[K^~~~~~~~~~~~[m[K
[4.564s] [01m[K/usr/include/c++/11/bits/unique_ptr.h:395:7:[m[K [01;36m[Knote: [m[Kcandidate: ‘[01m[Kstd::unique_ptr<_Tp, _Dp>& std::unique_ptr<_Tp, _Dp>::operator=(std::nullptr_t) [with _Tp = tf2_ros::TransformBroadcaster; _Dp = std::default_delete<tf2_ros::TransformBroadcaster>; std::nullptr_t = std::nullptr_t][m[K’
[4.564s]   395 |       [01;36m[Koperator[m[K=(nullptr_t) noexcept
[4.565s]       |       [01;36m[K^~~~~~~~[m[K
[4.565s] [01m[K/usr/include/c++/11/bits/unique_ptr.h:395:17:[m[K [01;36m[Knote: [m[K  no known conversion for argument 1 from ‘[01m[Kstd::shared_ptr<tf2_ros::TransformBroadcaster>[m[K’ to ‘[01m[Kstd::nullptr_t[m[K’
[4.565s]   395 |       operator=([01;36m[Knullptr_t[m[K) noexcept
[4.566s]       |                 [01;36m[K^~~~~~~~~[m[K
[5.492s] gmake[2]: *** [CMakeFiles/simple_tf_kinematics.dir/build.make:76: CMakeFiles/simple_tf_kinematics.dir/src/simple_tf_kinematics.cpp.o] Error 1
[5.496s] gmake[1]: *** [CMakeFiles/Makefile2:249: CMakeFiles/simple_tf_kinematics.dir/all] Error 2
[5.496s] gmake: *** [Makefile:146: all] Error 2
[5.497s] Invoked command in '/media/david/Storage/David/Research/Github/ROS/ROS2/build/bumperbot_cpp_examples' returned '2': CMAKE_PREFIX_PATH=${CMAKE_PREFIX_PATH}:/media/david/Storage/David/Research/Github/ROS/ROS2/install/bumperbot_py_examples:/opt/ros/humble /usr/bin/cmake --build /media/david/Storage/David/Research/Github/ROS/ROS2/build/bumperbot_cpp_examples -- -j4 -l4
