[1.860s] Invoking command in '/media/david/Storage/David/Research/Github/ROS/ROS2/src/bumperbot_py_examples': PYTHONPATH=/media/david/Storage/David/Research/Github/ROS/ROS2/build/bumperbot_py_examples/prefix_override:/media/david/Storage/David/Research/Github/ROS/ROS2/install/bumperbot_py_examples/lib/python3.10/site-packages:${PYTHONPATH} /usr/bin/python3 -W ignore:setup.py install is deprecated setup.py egg_info --egg-base ../../build/bumperbot_py_examples build --build-base /media/david/Storage/David/Research/Github/ROS/ROS2/build/bumperbot_py_examples/build install --record /media/david/Storage/David/Research/Github/ROS/ROS2/build/bumperbot_py_examples/install.log --single-version-externally-managed install_data
[2.564s] running egg_info
[2.565s] creating ../../build/bumperbot_py_examples/bumperbot_py_examples.egg-info
[2.567s] writing ../../build/bumperbot_py_examples/bumperbot_py_examples.egg-info/PKG-INFO
[2.571s] writing dependency_links to ../../build/bumperbot_py_examples/bumperbot_py_examples.egg-info/dependency_links.txt
[2.571s] writing entry points to ../../build/bumperbot_py_examples/bumperbot_py_examples.egg-info/entry_points.txt
[2.574s] writing requirements to ../../build/bumperbot_py_examples/bumperbot_py_examples.egg-info/requires.txt
[2.574s] writing top-level names to ../../build/bumperbot_py_examples/bumperbot_py_examples.egg-info/top_level.txt
[2.577s] writing manifest file '../../build/bumperbot_py_examples/bumperbot_py_examples.egg-info/SOURCES.txt'
[2.584s] reading manifest file '../../build/bumperbot_py_examples/bumperbot_py_examples.egg-info/SOURCES.txt'
[2.591s] writing manifest file '../../build/bumperbot_py_examples/bumperbot_py_examples.egg-info/SOURCES.txt'
[2.592s] running build
[2.592s] running build_py
[2.593s] creating /media/david/Storage/David/Research/Github/ROS/ROS2/build/bumperbot_py_examples/build
[2.594s] creating /media/david/Storage/David/Research/Github/ROS/ROS2/build/bumperbot_py_examples/build/lib
[2.594s] creating /media/david/Storage/David/Research/Github/ROS/ROS2/build/bumperbot_py_examples/build/lib/bumperbot_py_examples
[2.596s] copying bumperbot_py_examples/simple_parameter.py -> /media/david/Storage/David/Research/Github/ROS/ROS2/build/bumperbot_py_examples/build/lib/bumperbot_py_examples
[2.598s] copying bumperbot_py_examples/simple_publisher.py -> /media/david/Storage/David/Research/Github/ROS/ROS2/build/bumperbot_py_examples/build/lib/bumperbot_py_examples
[2.604s] copying bumperbot_py_examples/simple_subscriber.py -> /media/david/Storage/David/Research/Github/ROS/ROS2/build/bumperbot_py_examples/build/lib/bumperbot_py_examples
[2.607s] copying bumperbot_py_examples/__init__.py -> /media/david/Storage/David/Research/Github/ROS/ROS2/build/bumperbot_py_examples/build/lib/bumperbot_py_examples
[2.610s] running install
[2.611s] running install_lib
[2.616s] creating /media/david/Storage/David/Research/Github/ROS/ROS2/install/bumperbot_py_examples/lib/python3.10/site-packages/bumperbot_py_examples
[2.619s] copying /media/david/Storage/David/Research/Github/ROS/ROS2/build/bumperbot_py_examples/build/lib/bumperbot_py_examples/simple_parameter.py -> /media/david/Storage/David/Research/Github/ROS/ROS2/install/bumperbot_py_examples/lib/python3.10/site-packages/bumperbot_py_examples
[2.623s] copying /media/david/Storage/David/Research/Github/ROS/ROS2/build/bumperbot_py_examples/build/lib/bumperbot_py_examples/simple_publisher.py -> /media/david/Storage/David/Research/Github/ROS/ROS2/install/bumperbot_py_examples/lib/python3.10/site-packages/bumperbot_py_examples
[2.627s] copying /media/david/Storage/David/Research/Github/ROS/ROS2/build/bumperbot_py_examples/build/lib/bumperbot_py_examples/simple_subscriber.py -> /media/david/Storage/David/Research/Github/ROS/ROS2/install/bumperbot_py_examples/lib/python3.10/site-packages/bumperbot_py_examples
[2.630s] copying /media/david/Storage/David/Research/Github/ROS/ROS2/build/bumperbot_py_examples/build/lib/bumperbot_py_examples/__init__.py -> /media/david/Storage/David/Research/Github/ROS/ROS2/install/bumperbot_py_examples/lib/python3.10/site-packages/bumperbot_py_examples
[2.642s] byte-compiling /media/david/Storage/David/Research/Github/ROS/ROS2/install/bumperbot_py_examples/lib/python3.10/site-packages/bumperbot_py_examples/simple_parameter.py to simple_parameter.cpython-310.pyc
[2.647s] byte-compiling /media/david/Storage/David/Research/Github/ROS/ROS2/install/bumperbot_py_examples/lib/python3.10/site-packages/bumperbot_py_examples/simple_publisher.py to simple_publisher.cpython-310.pyc
[2.652s] byte-compiling /media/david/Storage/David/Research/Github/ROS/ROS2/install/bumperbot_py_examples/lib/python3.10/site-packages/bumperbot_py_examples/simple_subscriber.py to simple_subscriber.cpython-310.pyc
[2.664s] byte-compiling /media/david/Storage/David/Research/Github/ROS/ROS2/install/bumperbot_py_examples/lib/python3.10/site-packages/bumperbot_py_examples/__init__.py to __init__.cpython-310.pyc
[2.665s] running install_data
[2.667s] creating /media/david/Storage/David/Research/Github/ROS/ROS2/install/bumperbot_py_examples/share/ament_index
[2.668s] creating /media/david/Storage/David/Research/Github/ROS/ROS2/install/bumperbot_py_examples/share/ament_index/resource_index
[2.669s] creating /media/david/Storage/David/Research/Github/ROS/ROS2/install/bumperbot_py_examples/share/ament_index/resource_index/packages
[2.670s] copying resource/bumperbot_py_examples -> /media/david/Storage/David/Research/Github/ROS/ROS2/install/bumperbot_py_examples/share/ament_index/resource_index/packages
[2.677s] copying package.xml -> /media/david/Storage/David/Research/Github/ROS/ROS2/install/bumperbot_py_examples/share/bumperbot_py_examples
[2.679s] running install_egg_info
[2.686s] Copying ../../build/bumperbot_py_examples/bumperbot_py_examples.egg-info to /media/david/Storage/David/Research/Github/ROS/ROS2/install/bumperbot_py_examples/lib/python3.10/site-packages/bumperbot_py_examples-0.0.0-py3.10.egg-info
[2.719s] running install_scripts
[2.843s] Installing simple_parameter script to /media/david/Storage/David/Research/Github/ROS/ROS2/install/bumperbot_py_examples/lib/bumperbot_py_examples
[2.845s] Installing simple_publisher script to /media/david/Storage/David/Research/Github/ROS/ROS2/install/bumperbot_py_examples/lib/bumperbot_py_examples
[2.856s] Installing simple_subscriber script to /media/david/Storage/David/Research/Github/ROS/ROS2/install/bumperbot_py_examples/lib/bumperbot_py_examples
[2.858s] writing list of installed files to '/media/david/Storage/David/Research/Github/ROS/ROS2/build/bumperbot_py_examples/install.log'
[2.906s] Invoked command in '/media/david/Storage/David/Research/Github/ROS/ROS2/src/bumperbot_py_examples' returned '0': PYTHONPATH=/media/david/Storage/David/Research/Github/ROS/ROS2/build/bumperbot_py_examples/prefix_override:/media/david/Storage/David/Research/Github/ROS/ROS2/install/bumperbot_py_examples/lib/python3.10/site-packages:${PYTHONPATH} /usr/bin/python3 -W ignore:setup.py install is deprecated setup.py egg_info --egg-base ../../build/bumperbot_py_examples build --build-base /media/david/Storage/David/Research/Github/ROS/ROS2/build/bumperbot_py_examples/build install --record /media/david/Storage/David/Research/Github/ROS/ROS2/build/bumperbot_py_examples/install.log --single-version-externally-managed install_data
