[2.461s] DEBUG:colcon:Command line arguments: ['/usr/bin/colcon', 'build']
[2.461s] DEBUG:colcon:Parsed command line arguments: Namespace(log_base=None, log_level=None, verb_name='build', build_base='build', install_base='install', merge_install=False, symlink_install=False, test_result_base=None, continue_on_error=False, executor='parallel', parallel_workers=4, event_handlers=None, ignore_user_meta=False, metas=['./colcon.meta'], base_paths=['.'], packages_ignore=None, packages_ignore_regex=None, paths=None, packages_up_to=None, packages_up_to_regex=None, packages_above=None, packages_above_and_dependencies=None, packages_above_depth=None, packages_select_by_dep=None, packages_skip_by_dep=None, packages_skip_up_to=None, packages_select_build_failed=False, packages_skip_build_finished=False, packages_select_test_failures=False, packages_skip_test_passed=False, packages_select=None, packages_skip=None, packages_select_regex=None, packages_skip_regex=None, packages_start=None, packages_end=None, allow_overriding=[], cmake_args=None, cmake_target=None, cmake_target_skip_unavailable=False, cmake_clean_cache=False, cmake_clean_first=False, cmake_force_configure=False, ament_cmake_args=None, catkin_cmake_args=None, catkin_skip_building_tests=False, verb_parser=<colcon_defaults.argument_parser.defaults.DefaultArgumentsDecorator object at 0x7f3c758c0f10>, verb_extension=<colcon_core.verb.build.BuildVerb object at 0x7f3c758c2290>, main=<bound method BuildVerb.main of <colcon_core.verb.build.BuildVerb object at 0x7f3c758c2290>>)
[2.669s] Level 1:colcon.colcon_core.package_discovery:discover_packages(colcon_meta) check parameters
[2.669s] Level 1:colcon.colcon_core.package_discovery:discover_packages(recursive) check parameters
[2.669s] Level 1:colcon.colcon_core.package_discovery:discover_packages(ignore) check parameters
[2.669s] Level 1:colcon.colcon_core.package_discovery:discover_packages(path) check parameters
[2.669s] Level 1:colcon.colcon_core.package_discovery:discover_packages(colcon_meta) discover
[2.669s] Level 1:colcon.colcon_core.package_discovery:discover_packages(recursive) discover
[2.669s] INFO:colcon.colcon_core.package_discovery:Crawling recursively for packages in '/home/david/bumperbot_ws'
[2.669s] Level 1:colcon.colcon_core.package_identification:_identify(.) by extensions ['ignore', 'ignore_ament_install']
[2.669s] Level 1:colcon.colcon_core.package_identification:_identify(.) by extension 'ignore'
[2.669s] Level 1:colcon.colcon_core.package_identification:_identify(.) by extension 'ignore_ament_install'
[2.669s] Level 1:colcon.colcon_core.package_identification:_identify(.) by extensions ['colcon_pkg']
[2.670s] Level 1:colcon.colcon_core.package_identification:_identify(.) by extension 'colcon_pkg'
[2.670s] Level 1:colcon.colcon_core.package_identification:_identify(.) by extensions ['colcon_meta']
[2.670s] Level 1:colcon.colcon_core.package_identification:_identify(.) by extension 'colcon_meta'
[2.670s] Level 1:colcon.colcon_core.package_identification:_identify(.) by extensions ['ros']
[2.670s] Level 1:colcon.colcon_core.package_identification:_identify(.) by extension 'ros'
[2.682s] Level 1:colcon.colcon_core.package_identification:_identify(.) by extensions ['cmake', 'python']
[2.682s] Level 1:colcon.colcon_core.package_identification:_identify(.) by extension 'cmake'
[2.682s] Level 1:colcon.colcon_core.package_identification:_identify(.) by extension 'python'
[2.682s] Level 1:colcon.colcon_core.package_identification:_identify(.) by extensions ['python_setup_py']
[2.682s] Level 1:colcon.colcon_core.package_identification:_identify(.) by extension 'python_setup_py'
[2.682s] Level 1:colcon.colcon_core.package_identification:_identify(build) by extensions ['ignore', 'ignore_ament_install']
[2.682s] Level 1:colcon.colcon_core.package_identification:_identify(build) by extension 'ignore'
[2.682s] Level 1:colcon.colcon_core.package_identification:_identify(build) ignored
[2.682s] Level 1:colcon.colcon_core.package_identification:_identify(install) by extensions ['ignore', 'ignore_ament_install']
[2.682s] Level 1:colcon.colcon_core.package_identification:_identify(install) by extension 'ignore'
[2.682s] Level 1:colcon.colcon_core.package_identification:_identify(install) ignored
[2.683s] Level 1:colcon.colcon_core.package_identification:_identify(log) by extensions ['ignore', 'ignore_ament_install']
[2.683s] Level 1:colcon.colcon_core.package_identification:_identify(log) by extension 'ignore'
[2.683s] Level 1:colcon.colcon_core.package_identification:_identify(log) ignored
[2.683s] Level 1:colcon.colcon_core.package_identification:_identify(src) by extensions ['ignore', 'ignore_ament_install']
[2.683s] Level 1:colcon.colcon_core.package_identification:_identify(src) by extension 'ignore'
[2.683s] Level 1:colcon.colcon_core.package_identification:_identify(src) by extension 'ignore_ament_install'
[2.683s] Level 1:colcon.colcon_core.package_identification:_identify(src) by extensions ['colcon_pkg']
[2.683s] Level 1:colcon.colcon_core.package_identification:_identify(src) by extension 'colcon_pkg'
[2.683s] Level 1:colcon.colcon_core.package_identification:_identify(src) by extensions ['colcon_meta']
[2.683s] Level 1:colcon.colcon_core.package_identification:_identify(src) by extension 'colcon_meta'
[2.683s] Level 1:colcon.colcon_core.package_identification:_identify(src) by extensions ['ros']
[2.683s] Level 1:colcon.colcon_core.package_identification:_identify(src) by extension 'ros'
[2.683s] Level 1:colcon.colcon_core.package_identification:_identify(src) by extensions ['cmake', 'python']
[2.683s] Level 1:colcon.colcon_core.package_identification:_identify(src) by extension 'cmake'
[2.683s] Level 1:colcon.colcon_core.package_identification:_identify(src) by extension 'python'
[2.683s] Level 1:colcon.colcon_core.package_identification:_identify(src) by extensions ['python_setup_py']
[2.683s] Level 1:colcon.colcon_core.package_identification:_identify(src) by extension 'python_setup_py'
[2.684s] Level 1:colcon.colcon_core.package_identification:_identify(src/bumperbot_cpp_examples) by extensions ['ignore', 'ignore_ament_install']
[2.684s] Level 1:colcon.colcon_core.package_identification:_identify(src/bumperbot_cpp_examples) by extension 'ignore'
[2.684s] Level 1:colcon.colcon_core.package_identification:_identify(src/bumperbot_cpp_examples) by extension 'ignore_ament_install'
[2.684s] Level 1:colcon.colcon_core.package_identification:_identify(src/bumperbot_cpp_examples) by extensions ['colcon_pkg']
[2.684s] Level 1:colcon.colcon_core.package_identification:_identify(src/bumperbot_cpp_examples) by extension 'colcon_pkg'
[2.684s] Level 1:colcon.colcon_core.package_identification:_identify(src/bumperbot_cpp_examples) by extensions ['colcon_meta']
[2.684s] Level 1:colcon.colcon_core.package_identification:_identify(src/bumperbot_cpp_examples) by extension 'colcon_meta'
[2.684s] Level 1:colcon.colcon_core.package_identification:_identify(src/bumperbot_cpp_examples) by extensions ['ros']
[2.684s] Level 1:colcon.colcon_core.package_identification:_identify(src/bumperbot_cpp_examples) by extension 'ros'
[2.686s] DEBUG:colcon.colcon_core.package_identification:Package 'src/bumperbot_cpp_examples' with type 'ros.ament_cmake' and name 'bumperbot_cpp_examples'
[2.687s] Level 1:colcon.colcon_core.package_identification:_identify(src/bumperbot_description) by extensions ['ignore', 'ignore_ament_install']
[2.687s] Level 1:colcon.colcon_core.package_identification:_identify(src/bumperbot_description) by extension 'ignore'
[2.687s] Level 1:colcon.colcon_core.package_identification:_identify(src/bumperbot_description) by extension 'ignore_ament_install'
[2.687s] Level 1:colcon.colcon_core.package_identification:_identify(src/bumperbot_description) by extensions ['colcon_pkg']
[2.687s] Level 1:colcon.colcon_core.package_identification:_identify(src/bumperbot_description) by extension 'colcon_pkg'
[2.687s] Level 1:colcon.colcon_core.package_identification:_identify(src/bumperbot_description) by extensions ['colcon_meta']
[2.687s] Level 1:colcon.colcon_core.package_identification:_identify(src/bumperbot_description) by extension 'colcon_meta'
[2.687s] Level 1:colcon.colcon_core.package_identification:_identify(src/bumperbot_description) by extensions ['ros']
[2.687s] Level 1:colcon.colcon_core.package_identification:_identify(src/bumperbot_description) by extension 'ros'
[2.687s] DEBUG:colcon.colcon_core.package_identification:Package 'src/bumperbot_description' with type 'ros.ament_cmake' and name 'bumperbot_description'
[2.688s] Level 1:colcon.colcon_core.package_identification:_identify(src/bumperbot_py_examples) by extensions ['ignore', 'ignore_ament_install']
[2.688s] Level 1:colcon.colcon_core.package_identification:_identify(src/bumperbot_py_examples) by extension 'ignore'
[2.688s] Level 1:colcon.colcon_core.package_identification:_identify(src/bumperbot_py_examples) by extension 'ignore_ament_install'
[2.688s] Level 1:colcon.colcon_core.package_identification:_identify(src/bumperbot_py_examples) by extensions ['colcon_pkg']
[2.688s] Level 1:colcon.colcon_core.package_identification:_identify(src/bumperbot_py_examples) by extension 'colcon_pkg'
[2.688s] Level 1:colcon.colcon_core.package_identification:_identify(src/bumperbot_py_examples) by extensions ['colcon_meta']
[2.688s] Level 1:colcon.colcon_core.package_identification:_identify(src/bumperbot_py_examples) by extension 'colcon_meta'
[2.688s] Level 1:colcon.colcon_core.package_identification:_identify(src/bumperbot_py_examples) by extensions ['ros']
[2.688s] Level 1:colcon.colcon_core.package_identification:_identify(src/bumperbot_py_examples) by extension 'ros'
[2.688s] DEBUG:colcon.colcon_core.package_identification:Package 'src/bumperbot_py_examples' with type 'ros.ament_python' and name 'bumperbot_py_examples'
[2.688s] Level 1:colcon.colcon_core.package_discovery:discover_packages(recursive) using defaults
[2.689s] Level 1:colcon.colcon_core.package_discovery:discover_packages(ignore) discover
[2.689s] Level 1:colcon.colcon_core.package_discovery:discover_packages(ignore) using defaults
[2.689s] Level 1:colcon.colcon_core.package_discovery:discover_packages(path) discover
[2.689s] Level 1:colcon.colcon_core.package_discovery:discover_packages(path) using defaults
[2.833s] Level 1:colcon.colcon_core.package_discovery:discover_packages(prefix_path) check parameters
[2.833s] Level 1:colcon.colcon_core.package_discovery:discover_packages(prefix_path) discover
[2.911s] DEBUG:colcon.colcon_installed_package_information.package_discovery:Found 329 installed packages in /opt/ros/humble
[2.913s] Level 1:colcon.colcon_core.package_discovery:discover_packages(prefix_path) using defaults
[3.077s] Level 5:colcon.colcon_core.verb:set package 'bumperbot_cpp_examples' build argument 'cmake_args' from command line to 'None'
[3.077s] Level 5:colcon.colcon_core.verb:set package 'bumperbot_cpp_examples' build argument 'cmake_target' from command line to 'None'
[3.077s] Level 5:colcon.colcon_core.verb:set package 'bumperbot_cpp_examples' build argument 'cmake_target_skip_unavailable' from command line to 'False'
[3.077s] Level 5:colcon.colcon_core.verb:set package 'bumperbot_cpp_examples' build argument 'cmake_clean_cache' from command line to 'False'
[3.077s] Level 5:colcon.colcon_core.verb:set package 'bumperbot_cpp_examples' build argument 'cmake_clean_first' from command line to 'False'
[3.077s] Level 5:colcon.colcon_core.verb:set package 'bumperbot_cpp_examples' build argument 'cmake_force_configure' from command line to 'False'
[3.077s] Level 5:colcon.colcon_core.verb:set package 'bumperbot_cpp_examples' build argument 'ament_cmake_args' from command line to 'None'
[3.077s] Level 5:colcon.colcon_core.verb:set package 'bumperbot_cpp_examples' build argument 'catkin_cmake_args' from command line to 'None'
[3.077s] Level 5:colcon.colcon_core.verb:set package 'bumperbot_cpp_examples' build argument 'catkin_skip_building_tests' from command line to 'False'
[3.077s] DEBUG:colcon.colcon_core.verb:Building package 'bumperbot_cpp_examples' with the following arguments: {'ament_cmake_args': None, 'build_base': '/home/david/bumperbot_ws/build/bumperbot_cpp_examples', 'catkin_cmake_args': None, 'catkin_skip_building_tests': False, 'cmake_args': None, 'cmake_clean_cache': False, 'cmake_clean_first': False, 'cmake_force_configure': False, 'cmake_target': None, 'cmake_target_skip_unavailable': False, 'install_base': '/home/david/bumperbot_ws/install/bumperbot_cpp_examples', 'merge_install': False, 'path': '/home/david/bumperbot_ws/src/bumperbot_cpp_examples', 'symlink_install': False, 'test_result_base': None}
[3.094s] Level 5:colcon.colcon_core.verb:set package 'bumperbot_description' build argument 'cmake_args' from command line to 'None'
[3.095s] Level 5:colcon.colcon_core.verb:set package 'bumperbot_description' build argument 'cmake_target' from command line to 'None'
[3.095s] Level 5:colcon.colcon_core.verb:set package 'bumperbot_description' build argument 'cmake_target_skip_unavailable' from command line to 'False'
[3.095s] Level 5:colcon.colcon_core.verb:set package 'bumperbot_description' build argument 'cmake_clean_cache' from command line to 'False'
[3.095s] Level 5:colcon.colcon_core.verb:set package 'bumperbot_description' build argument 'cmake_clean_first' from command line to 'False'
[3.095s] Level 5:colcon.colcon_core.verb:set package 'bumperbot_description' build argument 'cmake_force_configure' from command line to 'False'
[3.095s] Level 5:colcon.colcon_core.verb:set package 'bumperbot_description' build argument 'ament_cmake_args' from command line to 'None'
[3.095s] Level 5:colcon.colcon_core.verb:set package 'bumperbot_description' build argument 'catkin_cmake_args' from command line to 'None'
[3.095s] Level 5:colcon.colcon_core.verb:set package 'bumperbot_description' build argument 'catkin_skip_building_tests' from command line to 'False'
[3.095s] DEBUG:colcon.colcon_core.verb:Building package 'bumperbot_description' with the following arguments: {'ament_cmake_args': None, 'build_base': '/home/david/bumperbot_ws/build/bumperbot_description', 'catkin_cmake_args': None, 'catkin_skip_building_tests': False, 'cmake_args': None, 'cmake_clean_cache': False, 'cmake_clean_first': False, 'cmake_force_configure': False, 'cmake_target': None, 'cmake_target_skip_unavailable': False, 'install_base': '/home/david/bumperbot_ws/install/bumperbot_description', 'merge_install': False, 'path': '/home/david/bumperbot_ws/src/bumperbot_description', 'symlink_install': False, 'test_result_base': None}
[3.116s] Level 5:colcon.colcon_core.verb:set package 'bumperbot_py_examples' build argument 'cmake_args' from command line to 'None'
[3.116s] Level 5:colcon.colcon_core.verb:set package 'bumperbot_py_examples' build argument 'cmake_target' from command line to 'None'
[3.116s] Level 5:colcon.colcon_core.verb:set package 'bumperbot_py_examples' build argument 'cmake_target_skip_unavailable' from command line to 'False'
[3.116s] Level 5:colcon.colcon_core.verb:set package 'bumperbot_py_examples' build argument 'cmake_clean_cache' from command line to 'False'
[3.116s] Level 5:colcon.colcon_core.verb:set package 'bumperbot_py_examples' build argument 'cmake_clean_first' from command line to 'False'
[3.116s] Level 5:colcon.colcon_core.verb:set package 'bumperbot_py_examples' build argument 'cmake_force_configure' from command line to 'False'
[3.116s] Level 5:colcon.colcon_core.verb:set package 'bumperbot_py_examples' build argument 'ament_cmake_args' from command line to 'None'
[3.116s] Level 5:colcon.colcon_core.verb:set package 'bumperbot_py_examples' build argument 'catkin_cmake_args' from command line to 'None'
[3.117s] Level 5:colcon.colcon_core.verb:set package 'bumperbot_py_examples' build argument 'catkin_skip_building_tests' from command line to 'False'
[3.117s] DEBUG:colcon.colcon_core.verb:Building package 'bumperbot_py_examples' with the following arguments: {'ament_cmake_args': None, 'build_base': '/home/david/bumperbot_ws/build/bumperbot_py_examples', 'catkin_cmake_args': None, 'catkin_skip_building_tests': False, 'cmake_args': None, 'cmake_clean_cache': False, 'cmake_clean_first': False, 'cmake_force_configure': False, 'cmake_target': None, 'cmake_target_skip_unavailable': False, 'install_base': '/home/david/bumperbot_ws/install/bumperbot_py_examples', 'merge_install': False, 'path': '/home/david/bumperbot_ws/src/bumperbot_py_examples', 'symlink_install': False, 'test_result_base': None}
[3.134s] INFO:colcon.colcon_core.executor:Executing jobs using 'parallel' executor
[3.153s] DEBUG:colcon.colcon_parallel_executor.executor.parallel:run_until_complete
[3.153s] INFO:colcon.colcon_ros.task.ament_cmake.build:Building ROS package in '/home/david/bumperbot_ws/src/bumperbot_cpp_examples' with build type 'ament_cmake'
[3.154s] INFO:colcon.colcon_cmake.task.cmake.build:Building CMake package in '/home/david/bumperbot_ws/src/bumperbot_cpp_examples'
[3.183s] INFO:colcon.colcon_core.plugin_system:Skipping extension 'colcon_core.shell.bat': Not used on non-Windows systems
[3.184s] INFO:colcon.colcon_core.shell:Skip shell extension 'powershell' for command environment: Not usable outside of PowerShell
[3.184s] DEBUG:colcon.colcon_core.shell:Skip shell extension 'dsv' for command environment
[3.236s] INFO:colcon.colcon_ros.task.ament_cmake.build:Building ROS package in '/home/david/bumperbot_ws/src/bumperbot_description' with build type 'ament_cmake'
[3.236s] INFO:colcon.colcon_cmake.task.cmake.build:Building CMake package in '/home/david/bumperbot_ws/src/bumperbot_description'
[3.258s] INFO:colcon.colcon_core.shell:Skip shell extension 'powershell' for command environment: Not usable outside of PowerShell
[3.258s] DEBUG:colcon.colcon_core.shell:Skip shell extension 'dsv' for command environment
[3.312s] INFO:colcon.colcon_ros.task.ament_python.build:Building ROS package in '/home/david/bumperbot_ws/src/bumperbot_py_examples' with build type 'ament_python'
[3.312s] Level 1:colcon.colcon_core.shell:create_environment_hook('bumperbot_py_examples', 'ament_prefix_path')
[3.332s] INFO:colcon.colcon_core.shell:Creating environment hook '/home/david/bumperbot_ws/install/bumperbot_py_examples/share/bumperbot_py_examples/hook/ament_prefix_path.ps1'
[3.345s] INFO:colcon.colcon_core.shell:Creating environment descriptor '/home/david/bumperbot_ws/install/bumperbot_py_examples/share/bumperbot_py_examples/hook/ament_prefix_path.dsv'
[3.345s] INFO:colcon.colcon_core.shell:Creating environment hook '/home/david/bumperbot_ws/install/bumperbot_py_examples/share/bumperbot_py_examples/hook/ament_prefix_path.sh'
[3.365s] INFO:colcon.colcon_core.shell:Skip shell extension 'powershell' for command environment: Not usable outside of PowerShell
[3.365s] DEBUG:colcon.colcon_core.shell:Skip shell extension 'dsv' for command environment
[3.435s] DEBUG:colcon.colcon_core.event_handler.log_command:Invoking command in '/home/david/bumperbot_ws/build/bumperbot_cpp_examples': CMAKE_PREFIX_PATH=/opt/ros/humble /usr/bin/cmake --build /home/david/bumperbot_ws/build/bumperbot_cpp_examples -- -j4 -l4
[3.459s] DEBUG:colcon.colcon_core.event_handler.log_command:Invoking command in '/home/david/bumperbot_ws/build/bumperbot_description': CMAKE_PREFIX_PATH=/opt/ros/humble /usr/bin/cmake --build /home/david/bumperbot_ws/build/bumperbot_description -- -j4 -l4
[3.947s] INFO:colcon.colcon_core.task.python.build:Building Python package in '/home/david/bumperbot_ws/src/bumperbot_py_examples'
[3.964s] INFO:colcon.colcon_core.shell:Skip shell extension 'powershell' for command environment: Not usable outside of PowerShell
[3.964s] DEBUG:colcon.colcon_core.shell:Skip shell extension 'dsv' for command environment
[4.076s] DEBUG:colcon.colcon_core.event_handler.log_command:Invoked command in '/home/david/bumperbot_ws/build/bumperbot_cpp_examples' returned '0': CMAKE_PREFIX_PATH=/opt/ros/humble /usr/bin/cmake --build /home/david/bumperbot_ws/build/bumperbot_cpp_examples -- -j4 -l4
[4.122s] DEBUG:colcon.colcon_core.event_handler.log_command:Invoking command in '/home/david/bumperbot_ws/build/bumperbot_cpp_examples': CMAKE_PREFIX_PATH=/opt/ros/humble /usr/bin/cmake --install /home/david/bumperbot_ws/build/bumperbot_cpp_examples
[4.336s] Level 1:colcon.colcon_core.environment:create_environment_scripts_only(bumperbot_cpp_examples)
[4.338s] DEBUG:colcon.colcon_core.event_handler.log_command:Invoked command in '/home/david/bumperbot_ws/build/bumperbot_cpp_examples' returned '0': CMAKE_PREFIX_PATH=/opt/ros/humble /usr/bin/cmake --install /home/david/bumperbot_ws/build/bumperbot_cpp_examples
[4.423s] Level 1:colcon.colcon_core.environment:checking '/home/david/bumperbot_ws/install/bumperbot_cpp_examples' for CMake module files
[4.424s] Level 1:colcon.colcon_core.environment:checking '/home/david/bumperbot_ws/install/bumperbot_cpp_examples' for CMake config files
[4.424s] Level 1:colcon.colcon_core.shell:create_environment_hook('bumperbot_cpp_examples', 'cmake_prefix_path')
[4.444s] INFO:colcon.colcon_core.shell:Creating environment hook '/home/david/bumperbot_ws/install/bumperbot_cpp_examples/share/bumperbot_cpp_examples/hook/cmake_prefix_path.ps1'
[4.445s] INFO:colcon.colcon_core.shell:Creating environment descriptor '/home/david/bumperbot_ws/install/bumperbot_cpp_examples/share/bumperbot_cpp_examples/hook/cmake_prefix_path.dsv'
[4.445s] INFO:colcon.colcon_core.shell:Creating environment hook '/home/david/bumperbot_ws/install/bumperbot_cpp_examples/share/bumperbot_cpp_examples/hook/cmake_prefix_path.sh'
[4.446s] Level 1:colcon.colcon_core.environment:checking '/home/david/bumperbot_ws/install/bumperbot_cpp_examples/lib'
[4.446s] Level 1:colcon.colcon_core.environment:checking '/home/david/bumperbot_ws/install/bumperbot_cpp_examples/bin'
[4.446s] Level 1:colcon.colcon_core.environment:checking '/home/david/bumperbot_ws/install/bumperbot_cpp_examples/lib/pkgconfig/bumperbot_cpp_examples.pc'
[4.447s] Level 1:colcon.colcon_core.environment:checking '/home/david/bumperbot_ws/install/bumperbot_cpp_examples/lib/python3.10/site-packages'
[4.447s] Level 1:colcon.colcon_core.environment:checking '/home/david/bumperbot_ws/install/bumperbot_cpp_examples/bin'
[4.465s] INFO:colcon.colcon_core.shell:Creating package script '/home/david/bumperbot_ws/install/bumperbot_cpp_examples/share/bumperbot_cpp_examples/package.ps1'
[4.476s] INFO:colcon.colcon_core.shell:Creating package descriptor '/home/david/bumperbot_ws/install/bumperbot_cpp_examples/share/bumperbot_cpp_examples/package.dsv'
[4.500s] INFO:colcon.colcon_core.shell:Creating package script '/home/david/bumperbot_ws/install/bumperbot_cpp_examples/share/bumperbot_cpp_examples/package.sh'
[4.501s] INFO:colcon.colcon_core.shell:Creating package script '/home/david/bumperbot_ws/install/bumperbot_cpp_examples/share/bumperbot_cpp_examples/package.bash'
[4.511s] INFO:colcon.colcon_core.shell:Creating package script '/home/david/bumperbot_ws/install/bumperbot_cpp_examples/share/bumperbot_cpp_examples/package.zsh'
[4.523s] Level 1:colcon.colcon_core.environment:create_file_with_runtime_dependencies(/home/david/bumperbot_ws/install/bumperbot_cpp_examples/share/colcon-core/packages/bumperbot_cpp_examples)
[4.572s] Level 1:colcon.colcon_core.environment:create_environment_scripts_only(bumperbot_cpp_examples)
[4.593s] Level 1:colcon.colcon_core.environment:checking '/home/david/bumperbot_ws/install/bumperbot_cpp_examples' for CMake module files
[4.593s] Level 1:colcon.colcon_core.environment:checking '/home/david/bumperbot_ws/install/bumperbot_cpp_examples' for CMake config files
[4.594s] Level 1:colcon.colcon_core.shell:create_environment_hook('bumperbot_cpp_examples', 'cmake_prefix_path')
[4.613s] INFO:colcon.colcon_core.shell:Creating environment hook '/home/david/bumperbot_ws/install/bumperbot_cpp_examples/share/bumperbot_cpp_examples/hook/cmake_prefix_path.ps1'
[4.613s] INFO:colcon.colcon_core.shell:Creating environment descriptor '/home/david/bumperbot_ws/install/bumperbot_cpp_examples/share/bumperbot_cpp_examples/hook/cmake_prefix_path.dsv'
[4.614s] INFO:colcon.colcon_core.shell:Creating environment hook '/home/david/bumperbot_ws/install/bumperbot_cpp_examples/share/bumperbot_cpp_examples/hook/cmake_prefix_path.sh'
[4.615s] Level 1:colcon.colcon_core.environment:checking '/home/david/bumperbot_ws/install/bumperbot_cpp_examples/lib'
[4.615s] Level 1:colcon.colcon_core.environment:checking '/home/david/bumperbot_ws/install/bumperbot_cpp_examples/bin'
[4.615s] Level 1:colcon.colcon_core.environment:checking '/home/david/bumperbot_ws/install/bumperbot_cpp_examples/lib/pkgconfig/bumperbot_cpp_examples.pc'
[4.615s] Level 1:colcon.colcon_core.environment:checking '/home/david/bumperbot_ws/install/bumperbot_cpp_examples/lib/python3.10/site-packages'
[4.616s] Level 1:colcon.colcon_core.environment:checking '/home/david/bumperbot_ws/install/bumperbot_cpp_examples/bin'
[4.638s] INFO:colcon.colcon_core.shell:Creating package script '/home/david/bumperbot_ws/install/bumperbot_cpp_examples/share/bumperbot_cpp_examples/package.ps1'
[4.639s] INFO:colcon.colcon_core.shell:Creating package descriptor '/home/david/bumperbot_ws/install/bumperbot_cpp_examples/share/bumperbot_cpp_examples/package.dsv'
[4.640s] INFO:colcon.colcon_core.shell:Creating package script '/home/david/bumperbot_ws/install/bumperbot_cpp_examples/share/bumperbot_cpp_examples/package.sh'
[4.640s] INFO:colcon.colcon_core.shell:Creating package script '/home/david/bumperbot_ws/install/bumperbot_cpp_examples/share/bumperbot_cpp_examples/package.bash'
[4.641s] INFO:colcon.colcon_core.shell:Creating package script '/home/david/bumperbot_ws/install/bumperbot_cpp_examples/share/bumperbot_cpp_examples/package.zsh'
[4.641s] Level 1:colcon.colcon_core.environment:create_file_with_runtime_dependencies(/home/david/bumperbot_ws/install/bumperbot_cpp_examples/share/colcon-core/packages/bumperbot_cpp_examples)
[6.154s] DEBUG:colcon.colcon_core.event_handler.log_command:Invoked command in '/home/david/bumperbot_ws/build/bumperbot_description' returned '0': CMAKE_PREFIX_PATH=/opt/ros/humble /usr/bin/cmake --build /home/david/bumperbot_ws/build/bumperbot_description -- -j4 -l4
[6.184s] DEBUG:colcon.colcon_core.event_handler.log_command:Invoking command in '/home/david/bumperbot_ws/build/bumperbot_description': CMAKE_PREFIX_PATH=/opt/ros/humble /usr/bin/cmake --install /home/david/bumperbot_ws/build/bumperbot_description
[6.261s] Level 1:colcon.colcon_core.environment:create_environment_scripts_only(bumperbot_description)
[6.261s] DEBUG:colcon.colcon_core.event_handler.log_command:Invoked command in '/home/david/bumperbot_ws/build/bumperbot_description' returned '0': CMAKE_PREFIX_PATH=/opt/ros/humble /usr/bin/cmake --install /home/david/bumperbot_ws/build/bumperbot_description
[6.294s] Level 1:colcon.colcon_core.environment:checking '/home/david/bumperbot_ws/install/bumperbot_description' for CMake module files
[6.295s] Level 1:colcon.colcon_core.environment:checking '/home/david/bumperbot_ws/install/bumperbot_description' for CMake config files
[6.295s] Level 1:colcon.colcon_core.shell:create_environment_hook('bumperbot_description', 'cmake_prefix_path')
[6.324s] INFO:colcon.colcon_core.shell:Creating environment hook '/home/david/bumperbot_ws/install/bumperbot_description/share/bumperbot_description/hook/cmake_prefix_path.ps1'
[6.325s] INFO:colcon.colcon_core.shell:Creating environment descriptor '/home/david/bumperbot_ws/install/bumperbot_description/share/bumperbot_description/hook/cmake_prefix_path.dsv'
[6.325s] INFO:colcon.colcon_core.shell:Creating environment hook '/home/david/bumperbot_ws/install/bumperbot_description/share/bumperbot_description/hook/cmake_prefix_path.sh'
[6.325s] Level 1:colcon.colcon_core.environment:checking '/home/david/bumperbot_ws/install/bumperbot_description/bin'
[6.326s] Level 1:colcon.colcon_core.environment:checking '/home/david/bumperbot_ws/install/bumperbot_description/lib/pkgconfig/bumperbot_description.pc'
[6.326s] Level 1:colcon.colcon_core.environment:checking '/home/david/bumperbot_ws/install/bumperbot_description/lib/python3.10/site-packages'
[6.326s] Level 1:colcon.colcon_core.environment:checking '/home/david/bumperbot_ws/install/bumperbot_description/bin'
[6.349s] INFO:colcon.colcon_core.shell:Creating package script '/home/david/bumperbot_ws/install/bumperbot_description/share/bumperbot_description/package.ps1'
[6.350s] INFO:colcon.colcon_core.shell:Creating package descriptor '/home/david/bumperbot_ws/install/bumperbot_description/share/bumperbot_description/package.dsv'
[6.350s] INFO:colcon.colcon_core.shell:Creating package script '/home/david/bumperbot_ws/install/bumperbot_description/share/bumperbot_description/package.sh'
[6.351s] INFO:colcon.colcon_core.shell:Creating package script '/home/david/bumperbot_ws/install/bumperbot_description/share/bumperbot_description/package.bash'
[6.351s] INFO:colcon.colcon_core.shell:Creating package script '/home/david/bumperbot_ws/install/bumperbot_description/share/bumperbot_description/package.zsh'
[6.351s] Level 1:colcon.colcon_core.environment:create_file_with_runtime_dependencies(/home/david/bumperbot_ws/install/bumperbot_description/share/colcon-core/packages/bumperbot_description)
[6.404s] Level 1:colcon.colcon_core.environment:create_environment_scripts_only(bumperbot_description)
[6.424s] Level 1:colcon.colcon_core.environment:checking '/home/david/bumperbot_ws/install/bumperbot_description' for CMake module files
[6.424s] Level 1:colcon.colcon_core.environment:checking '/home/david/bumperbot_ws/install/bumperbot_description' for CMake config files
[6.425s] Level 1:colcon.colcon_core.shell:create_environment_hook('bumperbot_description', 'cmake_prefix_path')
[6.448s] INFO:colcon.colcon_core.shell:Creating environment hook '/home/david/bumperbot_ws/install/bumperbot_description/share/bumperbot_description/hook/cmake_prefix_path.ps1'
[6.449s] INFO:colcon.colcon_core.shell:Creating environment descriptor '/home/david/bumperbot_ws/install/bumperbot_description/share/bumperbot_description/hook/cmake_prefix_path.dsv'
[6.449s] INFO:colcon.colcon_core.shell:Creating environment hook '/home/david/bumperbot_ws/install/bumperbot_description/share/bumperbot_description/hook/cmake_prefix_path.sh'
[6.450s] Level 1:colcon.colcon_core.environment:checking '/home/david/bumperbot_ws/install/bumperbot_description/bin'
[6.450s] Level 1:colcon.colcon_core.environment:checking '/home/david/bumperbot_ws/install/bumperbot_description/lib/pkgconfig/bumperbot_description.pc'
[6.450s] Level 1:colcon.colcon_core.environment:checking '/home/david/bumperbot_ws/install/bumperbot_description/lib/python3.10/site-packages'
[6.450s] Level 1:colcon.colcon_core.environment:checking '/home/david/bumperbot_ws/install/bumperbot_description/bin'
[6.470s] INFO:colcon.colcon_core.shell:Creating package script '/home/david/bumperbot_ws/install/bumperbot_description/share/bumperbot_description/package.ps1'
[6.470s] INFO:colcon.colcon_core.shell:Creating package descriptor '/home/david/bumperbot_ws/install/bumperbot_description/share/bumperbot_description/package.dsv'
[6.471s] INFO:colcon.colcon_core.shell:Creating package script '/home/david/bumperbot_ws/install/bumperbot_description/share/bumperbot_description/package.sh'
[6.472s] INFO:colcon.colcon_core.shell:Creating package script '/home/david/bumperbot_ws/install/bumperbot_description/share/bumperbot_description/package.bash'
[6.473s] INFO:colcon.colcon_core.shell:Creating package script '/home/david/bumperbot_ws/install/bumperbot_description/share/bumperbot_description/package.zsh'
[6.473s] Level 1:colcon.colcon_core.environment:create_file_with_runtime_dependencies(/home/david/bumperbot_ws/install/bumperbot_description/share/colcon-core/packages/bumperbot_description)
[6.527s] DEBUG:colcon.colcon_core.event_handler.log_command:Invoking command in '/home/david/bumperbot_ws/src/bumperbot_py_examples': PYTHONPATH=/home/david/bumperbot_ws/build/bumperbot_py_examples/prefix_override:/home/david/bumperbot_ws/install/bumperbot_py_examples/lib/python3.10/site-packages:${PYTHONPATH} /usr/bin/python3 setup.py egg_info --egg-base ../../build/bumperbot_py_examples build --build-base /home/david/bumperbot_ws/build/bumperbot_py_examples/build install --record /home/david/bumperbot_ws/build/bumperbot_py_examples/install.log --single-version-externally-managed
[7.013s] DEBUG:colcon.colcon_core.event_handler.log_command:Invoked command in '/home/david/bumperbot_ws/src/bumperbot_py_examples' returned '0': PYTHONPATH=/home/david/bumperbot_ws/build/bumperbot_py_examples/prefix_override:/home/david/bumperbot_ws/install/bumperbot_py_examples/lib/python3.10/site-packages:${PYTHONPATH} /usr/bin/python3 setup.py egg_info --egg-base ../../build/bumperbot_py_examples build --build-base /home/david/bumperbot_ws/build/bumperbot_py_examples/build install --record /home/david/bumperbot_ws/build/bumperbot_py_examples/install.log --single-version-externally-managed
[7.035s] Level 1:colcon.colcon_core.environment:checking '/home/david/bumperbot_ws/install/bumperbot_py_examples' for CMake module files
[7.036s] Level 1:colcon.colcon_core.environment:checking '/home/david/bumperbot_ws/install/bumperbot_py_examples' for CMake config files
[7.046s] Level 1:colcon.colcon_core.environment:checking '/home/david/bumperbot_ws/install/bumperbot_py_examples/lib'
[7.046s] Level 1:colcon.colcon_core.environment:checking '/home/david/bumperbot_ws/install/bumperbot_py_examples/bin'
[7.046s] Level 1:colcon.colcon_core.environment:checking '/home/david/bumperbot_ws/install/bumperbot_py_examples/lib/pkgconfig/bumperbot_py_examples.pc'
[7.047s] Level 1:colcon.colcon_core.environment:checking '/home/david/bumperbot_ws/install/bumperbot_py_examples/lib/python3.10/site-packages'
[7.047s] Level 1:colcon.colcon_core.shell:create_environment_hook('bumperbot_py_examples', 'pythonpath')
[7.065s] INFO:colcon.colcon_core.shell:Creating environment hook '/home/david/bumperbot_ws/install/bumperbot_py_examples/share/bumperbot_py_examples/hook/pythonpath.ps1'
[7.066s] INFO:colcon.colcon_core.shell:Creating environment descriptor '/home/david/bumperbot_ws/install/bumperbot_py_examples/share/bumperbot_py_examples/hook/pythonpath.dsv'
[7.066s] INFO:colcon.colcon_core.shell:Creating environment hook '/home/david/bumperbot_ws/install/bumperbot_py_examples/share/bumperbot_py_examples/hook/pythonpath.sh'
[7.067s] Level 1:colcon.colcon_core.environment:checking '/home/david/bumperbot_ws/install/bumperbot_py_examples/bin'
[7.067s] Level 1:colcon.colcon_core.environment:create_environment_scripts_only(bumperbot_py_examples)
[7.084s] INFO:colcon.colcon_core.shell:Creating package script '/home/david/bumperbot_ws/install/bumperbot_py_examples/share/bumperbot_py_examples/package.ps1'
[7.085s] INFO:colcon.colcon_core.shell:Creating package descriptor '/home/david/bumperbot_ws/install/bumperbot_py_examples/share/bumperbot_py_examples/package.dsv'
[7.086s] INFO:colcon.colcon_core.shell:Creating package script '/home/david/bumperbot_ws/install/bumperbot_py_examples/share/bumperbot_py_examples/package.sh'
[7.086s] INFO:colcon.colcon_core.shell:Creating package script '/home/david/bumperbot_ws/install/bumperbot_py_examples/share/bumperbot_py_examples/package.bash'
[7.086s] INFO:colcon.colcon_core.shell:Creating package script '/home/david/bumperbot_ws/install/bumperbot_py_examples/share/bumperbot_py_examples/package.zsh'
[7.087s] Level 1:colcon.colcon_core.environment:create_file_with_runtime_dependencies(/home/david/bumperbot_ws/install/bumperbot_py_examples/share/colcon-core/packages/bumperbot_py_examples)
[7.087s] DEBUG:colcon.colcon_parallel_executor.executor.parallel:closing loop
[7.087s] DEBUG:colcon.colcon_parallel_executor.executor.parallel:loop closed
[7.087s] DEBUG:colcon.colcon_parallel_executor.executor.parallel:run_until_complete finished with '0'
[7.088s] DEBUG:colcon.colcon_core.event_reactor:joining thread
[7.150s] INFO:colcon.colcon_core.plugin_system:Skipping extension 'colcon_notification.desktop_notification.terminal_notifier': Not used on non-Darwin systems
[7.151s] INFO:colcon.colcon_core.plugin_system:Skipping extension 'colcon_notification.desktop_notification.win32': Not used on non-Windows systems
[7.151s] INFO:colcon.colcon_notification.desktop_notification:Sending desktop notification using 'notify2'
[7.173s] DEBUG:colcon.colcon_core.event_reactor:joined thread
[7.196s] INFO:colcon.colcon_core.shell:Creating prefix script '/home/david/bumperbot_ws/install/local_setup.ps1'
[7.205s] INFO:colcon.colcon_core.shell:Creating prefix util module '/home/david/bumperbot_ws/install/_local_setup_util_ps1.py'
[7.225s] INFO:colcon.colcon_core.shell:Creating prefix chain script '/home/david/bumperbot_ws/install/setup.ps1'
[7.307s] INFO:colcon.colcon_core.shell:Creating prefix script '/home/david/bumperbot_ws/install/local_setup.sh'
[7.308s] INFO:colcon.colcon_core.shell:Creating prefix util module '/home/david/bumperbot_ws/install/_local_setup_util_sh.py'
[7.308s] INFO:colcon.colcon_core.shell:Creating prefix chain script '/home/david/bumperbot_ws/install/setup.sh'
[7.332s] INFO:colcon.colcon_core.shell:Creating prefix script '/home/david/bumperbot_ws/install/local_setup.bash'
[7.340s] INFO:colcon.colcon_core.shell:Creating prefix chain script '/home/david/bumperbot_ws/install/setup.bash'
[7.360s] INFO:colcon.colcon_core.shell:Creating prefix script '/home/david/bumperbot_ws/install/local_setup.zsh'
[7.387s] INFO:colcon.colcon_core.shell:Creating prefix chain script '/home/david/bumperbot_ws/install/setup.zsh'
