[0.273s] Invoking command in '/media/david/Storage/David/Research/Github/ROS/ROS2/build/bumperbot_cpp_examples': CMAKE_PREFIX_PATH=/opt/ros/humble /usr/bin/cmake --build /media/david/Storage/David/Research/Github/ROS/ROS2/build/bumperbot_cpp_examples -- -j4 -l4
[3.905s] [ 25%] Built target simple_publisher
[3.914s] [ 50%] Built target simple_turtlesim_kinematics
[3.919s] [ 75%] Built target simple_parameter
[3.941s] [100%] Built target simple_subscriber
[4.010s] Invoked command in '/media/david/Storage/David/Research/Github/ROS/ROS2/build/bumperbot_cpp_examples' returned '0': CMAKE_PREFIX_PATH=/opt/ros/humble /usr/bin/cmake --build /media/david/Storage/David/Research/Github/ROS/ROS2/build/bumperbot_cpp_examples -- -j4 -l4
[4.792s] Invoking command in '/media/david/Storage/David/Research/Github/ROS/ROS2/build/bumperbot_cpp_examples': CMAKE_PREFIX_PATH=/opt/ros/humble /usr/bin/cmake --install /media/david/Storage/David/Research/Github/ROS/ROS2/build/bumperbot_cpp_examples
[4.863s] -- Install configuration: ""
[4.884s] -- Up-to-date: /media/david/Storage/David/Research/Github/ROS/ROS2/install/bumperbot_cpp_examples/include/include
[4.908s] -- Up-to-date: /media/david/Storage/David/Research/Github/ROS/ROS2/install/bumperbot_cpp_examples/include/include/bumperbot_cpp_examples
[4.930s] -- Up-to-date: /media/david/Storage/David/Research/Github/ROS/ROS2/install/bumperbot_cpp_examples/include/include/bumperbot_cpp_examples/simple_turtlesim_kinematics.hpp
[4.979s] -- Up-to-date: /media/david/Storage/David/Research/Github/ROS/ROS2/install/bumperbot_cpp_examples/lib/bumperbot_cpp_examples/simple_publisher
[5.035s] -- Up-to-date: /media/david/Storage/David/Research/Github/ROS/ROS2/install/bumperbot_cpp_examples/lib/bumperbot_cpp_examples/simple_subscriber
[5.082s] -- Up-to-date: /media/david/Storage/David/Research/Github/ROS/ROS2/install/bumperbot_cpp_examples/lib/bumperbot_cpp_examples/simple_parameter
[5.126s] -- Up-to-date: /media/david/Storage/David/Research/Github/ROS/ROS2/install/bumperbot_cpp_examples/lib/bumperbot_cpp_examples/simple_turtlesim_kinematics
[5.173s] -- Up-to-date: /media/david/Storage/David/Research/Github/ROS/ROS2/install/bumperbot_cpp_examples/share/ament_index/resource_index/package_run_dependencies/bumperbot_cpp_examples
[5.239s] -- Up-to-date: /media/david/Storage/David/Research/Github/ROS/ROS2/install/bumperbot_cpp_examples/share/ament_index/resource_index/parent_prefix_path/bumperbot_cpp_examples
[5.259s] -- Up-to-date: /media/david/Storage/David/Research/Github/ROS/ROS2/install/bumperbot_cpp_examples/share/bumperbot_cpp_examples/environment/ament_prefix_path.sh
[5.351s] -- Up-to-date: /media/david/Storage/David/Research/Github/ROS/ROS2/install/bumperbot_cpp_examples/share/bumperbot_cpp_examples/environment/ament_prefix_path.dsv
[5.382s] -- Up-to-date: /media/david/Storage/David/Research/Github/ROS/ROS2/install/bumperbot_cpp_examples/share/bumperbot_cpp_examples/environment/path.sh
[5.396s] -- Up-to-date: /media/david/Storage/David/Research/Github/ROS/ROS2/install/bumperbot_cpp_examples/share/bumperbot_cpp_examples/environment/path.dsv
[5.398s] -- Up-to-date: /media/david/Storage/David/Research/Github/ROS/ROS2/install/bumperbot_cpp_examples/share/bumperbot_cpp_examples/local_setup.bash
[5.402s] -- Up-to-date: /media/david/Storage/David/Research/Github/ROS/ROS2/install/bumperbot_cpp_examples/share/bumperbot_cpp_examples/local_setup.sh
[5.423s] -- Up-to-date: /media/david/Storage/David/Research/Github/ROS/ROS2/install/bumperbot_cpp_examples/share/bumperbot_cpp_examples/local_setup.zsh
[5.437s] -- Up-to-date: /media/david/Storage/David/Research/Github/ROS/ROS2/install/bumperbot_cpp_examples/share/bumperbot_cpp_examples/local_setup.dsv
[5.443s] -- Installing: /media/david/Storage/David/Research/Github/ROS/ROS2/install/bumperbot_cpp_examples/share/bumperbot_cpp_examples/package.dsv
[5.512s] -- Up-to-date: /media/david/Storage/David/Research/Github/ROS/ROS2/install/bumperbot_cpp_examples/share/ament_index/resource_index/packages/bumperbot_cpp_examples
[5.526s] -- Up-to-date: /media/david/Storage/David/Research/Github/ROS/ROS2/install/bumperbot_cpp_examples/share/bumperbot_cpp_examples/cmake/bumperbot_cpp_examplesConfig.cmake
[5.541s] -- Up-to-date: /media/david/Storage/David/Research/Github/ROS/ROS2/install/bumperbot_cpp_examples/share/bumperbot_cpp_examples/cmake/bumperbot_cpp_examplesConfig-version.cmake
[5.552s] -- Up-to-date: /media/david/Storage/David/Research/Github/ROS/ROS2/install/bumperbot_cpp_examples/share/bumperbot_cpp_examples/package.xml
[5.592s] Invoked command in '/media/david/Storage/David/Research/Github/ROS/ROS2/build/bumperbot_cpp_examples' returned '0': CMAKE_PREFIX_PATH=/opt/ros/humble /usr/bin/cmake --install /media/david/Storage/David/Research/Github/ROS/ROS2/build/bumperbot_cpp_examples
