[0.040s] Invoking command in '/media/david/Storage/David/Research/Github/ROS/ROS2/build/bumperbot_description': CMAKE_PREFIX_PATH=/opt/ros/humble /usr/bin/cmake --build /media/david/Storage/David/Research/Github/ROS/ROS2/build/bumperbot_description -- -j4 -l4
[0.136s] Invoked command in '/media/david/Storage/David/Research/Github/ROS/ROS2/build/bumperbot_description' returned '0': CMAKE_PREFIX_PATH=/opt/ros/humble /usr/bin/cmake --build /media/david/Storage/David/Research/Github/ROS/ROS2/build/bumperbot_description -- -j4 -l4
[0.342s] Invoking command in '/media/david/Storage/David/Research/Github/ROS/ROS2/build/bumperbot_description': CMAKE_PREFIX_PATH=/opt/ros/humble /usr/bin/cmake --install /media/david/Storage/David/Research/Github/ROS/ROS2/build/bumperbot_description
[0.368s] -- Install configuration: ""
[0.375s] -- Up-to-date: /media/david/Storage/David/Research/Github/ROS/ROS2/install/bumperbot_description/share/bumperbot_description/launch
[0.387s] -- Up-to-date: /media/david/Storage/David/Research/Github/ROS/ROS2/install/bumperbot_description/share/bumperbot_description/launch/display.launch.py
[0.396s] -- Up-to-date: /media/david/Storage/David/Research/Github/ROS/ROS2/install/bumperbot_description/share/bumperbot_description/launch/gazebo.launch.py
[0.402s] -- Up-to-date: /media/david/Storage/David/Research/Github/ROS/ROS2/install/bumperbot_description/share/bumperbot_description/meshes
[0.429s] -- Up-to-date: /media/david/Storage/David/Research/Github/ROS/ROS2/install/bumperbot_description/share/bumperbot_description/meshes/base_link.STL
[0.429s] -- Up-to-date: /media/david/Storage/David/Research/Github/ROS/ROS2/install/bumperbot_description/share/bumperbot_description/meshes/caster_front_link.STL
[0.430s] -- Up-to-date: /media/david/Storage/David/Research/Github/ROS/ROS2/install/bumperbot_description/share/bumperbot_description/meshes/caster_rear_link.STL
[0.430s] -- Up-to-date: /media/david/Storage/David/Research/Github/ROS/ROS2/install/bumperbot_description/share/bumperbot_description/meshes/imu_link.STL
[0.442s] -- Up-to-date: /media/david/Storage/David/Research/Github/ROS/ROS2/install/bumperbot_description/share/bumperbot_description/meshes/wheel_left_link.STL
[0.443s] -- Up-to-date: /media/david/Storage/David/Research/Github/ROS/ROS2/install/bumperbot_description/share/bumperbot_description/meshes/wheel_right_link.STL
[0.444s] -- Up-to-date: /media/david/Storage/David/Research/Github/ROS/ROS2/install/bumperbot_description/share/bumperbot_description/models
[0.450s] -- Up-to-date: /media/david/Storage/David/Research/Github/ROS/ROS2/install/bumperbot_description/share/bumperbot_description/models/ground_plane
[0.459s] -- Up-to-date: /media/david/Storage/David/Research/Github/ROS/ROS2/install/bumperbot_description/share/bumperbot_description/models/ground_plane/model-1_2.sdf
[0.462s] -- Up-to-date: /media/david/Storage/David/Research/Github/ROS/ROS2/install/bumperbot_description/share/bumperbot_description/models/ground_plane/model-1_3.sdf
[0.473s] -- Up-to-date: /media/david/Storage/David/Research/Github/ROS/ROS2/install/bumperbot_description/share/bumperbot_description/models/ground_plane/model-1_4.sdf
[0.490s] -- Up-to-date: /media/david/Storage/David/Research/Github/ROS/ROS2/install/bumperbot_description/share/bumperbot_description/models/ground_plane/model.config
[0.490s] -- Up-to-date: /media/david/Storage/David/Research/Github/ROS/ROS2/install/bumperbot_description/share/bumperbot_description/models/ground_plane/model.sdf
[0.491s] -- Up-to-date: /media/david/Storage/David/Research/Github/ROS/ROS2/install/bumperbot_description/share/bumperbot_description/models/sun
[0.507s] -- Up-to-date: /media/david/Storage/David/Research/Github/ROS/ROS2/install/bumperbot_description/share/bumperbot_description/models/sun/model-1_2.sdf
[0.516s] -- Up-to-date: /media/david/Storage/David/Research/Github/ROS/ROS2/install/bumperbot_description/share/bumperbot_description/models/sun/model-1_3.sdf
[0.517s] -- Up-to-date: /media/david/Storage/David/Research/Github/ROS/ROS2/install/bumperbot_description/share/bumperbot_description/models/sun/model-1_4.sdf
[0.518s] -- Up-to-date: /media/david/Storage/David/Research/Github/ROS/ROS2/install/bumperbot_description/share/bumperbot_description/models/sun/model.config
[0.519s] -- Up-to-date: /media/david/Storage/David/Research/Github/ROS/ROS2/install/bumperbot_description/share/bumperbot_description/models/sun/model.sdf
[0.521s] -- Up-to-date: /media/david/Storage/David/Research/Github/ROS/ROS2/install/bumperbot_description/share/bumperbot_description/urdf
[0.524s] -- Up-to-date: /media/david/Storage/David/Research/Github/ROS/ROS2/install/bumperbot_description/share/bumperbot_description/urdf/bumperbot.urdf.xacro
[0.526s] -- Up-to-date: /media/david/Storage/David/Research/Github/ROS/ROS2/install/bumperbot_description/share/bumperbot_description/urdf/bumperbot_gazebo.xacro
[0.530s] -- Up-to-date: /media/david/Storage/David/Research/Github/ROS/ROS2/install/bumperbot_description/share/bumperbot_description/urdf/bumperbot_ros2_control.xacro
[0.531s] -- Up-to-date: /media/david/Storage/David/Research/Github/ROS/ROS2/install/bumperbot_description/share/bumperbot_description/rviz
[0.533s] -- Up-to-date: /media/david/Storage/David/Research/Github/ROS/ROS2/install/bumperbot_description/share/bumperbot_description/rviz/display.rviz
[0.536s] -- Up-to-date: /media/david/Storage/David/Research/Github/ROS/ROS2/install/bumperbot_description/share/ament_index/resource_index/package_run_dependencies/bumperbot_description
[0.538s] -- Up-to-date: /media/david/Storage/David/Research/Github/ROS/ROS2/install/bumperbot_description/share/ament_index/resource_index/parent_prefix_path/bumperbot_description
[0.539s] -- Up-to-date: /media/david/Storage/David/Research/Github/ROS/ROS2/install/bumperbot_description/share/bumperbot_description/environment/ament_prefix_path.sh
[0.542s] -- Up-to-date: /media/david/Storage/David/Research/Github/ROS/ROS2/install/bumperbot_description/share/bumperbot_description/environment/ament_prefix_path.dsv
[0.543s] -- Up-to-date: /media/david/Storage/David/Research/Github/ROS/ROS2/install/bumperbot_description/share/bumperbot_description/environment/path.sh
[0.544s] -- Up-to-date: /media/david/Storage/David/Research/Github/ROS/ROS2/install/bumperbot_description/share/bumperbot_description/environment/path.dsv
[0.546s] -- Up-to-date: /media/david/Storage/David/Research/Github/ROS/ROS2/install/bumperbot_description/share/bumperbot_description/local_setup.bash
[0.547s] -- Up-to-date: /media/david/Storage/David/Research/Github/ROS/ROS2/install/bumperbot_description/share/bumperbot_description/local_setup.sh
[0.549s] -- Up-to-date: /media/david/Storage/David/Research/Github/ROS/ROS2/install/bumperbot_description/share/bumperbot_description/local_setup.zsh
[0.551s] -- Up-to-date: /media/david/Storage/David/Research/Github/ROS/ROS2/install/bumperbot_description/share/bumperbot_description/local_setup.dsv
[0.552s] -- Installing: /media/david/Storage/David/Research/Github/ROS/ROS2/install/bumperbot_description/share/bumperbot_description/package.dsv
[0.558s] -- Up-to-date: /media/david/Storage/David/Research/Github/ROS/ROS2/install/bumperbot_description/share/ament_index/resource_index/packages/bumperbot_description
[0.560s] -- Up-to-date: /media/david/Storage/David/Research/Github/ROS/ROS2/install/bumperbot_description/share/bumperbot_description/cmake/bumperbot_descriptionConfig.cmake
[0.561s] -- Up-to-date: /media/david/Storage/David/Research/Github/ROS/ROS2/install/bumperbot_description/share/bumperbot_description/cmake/bumperbot_descriptionConfig-version.cmake
[0.564s] -- Up-to-date: /media/david/Storage/David/Research/Github/ROS/ROS2/install/bumperbot_description/share/bumperbot_description/package.xml
[0.585s] Invoked command in '/media/david/Storage/David/Research/Github/ROS/ROS2/build/bumperbot_description' returned '0': CMAKE_PREFIX_PATH=/opt/ros/humble /usr/bin/cmake --install /media/david/Storage/David/Research/Github/ROS/ROS2/build/bumperbot_description
