[0.267s] Invoking command in '/home/david/bumperbot_ws/build/bumperbot_cpp_examples': CMAKE_PREFIX_PATH=/opt/ros/humble /usr/bin/cmake --build /home/david/bumperbot_ws/build/bumperbot_cpp_examples -- -j4 -l4
[1.470s] [ 50%] Built target simple_publisher
[1.481s] [100%] Built target simple_subscriber
[1.527s] Invoked command in '/home/david/bumperbot_ws/build/bumperbot_cpp_examples' returned '0': CMAKE_PREFIX_PATH=/opt/ros/humble /usr/bin/cmake --build /home/david/bumperbot_ws/build/bumperbot_cpp_examples -- -j4 -l4
[1.660s] Invoking command in '/home/david/bumperbot_ws/build/bumperbot_cpp_examples': CMAKE_PREFIX_PATH=/opt/ros/humble /usr/bin/cmake --install /home/david/bumperbot_ws/build/bumperbot_cpp_examples
[1.683s] -- Install configuration: ""
[1.713s] -- Up-to-date: /home/david/bumperbot_ws/install/bumperbot_cpp_examples/lib/bumperbot_cpp_examples/simple_publisher
[1.762s] -- Up-to-date: /home/david/bumperbot_ws/install/bumperbot_cpp_examples/lib/bumperbot_cpp_examples/simple_subscriber
[1.764s] -- Up-to-date: /home/david/bumperbot_ws/install/bumperbot_cpp_examples/share/ament_index/resource_index/package_run_dependencies/bumperbot_cpp_examples
[1.765s] -- Up-to-date: /home/david/bumperbot_ws/install/bumperbot_cpp_examples/share/ament_index/resource_index/parent_prefix_path/bumperbot_cpp_examples
[1.766s] -- Up-to-date: /home/david/bumperbot_ws/install/bumperbot_cpp_examples/share/bumperbot_cpp_examples/environment/ament_prefix_path.sh
[1.767s] -- Up-to-date: /home/david/bumperbot_ws/install/bumperbot_cpp_examples/share/bumperbot_cpp_examples/environment/ament_prefix_path.dsv
[1.767s] -- Up-to-date: /home/david/bumperbot_ws/install/bumperbot_cpp_examples/share/bumperbot_cpp_examples/environment/path.sh
[1.768s] -- Up-to-date: /home/david/bumperbot_ws/install/bumperbot_cpp_examples/share/bumperbot_cpp_examples/environment/path.dsv
[1.768s] -- Up-to-date: /home/david/bumperbot_ws/install/bumperbot_cpp_examples/share/bumperbot_cpp_examples/local_setup.bash
[1.769s] -- Up-to-date: /home/david/bumperbot_ws/install/bumperbot_cpp_examples/share/bumperbot_cpp_examples/local_setup.sh
[1.769s] -- Up-to-date: /home/david/bumperbot_ws/install/bumperbot_cpp_examples/share/bumperbot_cpp_examples/local_setup.zsh
[1.769s] -- Up-to-date: /home/david/bumperbot_ws/install/bumperbot_cpp_examples/share/bumperbot_cpp_examples/local_setup.dsv
[1.769s] -- Installing: /home/david/bumperbot_ws/install/bumperbot_cpp_examples/share/bumperbot_cpp_examples/package.dsv
[1.775s] -- Up-to-date: /home/david/bumperbot_ws/install/bumperbot_cpp_examples/share/ament_index/resource_index/packages/bumperbot_cpp_examples
[1.776s] -- Up-to-date: /home/david/bumperbot_ws/install/bumperbot_cpp_examples/share/bumperbot_cpp_examples/cmake/bumperbot_cpp_examplesConfig.cmake
[1.776s] -- Up-to-date: /home/david/bumperbot_ws/install/bumperbot_cpp_examples/share/bumperbot_cpp_examples/cmake/bumperbot_cpp_examplesConfig-version.cmake
[1.777s] -- Up-to-date: /home/david/bumperbot_ws/install/bumperbot_cpp_examples/share/bumperbot_cpp_examples/package.xml
[1.784s] Invoked command in '/home/david/bumperbot_ws/build/bumperbot_cpp_examples' returned '0': CMAKE_PREFIX_PATH=/opt/ros/humble /usr/bin/cmake --install /home/david/bumperbot_ws/build/bumperbot_cpp_examples
