[0.075s] Invoking command in '/media/david/David/David/Research/Github/ROS/ROS2/build/bumperbot_description': CMAKE_PREFIX_PATH=${CMAKE_PREFIX_PATH}:/media/david/David/David/Research/Github/ROS/ROS2/install/bumperbot_py_examples:/opt/ros/humble /usr/bin/cmake --build /media/david/David/David/Research/Github/ROS/ROS2/build/bumperbot_description -- -j4 -l4
[0.899s] Invoked command in '/media/david/David/David/Research/Github/ROS/ROS2/build/bumperbot_description' returned '0': CMAKE_PREFIX_PATH=${CMAKE_PREFIX_PATH}:/media/david/David/David/Research/Github/ROS/ROS2/install/bumperbot_py_examples:/opt/ros/humble /usr/bin/cmake --build /media/david/David/David/Research/Github/ROS/ROS2/build/bumperbot_description -- -j4 -l4
[0.979s] Invoking command in '/media/david/David/David/Research/Github/ROS/ROS2/build/bumperbot_description': CMAKE_PREFIX_PATH=${CMAKE_PREFIX_PATH}:/media/david/David/David/Research/Github/ROS/ROS2/install/bumperbot_py_examples:/opt/ros/humble /usr/bin/cmake --install /media/david/David/David/Research/Github/ROS/ROS2/build/bumperbot_description
[0.996s] -- Install configuration: ""
[1.002s] -- Up-to-date: /media/david/David/David/Research/Github/ROS/ROS2/install/bumperbot_description/share/bumperbot_description/meshes
[1.003s] -- Up-to-date: /media/david/David/David/Research/Github/ROS/ROS2/install/bumperbot_description/share/bumperbot_description/meshes/base_link.STL
[1.005s] -- Up-to-date: /media/david/David/David/Research/Github/ROS/ROS2/install/bumperbot_description/share/bumperbot_description/meshes/Can.STL
[1.009s] -- Up-to-date: /media/david/David/David/Research/Github/ROS/ROS2/install/bumperbot_description/share/bumperbot_description/meshes/caster_front_link.STL
[1.010s] -- Up-to-date: /media/david/David/David/Research/Github/ROS/ROS2/install/bumperbot_description/share/bumperbot_description/meshes/caster_rear_link.STL
[1.011s] -- Up-to-date: /media/david/David/David/Research/Github/ROS/ROS2/install/bumperbot_description/share/bumperbot_description/meshes/imu_link.STL
[1.014s] -- Up-to-date: /media/david/David/David/Research/Github/ROS/ROS2/install/bumperbot_description/share/bumperbot_description/meshes/wheel_left_link.STL
[1.019s] -- Up-to-date: /media/david/David/David/Research/Github/ROS/ROS2/install/bumperbot_description/share/bumperbot_description/meshes/wheel_right_link.STL
[1.020s] -- Up-to-date: /media/david/David/David/Research/Github/ROS/ROS2/install/bumperbot_description/share/bumperbot_description/models
[1.024s] -- Up-to-date: /media/david/David/David/Research/Github/ROS/ROS2/install/bumperbot_description/share/bumperbot_description/models/ground_plane
[1.028s] -- Up-to-date: /media/david/David/David/Research/Github/ROS/ROS2/install/bumperbot_description/share/bumperbot_description/models/ground_plane/model-1_2.sdf
[1.030s] -- Up-to-date: /media/david/David/David/Research/Github/ROS/ROS2/install/bumperbot_description/share/bumperbot_description/models/ground_plane/model-1_3.sdf
[1.033s] -- Up-to-date: /media/david/David/David/Research/Github/ROS/ROS2/install/bumperbot_description/share/bumperbot_description/models/ground_plane/model-1_4.sdf
[1.040s] -- Up-to-date: /media/david/David/David/Research/Github/ROS/ROS2/install/bumperbot_description/share/bumperbot_description/models/ground_plane/model.config
[1.042s] -- Up-to-date: /media/david/David/David/Research/Github/ROS/ROS2/install/bumperbot_description/share/bumperbot_description/models/ground_plane/model.sdf
[1.044s] -- Up-to-date: /media/david/David/David/Research/Github/ROS/ROS2/install/bumperbot_description/share/bumperbot_description/models/sun
[1.047s] -- Up-to-date: /media/david/David/David/Research/Github/ROS/ROS2/install/bumperbot_description/share/bumperbot_description/models/sun/model-1_2.sdf
[1.052s] -- Up-to-date: /media/david/David/David/Research/Github/ROS/ROS2/install/bumperbot_description/share/bumperbot_description/models/sun/model-1_3.sdf
[1.060s] -- Up-to-date: /media/david/David/David/Research/Github/ROS/ROS2/install/bumperbot_description/share/bumperbot_description/models/sun/model-1_4.sdf
[1.062s] -- Up-to-date: /media/david/David/David/Research/Github/ROS/ROS2/install/bumperbot_description/share/bumperbot_description/models/sun/model.config
[1.070s] -- Up-to-date: /media/david/David/David/Research/Github/ROS/ROS2/install/bumperbot_description/share/bumperbot_description/models/sun/model.sdf
[1.071s] -- Up-to-date: /media/david/David/David/Research/Github/ROS/ROS2/install/bumperbot_description/share/bumperbot_description/urdf
[1.075s] -- Up-to-date: /media/david/David/David/Research/Github/ROS/ROS2/install/bumperbot_description/share/bumperbot_description/urdf/bumperbot.urdf.xacro
[1.077s] -- Up-to-date: /media/david/David/David/Research/Github/ROS/ROS2/install/bumperbot_description/share/bumperbot_description/urdf/bumperbot_gazebo.xacro
[1.080s] -- Up-to-date: /media/david/David/David/Research/Github/ROS/ROS2/install/bumperbot_description/share/bumperbot_description/urdf/bumperbot_ros2_control.xacro
[1.084s] -- Up-to-date: /media/david/David/David/Research/Github/ROS/ROS2/install/bumperbot_description/share/bumperbot_description/launch
[1.085s] -- Up-to-date: /media/david/David/David/Research/Github/ROS/ROS2/install/bumperbot_description/share/bumperbot_description/launch/display.launch.py
[1.088s] -- Up-to-date: /media/david/David/David/Research/Github/ROS/ROS2/install/bumperbot_description/share/bumperbot_description/launch/gazebo.launch.py
[1.089s] -- Up-to-date: /media/david/David/David/Research/Github/ROS/ROS2/install/bumperbot_description/share/bumperbot_description/rviz
[1.093s] -- Up-to-date: /media/david/David/David/Research/Github/ROS/ROS2/install/bumperbot_description/share/bumperbot_description/rviz/display.rviz
[1.098s] -- Up-to-date: /media/david/David/David/Research/Github/ROS/ROS2/install/bumperbot_description/share/ament_index/resource_index/package_run_dependencies/bumperbot_description
[1.101s] -- Up-to-date: /media/david/David/David/Research/Github/ROS/ROS2/install/bumperbot_description/share/ament_index/resource_index/parent_prefix_path/bumperbot_description
[1.103s] -- Up-to-date: /media/david/David/David/Research/Github/ROS/ROS2/install/bumperbot_description/share/bumperbot_description/environment/ament_prefix_path.sh
[1.104s] -- Up-to-date: /media/david/David/David/Research/Github/ROS/ROS2/install/bumperbot_description/share/bumperbot_description/environment/ament_prefix_path.dsv
[1.105s] -- Up-to-date: /media/david/David/David/Research/Github/ROS/ROS2/install/bumperbot_description/share/bumperbot_description/environment/path.sh
[1.107s] -- Up-to-date: /media/david/David/David/Research/Github/ROS/ROS2/install/bumperbot_description/share/bumperbot_description/environment/path.dsv
[1.115s] -- Up-to-date: /media/david/David/David/Research/Github/ROS/ROS2/install/bumperbot_description/share/bumperbot_description/local_setup.bash
[1.117s] -- Up-to-date: /media/david/David/David/Research/Github/ROS/ROS2/install/bumperbot_description/share/bumperbot_description/local_setup.sh
[1.118s] -- Up-to-date: /media/david/David/David/Research/Github/ROS/ROS2/install/bumperbot_description/share/bumperbot_description/local_setup.zsh
[1.119s] -- Up-to-date: /media/david/David/David/Research/Github/ROS/ROS2/install/bumperbot_description/share/bumperbot_description/local_setup.dsv
[1.122s] -- Up-to-date: /media/david/David/David/Research/Github/ROS/ROS2/install/bumperbot_description/share/bumperbot_description/package.dsv
[1.123s] -- Up-to-date: /media/david/David/David/Research/Github/ROS/ROS2/install/bumperbot_description/share/ament_index/resource_index/packages/bumperbot_description
[1.125s] -- Up-to-date: /media/david/David/David/Research/Github/ROS/ROS2/install/bumperbot_description/share/bumperbot_description/cmake/bumperbot_descriptionConfig.cmake
[1.127s] -- Up-to-date: /media/david/David/David/Research/Github/ROS/ROS2/install/bumperbot_description/share/bumperbot_description/cmake/bumperbot_descriptionConfig-version.cmake
[1.128s] -- Up-to-date: /media/david/David/David/Research/Github/ROS/ROS2/install/bumperbot_description/share/bumperbot_description/package.xml
[1.135s] Invoked command in '/media/david/David/David/Research/Github/ROS/ROS2/build/bumperbot_description' returned '0': CMAKE_PREFIX_PATH=${CMAKE_PREFIX_PATH}:/media/david/David/David/Research/Github/ROS/ROS2/install/bumperbot_py_examples:/opt/ros/humble /usr/bin/cmake --install /media/david/David/David/Research/Github/ROS/ROS2/build/bumperbot_description
