[0.033s] Invoking command in '/media/david/Storage/David/Research/Github/ROS/ROS2/build/bumperbot_msgs': CMAKE_PREFIX_PATH=/opt/ros/humble /usr/bin/cmake --build /media/david/Storage/David/Research/Github/ROS/ROS2/build/bumperbot_msgs -- -j4 -l4
[0.135s] [35m[1mConsolidate compiler generated dependencies of target bumperbot_msgs__rosidl_generator_c[0m
[0.192s] [  2%] Built target bumperbot_msgs__cpp
[0.205s] [ 12%] Built target bumperbot_msgs__rosidl_generator_c
[0.235s] [35m[1mConsolidate compiler generated dependencies of target bumperbot_msgs__rosidl_typesupport_cpp[0m
[0.266s] [ 12%] Built target ament_cmake_python_copy_bumperbot_msgs
[0.283s] [35m[1mConsolidate compiler generated dependencies of target bumperbot_msgs__rosidl_typesupport_fastrtps_cpp[0m
[0.292s] [35m[1mConsolidate compiler generated dependencies of target bumperbot_msgs__rosidl_typesupport_introspection_cpp[0m
[0.374s] [ 23%] Built target bumperbot_msgs__rosidl_typesupport_cpp
[0.392s] [35m[1mConsolidate compiler generated dependencies of target bumperbot_msgs__rosidl_typesupport_fastrtps_c[0m
[0.422s] [35m[1mConsolidate compiler generated dependencies of target bumperbot_msgs__rosidl_typesupport_introspection_c[0m
[0.504s] [ 33%] Built target bumperbot_msgs__rosidl_typesupport_fastrtps_cpp
[0.519s] [ 43%] Built target bumperbot_msgs__rosidl_typesupport_introspection_cpp
[0.565s] [ 53%] Built target bumperbot_msgs__rosidl_typesupport_introspection_c
[0.636s] [ 64%] Built target bumperbot_msgs__rosidl_typesupport_fastrtps_c
[0.650s] [35m[1mConsolidate compiler generated dependencies of target bumperbot_msgs__rosidl_typesupport_c[0m
[0.766s] [ 74%] Built target bumperbot_msgs__rosidl_typesupport_c
[0.907s] [ 74%] Built target bumperbot_msgs
[1.014s] [ 76%] Built target bumperbot_msgs__py
[1.172s] [35m[1mConsolidate compiler generated dependencies of target bumperbot_msgs__rosidl_generator_py[0m
[1.268s] [ 84%] Built target bumperbot_msgs__rosidl_generator_py
[1.310s] [35m[1mConsolidate compiler generated dependencies of target bumperbot_msgs__rosidl_typesupport_fastrtps_c__pyext[0m
[1.341s] [35m[1mConsolidate compiler generated dependencies of target bumperbot_msgs__rosidl_typesupport_introspection_c__pyext[0m
[1.353s] [35m[1mConsolidate compiler generated dependencies of target bumperbot_msgs__rosidl_typesupport_c__pyext[0m
[1.500s] [ 89%] Built target bumperbot_msgs__rosidl_typesupport_fastrtps_c__pyext
[1.516s] [ 94%] Built target bumperbot_msgs__rosidl_typesupport_introspection_c__pyext
[1.547s] [100%] Built target bumperbot_msgs__rosidl_typesupport_c__pyext
[1.714s] running egg_info
[1.718s] writing bumperbot_msgs.egg-info/PKG-INFO
[1.719s] writing dependency_links to bumperbot_msgs.egg-info/dependency_links.txt
[1.721s] writing top-level names to bumperbot_msgs.egg-info/top_level.txt
[1.733s] reading manifest file 'bumperbot_msgs.egg-info/SOURCES.txt'
[1.743s] writing manifest file 'bumperbot_msgs.egg-info/SOURCES.txt'
[1.823s] [100%] Built target ament_cmake_python_build_bumperbot_msgs_egg
[1.875s] Invoked command in '/media/david/Storage/David/Research/Github/ROS/ROS2/build/bumperbot_msgs' returned '0': CMAKE_PREFIX_PATH=/opt/ros/humble /usr/bin/cmake --build /media/david/Storage/David/Research/Github/ROS/ROS2/build/bumperbot_msgs -- -j4 -l4
[2.160s] Invoking command in '/media/david/Storage/David/Research/Github/ROS/ROS2/build/bumperbot_msgs': CMAKE_PREFIX_PATH=/opt/ros/humble /usr/bin/cmake --install /media/david/Storage/David/Research/Github/ROS/ROS2/build/bumperbot_msgs
[2.176s] -- Install configuration: ""
[2.180s] -- Up-to-date: /media/david/Storage/David/Research/Github/ROS/ROS2/install/bumperbot_msgs/share/ament_index/resource_index/rosidl_interfaces/bumperbot_msgs
[2.182s] -- Up-to-date: /media/david/Storage/David/Research/Github/ROS/ROS2/install/bumperbot_msgs/include/bumperbot_msgs/bumperbot_msgs
[2.185s] -- Up-to-date: /media/david/Storage/David/Research/Github/ROS/ROS2/install/bumperbot_msgs/include/bumperbot_msgs/bumperbot_msgs/msg
[2.188s] -- Up-to-date: /media/david/Storage/David/Research/Github/ROS/ROS2/install/bumperbot_msgs/include/bumperbot_msgs/bumperbot_msgs/msg/rosidl_generator_c__visibility_control.h
[2.191s] -- Up-to-date: /media/david/Storage/David/Research/Github/ROS/ROS2/install/bumperbot_msgs/include/bumperbot_msgs/bumperbot_msgs/srv
[2.200s] -- Up-to-date: /media/david/Storage/David/Research/Github/ROS/ROS2/install/bumperbot_msgs/include/bumperbot_msgs/bumperbot_msgs/srv/add_two_ints.h
[2.202s] -- Up-to-date: /media/david/Storage/David/Research/Github/ROS/ROS2/install/bumperbot_msgs/include/bumperbot_msgs/bumperbot_msgs/srv/detail
[2.212s] -- Up-to-date: /media/david/Storage/David/Research/Github/ROS/ROS2/install/bumperbot_msgs/include/bumperbot_msgs/bumperbot_msgs/srv/detail/add_two_ints__functions.c
[2.216s] -- Up-to-date: /media/david/Storage/David/Research/Github/ROS/ROS2/install/bumperbot_msgs/include/bumperbot_msgs/bumperbot_msgs/srv/detail/add_two_ints__functions.h
[2.219s] -- Up-to-date: /media/david/Storage/David/Research/Github/ROS/ROS2/install/bumperbot_msgs/include/bumperbot_msgs/bumperbot_msgs/srv/detail/add_two_ints__struct.h
[2.224s] -- Up-to-date: /media/david/Storage/David/Research/Github/ROS/ROS2/install/bumperbot_msgs/include/bumperbot_msgs/bumperbot_msgs/srv/detail/add_two_ints__type_support.h
[2.227s] -- Up-to-date: /media/david/Storage/David/Research/Github/ROS/ROS2/install/bumperbot_msgs/include/bumperbot_msgs/bumperbot_msgs/srv/detail/get_transform__functions.c
[2.231s] -- Up-to-date: /media/david/Storage/David/Research/Github/ROS/ROS2/install/bumperbot_msgs/include/bumperbot_msgs/bumperbot_msgs/srv/detail/get_transform__functions.h
[2.234s] -- Up-to-date: /media/david/Storage/David/Research/Github/ROS/ROS2/install/bumperbot_msgs/include/bumperbot_msgs/bumperbot_msgs/srv/detail/get_transform__struct.h
[2.238s] -- Up-to-date: /media/david/Storage/David/Research/Github/ROS/ROS2/install/bumperbot_msgs/include/bumperbot_msgs/bumperbot_msgs/srv/detail/get_transform__type_support.h
[2.242s] -- Up-to-date: /media/david/Storage/David/Research/Github/ROS/ROS2/install/bumperbot_msgs/include/bumperbot_msgs/bumperbot_msgs/srv/get_transform.h
[2.245s] -- Up-to-date: /media/david/Storage/David/Research/Github/ROS/ROS2/install/bumperbot_msgs/share/bumperbot_msgs/environment/library_path.sh
[2.252s] -- Up-to-date: /media/david/Storage/David/Research/Github/ROS/ROS2/install/bumperbot_msgs/share/bumperbot_msgs/environment/library_path.dsv
[2.260s] -- Up-to-date: /media/david/Storage/David/Research/Github/ROS/ROS2/install/bumperbot_msgs/lib/libbumperbot_msgs__rosidl_generator_c.so
[2.266s] -- Up-to-date: /media/david/Storage/David/Research/Github/ROS/ROS2/install/bumperbot_msgs/include/bumperbot_msgs/bumperbot_msgs
[2.274s] -- Up-to-date: /media/david/Storage/David/Research/Github/ROS/ROS2/install/bumperbot_msgs/include/bumperbot_msgs/bumperbot_msgs/msg
[2.278s] -- Up-to-date: /media/david/Storage/David/Research/Github/ROS/ROS2/install/bumperbot_msgs/include/bumperbot_msgs/bumperbot_msgs/msg/rosidl_typesupport_fastrtps_c__visibility_control.h
[2.280s] -- Up-to-date: /media/david/Storage/David/Research/Github/ROS/ROS2/install/bumperbot_msgs/include/bumperbot_msgs/bumperbot_msgs/srv
[2.282s] -- Up-to-date: /media/david/Storage/David/Research/Github/ROS/ROS2/install/bumperbot_msgs/include/bumperbot_msgs/bumperbot_msgs/srv/detail
[2.285s] -- Up-to-date: /media/david/Storage/David/Research/Github/ROS/ROS2/install/bumperbot_msgs/include/bumperbot_msgs/bumperbot_msgs/srv/detail/add_two_ints__rosidl_typesupport_fastrtps_c.h
[2.287s] -- Up-to-date: /media/david/Storage/David/Research/Github/ROS/ROS2/install/bumperbot_msgs/include/bumperbot_msgs/bumperbot_msgs/srv/detail/get_transform__rosidl_typesupport_fastrtps_c.h
[2.291s] -- Up-to-date: /media/david/Storage/David/Research/Github/ROS/ROS2/install/bumperbot_msgs/lib/libbumperbot_msgs__rosidl_typesupport_fastrtps_c.so
[2.294s] -- Up-to-date: /media/david/Storage/David/Research/Github/ROS/ROS2/install/bumperbot_msgs/include/bumperbot_msgs/bumperbot_msgs
[2.297s] -- Up-to-date: /media/david/Storage/David/Research/Github/ROS/ROS2/install/bumperbot_msgs/include/bumperbot_msgs/bumperbot_msgs/srv
[2.302s] -- Up-to-date: /media/david/Storage/David/Research/Github/ROS/ROS2/install/bumperbot_msgs/include/bumperbot_msgs/bumperbot_msgs/srv/add_two_ints.hpp
[2.303s] -- Up-to-date: /media/david/Storage/David/Research/Github/ROS/ROS2/install/bumperbot_msgs/include/bumperbot_msgs/bumperbot_msgs/srv/detail
[2.307s] -- Up-to-date: /media/david/Storage/David/Research/Github/ROS/ROS2/install/bumperbot_msgs/include/bumperbot_msgs/bumperbot_msgs/srv/detail/add_two_ints__builder.hpp
[2.310s] -- Up-to-date: /media/david/Storage/David/Research/Github/ROS/ROS2/install/bumperbot_msgs/include/bumperbot_msgs/bumperbot_msgs/srv/detail/add_two_ints__struct.hpp
[2.312s] -- Up-to-date: /media/david/Storage/David/Research/Github/ROS/ROS2/install/bumperbot_msgs/include/bumperbot_msgs/bumperbot_msgs/srv/detail/add_two_ints__traits.hpp
[2.314s] -- Up-to-date: /media/david/Storage/David/Research/Github/ROS/ROS2/install/bumperbot_msgs/include/bumperbot_msgs/bumperbot_msgs/srv/detail/get_transform__builder.hpp
[2.317s] -- Up-to-date: /media/david/Storage/David/Research/Github/ROS/ROS2/install/bumperbot_msgs/include/bumperbot_msgs/bumperbot_msgs/srv/detail/get_transform__struct.hpp
[2.319s] -- Up-to-date: /media/david/Storage/David/Research/Github/ROS/ROS2/install/bumperbot_msgs/include/bumperbot_msgs/bumperbot_msgs/srv/detail/get_transform__traits.hpp
[2.324s] -- Up-to-date: /media/david/Storage/David/Research/Github/ROS/ROS2/install/bumperbot_msgs/include/bumperbot_msgs/bumperbot_msgs/srv/get_transform.hpp
[2.326s] -- Up-to-date: /media/david/Storage/David/Research/Github/ROS/ROS2/install/bumperbot_msgs/include/bumperbot_msgs/bumperbot_msgs
[2.329s] -- Up-to-date: /media/david/Storage/David/Research/Github/ROS/ROS2/install/bumperbot_msgs/include/bumperbot_msgs/bumperbot_msgs/msg
[2.332s] -- Up-to-date: /media/david/Storage/David/Research/Github/ROS/ROS2/install/bumperbot_msgs/include/bumperbot_msgs/bumperbot_msgs/msg/rosidl_typesupport_fastrtps_cpp__visibility_control.h
[2.333s] -- Up-to-date: /media/david/Storage/David/Research/Github/ROS/ROS2/install/bumperbot_msgs/include/bumperbot_msgs/bumperbot_msgs/srv
[2.336s] -- Up-to-date: /media/david/Storage/David/Research/Github/ROS/ROS2/install/bumperbot_msgs/include/bumperbot_msgs/bumperbot_msgs/srv/detail
[2.340s] -- Up-to-date: /media/david/Storage/David/Research/Github/ROS/ROS2/install/bumperbot_msgs/include/bumperbot_msgs/bumperbot_msgs/srv/detail/add_two_ints__rosidl_typesupport_fastrtps_cpp.hpp
[2.347s] -- Up-to-date: /media/david/Storage/David/Research/Github/ROS/ROS2/install/bumperbot_msgs/include/bumperbot_msgs/bumperbot_msgs/srv/detail/dds_fastrtps
[2.349s] -- Up-to-date: /media/david/Storage/David/Research/Github/ROS/ROS2/install/bumperbot_msgs/include/bumperbot_msgs/bumperbot_msgs/srv/detail/get_transform__rosidl_typesupport_fastrtps_cpp.hpp
[2.350s] -- Up-to-date: /media/david/Storage/David/Research/Github/ROS/ROS2/install/bumperbot_msgs/lib/libbumperbot_msgs__rosidl_typesupport_fastrtps_cpp.so
[2.354s] -- Up-to-date: /media/david/Storage/David/Research/Github/ROS/ROS2/install/bumperbot_msgs/include/bumperbot_msgs/bumperbot_msgs
[2.356s] -- Up-to-date: /media/david/Storage/David/Research/Github/ROS/ROS2/install/bumperbot_msgs/include/bumperbot_msgs/bumperbot_msgs/msg
[2.359s] -- Up-to-date: /media/david/Storage/David/Research/Github/ROS/ROS2/install/bumperbot_msgs/include/bumperbot_msgs/bumperbot_msgs/msg/rosidl_typesupport_introspection_c__visibility_control.h
[2.362s] -- Up-to-date: /media/david/Storage/David/Research/Github/ROS/ROS2/install/bumperbot_msgs/include/bumperbot_msgs/bumperbot_msgs/srv
[2.365s] -- Up-to-date: /media/david/Storage/David/Research/Github/ROS/ROS2/install/bumperbot_msgs/include/bumperbot_msgs/bumperbot_msgs/srv/detail
[2.373s] -- Up-to-date: /media/david/Storage/David/Research/Github/ROS/ROS2/install/bumperbot_msgs/include/bumperbot_msgs/bumperbot_msgs/srv/detail/add_two_ints__rosidl_typesupport_introspection_c.h
[2.374s] -- Up-to-date: /media/david/Storage/David/Research/Github/ROS/ROS2/install/bumperbot_msgs/include/bumperbot_msgs/bumperbot_msgs/srv/detail/add_two_ints__type_support.c
[2.377s] -- Up-to-date: /media/david/Storage/David/Research/Github/ROS/ROS2/install/bumperbot_msgs/include/bumperbot_msgs/bumperbot_msgs/srv/detail/get_transform__rosidl_typesupport_introspection_c.h
[2.380s] -- Up-to-date: /media/david/Storage/David/Research/Github/ROS/ROS2/install/bumperbot_msgs/include/bumperbot_msgs/bumperbot_msgs/srv/detail/get_transform__type_support.c
[2.385s] -- Up-to-date: /media/david/Storage/David/Research/Github/ROS/ROS2/install/bumperbot_msgs/lib/libbumperbot_msgs__rosidl_typesupport_introspection_c.so
[2.391s] -- Up-to-date: /media/david/Storage/David/Research/Github/ROS/ROS2/install/bumperbot_msgs/lib/libbumperbot_msgs__rosidl_typesupport_c.so
[2.395s] -- Up-to-date: /media/david/Storage/David/Research/Github/ROS/ROS2/install/bumperbot_msgs/include/bumperbot_msgs/bumperbot_msgs
[2.398s] -- Up-to-date: /media/david/Storage/David/Research/Github/ROS/ROS2/install/bumperbot_msgs/include/bumperbot_msgs/bumperbot_msgs/srv
[2.401s] -- Up-to-date: /media/david/Storage/David/Research/Github/ROS/ROS2/install/bumperbot_msgs/include/bumperbot_msgs/bumperbot_msgs/srv/detail
[2.405s] -- Up-to-date: /media/david/Storage/David/Research/Github/ROS/ROS2/install/bumperbot_msgs/include/bumperbot_msgs/bumperbot_msgs/srv/detail/add_two_ints__rosidl_typesupport_introspection_cpp.hpp
[2.408s] -- Up-to-date: /media/david/Storage/David/Research/Github/ROS/ROS2/install/bumperbot_msgs/include/bumperbot_msgs/bumperbot_msgs/srv/detail/add_two_ints__type_support.cpp
[2.411s] -- Up-to-date: /media/david/Storage/David/Research/Github/ROS/ROS2/install/bumperbot_msgs/include/bumperbot_msgs/bumperbot_msgs/srv/detail/get_transform__rosidl_typesupport_introspection_cpp.hpp
[2.414s] -- Up-to-date: /media/david/Storage/David/Research/Github/ROS/ROS2/install/bumperbot_msgs/include/bumperbot_msgs/bumperbot_msgs/srv/detail/get_transform__type_support.cpp
[2.418s] -- Up-to-date: /media/david/Storage/David/Research/Github/ROS/ROS2/install/bumperbot_msgs/lib/libbumperbot_msgs__rosidl_typesupport_introspection_cpp.so
[2.428s] -- Up-to-date: /media/david/Storage/David/Research/Github/ROS/ROS2/install/bumperbot_msgs/lib/libbumperbot_msgs__rosidl_typesupport_cpp.so
[2.433s] -- Up-to-date: /media/david/Storage/David/Research/Github/ROS/ROS2/install/bumperbot_msgs/share/bumperbot_msgs/environment/pythonpath.sh
[2.435s] -- Up-to-date: /media/david/Storage/David/Research/Github/ROS/ROS2/install/bumperbot_msgs/share/bumperbot_msgs/environment/pythonpath.dsv
[2.437s] -- Up-to-date: /media/david/Storage/David/Research/Github/ROS/ROS2/install/bumperbot_msgs/local/lib/python3.10/dist-packages/bumperbot_msgs-0.0.0-py3.10.egg-info
[2.440s] -- Installing: /media/david/Storage/David/Research/Github/ROS/ROS2/install/bumperbot_msgs/local/lib/python3.10/dist-packages/bumperbot_msgs-0.0.0-py3.10.egg-info/dependency_links.txt
[2.449s] -- Installing: /media/david/Storage/David/Research/Github/ROS/ROS2/install/bumperbot_msgs/local/lib/python3.10/dist-packages/bumperbot_msgs-0.0.0-py3.10.egg-info/PKG-INFO
[2.457s] -- Installing: /media/david/Storage/David/Research/Github/ROS/ROS2/install/bumperbot_msgs/local/lib/python3.10/dist-packages/bumperbot_msgs-0.0.0-py3.10.egg-info/SOURCES.txt
[2.466s] -- Installing: /media/david/Storage/David/Research/Github/ROS/ROS2/install/bumperbot_msgs/local/lib/python3.10/dist-packages/bumperbot_msgs-0.0.0-py3.10.egg-info/top_level.txt
[2.476s] -- Up-to-date: /media/david/Storage/David/Research/Github/ROS/ROS2/install/bumperbot_msgs/local/lib/python3.10/dist-packages/bumperbot_msgs
[2.479s] -- Up-to-date: /media/david/Storage/David/Research/Github/ROS/ROS2/install/bumperbot_msgs/local/lib/python3.10/dist-packages/bumperbot_msgs/bumperbot_msgs_s__rosidl_typesupport_c.cpython-310-x86_64-linux-gnu.so
[2.481s] -- Up-to-date: /media/david/Storage/David/Research/Github/ROS/ROS2/install/bumperbot_msgs/local/lib/python3.10/dist-packages/bumperbot_msgs/bumperbot_msgs_s__rosidl_typesupport_fastrtps_c.cpython-310-x86_64-linux-gnu.so
[2.484s] -- Up-to-date: /media/david/Storage/David/Research/Github/ROS/ROS2/install/bumperbot_msgs/local/lib/python3.10/dist-packages/bumperbot_msgs/bumperbot_msgs_s__rosidl_typesupport_introspection_c.cpython-310-x86_64-linux-gnu.so
[2.487s] -- Up-to-date: /media/david/Storage/David/Research/Github/ROS/ROS2/install/bumperbot_msgs/local/lib/python3.10/dist-packages/bumperbot_msgs/libbumperbot_msgs__rosidl_generator_py.so
[2.489s] -- Up-to-date: /media/david/Storage/David/Research/Github/ROS/ROS2/install/bumperbot_msgs/local/lib/python3.10/dist-packages/bumperbot_msgs/srv
[2.492s] -- Up-to-date: /media/david/Storage/David/Research/Github/ROS/ROS2/install/bumperbot_msgs/local/lib/python3.10/dist-packages/bumperbot_msgs/srv/_add_two_ints.py
[2.495s] -- Up-to-date: /media/david/Storage/David/Research/Github/ROS/ROS2/install/bumperbot_msgs/local/lib/python3.10/dist-packages/bumperbot_msgs/srv/_add_two_ints_s.c
[2.497s] -- Up-to-date: /media/david/Storage/David/Research/Github/ROS/ROS2/install/bumperbot_msgs/local/lib/python3.10/dist-packages/bumperbot_msgs/srv/_get_transform.py
[2.500s] -- Up-to-date: /media/david/Storage/David/Research/Github/ROS/ROS2/install/bumperbot_msgs/local/lib/python3.10/dist-packages/bumperbot_msgs/srv/_get_transform_s.c
[2.502s] -- Up-to-date: /media/david/Storage/David/Research/Github/ROS/ROS2/install/bumperbot_msgs/local/lib/python3.10/dist-packages/bumperbot_msgs/srv/__init__.py
[2.505s] -- Up-to-date: /media/david/Storage/David/Research/Github/ROS/ROS2/install/bumperbot_msgs/local/lib/python3.10/dist-packages/bumperbot_msgs/_bumperbot_msgs_s.ep.rosidl_typesupport_c.c
[2.507s] -- Up-to-date: /media/david/Storage/David/Research/Github/ROS/ROS2/install/bumperbot_msgs/local/lib/python3.10/dist-packages/bumperbot_msgs/_bumperbot_msgs_s.ep.rosidl_typesupport_fastrtps_c.c
[2.509s] -- Up-to-date: /media/david/Storage/David/Research/Github/ROS/ROS2/install/bumperbot_msgs/local/lib/python3.10/dist-packages/bumperbot_msgs/_bumperbot_msgs_s.ep.rosidl_typesupport_introspection_c.c
[2.512s] -- Up-to-date: /media/david/Storage/David/Research/Github/ROS/ROS2/install/bumperbot_msgs/local/lib/python3.10/dist-packages/bumperbot_msgs/__init__.py
[2.598s] Listing '/media/david/Storage/David/Research/Github/ROS/ROS2/install/bumperbot_msgs/local/lib/python3.10/dist-packages/bumperbot_msgs'...
[2.598s] Listing '/media/david/Storage/David/Research/Github/ROS/ROS2/install/bumperbot_msgs/local/lib/python3.10/dist-packages/bumperbot_msgs/srv'...
[2.611s] -- Up-to-date: /media/david/Storage/David/Research/Github/ROS/ROS2/install/bumperbot_msgs/local/lib/python3.10/dist-packages/bumperbot_msgs/bumperbot_msgs_s__rosidl_typesupport_fastrtps_c.cpython-310-x86_64-linux-gnu.so
[2.620s] -- Up-to-date: /media/david/Storage/David/Research/Github/ROS/ROS2/install/bumperbot_msgs/local/lib/python3.10/dist-packages/bumperbot_msgs/bumperbot_msgs_s__rosidl_typesupport_introspection_c.cpython-310-x86_64-linux-gnu.so
[2.631s] -- Up-to-date: /media/david/Storage/David/Research/Github/ROS/ROS2/install/bumperbot_msgs/local/lib/python3.10/dist-packages/bumperbot_msgs/bumperbot_msgs_s__rosidl_typesupport_c.cpython-310-x86_64-linux-gnu.so
[2.639s] -- Up-to-date: /media/david/Storage/David/Research/Github/ROS/ROS2/install/bumperbot_msgs/lib/libbumperbot_msgs__rosidl_generator_py.so
[2.644s] -- Up-to-date: /media/david/Storage/David/Research/Github/ROS/ROS2/install/bumperbot_msgs/share/bumperbot_msgs/srv/AddTwoInts.idl
[2.648s] -- Up-to-date: /media/david/Storage/David/Research/Github/ROS/ROS2/install/bumperbot_msgs/share/bumperbot_msgs/srv/GetTransform.idl
[2.650s] -- Up-to-date: /media/david/Storage/David/Research/Github/ROS/ROS2/install/bumperbot_msgs/share/bumperbot_msgs/srv/AddTwoInts.srv
[2.654s] -- Up-to-date: /media/david/Storage/David/Research/Github/ROS/ROS2/install/bumperbot_msgs/share/bumperbot_msgs/srv/AddTwoInts_Request.msg
[2.657s] -- Up-to-date: /media/david/Storage/David/Research/Github/ROS/ROS2/install/bumperbot_msgs/share/bumperbot_msgs/srv/AddTwoInts_Response.msg
[2.660s] -- Up-to-date: /media/david/Storage/David/Research/Github/ROS/ROS2/install/bumperbot_msgs/share/bumperbot_msgs/srv/GetTransform.srv
[2.662s] -- Up-to-date: /media/david/Storage/David/Research/Github/ROS/ROS2/install/bumperbot_msgs/share/bumperbot_msgs/srv/GetTransform_Request.msg
[2.665s] -- Up-to-date: /media/david/Storage/David/Research/Github/ROS/ROS2/install/bumperbot_msgs/share/bumperbot_msgs/srv/GetTransform_Response.msg
[2.671s] -- Up-to-date: /media/david/Storage/David/Research/Github/ROS/ROS2/install/bumperbot_msgs/share/ament_index/resource_index/package_run_dependencies/bumperbot_msgs
[2.675s] -- Up-to-date: /media/david/Storage/David/Research/Github/ROS/ROS2/install/bumperbot_msgs/share/ament_index/resource_index/parent_prefix_path/bumperbot_msgs
[2.677s] -- Up-to-date: /media/david/Storage/David/Research/Github/ROS/ROS2/install/bumperbot_msgs/share/bumperbot_msgs/environment/ament_prefix_path.sh
[2.680s] -- Up-to-date: /media/david/Storage/David/Research/Github/ROS/ROS2/install/bumperbot_msgs/share/bumperbot_msgs/environment/ament_prefix_path.dsv
[2.681s] -- Up-to-date: /media/david/Storage/David/Research/Github/ROS/ROS2/install/bumperbot_msgs/share/bumperbot_msgs/environment/path.sh
[2.684s] -- Up-to-date: /media/david/Storage/David/Research/Github/ROS/ROS2/install/bumperbot_msgs/share/bumperbot_msgs/environment/path.dsv
[2.686s] -- Up-to-date: /media/david/Storage/David/Research/Github/ROS/ROS2/install/bumperbot_msgs/share/bumperbot_msgs/local_setup.bash
[2.688s] -- Up-to-date: /media/david/Storage/David/Research/Github/ROS/ROS2/install/bumperbot_msgs/share/bumperbot_msgs/local_setup.sh
[2.690s] -- Up-to-date: /media/david/Storage/David/Research/Github/ROS/ROS2/install/bumperbot_msgs/share/bumperbot_msgs/local_setup.zsh
[2.693s] -- Up-to-date: /media/david/Storage/David/Research/Github/ROS/ROS2/install/bumperbot_msgs/share/bumperbot_msgs/local_setup.dsv
[2.694s] -- Installing: /media/david/Storage/David/Research/Github/ROS/ROS2/install/bumperbot_msgs/share/bumperbot_msgs/package.dsv
[2.704s] -- Up-to-date: /media/david/Storage/David/Research/Github/ROS/ROS2/install/bumperbot_msgs/share/ament_index/resource_index/packages/bumperbot_msgs
[2.708s] -- Up-to-date: /media/david/Storage/David/Research/Github/ROS/ROS2/install/bumperbot_msgs/share/bumperbot_msgs/cmake/export_bumperbot_msgs__rosidl_generator_cExport.cmake
[2.711s] -- Up-to-date: /media/david/Storage/David/Research/Github/ROS/ROS2/install/bumperbot_msgs/share/bumperbot_msgs/cmake/export_bumperbot_msgs__rosidl_generator_cExport-noconfig.cmake
[2.714s] -- Up-to-date: /media/david/Storage/David/Research/Github/ROS/ROS2/install/bumperbot_msgs/share/bumperbot_msgs/cmake/export_bumperbot_msgs__rosidl_typesupport_fastrtps_cExport.cmake
[2.717s] -- Up-to-date: /media/david/Storage/David/Research/Github/ROS/ROS2/install/bumperbot_msgs/share/bumperbot_msgs/cmake/export_bumperbot_msgs__rosidl_typesupport_fastrtps_cExport-noconfig.cmake
[2.720s] -- Up-to-date: /media/david/Storage/David/Research/Github/ROS/ROS2/install/bumperbot_msgs/share/bumperbot_msgs/cmake/export_bumperbot_msgs__rosidl_generator_cppExport.cmake
[2.726s] -- Up-to-date: /media/david/Storage/David/Research/Github/ROS/ROS2/install/bumperbot_msgs/share/bumperbot_msgs/cmake/export_bumperbot_msgs__rosidl_typesupport_fastrtps_cppExport.cmake
[2.726s] -- Up-to-date: /media/david/Storage/David/Research/Github/ROS/ROS2/install/bumperbot_msgs/share/bumperbot_msgs/cmake/export_bumperbot_msgs__rosidl_typesupport_fastrtps_cppExport-noconfig.cmake
[2.730s] -- Up-to-date: /media/david/Storage/David/Research/Github/ROS/ROS2/install/bumperbot_msgs/share/bumperbot_msgs/cmake/bumperbot_msgs__rosidl_typesupport_introspection_cExport.cmake
[2.732s] -- Up-to-date: /media/david/Storage/David/Research/Github/ROS/ROS2/install/bumperbot_msgs/share/bumperbot_msgs/cmake/bumperbot_msgs__rosidl_typesupport_introspection_cExport-noconfig.cmake
[2.737s] -- Up-to-date: /media/david/Storage/David/Research/Github/ROS/ROS2/install/bumperbot_msgs/share/bumperbot_msgs/cmake/bumperbot_msgs__rosidl_typesupport_cExport.cmake
[2.739s] -- Up-to-date: /media/david/Storage/David/Research/Github/ROS/ROS2/install/bumperbot_msgs/share/bumperbot_msgs/cmake/bumperbot_msgs__rosidl_typesupport_cExport-noconfig.cmake
[2.742s] -- Up-to-date: /media/david/Storage/David/Research/Github/ROS/ROS2/install/bumperbot_msgs/share/bumperbot_msgs/cmake/bumperbot_msgs__rosidl_typesupport_introspection_cppExport.cmake
[2.744s] -- Up-to-date: /media/david/Storage/David/Research/Github/ROS/ROS2/install/bumperbot_msgs/share/bumperbot_msgs/cmake/bumperbot_msgs__rosidl_typesupport_introspection_cppExport-noconfig.cmake
[2.747s] -- Up-to-date: /media/david/Storage/David/Research/Github/ROS/ROS2/install/bumperbot_msgs/share/bumperbot_msgs/cmake/bumperbot_msgs__rosidl_typesupport_cppExport.cmake
[2.749s] -- Up-to-date: /media/david/Storage/David/Research/Github/ROS/ROS2/install/bumperbot_msgs/share/bumperbot_msgs/cmake/bumperbot_msgs__rosidl_typesupport_cppExport-noconfig.cmake
[2.752s] -- Up-to-date: /media/david/Storage/David/Research/Github/ROS/ROS2/install/bumperbot_msgs/share/bumperbot_msgs/cmake/export_bumperbot_msgs__rosidl_generator_pyExport.cmake
[2.754s] -- Up-to-date: /media/david/Storage/David/Research/Github/ROS/ROS2/install/bumperbot_msgs/share/bumperbot_msgs/cmake/export_bumperbot_msgs__rosidl_generator_pyExport-noconfig.cmake
[2.756s] -- Up-to-date: /media/david/Storage/David/Research/Github/ROS/ROS2/install/bumperbot_msgs/share/bumperbot_msgs/cmake/rosidl_cmake-extras.cmake
[2.758s] -- Up-to-date: /media/david/Storage/David/Research/Github/ROS/ROS2/install/bumperbot_msgs/share/bumperbot_msgs/cmake/ament_cmake_export_dependencies-extras.cmake
[2.760s] -- Up-to-date: /media/david/Storage/David/Research/Github/ROS/ROS2/install/bumperbot_msgs/share/bumperbot_msgs/cmake/ament_cmake_export_include_directories-extras.cmake
[2.762s] -- Up-to-date: /media/david/Storage/David/Research/Github/ROS/ROS2/install/bumperbot_msgs/share/bumperbot_msgs/cmake/ament_cmake_export_libraries-extras.cmake
[2.763s] -- Up-to-date: /media/david/Storage/David/Research/Github/ROS/ROS2/install/bumperbot_msgs/share/bumperbot_msgs/cmake/ament_cmake_export_targets-extras.cmake
[2.765s] -- Up-to-date: /media/david/Storage/David/Research/Github/ROS/ROS2/install/bumperbot_msgs/share/bumperbot_msgs/cmake/rosidl_cmake_export_typesupport_targets-extras.cmake
[2.773s] -- Up-to-date: /media/david/Storage/David/Research/Github/ROS/ROS2/install/bumperbot_msgs/share/bumperbot_msgs/cmake/rosidl_cmake_export_typesupport_libraries-extras.cmake
[2.774s] -- Up-to-date: /media/david/Storage/David/Research/Github/ROS/ROS2/install/bumperbot_msgs/share/bumperbot_msgs/cmake/bumperbot_msgsConfig.cmake
[2.777s] -- Up-to-date: /media/david/Storage/David/Research/Github/ROS/ROS2/install/bumperbot_msgs/share/bumperbot_msgs/cmake/bumperbot_msgsConfig-version.cmake
[2.779s] -- Up-to-date: /media/david/Storage/David/Research/Github/ROS/ROS2/install/bumperbot_msgs/share/bumperbot_msgs/package.xml
[2.785s] Invoked command in '/media/david/Storage/David/Research/Github/ROS/ROS2/build/bumperbot_msgs' returned '0': CMAKE_PREFIX_PATH=/opt/ros/humble /usr/bin/cmake --install /media/david/Storage/David/Research/Github/ROS/ROS2/build/bumperbot_msgs
