[0.121s] DEBUG:colcon:Command line arguments: ['/usr/bin/colcon', 'build']
[0.121s] DEBUG:colcon:Parsed command line arguments: Namespace(log_base=None, log_level=None, verb_name='build', build_base='build', install_base='install', merge_install=False, symlink_install=False, test_result_base=None, continue_on_error=False, executor='parallel', parallel_workers=4, event_handlers=None, ignore_user_meta=False, metas=['./colcon.meta'], base_paths=['.'], packages_ignore=None, packages_ignore_regex=None, paths=None, packages_up_to=None, packages_up_to_regex=None, packages_above=None, packages_above_and_dependencies=None, packages_above_depth=None, packages_select_by_dep=None, packages_skip_by_dep=None, packages_skip_up_to=None, packages_select_build_failed=False, packages_skip_build_finished=False, packages_select_test_failures=False, packages_skip_test_passed=False, packages_select=None, packages_skip=None, packages_select_regex=None, packages_skip_regex=None, packages_start=None, packages_end=None, allow_overriding=[], cmake_args=None, cmake_target=None, cmake_target_skip_unavailable=False, cmake_clean_cache=False, cmake_clean_first=False, cmake_force_configure=False, ament_cmake_args=None, catkin_cmake_args=None, catkin_skip_building_tests=False, verb_parser=<colcon_defaults.argument_parser.defaults.DefaultArgumentsDecorator object at 0x7ca0daf4dcc0>, verb_extension=<colcon_core.verb.build.BuildVerb object at 0x7ca0daf4d720>, main=<bound method BuildVerb.main of <colcon_core.verb.build.BuildVerb object at 0x7ca0daf4d720>>)
[0.337s] Level 1:colcon.colcon_core.package_discovery:discover_packages(colcon_meta) check parameters
[0.337s] Level 1:colcon.colcon_core.package_discovery:discover_packages(recursive) check parameters
[0.338s] Level 1:colcon.colcon_core.package_discovery:discover_packages(ignore) check parameters
[0.338s] Level 1:colcon.colcon_core.package_discovery:discover_packages(path) check parameters
[0.338s] Level 1:colcon.colcon_core.package_discovery:discover_packages(colcon_meta) discover
[0.338s] Level 1:colcon.colcon_core.package_discovery:discover_packages(recursive) discover
[0.338s] INFO:colcon.colcon_core.package_discovery:Crawling recursively for packages in '/media/david/David/David/Research/Github/ROS/ROS2'
[0.338s] Level 1:colcon.colcon_core.package_identification:_identify(.) by extensions ['ignore', 'ignore_ament_install']
[0.339s] Level 1:colcon.colcon_core.package_identification:_identify(.) by extension 'ignore'
[0.339s] Level 1:colcon.colcon_core.package_identification:_identify(.) by extension 'ignore_ament_install'
[0.339s] Level 1:colcon.colcon_core.package_identification:_identify(.) by extensions ['colcon_pkg']
[0.339s] Level 1:colcon.colcon_core.package_identification:_identify(.) by extension 'colcon_pkg'
[0.339s] Level 1:colcon.colcon_core.package_identification:_identify(.) by extensions ['colcon_meta']
[0.339s] Level 1:colcon.colcon_core.package_identification:_identify(.) by extension 'colcon_meta'
[0.339s] Level 1:colcon.colcon_core.package_identification:_identify(.) by extensions ['ros']
[0.339s] Level 1:colcon.colcon_core.package_identification:_identify(.) by extension 'ros'
[0.352s] Level 1:colcon.colcon_core.package_identification:_identify(.) by extensions ['cmake', 'python']
[0.352s] Level 1:colcon.colcon_core.package_identification:_identify(.) by extension 'cmake'
[0.352s] Level 1:colcon.colcon_core.package_identification:_identify(.) by extension 'python'
[0.352s] Level 1:colcon.colcon_core.package_identification:_identify(.) by extensions ['python_setup_py']
[0.353s] Level 1:colcon.colcon_core.package_identification:_identify(.) by extension 'python_setup_py'
[0.353s] Level 1:colcon.colcon_core.package_identification:_identify(build) by extensions ['ignore', 'ignore_ament_install']
[0.353s] Level 1:colcon.colcon_core.package_identification:_identify(build) by extension 'ignore'
[0.353s] Level 1:colcon.colcon_core.package_identification:_identify(build) ignored
[0.354s] Level 1:colcon.colcon_core.package_identification:_identify(install) by extensions ['ignore', 'ignore_ament_install']
[0.354s] Level 1:colcon.colcon_core.package_identification:_identify(install) by extension 'ignore'
[0.354s] Level 1:colcon.colcon_core.package_identification:_identify(install) ignored
[0.355s] Level 1:colcon.colcon_core.package_identification:_identify(log) by extensions ['ignore', 'ignore_ament_install']
[0.355s] Level 1:colcon.colcon_core.package_identification:_identify(log) by extension 'ignore'
[0.355s] Level 1:colcon.colcon_core.package_identification:_identify(log) ignored
[0.355s] Level 1:colcon.colcon_core.package_identification:_identify(src) by extensions ['ignore', 'ignore_ament_install']
[0.355s] Level 1:colcon.colcon_core.package_identification:_identify(src) by extension 'ignore'
[0.356s] Level 1:colcon.colcon_core.package_identification:_identify(src) by extension 'ignore_ament_install'
[0.356s] Level 1:colcon.colcon_core.package_identification:_identify(src) by extensions ['colcon_pkg']
[0.356s] Level 1:colcon.colcon_core.package_identification:_identify(src) by extension 'colcon_pkg'
[0.356s] Level 1:colcon.colcon_core.package_identification:_identify(src) by extensions ['colcon_meta']
[0.356s] Level 1:colcon.colcon_core.package_identification:_identify(src) by extension 'colcon_meta'
[0.356s] Level 1:colcon.colcon_core.package_identification:_identify(src) by extensions ['ros']
[0.356s] Level 1:colcon.colcon_core.package_identification:_identify(src) by extension 'ros'
[0.357s] Level 1:colcon.colcon_core.package_identification:_identify(src) by extensions ['cmake', 'python']
[0.357s] Level 1:colcon.colcon_core.package_identification:_identify(src) by extension 'cmake'
[0.357s] Level 1:colcon.colcon_core.package_identification:_identify(src) by extension 'python'
[0.357s] Level 1:colcon.colcon_core.package_identification:_identify(src) by extensions ['python_setup_py']
[0.357s] Level 1:colcon.colcon_core.package_identification:_identify(src) by extension 'python_setup_py'
[0.358s] Level 1:colcon.colcon_core.package_identification:_identify(src/bumperbot_cpp_examples) by extensions ['ignore', 'ignore_ament_install']
[0.358s] Level 1:colcon.colcon_core.package_identification:_identify(src/bumperbot_cpp_examples) by extension 'ignore'
[0.358s] Level 1:colcon.colcon_core.package_identification:_identify(src/bumperbot_cpp_examples) by extension 'ignore_ament_install'
[0.358s] Level 1:colcon.colcon_core.package_identification:_identify(src/bumperbot_cpp_examples) by extensions ['colcon_pkg']
[0.358s] Level 1:colcon.colcon_core.package_identification:_identify(src/bumperbot_cpp_examples) by extension 'colcon_pkg'
[0.359s] Level 1:colcon.colcon_core.package_identification:_identify(src/bumperbot_cpp_examples) by extensions ['colcon_meta']
[0.359s] Level 1:colcon.colcon_core.package_identification:_identify(src/bumperbot_cpp_examples) by extension 'colcon_meta'
[0.359s] Level 1:colcon.colcon_core.package_identification:_identify(src/bumperbot_cpp_examples) by extensions ['ros']
[0.359s] Level 1:colcon.colcon_core.package_identification:_identify(src/bumperbot_cpp_examples) by extension 'ros'
[0.363s] DEBUG:colcon.colcon_core.package_identification:Package 'src/bumperbot_cpp_examples' with type 'ros.ament_cmake' and name 'bumperbot_cpp_examples'
[0.364s] Level 1:colcon.colcon_core.package_identification:_identify(src/bumperbot_description) by extensions ['ignore', 'ignore_ament_install']
[0.364s] Level 1:colcon.colcon_core.package_identification:_identify(src/bumperbot_description) by extension 'ignore'
[0.364s] Level 1:colcon.colcon_core.package_identification:_identify(src/bumperbot_description) by extension 'ignore_ament_install'
[0.365s] Level 1:colcon.colcon_core.package_identification:_identify(src/bumperbot_description) by extensions ['colcon_pkg']
[0.365s] Level 1:colcon.colcon_core.package_identification:_identify(src/bumperbot_description) by extension 'colcon_pkg'
[0.365s] Level 1:colcon.colcon_core.package_identification:_identify(src/bumperbot_description) by extensions ['colcon_meta']
[0.365s] Level 1:colcon.colcon_core.package_identification:_identify(src/bumperbot_description) by extension 'colcon_meta'
[0.365s] Level 1:colcon.colcon_core.package_identification:_identify(src/bumperbot_description) by extensions ['ros']
[0.365s] Level 1:colcon.colcon_core.package_identification:_identify(src/bumperbot_description) by extension 'ros'
[0.367s] DEBUG:colcon.colcon_core.package_identification:Package 'src/bumperbot_description' with type 'ros.ament_cmake' and name 'bumperbot_description'
[0.367s] Level 1:colcon.colcon_core.package_identification:_identify(src/bumperbot_py_examples) by extensions ['ignore', 'ignore_ament_install']
[0.367s] Level 1:colcon.colcon_core.package_identification:_identify(src/bumperbot_py_examples) by extension 'ignore'
[0.368s] Level 1:colcon.colcon_core.package_identification:_identify(src/bumperbot_py_examples) by extension 'ignore_ament_install'
[0.368s] Level 1:colcon.colcon_core.package_identification:_identify(src/bumperbot_py_examples) by extensions ['colcon_pkg']
[0.368s] Level 1:colcon.colcon_core.package_identification:_identify(src/bumperbot_py_examples) by extension 'colcon_pkg'
[0.369s] Level 1:colcon.colcon_core.package_identification:_identify(src/bumperbot_py_examples) by extensions ['colcon_meta']
[0.370s] Level 1:colcon.colcon_core.package_identification:_identify(src/bumperbot_py_examples) by extension 'colcon_meta'
[0.370s] Level 1:colcon.colcon_core.package_identification:_identify(src/bumperbot_py_examples) by extensions ['ros']
[0.370s] Level 1:colcon.colcon_core.package_identification:_identify(src/bumperbot_py_examples) by extension 'ros'
[0.371s] DEBUG:colcon.colcon_core.package_identification:Package 'src/bumperbot_py_examples' with type 'ros.ament_python' and name 'bumperbot_py_examples'
[0.372s] Level 1:colcon.colcon_core.package_discovery:discover_packages(recursive) using defaults
[0.372s] Level 1:colcon.colcon_core.package_discovery:discover_packages(ignore) discover
[0.372s] Level 1:colcon.colcon_core.package_discovery:discover_packages(ignore) using defaults
[0.372s] Level 1:colcon.colcon_core.package_discovery:discover_packages(path) discover
[0.372s] Level 1:colcon.colcon_core.package_discovery:discover_packages(path) using defaults
[0.407s] Level 1:colcon.colcon_core.package_discovery:discover_packages(prefix_path) check parameters
[0.407s] Level 1:colcon.colcon_core.package_discovery:discover_packages(prefix_path) discover
[0.410s] DEBUG:colcon.colcon_installed_package_information.package_discovery:Found 331 installed packages in /opt/ros/humble
[0.412s] Level 1:colcon.colcon_core.package_discovery:discover_packages(prefix_path) using defaults
[0.463s] Level 5:colcon.colcon_core.verb:set package 'bumperbot_cpp_examples' build argument 'cmake_args' from command line to 'None'
[0.463s] Level 5:colcon.colcon_core.verb:set package 'bumperbot_cpp_examples' build argument 'cmake_target' from command line to 'None'
[0.463s] Level 5:colcon.colcon_core.verb:set package 'bumperbot_cpp_examples' build argument 'cmake_target_skip_unavailable' from command line to 'False'
[0.464s] Level 5:colcon.colcon_core.verb:set package 'bumperbot_cpp_examples' build argument 'cmake_clean_cache' from command line to 'False'
[0.464s] Level 5:colcon.colcon_core.verb:set package 'bumperbot_cpp_examples' build argument 'cmake_clean_first' from command line to 'False'
[0.464s] Level 5:colcon.colcon_core.verb:set package 'bumperbot_cpp_examples' build argument 'cmake_force_configure' from command line to 'False'
[0.464s] Level 5:colcon.colcon_core.verb:set package 'bumperbot_cpp_examples' build argument 'ament_cmake_args' from command line to 'None'
[0.464s] Level 5:colcon.colcon_core.verb:set package 'bumperbot_cpp_examples' build argument 'catkin_cmake_args' from command line to 'None'
[0.464s] Level 5:colcon.colcon_core.verb:set package 'bumperbot_cpp_examples' build argument 'catkin_skip_building_tests' from command line to 'False'
[0.464s] DEBUG:colcon.colcon_core.verb:Building package 'bumperbot_cpp_examples' with the following arguments: {'ament_cmake_args': None, 'build_base': '/media/david/David/David/Research/Github/ROS/ROS2/build/bumperbot_cpp_examples', 'catkin_cmake_args': None, 'catkin_skip_building_tests': False, 'cmake_args': None, 'cmake_clean_cache': False, 'cmake_clean_first': False, 'cmake_force_configure': False, 'cmake_target': None, 'cmake_target_skip_unavailable': False, 'install_base': '/media/david/David/David/Research/Github/ROS/ROS2/install/bumperbot_cpp_examples', 'merge_install': False, 'path': '/media/david/David/David/Research/Github/ROS/ROS2/src/bumperbot_cpp_examples', 'symlink_install': False, 'test_result_base': None}
[0.465s] Level 5:colcon.colcon_core.verb:set package 'bumperbot_description' build argument 'cmake_args' from command line to 'None'
[0.465s] Level 5:colcon.colcon_core.verb:set package 'bumperbot_description' build argument 'cmake_target' from command line to 'None'
[0.465s] Level 5:colcon.colcon_core.verb:set package 'bumperbot_description' build argument 'cmake_target_skip_unavailable' from command line to 'False'
[0.465s] Level 5:colcon.colcon_core.verb:set package 'bumperbot_description' build argument 'cmake_clean_cache' from command line to 'False'
[0.465s] Level 5:colcon.colcon_core.verb:set package 'bumperbot_description' build argument 'cmake_clean_first' from command line to 'False'
[0.465s] Level 5:colcon.colcon_core.verb:set package 'bumperbot_description' build argument 'cmake_force_configure' from command line to 'False'
[0.465s] Level 5:colcon.colcon_core.verb:set package 'bumperbot_description' build argument 'ament_cmake_args' from command line to 'None'
[0.466s] Level 5:colcon.colcon_core.verb:set package 'bumperbot_description' build argument 'catkin_cmake_args' from command line to 'None'
[0.466s] Level 5:colcon.colcon_core.verb:set package 'bumperbot_description' build argument 'catkin_skip_building_tests' from command line to 'False'
[0.466s] DEBUG:colcon.colcon_core.verb:Building package 'bumperbot_description' with the following arguments: {'ament_cmake_args': None, 'build_base': '/media/david/David/David/Research/Github/ROS/ROS2/build/bumperbot_description', 'catkin_cmake_args': None, 'catkin_skip_building_tests': False, 'cmake_args': None, 'cmake_clean_cache': False, 'cmake_clean_first': False, 'cmake_force_configure': False, 'cmake_target': None, 'cmake_target_skip_unavailable': False, 'install_base': '/media/david/David/David/Research/Github/ROS/ROS2/install/bumperbot_description', 'merge_install': False, 'path': '/media/david/David/David/Research/Github/ROS/ROS2/src/bumperbot_description', 'symlink_install': False, 'test_result_base': None}
[0.466s] Level 5:colcon.colcon_core.verb:set package 'bumperbot_py_examples' build argument 'cmake_args' from command line to 'None'
[0.467s] Level 5:colcon.colcon_core.verb:set package 'bumperbot_py_examples' build argument 'cmake_target' from command line to 'None'
[0.467s] Level 5:colcon.colcon_core.verb:set package 'bumperbot_py_examples' build argument 'cmake_target_skip_unavailable' from command line to 'False'
[0.467s] Level 5:colcon.colcon_core.verb:set package 'bumperbot_py_examples' build argument 'cmake_clean_cache' from command line to 'False'
[0.467s] Level 5:colcon.colcon_core.verb:set package 'bumperbot_py_examples' build argument 'cmake_clean_first' from command line to 'False'
[0.467s] Level 5:colcon.colcon_core.verb:set package 'bumperbot_py_examples' build argument 'cmake_force_configure' from command line to 'False'
[0.467s] Level 5:colcon.colcon_core.verb:set package 'bumperbot_py_examples' build argument 'ament_cmake_args' from command line to 'None'
[0.467s] Level 5:colcon.colcon_core.verb:set package 'bumperbot_py_examples' build argument 'catkin_cmake_args' from command line to 'None'
[0.467s] Level 5:colcon.colcon_core.verb:set package 'bumperbot_py_examples' build argument 'catkin_skip_building_tests' from command line to 'False'
[0.467s] DEBUG:colcon.colcon_core.verb:Building package 'bumperbot_py_examples' with the following arguments: {'ament_cmake_args': None, 'build_base': '/media/david/David/David/Research/Github/ROS/ROS2/build/bumperbot_py_examples', 'catkin_cmake_args': None, 'catkin_skip_building_tests': False, 'cmake_args': None, 'cmake_clean_cache': False, 'cmake_clean_first': False, 'cmake_force_configure': False, 'cmake_target': None, 'cmake_target_skip_unavailable': False, 'install_base': '/media/david/David/David/Research/Github/ROS/ROS2/install/bumperbot_py_examples', 'merge_install': False, 'path': '/media/david/David/David/Research/Github/ROS/ROS2/src/bumperbot_py_examples', 'symlink_install': False, 'test_result_base': None}
[0.468s] INFO:colcon.colcon_core.executor:Executing jobs using 'parallel' executor
[0.469s] DEBUG:colcon.colcon_parallel_executor.executor.parallel:run_until_complete
[0.470s] INFO:colcon.colcon_ros.task.ament_cmake.build:Building ROS package in '/media/david/David/David/Research/Github/ROS/ROS2/src/bumperbot_cpp_examples' with build type 'ament_cmake'
[0.470s] INFO:colcon.colcon_cmake.task.cmake.build:Building CMake package in '/media/david/David/David/Research/Github/ROS/ROS2/src/bumperbot_cpp_examples'
[0.474s] INFO:colcon.colcon_core.plugin_system:Skipping extension 'colcon_core.shell.bat': Not used on non-Windows systems
[0.474s] INFO:colcon.colcon_core.shell:Skip shell extension 'powershell' for command environment: Not usable outside of PowerShell
[0.474s] DEBUG:colcon.colcon_core.shell:Skip shell extension 'dsv' for command environment
[0.480s] INFO:colcon.colcon_ros.task.ament_cmake.build:Building ROS package in '/media/david/David/David/Research/Github/ROS/ROS2/src/bumperbot_description' with build type 'ament_cmake'
[0.480s] INFO:colcon.colcon_cmake.task.cmake.build:Building CMake package in '/media/david/David/David/Research/Github/ROS/ROS2/src/bumperbot_description'
[0.480s] INFO:colcon.colcon_core.shell:Skip shell extension 'powershell' for command environment: Not usable outside of PowerShell
[0.481s] DEBUG:colcon.colcon_core.shell:Skip shell extension 'dsv' for command environment
[0.486s] INFO:colcon.colcon_ros.task.ament_python.build:Building ROS package in '/media/david/David/David/Research/Github/ROS/ROS2/src/bumperbot_py_examples' with build type 'ament_python'
[0.487s] Level 1:colcon.colcon_core.shell:create_environment_hook('bumperbot_py_examples', 'ament_prefix_path')
[0.487s] INFO:colcon.colcon_core.shell:Creating environment hook '/media/david/David/David/Research/Github/ROS/ROS2/install/bumperbot_py_examples/share/bumperbot_py_examples/hook/ament_prefix_path.ps1'
[0.489s] INFO:colcon.colcon_core.shell:Creating environment descriptor '/media/david/David/David/Research/Github/ROS/ROS2/install/bumperbot_py_examples/share/bumperbot_py_examples/hook/ament_prefix_path.dsv'
[0.491s] INFO:colcon.colcon_core.shell:Creating environment hook '/media/david/David/David/Research/Github/ROS/ROS2/install/bumperbot_py_examples/share/bumperbot_py_examples/hook/ament_prefix_path.sh'
[0.493s] INFO:colcon.colcon_core.shell:Skip shell extension 'powershell' for command environment: Not usable outside of PowerShell
[0.493s] DEBUG:colcon.colcon_core.shell:Skip shell extension 'dsv' for command environment
[0.511s] DEBUG:colcon.colcon_core.event_handler.log_command:Invoking command in '/media/david/David/David/Research/Github/ROS/ROS2/build/bumperbot_cpp_examples': CMAKE_PREFIX_PATH=/opt/ros/humble /usr/bin/cmake --build /media/david/David/David/Research/Github/ROS/ROS2/build/bumperbot_cpp_examples -- -j4 -l4
[0.517s] DEBUG:colcon.colcon_core.event_handler.log_command:Invoking command in '/media/david/David/David/Research/Github/ROS/ROS2/build/bumperbot_description': CMAKE_PREFIX_PATH=/opt/ros/humble /usr/bin/cmake --build /media/david/David/David/Research/Github/ROS/ROS2/build/bumperbot_description -- -j4 -l4
[1.000s] INFO:colcon.colcon_core.task.python.build:Building Python package in '/media/david/David/David/Research/Github/ROS/ROS2/src/bumperbot_py_examples'
[1.001s] INFO:colcon.colcon_core.shell:Skip shell extension 'powershell' for command environment: Not usable outside of PowerShell
[1.001s] DEBUG:colcon.colcon_core.shell:Skip shell extension 'dsv' for command environment
[1.593s] DEBUG:colcon.colcon_core.event_handler.log_command:Invoking command in '/media/david/David/David/Research/Github/ROS/ROS2/src/bumperbot_py_examples': PYTHONPATH=/media/david/David/David/Research/Github/ROS/ROS2/build/bumperbot_py_examples/prefix_override:/media/david/David/David/Research/Github/ROS/ROS2/install/bumperbot_py_examples/lib/python3.10/site-packages:${PYTHONPATH} /usr/bin/python3 -W ignore:setup.py install is deprecated setup.py egg_info --egg-base ../../build/bumperbot_py_examples build --build-base /media/david/David/David/Research/Github/ROS/ROS2/build/bumperbot_py_examples/build install --record /media/david/David/David/Research/Github/ROS/ROS2/build/bumperbot_py_examples/install.log --single-version-externally-managed install_data
[1.784s] DEBUG:colcon.colcon_core.event_handler.log_command:Invoked command in '/media/david/David/David/Research/Github/ROS/ROS2/build/bumperbot_description' returned '0': CMAKE_PREFIX_PATH=/opt/ros/humble /usr/bin/cmake --build /media/david/David/David/Research/Github/ROS/ROS2/build/bumperbot_description -- -j4 -l4
[1.896s] DEBUG:colcon.colcon_core.event_handler.log_command:Invoking command in '/media/david/David/David/Research/Github/ROS/ROS2/build/bumperbot_description': CMAKE_PREFIX_PATH=/opt/ros/humble /usr/bin/cmake --install /media/david/David/David/Research/Github/ROS/ROS2/build/bumperbot_description
[1.998s] Level 1:colcon.colcon_core.environment:create_environment_scripts_only(bumperbot_description)
[2.000s] DEBUG:colcon.colcon_core.event_handler.log_command:Invoked command in '/media/david/David/David/Research/Github/ROS/ROS2/build/bumperbot_description' returned '0': CMAKE_PREFIX_PATH=/opt/ros/humble /usr/bin/cmake --install /media/david/David/David/Research/Github/ROS/ROS2/build/bumperbot_description
[2.002s] Level 1:colcon.colcon_core.environment:checking '/media/david/David/David/Research/Github/ROS/ROS2/install/bumperbot_description' for CMake module files
[2.009s] Level 1:colcon.colcon_core.environment:checking '/media/david/David/David/Research/Github/ROS/ROS2/install/bumperbot_description' for CMake config files
[2.013s] Level 1:colcon.colcon_core.shell:create_environment_hook('bumperbot_description', 'cmake_prefix_path')
[2.014s] INFO:colcon.colcon_core.shell:Creating environment hook '/media/david/David/David/Research/Github/ROS/ROS2/install/bumperbot_description/share/bumperbot_description/hook/cmake_prefix_path.ps1'
[2.019s] INFO:colcon.colcon_core.shell:Creating environment descriptor '/media/david/David/David/Research/Github/ROS/ROS2/install/bumperbot_description/share/bumperbot_description/hook/cmake_prefix_path.dsv'
[2.021s] INFO:colcon.colcon_core.shell:Creating environment hook '/media/david/David/David/Research/Github/ROS/ROS2/install/bumperbot_description/share/bumperbot_description/hook/cmake_prefix_path.sh'
[2.023s] Level 1:colcon.colcon_core.environment:checking '/media/david/David/David/Research/Github/ROS/ROS2/install/bumperbot_description/bin'
[2.024s] Level 1:colcon.colcon_core.environment:checking '/media/david/David/David/Research/Github/ROS/ROS2/install/bumperbot_description/lib/pkgconfig/bumperbot_description.pc'
[2.025s] Level 1:colcon.colcon_core.environment:checking '/media/david/David/David/Research/Github/ROS/ROS2/install/bumperbot_description/lib/python3.10/site-packages'
[2.025s] Level 1:colcon.colcon_core.environment:checking '/media/david/David/David/Research/Github/ROS/ROS2/install/bumperbot_description/bin'
[2.026s] INFO:colcon.colcon_core.shell:Creating package script '/media/david/David/David/Research/Github/ROS/ROS2/install/bumperbot_description/share/bumperbot_description/package.ps1'
[2.028s] INFO:colcon.colcon_core.shell:Creating package descriptor '/media/david/David/David/Research/Github/ROS/ROS2/install/bumperbot_description/share/bumperbot_description/package.dsv'
[2.030s] INFO:colcon.colcon_core.shell:Creating package script '/media/david/David/David/Research/Github/ROS/ROS2/install/bumperbot_description/share/bumperbot_description/package.sh'
[2.032s] INFO:colcon.colcon_core.shell:Creating package script '/media/david/David/David/Research/Github/ROS/ROS2/install/bumperbot_description/share/bumperbot_description/package.bash'
[2.034s] INFO:colcon.colcon_core.shell:Creating package script '/media/david/David/David/Research/Github/ROS/ROS2/install/bumperbot_description/share/bumperbot_description/package.zsh'
[2.039s] Level 1:colcon.colcon_core.environment:create_file_with_runtime_dependencies(/media/david/David/David/Research/Github/ROS/ROS2/install/bumperbot_description/share/colcon-core/packages/bumperbot_description)
[2.072s] Level 1:colcon.colcon_core.environment:create_environment_scripts_only(bumperbot_description)
[2.073s] Level 1:colcon.colcon_core.environment:checking '/media/david/David/David/Research/Github/ROS/ROS2/install/bumperbot_description' for CMake module files
[2.080s] Level 1:colcon.colcon_core.environment:checking '/media/david/David/David/Research/Github/ROS/ROS2/install/bumperbot_description' for CMake config files
[2.084s] Level 1:colcon.colcon_core.shell:create_environment_hook('bumperbot_description', 'cmake_prefix_path')
[2.085s] INFO:colcon.colcon_core.shell:Creating environment hook '/media/david/David/David/Research/Github/ROS/ROS2/install/bumperbot_description/share/bumperbot_description/hook/cmake_prefix_path.ps1'
[2.086s] INFO:colcon.colcon_core.shell:Creating environment descriptor '/media/david/David/David/Research/Github/ROS/ROS2/install/bumperbot_description/share/bumperbot_description/hook/cmake_prefix_path.dsv'
[2.088s] INFO:colcon.colcon_core.shell:Creating environment hook '/media/david/David/David/Research/Github/ROS/ROS2/install/bumperbot_description/share/bumperbot_description/hook/cmake_prefix_path.sh'
[2.090s] Level 1:colcon.colcon_core.environment:checking '/media/david/David/David/Research/Github/ROS/ROS2/install/bumperbot_description/bin'
[2.091s] Level 1:colcon.colcon_core.environment:checking '/media/david/David/David/Research/Github/ROS/ROS2/install/bumperbot_description/lib/pkgconfig/bumperbot_description.pc'
[2.091s] Level 1:colcon.colcon_core.environment:checking '/media/david/David/David/Research/Github/ROS/ROS2/install/bumperbot_description/lib/python3.10/site-packages'
[2.092s] Level 1:colcon.colcon_core.environment:checking '/media/david/David/David/Research/Github/ROS/ROS2/install/bumperbot_description/bin'
[2.092s] INFO:colcon.colcon_core.shell:Creating package script '/media/david/David/David/Research/Github/ROS/ROS2/install/bumperbot_description/share/bumperbot_description/package.ps1'
[2.094s] INFO:colcon.colcon_core.shell:Creating package descriptor '/media/david/David/David/Research/Github/ROS/ROS2/install/bumperbot_description/share/bumperbot_description/package.dsv'
[2.095s] INFO:colcon.colcon_core.shell:Creating package script '/media/david/David/David/Research/Github/ROS/ROS2/install/bumperbot_description/share/bumperbot_description/package.sh'
[2.097s] INFO:colcon.colcon_core.shell:Creating package script '/media/david/David/David/Research/Github/ROS/ROS2/install/bumperbot_description/share/bumperbot_description/package.bash'
[2.099s] INFO:colcon.colcon_core.shell:Creating package script '/media/david/David/David/Research/Github/ROS/ROS2/install/bumperbot_description/share/bumperbot_description/package.zsh'
[2.100s] Level 1:colcon.colcon_core.environment:create_file_with_runtime_dependencies(/media/david/David/David/Research/Github/ROS/ROS2/install/bumperbot_description/share/colcon-core/packages/bumperbot_description)
[2.251s] Level 1:colcon.colcon_core.environment:checking '/media/david/David/David/Research/Github/ROS/ROS2/install/bumperbot_py_examples' for CMake module files
[2.252s] DEBUG:colcon.colcon_core.event_handler.log_command:Invoked command in '/media/david/David/David/Research/Github/ROS/ROS2/src/bumperbot_py_examples' returned '0': PYTHONPATH=/media/david/David/David/Research/Github/ROS/ROS2/build/bumperbot_py_examples/prefix_override:/media/david/David/David/Research/Github/ROS/ROS2/install/bumperbot_py_examples/lib/python3.10/site-packages:${PYTHONPATH} /usr/bin/python3 -W ignore:setup.py install is deprecated setup.py egg_info --egg-base ../../build/bumperbot_py_examples build --build-base /media/david/David/David/Research/Github/ROS/ROS2/build/bumperbot_py_examples/build install --record /media/david/David/David/Research/Github/ROS/ROS2/build/bumperbot_py_examples/install.log --single-version-externally-managed install_data
[2.256s] Level 1:colcon.colcon_core.environment:checking '/media/david/David/David/Research/Github/ROS/ROS2/install/bumperbot_py_examples' for CMake config files
[2.261s] Level 1:colcon.colcon_core.environment:checking '/media/david/David/David/Research/Github/ROS/ROS2/install/bumperbot_py_examples/lib'
[2.262s] Level 1:colcon.colcon_core.environment:checking '/media/david/David/David/Research/Github/ROS/ROS2/install/bumperbot_py_examples/bin'
[2.262s] Level 1:colcon.colcon_core.environment:checking '/media/david/David/David/Research/Github/ROS/ROS2/install/bumperbot_py_examples/lib/pkgconfig/bumperbot_py_examples.pc'
[2.262s] Level 1:colcon.colcon_core.environment:checking '/media/david/David/David/Research/Github/ROS/ROS2/install/bumperbot_py_examples/lib/python3.10/site-packages'
[2.263s] Level 1:colcon.colcon_core.shell:create_environment_hook('bumperbot_py_examples', 'pythonpath')
[2.263s] INFO:colcon.colcon_core.shell:Creating environment hook '/media/david/David/David/Research/Github/ROS/ROS2/install/bumperbot_py_examples/share/bumperbot_py_examples/hook/pythonpath.ps1'
[2.264s] INFO:colcon.colcon_core.shell:Creating environment descriptor '/media/david/David/David/Research/Github/ROS/ROS2/install/bumperbot_py_examples/share/bumperbot_py_examples/hook/pythonpath.dsv'
[2.265s] INFO:colcon.colcon_core.shell:Creating environment hook '/media/david/David/David/Research/Github/ROS/ROS2/install/bumperbot_py_examples/share/bumperbot_py_examples/hook/pythonpath.sh'
[2.266s] Level 1:colcon.colcon_core.environment:checking '/media/david/David/David/Research/Github/ROS/ROS2/install/bumperbot_py_examples/bin'
[2.266s] Level 1:colcon.colcon_core.environment:create_environment_scripts_only(bumperbot_py_examples)
[2.267s] INFO:colcon.colcon_core.shell:Creating package script '/media/david/David/David/Research/Github/ROS/ROS2/install/bumperbot_py_examples/share/bumperbot_py_examples/package.ps1'
[2.268s] INFO:colcon.colcon_core.shell:Creating package descriptor '/media/david/David/David/Research/Github/ROS/ROS2/install/bumperbot_py_examples/share/bumperbot_py_examples/package.dsv'
[2.269s] INFO:colcon.colcon_core.shell:Creating package script '/media/david/David/David/Research/Github/ROS/ROS2/install/bumperbot_py_examples/share/bumperbot_py_examples/package.sh'
[2.270s] INFO:colcon.colcon_core.shell:Creating package script '/media/david/David/David/Research/Github/ROS/ROS2/install/bumperbot_py_examples/share/bumperbot_py_examples/package.bash'
[2.271s] INFO:colcon.colcon_core.shell:Creating package script '/media/david/David/David/Research/Github/ROS/ROS2/install/bumperbot_py_examples/share/bumperbot_py_examples/package.zsh'
[2.272s] Level 1:colcon.colcon_core.environment:create_file_with_runtime_dependencies(/media/david/David/David/Research/Github/ROS/ROS2/install/bumperbot_py_examples/share/colcon-core/packages/bumperbot_py_examples)
[3.631s] DEBUG:colcon.colcon_core.event_handler.log_command:Invoked command in '/media/david/David/David/Research/Github/ROS/ROS2/build/bumperbot_cpp_examples' returned '0': CMAKE_PREFIX_PATH=/opt/ros/humble /usr/bin/cmake --build /media/david/David/David/Research/Github/ROS/ROS2/build/bumperbot_cpp_examples -- -j4 -l4
[3.674s] DEBUG:colcon.colcon_core.event_handler.log_command:Invoking command in '/media/david/David/David/Research/Github/ROS/ROS2/build/bumperbot_cpp_examples': CMAKE_PREFIX_PATH=/opt/ros/humble /usr/bin/cmake --install /media/david/David/David/Research/Github/ROS/ROS2/build/bumperbot_cpp_examples
[3.733s] Level 1:colcon.colcon_core.environment:create_environment_scripts_only(bumperbot_cpp_examples)
[3.734s] Level 1:colcon.colcon_core.environment:checking '/media/david/David/David/Research/Github/ROS/ROS2/install/bumperbot_cpp_examples' for CMake module files
[3.735s] DEBUG:colcon.colcon_core.event_handler.log_command:Invoked command in '/media/david/David/David/Research/Github/ROS/ROS2/build/bumperbot_cpp_examples' returned '0': CMAKE_PREFIX_PATH=/opt/ros/humble /usr/bin/cmake --install /media/david/David/David/Research/Github/ROS/ROS2/build/bumperbot_cpp_examples
[3.740s] Level 1:colcon.colcon_core.environment:checking '/media/david/David/David/Research/Github/ROS/ROS2/install/bumperbot_cpp_examples' for CMake config files
[3.743s] Level 1:colcon.colcon_core.shell:create_environment_hook('bumperbot_cpp_examples', 'cmake_prefix_path')
[3.743s] INFO:colcon.colcon_core.shell:Creating environment hook '/media/david/David/David/Research/Github/ROS/ROS2/install/bumperbot_cpp_examples/share/bumperbot_cpp_examples/hook/cmake_prefix_path.ps1'
[3.744s] INFO:colcon.colcon_core.shell:Creating environment descriptor '/media/david/David/David/Research/Github/ROS/ROS2/install/bumperbot_cpp_examples/share/bumperbot_cpp_examples/hook/cmake_prefix_path.dsv'
[3.745s] INFO:colcon.colcon_core.shell:Creating environment hook '/media/david/David/David/Research/Github/ROS/ROS2/install/bumperbot_cpp_examples/share/bumperbot_cpp_examples/hook/cmake_prefix_path.sh'
[3.747s] Level 1:colcon.colcon_core.environment:checking '/media/david/David/David/Research/Github/ROS/ROS2/install/bumperbot_cpp_examples/lib'
[3.747s] Level 1:colcon.colcon_core.environment:checking '/media/david/David/David/Research/Github/ROS/ROS2/install/bumperbot_cpp_examples/bin'
[3.747s] Level 1:colcon.colcon_core.environment:checking '/media/david/David/David/Research/Github/ROS/ROS2/install/bumperbot_cpp_examples/lib/pkgconfig/bumperbot_cpp_examples.pc'
[3.748s] Level 1:colcon.colcon_core.environment:checking '/media/david/David/David/Research/Github/ROS/ROS2/install/bumperbot_cpp_examples/lib/python3.10/site-packages'
[3.748s] Level 1:colcon.colcon_core.environment:checking '/media/david/David/David/Research/Github/ROS/ROS2/install/bumperbot_cpp_examples/bin'
[3.749s] INFO:colcon.colcon_core.shell:Creating package script '/media/david/David/David/Research/Github/ROS/ROS2/install/bumperbot_cpp_examples/share/bumperbot_cpp_examples/package.ps1'
[3.750s] INFO:colcon.colcon_core.shell:Creating package descriptor '/media/david/David/David/Research/Github/ROS/ROS2/install/bumperbot_cpp_examples/share/bumperbot_cpp_examples/package.dsv'
[3.751s] INFO:colcon.colcon_core.shell:Creating package script '/media/david/David/David/Research/Github/ROS/ROS2/install/bumperbot_cpp_examples/share/bumperbot_cpp_examples/package.sh'
[3.752s] INFO:colcon.colcon_core.shell:Creating package script '/media/david/David/David/Research/Github/ROS/ROS2/install/bumperbot_cpp_examples/share/bumperbot_cpp_examples/package.bash'
[3.753s] INFO:colcon.colcon_core.shell:Creating package script '/media/david/David/David/Research/Github/ROS/ROS2/install/bumperbot_cpp_examples/share/bumperbot_cpp_examples/package.zsh'
[3.754s] Level 1:colcon.colcon_core.environment:create_file_with_runtime_dependencies(/media/david/David/David/Research/Github/ROS/ROS2/install/bumperbot_cpp_examples/share/colcon-core/packages/bumperbot_cpp_examples)
[3.797s] Level 1:colcon.colcon_core.environment:create_environment_scripts_only(bumperbot_cpp_examples)
[3.797s] Level 1:colcon.colcon_core.environment:checking '/media/david/David/David/Research/Github/ROS/ROS2/install/bumperbot_cpp_examples' for CMake module files
[3.804s] Level 1:colcon.colcon_core.environment:checking '/media/david/David/David/Research/Github/ROS/ROS2/install/bumperbot_cpp_examples' for CMake config files
[3.809s] Level 1:colcon.colcon_core.shell:create_environment_hook('bumperbot_cpp_examples', 'cmake_prefix_path')
[3.810s] INFO:colcon.colcon_core.shell:Creating environment hook '/media/david/David/David/Research/Github/ROS/ROS2/install/bumperbot_cpp_examples/share/bumperbot_cpp_examples/hook/cmake_prefix_path.ps1'
[3.812s] INFO:colcon.colcon_core.shell:Creating environment descriptor '/media/david/David/David/Research/Github/ROS/ROS2/install/bumperbot_cpp_examples/share/bumperbot_cpp_examples/hook/cmake_prefix_path.dsv'
[3.813s] INFO:colcon.colcon_core.shell:Creating environment hook '/media/david/David/David/Research/Github/ROS/ROS2/install/bumperbot_cpp_examples/share/bumperbot_cpp_examples/hook/cmake_prefix_path.sh'
[3.815s] Level 1:colcon.colcon_core.environment:checking '/media/david/David/David/Research/Github/ROS/ROS2/install/bumperbot_cpp_examples/lib'
[3.815s] Level 1:colcon.colcon_core.environment:checking '/media/david/David/David/Research/Github/ROS/ROS2/install/bumperbot_cpp_examples/bin'
[3.815s] Level 1:colcon.colcon_core.environment:checking '/media/david/David/David/Research/Github/ROS/ROS2/install/bumperbot_cpp_examples/lib/pkgconfig/bumperbot_cpp_examples.pc'
[3.816s] Level 1:colcon.colcon_core.environment:checking '/media/david/David/David/Research/Github/ROS/ROS2/install/bumperbot_cpp_examples/lib/python3.10/site-packages'
[3.817s] Level 1:colcon.colcon_core.environment:checking '/media/david/David/David/Research/Github/ROS/ROS2/install/bumperbot_cpp_examples/bin'
[3.817s] INFO:colcon.colcon_core.shell:Creating package script '/media/david/David/David/Research/Github/ROS/ROS2/install/bumperbot_cpp_examples/share/bumperbot_cpp_examples/package.ps1'
[3.819s] INFO:colcon.colcon_core.shell:Creating package descriptor '/media/david/David/David/Research/Github/ROS/ROS2/install/bumperbot_cpp_examples/share/bumperbot_cpp_examples/package.dsv'
[3.820s] INFO:colcon.colcon_core.shell:Creating package script '/media/david/David/David/Research/Github/ROS/ROS2/install/bumperbot_cpp_examples/share/bumperbot_cpp_examples/package.sh'
[3.822s] INFO:colcon.colcon_core.shell:Creating package script '/media/david/David/David/Research/Github/ROS/ROS2/install/bumperbot_cpp_examples/share/bumperbot_cpp_examples/package.bash'
[3.824s] INFO:colcon.colcon_core.shell:Creating package script '/media/david/David/David/Research/Github/ROS/ROS2/install/bumperbot_cpp_examples/share/bumperbot_cpp_examples/package.zsh'
[3.825s] Level 1:colcon.colcon_core.environment:create_file_with_runtime_dependencies(/media/david/David/David/Research/Github/ROS/ROS2/install/bumperbot_cpp_examples/share/colcon-core/packages/bumperbot_cpp_examples)
[3.826s] DEBUG:colcon.colcon_parallel_executor.executor.parallel:closing loop
[3.827s] DEBUG:colcon.colcon_parallel_executor.executor.parallel:loop closed
[3.827s] DEBUG:colcon.colcon_parallel_executor.executor.parallel:run_until_complete finished with '0'
[3.827s] DEBUG:colcon.colcon_core.event_reactor:joining thread
[3.836s] INFO:colcon.colcon_core.plugin_system:Skipping extension 'colcon_notification.desktop_notification.terminal_notifier': Not used on non-Darwin systems
[3.836s] INFO:colcon.colcon_core.plugin_system:Skipping extension 'colcon_notification.desktop_notification.win32': Not used on non-Windows systems
[3.836s] INFO:colcon.colcon_notification.desktop_notification:Sending desktop notification using 'notify2'
[3.857s] DEBUG:colcon.colcon_core.event_reactor:joined thread
[3.857s] INFO:colcon.colcon_core.shell:Creating prefix script '/media/david/David/David/Research/Github/ROS/ROS2/install/local_setup.ps1'
[3.860s] INFO:colcon.colcon_core.shell:Creating prefix util module '/media/david/David/David/Research/Github/ROS/ROS2/install/_local_setup_util_ps1.py'
[3.864s] INFO:colcon.colcon_core.shell:Creating prefix chain script '/media/david/David/David/Research/Github/ROS/ROS2/install/setup.ps1'
[3.867s] INFO:colcon.colcon_core.shell:Creating prefix script '/media/david/David/David/Research/Github/ROS/ROS2/install/local_setup.sh'
[3.868s] INFO:colcon.colcon_core.shell:Creating prefix util module '/media/david/David/David/Research/Github/ROS/ROS2/install/_local_setup_util_sh.py'
[3.870s] INFO:colcon.colcon_core.shell:Creating prefix chain script '/media/david/David/David/Research/Github/ROS/ROS2/install/setup.sh'
[3.874s] INFO:colcon.colcon_core.shell:Creating prefix script '/media/david/David/David/Research/Github/ROS/ROS2/install/local_setup.bash'
[3.876s] INFO:colcon.colcon_core.shell:Creating prefix chain script '/media/david/David/David/Research/Github/ROS/ROS2/install/setup.bash'
[3.878s] INFO:colcon.colcon_core.shell:Creating prefix script '/media/david/David/David/Research/Github/ROS/ROS2/install/local_setup.zsh'
[3.880s] INFO:colcon.colcon_core.shell:Creating prefix chain script '/media/david/David/David/Research/Github/ROS/ROS2/install/setup.zsh'
