[0.159s] Invoking command in '/home/david/bumperbot_ws/build/bumperbot_description': CMAKE_PREFIX_PATH=/opt/ros/humble /usr/bin/cmake --build /home/david/bumperbot_ws/build/bumperbot_description -- -j4 -l4
[0.564s] Invoked command in '/home/david/bumperbot_ws/build/bumperbot_description' returned '0': CMAKE_PREFIX_PATH=/opt/ros/humble /usr/bin/cmake --build /home/david/bumperbot_ws/build/bumperbot_description -- -j4 -l4
[0.616s] Invoking command in '/home/david/bumperbot_ws/build/bumperbot_description': CMAKE_PREFIX_PATH=/opt/ros/humble /usr/bin/cmake --install /home/david/bumperbot_ws/build/bumperbot_description
[0.626s] -- Install configuration: ""
[0.626s] -- Up-to-date: /home/david/bumperbot_ws/install/bumperbot_description/share/bumperbot_description/meshes
[0.627s] -- Up-to-date: /home/david/bumperbot_ws/install/bumperbot_description/share/bumperbot_description/meshes/wheel_left_link.STL
[0.627s] -- Up-to-date: /home/david/bumperbot_ws/install/bumperbot_description/share/bumperbot_description/meshes/wheel_right_link.STL
[0.627s] -- Up-to-date: /home/david/bumperbot_ws/install/bumperbot_description/share/bumperbot_description/meshes/base_link.STL
[0.627s] -- Up-to-date: /home/david/bumperbot_ws/install/bumperbot_description/share/bumperbot_description/meshes/caster_rear_link.STL
[0.628s] -- Up-to-date: /home/david/bumperbot_ws/install/bumperbot_description/share/bumperbot_description/meshes/imu_link.STL
[0.628s] -- Up-to-date: /home/david/bumperbot_ws/install/bumperbot_description/share/bumperbot_description/meshes/caster_front_link.STL
[0.628s] -- Up-to-date: /home/david/bumperbot_ws/install/bumperbot_description/share/bumperbot_description/urdf
[0.628s] -- Installing: /home/david/bumperbot_ws/install/bumperbot_description/share/bumperbot_description/urdf/bumperbot.urdf.xacro
[0.628s] -- Up-to-date: /home/david/bumperbot_ws/install/bumperbot_description/share/ament_index/resource_index/package_run_dependencies/bumperbot_description
[0.628s] -- Up-to-date: /home/david/bumperbot_ws/install/bumperbot_description/share/ament_index/resource_index/parent_prefix_path/bumperbot_description
[0.628s] -- Up-to-date: /home/david/bumperbot_ws/install/bumperbot_description/share/bumperbot_description/environment/ament_prefix_path.sh
[0.628s] -- Up-to-date: /home/david/bumperbot_ws/install/bumperbot_description/share/bumperbot_description/environment/ament_prefix_path.dsv
[0.629s] -- Up-to-date: /home/david/bumperbot_ws/install/bumperbot_description/share/bumperbot_description/environment/path.sh
[0.629s] -- Up-to-date: /home/david/bumperbot_ws/install/bumperbot_description/share/bumperbot_description/environment/path.dsv
[0.629s] -- Up-to-date: /home/david/bumperbot_ws/install/bumperbot_description/share/bumperbot_description/local_setup.bash
[0.629s] -- Up-to-date: /home/david/bumperbot_ws/install/bumperbot_description/share/bumperbot_description/local_setup.sh
[0.629s] -- Up-to-date: /home/david/bumperbot_ws/install/bumperbot_description/share/bumperbot_description/local_setup.zsh
[0.629s] -- Up-to-date: /home/david/bumperbot_ws/install/bumperbot_description/share/bumperbot_description/local_setup.dsv
[0.629s] -- Installing: /home/david/bumperbot_ws/install/bumperbot_description/share/bumperbot_description/package.dsv
[0.636s] -- Up-to-date: /home/david/bumperbot_ws/install/bumperbot_description/share/ament_index/resource_index/packages/bumperbot_description
[0.636s] -- Up-to-date: /home/david/bumperbot_ws/install/bumperbot_description/share/bumperbot_description/cmake/bumperbot_descriptionConfig.cmake
[0.636s] -- Up-to-date: /home/david/bumperbot_ws/install/bumperbot_description/share/bumperbot_description/cmake/bumperbot_descriptionConfig-version.cmake
[0.636s] -- Up-to-date: /home/david/bumperbot_ws/install/bumperbot_description/share/bumperbot_description/package.xml
[0.710s] Invoked command in '/home/david/bumperbot_ws/build/bumperbot_description' returned '0': CMAKE_PREFIX_PATH=/opt/ros/humble /usr/bin/cmake --install /home/david/bumperbot_ws/build/bumperbot_description
