[2.856s] Invoking command in '/media/david/Storage/David/Research/Github/ROS/ROS2/src/bumperbot_py_examples': PYTHONPATH=/media/david/Storage/David/Research/Github/ROS/ROS2/build/bumperbot_py_examples/prefix_override:/media/david/Storage/David/Research/Github/ROS/ROS2/install/bumperbot_py_examples/lib/python3.10/site-packages:${PYTHONPATH} /usr/bin/python3 -W ignore:setup.py install is deprecated setup.py egg_info --egg-base ../../build/bumperbot_py_examples build --build-base /media/david/Storage/David/Research/Github/ROS/ROS2/build/bumperbot_py_examples/build install --record /media/david/Storage/David/Research/Github/ROS/ROS2/build/bumperbot_py_examples/install.log --single-version-externally-managed install_data
[3.599s] running egg_info
[3.602s] writing ../../build/bumperbot_py_examples/bumperbot_py_examples.egg-info/PKG-INFO
[3.604s] writing dependency_links to ../../build/bumperbot_py_examples/bumperbot_py_examples.egg-info/dependency_links.txt
[3.606s] writing entry points to ../../build/bumperbot_py_examples/bumperbot_py_examples.egg-info/entry_points.txt
[3.607s] writing requirements to ../../build/bumperbot_py_examples/bumperbot_py_examples.egg-info/requires.txt
[3.610s] writing top-level names to ../../build/bumperbot_py_examples/bumperbot_py_examples.egg-info/top_level.txt
[3.623s] reading manifest file '../../build/bumperbot_py_examples/bumperbot_py_examples.egg-info/SOURCES.txt'
[3.644s] writing manifest file '../../build/bumperbot_py_examples/bumperbot_py_examples.egg-info/SOURCES.txt'
[3.645s] running build
[3.645s] running build_py
[3.652s] running install
[3.653s] running install_lib
[3.669s] running install_data
[3.671s] running install_egg_info
[3.676s] removing '/media/david/Storage/David/Research/Github/ROS/ROS2/install/bumperbot_py_examples/lib/python3.10/site-packages/bumperbot_py_examples-0.0.0-py3.10.egg-info' (and everything under it)
[3.686s] Copying ../../build/bumperbot_py_examples/bumperbot_py_examples.egg-info to /media/david/Storage/David/Research/Github/ROS/ROS2/install/bumperbot_py_examples/lib/python3.10/site-packages/bumperbot_py_examples-0.0.0-py3.10.egg-info
[3.698s] running install_scripts
[3.770s] Installing simple_parameter script to /media/david/Storage/David/Research/Github/ROS/ROS2/install/bumperbot_py_examples/lib/bumperbot_py_examples
[3.772s] Installing simple_publisher script to /media/david/Storage/David/Research/Github/ROS/ROS2/install/bumperbot_py_examples/lib/bumperbot_py_examples
[3.774s] Installing simple_subscriber script to /media/david/Storage/David/Research/Github/ROS/ROS2/install/bumperbot_py_examples/lib/bumperbot_py_examples
[3.781s] Installing simple_tf_kinematics script to /media/david/Storage/David/Research/Github/ROS/ROS2/install/bumperbot_py_examples/lib/bumperbot_py_examples
[3.781s] Installing simple_turtlesim_kinematics script to /media/david/Storage/David/Research/Github/ROS/ROS2/install/bumperbot_py_examples/lib/bumperbot_py_examples
[3.783s] writing list of installed files to '/media/david/Storage/David/Research/Github/ROS/ROS2/build/bumperbot_py_examples/install.log'
[3.853s] Invoked command in '/media/david/Storage/David/Research/Github/ROS/ROS2/src/bumperbot_py_examples' returned '0': PYTHONPATH=/media/david/Storage/David/Research/Github/ROS/ROS2/build/bumperbot_py_examples/prefix_override:/media/david/Storage/David/Research/Github/ROS/ROS2/install/bumperbot_py_examples/lib/python3.10/site-packages:${PYTHONPATH} /usr/bin/python3 -W ignore:setup.py install is deprecated setup.py egg_info --egg-base ../../build/bumperbot_py_examples build --build-base /media/david/Storage/David/Research/Github/ROS/ROS2/build/bumperbot_py_examples/build install --record /media/david/Storage/David/Research/Github/ROS/ROS2/build/bumperbot_py_examples/install.log --single-version-externally-managed install_data
