[0.295s] Invoking command in '/media/david/Storage/David/Research/Github/ROS/ROS2/build/bumperbot_controller': CMAKE_PREFIX_PATH=/opt/ros/humble /usr/bin/cmake --build /media/david/Storage/David/Research/Github/ROS/ROS2/build/bumperbot_controller -- -j4 -l4
[1.157s] [100%] Built target simple_controller
[1.567s] [100%] Built target ament_cmake_python_copy_bumperbot_controller
[2.105s] Traceback (most recent call last):
[2.111s]   File "/media/david/Storage/David/Research/Github/ROS/ROS2/build/bumperbot_controller/ament_cmake_python/bumperbot_controller/setup.py", line 1, in <module>
[2.119s]     from setuptools import find_packages
[2.125s]   File "/usr/lib/python3/dist-packages/setuptools/__init__.py", line 10, in <module>
[2.152s]     import distutils.core
[2.154s]   File "/usr/lib/python3.10/distutils/core.py", line 17, in <module>
[2.174s]     from distutils.cmd import Command
[2.178s]   File "/usr/lib/python3.10/distutils/cmd.py", line 9, in <module>
[2.182s]     from distutils import util, dir_util, file_util, archive_util, dep_util
[2.187s]   File "/usr/lib/python3.10/distutils/archive_util.py", line 11, in <module>
[2.189s]     import zipfile
[2.194s]   File "/usr/lib/python3.10/zipfile.py", line 19, in <module>
[2.196s]     import pathlib
[2.201s]   File "/usr/lib/python3.10/pathlib.py", line 4, in <module>
[2.208s]     import ntpath
[2.210s]   File "/usr/lib/python3.10/ntpath.py", line 571, in <module>
[2.216s]     from nt import _getfinalpathname, readlink as _nt_readlink
[2.223s]   File "<frozen importlib._bootstrap>", line 1027, in _find_and_load
[2.225s]   File "<frozen importlib._bootstrap>", line 1002, in _find_and_load_unlocked
[2.228s]   File "<frozen importlib._bootstrap>", line 945, in _find_spec
[2.235s]   File "<frozen importlib._bootstrap_external>", line 1439, in find_spec
[2.239s]   File "<frozen importlib._bootstrap_external>", line 1411, in _get_spec
[2.243s]   File "<frozen importlib._bootstrap_external>", line 1544, in find_spec
[2.245s]   File "<frozen importlib._bootstrap_external>", line 147, in _path_stat
[2.247s] KeyboardInterrupt
[2.251s] gmake[2]: *** [CMakeFiles/ament_cmake_python_build_bumperbot_controller_egg.dir/build.make:70: CMakeFiles/ament_cmake_python_build_bumperbot_controller_egg] Interrupt
[2.255s] gmake[1]: *** [CMakeFiles/Makefile2:192: CMakeFiles/ament_cmake_python_build_bumperbot_controller_egg.dir/all] Interrupt
[2.257s] gmake: *** [Makefile:146: all] Interrupt
