[1.087s] Invoking command in '/home/david/bumperbot_ws/src/bumperbot_py_examples': PYTHONPATH=/home/david/bumperbot_ws/build/bumperbot_py_examples/prefix_override:/home/david/bumperbot_ws/install/bumperbot_py_examples/lib/python3.10/site-packages:${PYTHONPATH} /usr/bin/python3 setup.py egg_info --egg-base ../../build/bumperbot_py_examples build --build-base /home/david/bumperbot_ws/build/bumperbot_py_examples/build install --record /home/david/bumperbot_ws/build/bumperbot_py_examples/install.log --single-version-externally-managed
[1.370s] running egg_info
[1.371s] writing ../../build/bumperbot_py_examples/bumperbot_py_examples.egg-info/PKG-INFO
[1.371s] writing dependency_links to ../../build/bumperbot_py_examples/bumperbot_py_examples.egg-info/dependency_links.txt
[1.371s] writing entry points to ../../build/bumperbot_py_examples/bumperbot_py_examples.egg-info/entry_points.txt
[1.372s] writing requirements to ../../build/bumperbot_py_examples/bumperbot_py_examples.egg-info/requires.txt
[1.372s] writing top-level names to ../../build/bumperbot_py_examples/bumperbot_py_examples.egg-info/top_level.txt
[1.374s] reading manifest file '../../build/bumperbot_py_examples/bumperbot_py_examples.egg-info/SOURCES.txt'
[1.376s] writing manifest file '../../build/bumperbot_py_examples/bumperbot_py_examples.egg-info/SOURCES.txt'
[1.376s] running build
[1.376s] running build_py
[1.376s] copying bumperbot_py_examples/simple_parameter.py -> /home/david/bumperbot_ws/build/bumperbot_py_examples/build/lib/bumperbot_py_examples
[1.377s] running install
[1.377s] /usr/lib/python3/dist-packages/setuptools/command/install.py:34: SetuptoolsDeprecationWarning: setup.py install is deprecated. Use build and pip and other standards-based tools.
[1.377s]   warnings.warn(
[1.377s] running install_lib
[1.379s] copying /home/david/bumperbot_ws/build/bumperbot_py_examples/build/lib/bumperbot_py_examples/simple_parameter.py -> /home/david/bumperbot_ws/install/bumperbot_py_examples/lib/python3.10/site-packages/bumperbot_py_examples
[1.380s] byte-compiling /home/david/bumperbot_ws/install/bumperbot_py_examples/lib/python3.10/site-packages/bumperbot_py_examples/simple_parameter.py to simple_parameter.cpython-310.pyc
[1.380s] running install_data
[1.381s] copying package.xml -> /home/david/bumperbot_ws/install/bumperbot_py_examples/share/bumperbot_py_examples
[1.381s] running install_egg_info
[1.383s] removing '/home/david/bumperbot_ws/install/bumperbot_py_examples/lib/python3.10/site-packages/bumperbot_py_examples-0.0.0-py3.10.egg-info' (and everything under it)
[1.383s] Copying ../../build/bumperbot_py_examples/bumperbot_py_examples.egg-info to /home/david/bumperbot_ws/install/bumperbot_py_examples/lib/python3.10/site-packages/bumperbot_py_examples-0.0.0-py3.10.egg-info
[1.384s] running install_scripts
[1.409s] Installing simple_parameter script to /home/david/bumperbot_ws/install/bumperbot_py_examples/lib/bumperbot_py_examples
[1.411s] Installing simple_publisher script to /home/david/bumperbot_ws/install/bumperbot_py_examples/lib/bumperbot_py_examples
[1.411s] Installing simple_subscriber script to /home/david/bumperbot_ws/install/bumperbot_py_examples/lib/bumperbot_py_examples
[1.411s] writing list of installed files to '/home/david/bumperbot_ws/build/bumperbot_py_examples/install.log'
[1.439s] Invoked command in '/home/david/bumperbot_ws/src/bumperbot_py_examples' returned '0': PYTHONPATH=/home/david/bumperbot_ws/build/bumperbot_py_examples/prefix_override:/home/david/bumperbot_ws/install/bumperbot_py_examples/lib/python3.10/site-packages:${PYTHONPATH} /usr/bin/python3 setup.py egg_info --egg-base ../../build/bumperbot_py_examples build --build-base /home/david/bumperbot_ws/build/bumperbot_py_examples/build install --record /home/david/bumperbot_ws/build/bumperbot_py_examples/install.log --single-version-externally-managed
