[0.897s] Invoking command in '/media/david/David/David/Research/Github/ROS/ROS2/src/bumperbot_py_examples': PYTHONPATH=/media/david/David/David/Research/Github/ROS/ROS2/build/bumperbot_py_examples/prefix_override:/media/david/David/David/Research/Github/ROS/ROS2/install/bumperbot_py_examples/lib/python3.10/site-packages:${PYTHONPATH} /usr/bin/python3 -W ignore:setup.py install is deprecated setup.py egg_info --egg-base ../../build/bumperbot_py_examples build --build-base /media/david/David/David/Research/Github/ROS/ROS2/build/bumperbot_py_examples/build install --record /media/david/David/David/Research/Github/ROS/ROS2/build/bumperbot_py_examples/install.log --single-version-externally-managed install_data
[1.259s] running egg_info
[1.260s] creating ../../build/bumperbot_py_examples/bumperbot_py_examples.egg-info
[1.260s] writing ../../build/bumperbot_py_examples/bumperbot_py_examples.egg-info/PKG-INFO
[1.262s] writing dependency_links to ../../build/bumperbot_py_examples/bumperbot_py_examples.egg-info/dependency_links.txt
[1.262s] writing entry points to ../../build/bumperbot_py_examples/bumperbot_py_examples.egg-info/entry_points.txt
[1.263s] writing requirements to ../../build/bumperbot_py_examples/bumperbot_py_examples.egg-info/requires.txt
[1.263s] writing top-level names to ../../build/bumperbot_py_examples/bumperbot_py_examples.egg-info/top_level.txt
[1.264s] writing manifest file '../../build/bumperbot_py_examples/bumperbot_py_examples.egg-info/SOURCES.txt'
[1.270s] reading manifest file '../../build/bumperbot_py_examples/bumperbot_py_examples.egg-info/SOURCES.txt'
[1.273s] writing manifest file '../../build/bumperbot_py_examples/bumperbot_py_examples.egg-info/SOURCES.txt'
[1.274s] running build
[1.275s] running build_py
[1.275s] creating /media/david/David/David/Research/Github/ROS/ROS2/build/bumperbot_py_examples/build
[1.275s] creating /media/david/David/David/Research/Github/ROS/ROS2/build/bumperbot_py_examples/build/lib
[1.276s] creating /media/david/David/David/Research/Github/ROS/ROS2/build/bumperbot_py_examples/build/lib/bumperbot_py_examples
[1.276s] copying bumperbot_py_examples/simple_parameter.py -> /media/david/David/David/Research/Github/ROS/ROS2/build/bumperbot_py_examples/build/lib/bumperbot_py_examples
[1.278s] copying bumperbot_py_examples/simple_publisher.py -> /media/david/David/David/Research/Github/ROS/ROS2/build/bumperbot_py_examples/build/lib/bumperbot_py_examples
[1.279s] copying bumperbot_py_examples/simple_subscriber.py -> /media/david/David/David/Research/Github/ROS/ROS2/build/bumperbot_py_examples/build/lib/bumperbot_py_examples
[1.280s] copying bumperbot_py_examples/__init__.py -> /media/david/David/David/Research/Github/ROS/ROS2/build/bumperbot_py_examples/build/lib/bumperbot_py_examples
[1.281s] running install
[1.281s] running install_lib
[1.283s] creating /media/david/David/David/Research/Github/ROS/ROS2/install/bumperbot_py_examples/lib/python3.10/site-packages/bumperbot_py_examples
[1.284s] copying /media/david/David/David/Research/Github/ROS/ROS2/build/bumperbot_py_examples/build/lib/bumperbot_py_examples/simple_parameter.py -> /media/david/David/David/Research/Github/ROS/ROS2/install/bumperbot_py_examples/lib/python3.10/site-packages/bumperbot_py_examples
[1.285s] copying /media/david/David/David/Research/Github/ROS/ROS2/build/bumperbot_py_examples/build/lib/bumperbot_py_examples/simple_publisher.py -> /media/david/David/David/Research/Github/ROS/ROS2/install/bumperbot_py_examples/lib/python3.10/site-packages/bumperbot_py_examples
[1.287s] copying /media/david/David/David/Research/Github/ROS/ROS2/build/bumperbot_py_examples/build/lib/bumperbot_py_examples/simple_subscriber.py -> /media/david/David/David/Research/Github/ROS/ROS2/install/bumperbot_py_examples/lib/python3.10/site-packages/bumperbot_py_examples
[1.288s] copying /media/david/David/David/Research/Github/ROS/ROS2/build/bumperbot_py_examples/build/lib/bumperbot_py_examples/__init__.py -> /media/david/David/David/Research/Github/ROS/ROS2/install/bumperbot_py_examples/lib/python3.10/site-packages/bumperbot_py_examples
[1.290s] byte-compiling /media/david/David/David/Research/Github/ROS/ROS2/install/bumperbot_py_examples/lib/python3.10/site-packages/bumperbot_py_examples/simple_parameter.py to simple_parameter.cpython-310.pyc
[1.292s] byte-compiling /media/david/David/David/Research/Github/ROS/ROS2/install/bumperbot_py_examples/lib/python3.10/site-packages/bumperbot_py_examples/simple_publisher.py to simple_publisher.cpython-310.pyc
[1.294s] byte-compiling /media/david/David/David/Research/Github/ROS/ROS2/install/bumperbot_py_examples/lib/python3.10/site-packages/bumperbot_py_examples/simple_subscriber.py to simple_subscriber.cpython-310.pyc
[1.297s] byte-compiling /media/david/David/David/Research/Github/ROS/ROS2/install/bumperbot_py_examples/lib/python3.10/site-packages/bumperbot_py_examples/__init__.py to __init__.cpython-310.pyc
[1.298s] running install_data
[1.299s] creating /media/david/David/David/Research/Github/ROS/ROS2/install/bumperbot_py_examples/share/ament_index
[1.299s] creating /media/david/David/David/Research/Github/ROS/ROS2/install/bumperbot_py_examples/share/ament_index/resource_index
[1.299s] creating /media/david/David/David/Research/Github/ROS/ROS2/install/bumperbot_py_examples/share/ament_index/resource_index/packages
[1.300s] copying resource/bumperbot_py_examples -> /media/david/David/David/Research/Github/ROS/ROS2/install/bumperbot_py_examples/share/ament_index/resource_index/packages
[1.301s] copying package.xml -> /media/david/David/David/Research/Github/ROS/ROS2/install/bumperbot_py_examples/share/bumperbot_py_examples
[1.301s] running install_egg_info
[1.304s] Copying ../../build/bumperbot_py_examples/bumperbot_py_examples.egg-info to /media/david/David/David/Research/Github/ROS/ROS2/install/bumperbot_py_examples/lib/python3.10/site-packages/bumperbot_py_examples-0.0.0-py3.10.egg-info
[1.315s] running install_scripts
[1.340s] Installing simple_parameter script to /media/david/David/David/Research/Github/ROS/ROS2/install/bumperbot_py_examples/lib/bumperbot_py_examples
[1.341s] Installing simple_publisher script to /media/david/David/David/Research/Github/ROS/ROS2/install/bumperbot_py_examples/lib/bumperbot_py_examples
[1.342s] Installing simple_subscriber script to /media/david/David/David/Research/Github/ROS/ROS2/install/bumperbot_py_examples/lib/bumperbot_py_examples
[1.344s] writing list of installed files to '/media/david/David/David/Research/Github/ROS/ROS2/build/bumperbot_py_examples/install.log'
[1.371s] Invoked command in '/media/david/David/David/Research/Github/ROS/ROS2/src/bumperbot_py_examples' returned '0': PYTHONPATH=/media/david/David/David/Research/Github/ROS/ROS2/build/bumperbot_py_examples/prefix_override:/media/david/David/David/Research/Github/ROS/ROS2/install/bumperbot_py_examples/lib/python3.10/site-packages:${PYTHONPATH} /usr/bin/python3 -W ignore:setup.py install is deprecated setup.py egg_info --egg-base ../../build/bumperbot_py_examples build --build-base /media/david/David/David/Research/Github/ROS/ROS2/build/bumperbot_py_examples/build install --record /media/david/David/David/Research/Github/ROS/ROS2/build/bumperbot_py_examples/install.log --single-version-externally-managed install_data
