[0.301s] Invoking command in '/media/david/Storage/David/Research/Github/ROS/ROS2/build/bumperbot_controller': CMAKE_PREFIX_PATH=/opt/ros/humble /usr/bin/cmake --build /media/david/Storage/David/Research/Github/ROS/ROS2/build/bumperbot_controller -- -j4 -l4
[4.362s] [100%] Built target simple_controller
[4.377s] [100%] Built target ament_cmake_python_copy_bumperbot_controller
[4.966s] running egg_info
[5.007s] writing bumperbot_controller.egg-info/PKG-INFO
[5.050s] writing dependency_links to bumperbot_controller.egg-info/dependency_links.txt
[5.060s] writing top-level names to bumperbot_controller.egg-info/top_level.txt
[5.143s] reading manifest file 'bumperbot_controller.egg-info/SOURCES.txt'
[5.163s] writing manifest file 'bumperbot_controller.egg-info/SOURCES.txt'
[5.485s] [100%] Built target ament_cmake_python_build_bumperbot_controller_egg
[6.158s] Invoked command in '/media/david/Storage/David/Research/Github/ROS/ROS2/build/bumperbot_controller' returned '0': CMAKE_PREFIX_PATH=/opt/ros/humble /usr/bin/cmake --build /media/david/Storage/David/Research/Github/ROS/ROS2/build/bumperbot_controller -- -j4 -l4
[6.832s] Invoking command in '/media/david/Storage/David/Research/Github/ROS/ROS2/build/bumperbot_controller': CMAKE_PREFIX_PATH=/opt/ros/humble /usr/bin/cmake --install /media/david/Storage/David/Research/Github/ROS/ROS2/build/bumperbot_controller
[6.961s] -- Install configuration: ""
[6.997s] -- Up-to-date: /media/david/Storage/David/Research/Github/ROS/ROS2/install/bumperbot_controller/share/bumperbot_controller/environment/pythonpath.sh
[7.025s] -- Up-to-date: /media/david/Storage/David/Research/Github/ROS/ROS2/install/bumperbot_controller/share/bumperbot_controller/environment/pythonpath.dsv
[7.041s] -- Up-to-date: /media/david/Storage/David/Research/Github/ROS/ROS2/install/bumperbot_controller/local/lib/python3.10/dist-packages/bumperbot_controller-0.0.0-py3.10.egg-info
[7.054s] -- Installing: /media/david/Storage/David/Research/Github/ROS/ROS2/install/bumperbot_controller/local/lib/python3.10/dist-packages/bumperbot_controller-0.0.0-py3.10.egg-info/dependency_links.txt
[7.081s] -- Installing: /media/david/Storage/David/Research/Github/ROS/ROS2/install/bumperbot_controller/local/lib/python3.10/dist-packages/bumperbot_controller-0.0.0-py3.10.egg-info/PKG-INFO
[7.117s] -- Installing: /media/david/Storage/David/Research/Github/ROS/ROS2/install/bumperbot_controller/local/lib/python3.10/dist-packages/bumperbot_controller-0.0.0-py3.10.egg-info/SOURCES.txt
[7.210s] -- Installing: /media/david/Storage/David/Research/Github/ROS/ROS2/install/bumperbot_controller/local/lib/python3.10/dist-packages/bumperbot_controller-0.0.0-py3.10.egg-info/top_level.txt
[7.264s] -- Up-to-date: /media/david/Storage/David/Research/Github/ROS/ROS2/install/bumperbot_controller/local/lib/python3.10/dist-packages/bumperbot_controller
[7.274s] -- Up-to-date: /media/david/Storage/David/Research/Github/ROS/ROS2/install/bumperbot_controller/local/lib/python3.10/dist-packages/bumperbot_controller/simple_controller.py
[7.288s] -- Up-to-date: /media/david/Storage/David/Research/Github/ROS/ROS2/install/bumperbot_controller/local/lib/python3.10/dist-packages/bumperbot_controller/__init__.py
[7.891s] Listing '/media/david/Storage/David/Research/Github/ROS/ROS2/install/bumperbot_controller/local/lib/python3.10/dist-packages/bumperbot_controller'...
[7.958s] -- Up-to-date: /media/david/Storage/David/Research/Github/ROS/ROS2/install/bumperbot_controller/include/include
[7.963s] -- Up-to-date: /media/david/Storage/David/Research/Github/ROS/ROS2/install/bumperbot_controller/include/include/bumperbot_controller
[7.970s] -- Up-to-date: /media/david/Storage/David/Research/Github/ROS/ROS2/install/bumperbot_controller/include/include/bumperbot_controller/simple_controller.hpp
[7.987s] -- Up-to-date: /media/david/Storage/David/Research/Github/ROS/ROS2/install/bumperbot_controller/lib/bumperbot_controller/simple_controller
[8.012s] -- Up-to-date: /media/david/Storage/David/Research/Github/ROS/ROS2/install/bumperbot_controller/share/bumperbot_controller/launch
[8.019s] -- Up-to-date: /media/david/Storage/David/Research/Github/ROS/ROS2/install/bumperbot_controller/share/bumperbot_controller/launch/controller.launch.py
[8.022s] -- Up-to-date: /media/david/Storage/David/Research/Github/ROS/ROS2/install/bumperbot_controller/share/bumperbot_controller/launch/joystick_teleop.launch.py
[8.024s] -- Up-to-date: /media/david/Storage/David/Research/Github/ROS/ROS2/install/bumperbot_controller/share/bumperbot_controller/config
[8.028s] -- Up-to-date: /media/david/Storage/David/Research/Github/ROS/ROS2/install/bumperbot_controller/share/bumperbot_controller/config/bumperbot_controllers.yaml
[8.040s] -- Up-to-date: /media/david/Storage/David/Research/Github/ROS/ROS2/install/bumperbot_controller/share/bumperbot_controller/config/joy_config.yaml
[8.048s] -- Installing: /media/david/Storage/David/Research/Github/ROS/ROS2/install/bumperbot_controller/share/bumperbot_controller/config/joy_teleop.yaml
[8.070s] -- Up-to-date: /media/david/Storage/David/Research/Github/ROS/ROS2/install/bumperbot_controller/lib/bumperbot_controller/simple_controller.py
[8.075s] -- Up-to-date: /media/david/Storage/David/Research/Github/ROS/ROS2/install/bumperbot_controller/share/ament_index/resource_index/package_run_dependencies/bumperbot_controller
[8.089s] -- Up-to-date: /media/david/Storage/David/Research/Github/ROS/ROS2/install/bumperbot_controller/share/ament_index/resource_index/parent_prefix_path/bumperbot_controller
[8.093s] -- Up-to-date: /media/david/Storage/David/Research/Github/ROS/ROS2/install/bumperbot_controller/share/bumperbot_controller/environment/ament_prefix_path.sh
[8.098s] -- Up-to-date: /media/david/Storage/David/Research/Github/ROS/ROS2/install/bumperbot_controller/share/bumperbot_controller/environment/ament_prefix_path.dsv
[8.101s] -- Up-to-date: /media/david/Storage/David/Research/Github/ROS/ROS2/install/bumperbot_controller/share/bumperbot_controller/environment/path.sh
[8.106s] -- Up-to-date: /media/david/Storage/David/Research/Github/ROS/ROS2/install/bumperbot_controller/share/bumperbot_controller/environment/path.dsv
[8.110s] -- Up-to-date: /media/david/Storage/David/Research/Github/ROS/ROS2/install/bumperbot_controller/share/bumperbot_controller/local_setup.bash
[8.122s] -- Up-to-date: /media/david/Storage/David/Research/Github/ROS/ROS2/install/bumperbot_controller/share/bumperbot_controller/local_setup.sh
[8.127s] -- Up-to-date: /media/david/Storage/David/Research/Github/ROS/ROS2/install/bumperbot_controller/share/bumperbot_controller/local_setup.zsh
[8.134s] -- Up-to-date: /media/david/Storage/David/Research/Github/ROS/ROS2/install/bumperbot_controller/share/bumperbot_controller/local_setup.dsv
[8.142s] -- Installing: /media/david/Storage/David/Research/Github/ROS/ROS2/install/bumperbot_controller/share/bumperbot_controller/package.dsv
[8.177s] -- Up-to-date: /media/david/Storage/David/Research/Github/ROS/ROS2/install/bumperbot_controller/share/ament_index/resource_index/packages/bumperbot_controller
[8.182s] -- Up-to-date: /media/david/Storage/David/Research/Github/ROS/ROS2/install/bumperbot_controller/share/bumperbot_controller/cmake/bumperbot_controllerConfig.cmake
[8.182s] -- Up-to-date: /media/david/Storage/David/Research/Github/ROS/ROS2/install/bumperbot_controller/share/bumperbot_controller/cmake/bumperbot_controllerConfig-version.cmake
[8.186s] -- Up-to-date: /media/david/Storage/David/Research/Github/ROS/ROS2/install/bumperbot_controller/share/bumperbot_controller/package.xml
[8.222s] Invoked command in '/media/david/Storage/David/Research/Github/ROS/ROS2/build/bumperbot_controller' returned '0': CMAKE_PREFIX_PATH=/opt/ros/humble /usr/bin/cmake --install /media/david/Storage/David/Research/Github/ROS/ROS2/build/bumperbot_controller
