[5.031s] DEBUG:colcon:Command line arguments: ['/usr/bin/colcon', 'build']
[5.031s] DEBUG:colcon:Parsed command line arguments: Namespace(log_base=None, log_level=None, verb_name='build', build_base='build', install_base='install', merge_install=False, symlink_install=False, test_result_base=None, continue_on_error=False, executor='parallel', parallel_workers=4, event_handlers=None, ignore_user_meta=False, metas=['./colcon.meta'], base_paths=['.'], packages_ignore=None, packages_ignore_regex=None, paths=None, packages_up_to=None, packages_up_to_regex=None, packages_above=None, packages_above_and_dependencies=None, packages_above_depth=None, packages_select_by_dep=None, packages_skip_by_dep=None, packages_skip_up_to=None, packages_select_build_failed=False, packages_skip_build_finished=False, packages_select_test_failures=False, packages_skip_test_passed=False, packages_select=None, packages_skip=None, packages_select_regex=None, packages_skip_regex=None, packages_start=None, packages_end=None, allow_overriding=[], cmake_args=None, cmake_target=None, cmake_target_skip_unavailable=False, cmake_clean_cache=False, cmake_clean_first=False, cmake_force_configure=False, ament_cmake_args=None, catkin_cmake_args=None, catkin_skip_building_tests=False, verb_parser=<colcon_defaults.argument_parser.defaults.DefaultArgumentsDecorator object at 0x7fd381150ac0>, verb_extension=<colcon_core.verb.build.BuildVerb object at 0x7fd381152a70>, main=<bound method BuildVerb.main of <colcon_core.verb.build.BuildVerb object at 0x7fd381152a70>>)
[5.099s] Level 1:colcon.colcon_core.package_discovery:discover_packages(colcon_meta) check parameters
[5.099s] Level 1:colcon.colcon_core.package_discovery:discover_packages(recursive) check parameters
[5.100s] Level 1:colcon.colcon_core.package_discovery:discover_packages(ignore) check parameters
[5.100s] Level 1:colcon.colcon_core.package_discovery:discover_packages(path) check parameters
[5.100s] Level 1:colcon.colcon_core.package_discovery:discover_packages(colcon_meta) discover
[5.100s] Level 1:colcon.colcon_core.package_discovery:discover_packages(recursive) discover
[5.100s] INFO:colcon.colcon_core.package_discovery:Crawling recursively for packages in '/home/david/bumperbot_ws'
[5.100s] Level 1:colcon.colcon_core.package_identification:_identify(.) by extensions ['ignore', 'ignore_ament_install']
[5.100s] Level 1:colcon.colcon_core.package_identification:_identify(.) by extension 'ignore'
[5.100s] Level 1:colcon.colcon_core.package_identification:_identify(.) by extension 'ignore_ament_install'
[5.100s] Level 1:colcon.colcon_core.package_identification:_identify(.) by extensions ['colcon_pkg']
[5.100s] Level 1:colcon.colcon_core.package_identification:_identify(.) by extension 'colcon_pkg'
[5.100s] Level 1:colcon.colcon_core.package_identification:_identify(.) by extensions ['colcon_meta']
[5.100s] Level 1:colcon.colcon_core.package_identification:_identify(.) by extension 'colcon_meta'
[5.100s] Level 1:colcon.colcon_core.package_identification:_identify(.) by extensions ['ros']
[5.100s] Level 1:colcon.colcon_core.package_identification:_identify(.) by extension 'ros'
[5.113s] Level 1:colcon.colcon_core.package_identification:_identify(.) by extensions ['cmake', 'python']
[5.113s] Level 1:colcon.colcon_core.package_identification:_identify(.) by extension 'cmake'
[5.113s] Level 1:colcon.colcon_core.package_identification:_identify(.) by extension 'python'
[5.114s] Level 1:colcon.colcon_core.package_identification:_identify(.) by extensions ['python_setup_py']
[5.114s] Level 1:colcon.colcon_core.package_identification:_identify(.) by extension 'python_setup_py'
[5.114s] Level 1:colcon.colcon_core.package_identification:_identify(build) by extensions ['ignore', 'ignore_ament_install']
[5.114s] Level 1:colcon.colcon_core.package_identification:_identify(build) by extension 'ignore'
[5.114s] Level 1:colcon.colcon_core.package_identification:_identify(build) ignored
[5.114s] Level 1:colcon.colcon_core.package_identification:_identify(install) by extensions ['ignore', 'ignore_ament_install']
[5.114s] Level 1:colcon.colcon_core.package_identification:_identify(install) by extension 'ignore'
[5.114s] Level 1:colcon.colcon_core.package_identification:_identify(install) ignored
[5.114s] Level 1:colcon.colcon_core.package_identification:_identify(log) by extensions ['ignore', 'ignore_ament_install']
[5.114s] Level 1:colcon.colcon_core.package_identification:_identify(log) by extension 'ignore'
[5.114s] Level 1:colcon.colcon_core.package_identification:_identify(log) ignored
[5.114s] Level 1:colcon.colcon_core.package_identification:_identify(src) by extensions ['ignore', 'ignore_ament_install']
[5.115s] Level 1:colcon.colcon_core.package_identification:_identify(src) by extension 'ignore'
[5.115s] Level 1:colcon.colcon_core.package_identification:_identify(src) by extension 'ignore_ament_install'
[5.115s] Level 1:colcon.colcon_core.package_identification:_identify(src) by extensions ['colcon_pkg']
[5.115s] Level 1:colcon.colcon_core.package_identification:_identify(src) by extension 'colcon_pkg'
[5.115s] Level 1:colcon.colcon_core.package_identification:_identify(src) by extensions ['colcon_meta']
[5.115s] Level 1:colcon.colcon_core.package_identification:_identify(src) by extension 'colcon_meta'
[5.115s] Level 1:colcon.colcon_core.package_identification:_identify(src) by extensions ['ros']
[5.115s] Level 1:colcon.colcon_core.package_identification:_identify(src) by extension 'ros'
[5.115s] Level 1:colcon.colcon_core.package_identification:_identify(src) by extensions ['cmake', 'python']
[5.115s] Level 1:colcon.colcon_core.package_identification:_identify(src) by extension 'cmake'
[5.115s] Level 1:colcon.colcon_core.package_identification:_identify(src) by extension 'python'
[5.115s] Level 1:colcon.colcon_core.package_identification:_identify(src) by extensions ['python_setup_py']
[5.115s] Level 1:colcon.colcon_core.package_identification:_identify(src) by extension 'python_setup_py'
[5.115s] Level 1:colcon.colcon_core.package_identification:_identify(src/bumperbot_cpp_examples) by extensions ['ignore', 'ignore_ament_install']
[5.115s] Level 1:colcon.colcon_core.package_identification:_identify(src/bumperbot_cpp_examples) by extension 'ignore'
[5.115s] Level 1:colcon.colcon_core.package_identification:_identify(src/bumperbot_cpp_examples) by extension 'ignore_ament_install'
[5.115s] Level 1:colcon.colcon_core.package_identification:_identify(src/bumperbot_cpp_examples) by extensions ['colcon_pkg']
[5.115s] Level 1:colcon.colcon_core.package_identification:_identify(src/bumperbot_cpp_examples) by extension 'colcon_pkg'
[5.115s] Level 1:colcon.colcon_core.package_identification:_identify(src/bumperbot_cpp_examples) by extensions ['colcon_meta']
[5.115s] Level 1:colcon.colcon_core.package_identification:_identify(src/bumperbot_cpp_examples) by extension 'colcon_meta'
[5.115s] Level 1:colcon.colcon_core.package_identification:_identify(src/bumperbot_cpp_examples) by extensions ['ros']
[5.116s] Level 1:colcon.colcon_core.package_identification:_identify(src/bumperbot_cpp_examples) by extension 'ros'
[5.118s] DEBUG:colcon.colcon_core.package_identification:Package 'src/bumperbot_cpp_examples' with type 'ros.ament_cmake' and name 'bumperbot_cpp_examples'
[5.118s] Level 1:colcon.colcon_core.package_identification:_identify(src/bumperbot_description) by extensions ['ignore', 'ignore_ament_install']
[5.118s] Level 1:colcon.colcon_core.package_identification:_identify(src/bumperbot_description) by extension 'ignore'
[5.118s] Level 1:colcon.colcon_core.package_identification:_identify(src/bumperbot_description) by extension 'ignore_ament_install'
[5.119s] Level 1:colcon.colcon_core.package_identification:_identify(src/bumperbot_description) by extensions ['colcon_pkg']
[5.119s] Level 1:colcon.colcon_core.package_identification:_identify(src/bumperbot_description) by extension 'colcon_pkg'
[5.119s] Level 1:colcon.colcon_core.package_identification:_identify(src/bumperbot_description) by extensions ['colcon_meta']
[5.119s] Level 1:colcon.colcon_core.package_identification:_identify(src/bumperbot_description) by extension 'colcon_meta'
[5.119s] Level 1:colcon.colcon_core.package_identification:_identify(src/bumperbot_description) by extensions ['ros']
[5.119s] Level 1:colcon.colcon_core.package_identification:_identify(src/bumperbot_description) by extension 'ros'
[5.119s] DEBUG:colcon.colcon_core.package_identification:Package 'src/bumperbot_description' with type 'ros.ament_cmake' and name 'bumperbot_description'
[5.120s] Level 1:colcon.colcon_core.package_identification:_identify(src/bumperbot_py_examples) by extensions ['ignore', 'ignore_ament_install']
[5.120s] Level 1:colcon.colcon_core.package_identification:_identify(src/bumperbot_py_examples) by extension 'ignore'
[5.120s] Level 1:colcon.colcon_core.package_identification:_identify(src/bumperbot_py_examples) by extension 'ignore_ament_install'
[5.120s] Level 1:colcon.colcon_core.package_identification:_identify(src/bumperbot_py_examples) by extensions ['colcon_pkg']
[5.120s] Level 1:colcon.colcon_core.package_identification:_identify(src/bumperbot_py_examples) by extension 'colcon_pkg'
[5.120s] Level 1:colcon.colcon_core.package_identification:_identify(src/bumperbot_py_examples) by extensions ['colcon_meta']
[5.120s] Level 1:colcon.colcon_core.package_identification:_identify(src/bumperbot_py_examples) by extension 'colcon_meta'
[5.120s] Level 1:colcon.colcon_core.package_identification:_identify(src/bumperbot_py_examples) by extensions ['ros']
[5.120s] Level 1:colcon.colcon_core.package_identification:_identify(src/bumperbot_py_examples) by extension 'ros'
[5.121s] DEBUG:colcon.colcon_core.package_identification:Package 'src/bumperbot_py_examples' with type 'ros.ament_python' and name 'bumperbot_py_examples'
[5.121s] Level 1:colcon.colcon_core.package_discovery:discover_packages(recursive) using defaults
[5.121s] Level 1:colcon.colcon_core.package_discovery:discover_packages(ignore) discover
[5.121s] Level 1:colcon.colcon_core.package_discovery:discover_packages(ignore) using defaults
[5.121s] Level 1:colcon.colcon_core.package_discovery:discover_packages(path) discover
[5.121s] Level 1:colcon.colcon_core.package_discovery:discover_packages(path) using defaults
[5.235s] Level 1:colcon.colcon_core.package_discovery:discover_packages(prefix_path) check parameters
[5.235s] Level 1:colcon.colcon_core.package_discovery:discover_packages(prefix_path) discover
[5.290s] DEBUG:colcon.colcon_installed_package_information.package_discovery:Found 331 installed packages in /opt/ros/humble
[5.291s] Level 1:colcon.colcon_core.package_discovery:discover_packages(prefix_path) using defaults
[5.445s] Level 5:colcon.colcon_core.verb:set package 'bumperbot_cpp_examples' build argument 'cmake_args' from command line to 'None'
[5.445s] Level 5:colcon.colcon_core.verb:set package 'bumperbot_cpp_examples' build argument 'cmake_target' from command line to 'None'
[5.445s] Level 5:colcon.colcon_core.verb:set package 'bumperbot_cpp_examples' build argument 'cmake_target_skip_unavailable' from command line to 'False'
[5.445s] Level 5:colcon.colcon_core.verb:set package 'bumperbot_cpp_examples' build argument 'cmake_clean_cache' from command line to 'False'
[5.445s] Level 5:colcon.colcon_core.verb:set package 'bumperbot_cpp_examples' build argument 'cmake_clean_first' from command line to 'False'
[5.445s] Level 5:colcon.colcon_core.verb:set package 'bumperbot_cpp_examples' build argument 'cmake_force_configure' from command line to 'False'
[5.445s] Level 5:colcon.colcon_core.verb:set package 'bumperbot_cpp_examples' build argument 'ament_cmake_args' from command line to 'None'
[5.445s] Level 5:colcon.colcon_core.verb:set package 'bumperbot_cpp_examples' build argument 'catkin_cmake_args' from command line to 'None'
[5.445s] Level 5:colcon.colcon_core.verb:set package 'bumperbot_cpp_examples' build argument 'catkin_skip_building_tests' from command line to 'False'
[5.445s] DEBUG:colcon.colcon_core.verb:Building package 'bumperbot_cpp_examples' with the following arguments: {'ament_cmake_args': None, 'build_base': '/home/david/bumperbot_ws/build/bumperbot_cpp_examples', 'catkin_cmake_args': None, 'catkin_skip_building_tests': False, 'cmake_args': None, 'cmake_clean_cache': False, 'cmake_clean_first': False, 'cmake_force_configure': False, 'cmake_target': None, 'cmake_target_skip_unavailable': False, 'install_base': '/home/david/bumperbot_ws/install/bumperbot_cpp_examples', 'merge_install': False, 'path': '/home/david/bumperbot_ws/src/bumperbot_cpp_examples', 'symlink_install': False, 'test_result_base': None}
[5.461s] Level 5:colcon.colcon_core.verb:set package 'bumperbot_description' build argument 'cmake_args' from command line to 'None'
[5.461s] Level 5:colcon.colcon_core.verb:set package 'bumperbot_description' build argument 'cmake_target' from command line to 'None'
[5.461s] Level 5:colcon.colcon_core.verb:set package 'bumperbot_description' build argument 'cmake_target_skip_unavailable' from command line to 'False'
[5.462s] Level 5:colcon.colcon_core.verb:set package 'bumperbot_description' build argument 'cmake_clean_cache' from command line to 'False'
[5.462s] Level 5:colcon.colcon_core.verb:set package 'bumperbot_description' build argument 'cmake_clean_first' from command line to 'False'
[5.462s] Level 5:colcon.colcon_core.verb:set package 'bumperbot_description' build argument 'cmake_force_configure' from command line to 'False'
[5.462s] Level 5:colcon.colcon_core.verb:set package 'bumperbot_description' build argument 'ament_cmake_args' from command line to 'None'
[5.462s] Level 5:colcon.colcon_core.verb:set package 'bumperbot_description' build argument 'catkin_cmake_args' from command line to 'None'
[5.462s] Level 5:colcon.colcon_core.verb:set package 'bumperbot_description' build argument 'catkin_skip_building_tests' from command line to 'False'
[5.462s] DEBUG:colcon.colcon_core.verb:Building package 'bumperbot_description' with the following arguments: {'ament_cmake_args': None, 'build_base': '/home/david/bumperbot_ws/build/bumperbot_description', 'catkin_cmake_args': None, 'catkin_skip_building_tests': False, 'cmake_args': None, 'cmake_clean_cache': False, 'cmake_clean_first': False, 'cmake_force_configure': False, 'cmake_target': None, 'cmake_target_skip_unavailable': False, 'install_base': '/home/david/bumperbot_ws/install/bumperbot_description', 'merge_install': False, 'path': '/home/david/bumperbot_ws/src/bumperbot_description', 'symlink_install': False, 'test_result_base': None}
[5.478s] Level 5:colcon.colcon_core.verb:set package 'bumperbot_py_examples' build argument 'cmake_args' from command line to 'None'
[5.478s] Level 5:colcon.colcon_core.verb:set package 'bumperbot_py_examples' build argument 'cmake_target' from command line to 'None'
[5.478s] Level 5:colcon.colcon_core.verb:set package 'bumperbot_py_examples' build argument 'cmake_target_skip_unavailable' from command line to 'False'
[5.478s] Level 5:colcon.colcon_core.verb:set package 'bumperbot_py_examples' build argument 'cmake_clean_cache' from command line to 'False'
[5.478s] Level 5:colcon.colcon_core.verb:set package 'bumperbot_py_examples' build argument 'cmake_clean_first' from command line to 'False'
[5.478s] Level 5:colcon.colcon_core.verb:set package 'bumperbot_py_examples' build argument 'cmake_force_configure' from command line to 'False'
[5.478s] Level 5:colcon.colcon_core.verb:set package 'bumperbot_py_examples' build argument 'ament_cmake_args' from command line to 'None'
[5.478s] Level 5:colcon.colcon_core.verb:set package 'bumperbot_py_examples' build argument 'catkin_cmake_args' from command line to 'None'
[5.478s] Level 5:colcon.colcon_core.verb:set package 'bumperbot_py_examples' build argument 'catkin_skip_building_tests' from command line to 'False'
[5.479s] DEBUG:colcon.colcon_core.verb:Building package 'bumperbot_py_examples' with the following arguments: {'ament_cmake_args': None, 'build_base': '/home/david/bumperbot_ws/build/bumperbot_py_examples', 'catkin_cmake_args': None, 'catkin_skip_building_tests': False, 'cmake_args': None, 'cmake_clean_cache': False, 'cmake_clean_first': False, 'cmake_force_configure': False, 'cmake_target': None, 'cmake_target_skip_unavailable': False, 'install_base': '/home/david/bumperbot_ws/install/bumperbot_py_examples', 'merge_install': False, 'path': '/home/david/bumperbot_ws/src/bumperbot_py_examples', 'symlink_install': False, 'test_result_base': None}
[5.498s] INFO:colcon.colcon_core.executor:Executing jobs using 'parallel' executor
[5.518s] DEBUG:colcon.colcon_parallel_executor.executor.parallel:run_until_complete
[5.519s] INFO:colcon.colcon_ros.task.ament_cmake.build:Building ROS package in '/home/david/bumperbot_ws/src/bumperbot_cpp_examples' with build type 'ament_cmake'
[5.519s] INFO:colcon.colcon_cmake.task.cmake.build:Building CMake package in '/home/david/bumperbot_ws/src/bumperbot_cpp_examples'
[5.553s] INFO:colcon.colcon_core.plugin_system:Skipping extension 'colcon_core.shell.bat': Not used on non-Windows systems
[5.553s] INFO:colcon.colcon_core.shell:Skip shell extension 'powershell' for command environment: Not usable outside of PowerShell
[5.553s] DEBUG:colcon.colcon_core.shell:Skip shell extension 'dsv' for command environment
[5.593s] INFO:colcon.colcon_ros.task.ament_cmake.build:Building ROS package in '/home/david/bumperbot_ws/src/bumperbot_description' with build type 'ament_cmake'
[5.594s] INFO:colcon.colcon_cmake.task.cmake.build:Building CMake package in '/home/david/bumperbot_ws/src/bumperbot_description'
[5.616s] INFO:colcon.colcon_core.shell:Skip shell extension 'powershell' for command environment: Not usable outside of PowerShell
[5.616s] DEBUG:colcon.colcon_core.shell:Skip shell extension 'dsv' for command environment
[5.659s] INFO:colcon.colcon_ros.task.ament_python.build:Building ROS package in '/home/david/bumperbot_ws/src/bumperbot_py_examples' with build type 'ament_python'
[5.659s] Level 1:colcon.colcon_core.shell:create_environment_hook('bumperbot_py_examples', 'ament_prefix_path')
[5.681s] INFO:colcon.colcon_core.shell:Creating environment hook '/home/david/bumperbot_ws/install/bumperbot_py_examples/share/bumperbot_py_examples/hook/ament_prefix_path.ps1'
[5.692s] INFO:colcon.colcon_core.shell:Creating environment descriptor '/home/david/bumperbot_ws/install/bumperbot_py_examples/share/bumperbot_py_examples/hook/ament_prefix_path.dsv'
[5.693s] INFO:colcon.colcon_core.shell:Creating environment hook '/home/david/bumperbot_ws/install/bumperbot_py_examples/share/bumperbot_py_examples/hook/ament_prefix_path.sh'
[5.712s] INFO:colcon.colcon_core.shell:Skip shell extension 'powershell' for command environment: Not usable outside of PowerShell
[5.713s] DEBUG:colcon.colcon_core.shell:Skip shell extension 'dsv' for command environment
[5.786s] DEBUG:colcon.colcon_core.event_handler.log_command:Invoking command in '/home/david/bumperbot_ws/build/bumperbot_cpp_examples': CMAKE_PREFIX_PATH=/opt/ros/humble /usr/bin/cmake --build /home/david/bumperbot_ws/build/bumperbot_cpp_examples -- -j4 -l4
[5.903s] DEBUG:colcon.colcon_core.event_handler.log_command:Invoking command in '/home/david/bumperbot_ws/build/bumperbot_description': CMAKE_PREFIX_PATH=/opt/ros/humble /usr/bin/cmake --build /home/david/bumperbot_ws/build/bumperbot_description -- -j4 -l4
[6.322s] INFO:colcon.colcon_core.task.python.build:Building Python package in '/home/david/bumperbot_ws/src/bumperbot_py_examples'
[6.339s] INFO:colcon.colcon_core.shell:Skip shell extension 'powershell' for command environment: Not usable outside of PowerShell
[6.339s] DEBUG:colcon.colcon_core.shell:Skip shell extension 'dsv' for command environment
[6.664s] DEBUG:colcon.colcon_core.event_handler.log_command:Invoked command in '/home/david/bumperbot_ws/build/bumperbot_description' returned '0': CMAKE_PREFIX_PATH=/opt/ros/humble /usr/bin/cmake --build /home/david/bumperbot_ws/build/bumperbot_description -- -j4 -l4
[6.697s] DEBUG:colcon.colcon_core.event_handler.log_command:Invoking command in '/home/david/bumperbot_ws/build/bumperbot_description': CMAKE_PREFIX_PATH=/opt/ros/humble /usr/bin/cmake --install /home/david/bumperbot_ws/build/bumperbot_description
[6.756s] Level 1:colcon.colcon_core.environment:create_environment_scripts_only(bumperbot_description)
[6.757s] DEBUG:colcon.colcon_core.event_handler.log_command:Invoked command in '/home/david/bumperbot_ws/build/bumperbot_description' returned '0': CMAKE_PREFIX_PATH=/opt/ros/humble /usr/bin/cmake --install /home/david/bumperbot_ws/build/bumperbot_description
[6.906s] Level 1:colcon.colcon_core.environment:checking '/home/david/bumperbot_ws/install/bumperbot_description' for CMake module files
[6.908s] Level 1:colcon.colcon_core.environment:checking '/home/david/bumperbot_ws/install/bumperbot_description' for CMake config files
[6.909s] Level 1:colcon.colcon_core.shell:create_environment_hook('bumperbot_description', 'cmake_prefix_path')
[6.943s] INFO:colcon.colcon_core.shell:Creating environment hook '/home/david/bumperbot_ws/install/bumperbot_description/share/bumperbot_description/hook/cmake_prefix_path.ps1'
[6.944s] INFO:colcon.colcon_core.shell:Creating environment descriptor '/home/david/bumperbot_ws/install/bumperbot_description/share/bumperbot_description/hook/cmake_prefix_path.dsv'
[6.944s] INFO:colcon.colcon_core.shell:Creating environment hook '/home/david/bumperbot_ws/install/bumperbot_description/share/bumperbot_description/hook/cmake_prefix_path.sh'
[6.945s] Level 1:colcon.colcon_core.environment:checking '/home/david/bumperbot_ws/install/bumperbot_description/bin'
[6.945s] Level 1:colcon.colcon_core.environment:checking '/home/david/bumperbot_ws/install/bumperbot_description/lib/pkgconfig/bumperbot_description.pc'
[6.945s] Level 1:colcon.colcon_core.environment:checking '/home/david/bumperbot_ws/install/bumperbot_description/lib/python3.10/site-packages'
[6.946s] Level 1:colcon.colcon_core.environment:checking '/home/david/bumperbot_ws/install/bumperbot_description/bin'
[6.963s] INFO:colcon.colcon_core.shell:Creating package script '/home/david/bumperbot_ws/install/bumperbot_description/share/bumperbot_description/package.ps1'
[6.982s] INFO:colcon.colcon_core.shell:Creating package descriptor '/home/david/bumperbot_ws/install/bumperbot_description/share/bumperbot_description/package.dsv'
[7.004s] INFO:colcon.colcon_core.shell:Creating package script '/home/david/bumperbot_ws/install/bumperbot_description/share/bumperbot_description/package.sh'
[7.016s] INFO:colcon.colcon_core.shell:Creating package script '/home/david/bumperbot_ws/install/bumperbot_description/share/bumperbot_description/package.bash'
[7.029s] INFO:colcon.colcon_core.shell:Creating package script '/home/david/bumperbot_ws/install/bumperbot_description/share/bumperbot_description/package.zsh'
[7.041s] Level 1:colcon.colcon_core.environment:create_file_with_runtime_dependencies(/home/david/bumperbot_ws/install/bumperbot_description/share/colcon-core/packages/bumperbot_description)
[7.047s] DEBUG:colcon.colcon_core.event_handler.log_command:Invoked command in '/home/david/bumperbot_ws/build/bumperbot_cpp_examples' returned '0': CMAKE_PREFIX_PATH=/opt/ros/humble /usr/bin/cmake --build /home/david/bumperbot_ws/build/bumperbot_cpp_examples -- -j4 -l4
[7.116s] Level 1:colcon.colcon_core.environment:create_environment_scripts_only(bumperbot_description)
[7.134s] Level 1:colcon.colcon_core.environment:checking '/home/david/bumperbot_ws/install/bumperbot_description' for CMake module files
[7.135s] Level 1:colcon.colcon_core.environment:checking '/home/david/bumperbot_ws/install/bumperbot_description' for CMake config files
[7.136s] Level 1:colcon.colcon_core.shell:create_environment_hook('bumperbot_description', 'cmake_prefix_path')
[7.153s] INFO:colcon.colcon_core.shell:Creating environment hook '/home/david/bumperbot_ws/install/bumperbot_description/share/bumperbot_description/hook/cmake_prefix_path.ps1'
[7.153s] INFO:colcon.colcon_core.shell:Creating environment descriptor '/home/david/bumperbot_ws/install/bumperbot_description/share/bumperbot_description/hook/cmake_prefix_path.dsv'
[7.154s] INFO:colcon.colcon_core.shell:Creating environment hook '/home/david/bumperbot_ws/install/bumperbot_description/share/bumperbot_description/hook/cmake_prefix_path.sh'
[7.154s] Level 1:colcon.colcon_core.environment:checking '/home/david/bumperbot_ws/install/bumperbot_description/bin'
[7.154s] Level 1:colcon.colcon_core.environment:checking '/home/david/bumperbot_ws/install/bumperbot_description/lib/pkgconfig/bumperbot_description.pc'
[7.155s] Level 1:colcon.colcon_core.environment:checking '/home/david/bumperbot_ws/install/bumperbot_description/lib/python3.10/site-packages'
[7.155s] Level 1:colcon.colcon_core.environment:checking '/home/david/bumperbot_ws/install/bumperbot_description/bin'
[7.173s] INFO:colcon.colcon_core.shell:Creating package script '/home/david/bumperbot_ws/install/bumperbot_description/share/bumperbot_description/package.ps1'
[7.173s] INFO:colcon.colcon_core.shell:Creating package descriptor '/home/david/bumperbot_ws/install/bumperbot_description/share/bumperbot_description/package.dsv'
[7.174s] INFO:colcon.colcon_core.shell:Creating package script '/home/david/bumperbot_ws/install/bumperbot_description/share/bumperbot_description/package.sh'
[7.174s] INFO:colcon.colcon_core.shell:Creating package script '/home/david/bumperbot_ws/install/bumperbot_description/share/bumperbot_description/package.bash'
[7.175s] INFO:colcon.colcon_core.shell:Creating package script '/home/david/bumperbot_ws/install/bumperbot_description/share/bumperbot_description/package.zsh'
[7.176s] Level 1:colcon.colcon_core.environment:create_file_with_runtime_dependencies(/home/david/bumperbot_ws/install/bumperbot_description/share/colcon-core/packages/bumperbot_description)
[7.180s] DEBUG:colcon.colcon_core.event_handler.log_command:Invoking command in '/home/david/bumperbot_ws/build/bumperbot_cpp_examples': CMAKE_PREFIX_PATH=/opt/ros/humble /usr/bin/cmake --install /home/david/bumperbot_ws/build/bumperbot_cpp_examples
[7.301s] Level 1:colcon.colcon_core.environment:create_environment_scripts_only(bumperbot_cpp_examples)
[7.304s] DEBUG:colcon.colcon_core.event_handler.log_command:Invoked command in '/home/david/bumperbot_ws/build/bumperbot_cpp_examples' returned '0': CMAKE_PREFIX_PATH=/opt/ros/humble /usr/bin/cmake --install /home/david/bumperbot_ws/build/bumperbot_cpp_examples
[7.341s] Level 1:colcon.colcon_core.environment:checking '/home/david/bumperbot_ws/install/bumperbot_cpp_examples' for CMake module files
[7.342s] Level 1:colcon.colcon_core.environment:checking '/home/david/bumperbot_ws/install/bumperbot_cpp_examples' for CMake config files
[7.342s] Level 1:colcon.colcon_core.shell:create_environment_hook('bumperbot_cpp_examples', 'cmake_prefix_path')
[7.359s] INFO:colcon.colcon_core.shell:Creating environment hook '/home/david/bumperbot_ws/install/bumperbot_cpp_examples/share/bumperbot_cpp_examples/hook/cmake_prefix_path.ps1'
[7.359s] INFO:colcon.colcon_core.shell:Creating environment descriptor '/home/david/bumperbot_ws/install/bumperbot_cpp_examples/share/bumperbot_cpp_examples/hook/cmake_prefix_path.dsv'
[7.360s] INFO:colcon.colcon_core.shell:Creating environment hook '/home/david/bumperbot_ws/install/bumperbot_cpp_examples/share/bumperbot_cpp_examples/hook/cmake_prefix_path.sh'
[7.361s] Level 1:colcon.colcon_core.environment:checking '/home/david/bumperbot_ws/install/bumperbot_cpp_examples/lib'
[7.361s] Level 1:colcon.colcon_core.environment:checking '/home/david/bumperbot_ws/install/bumperbot_cpp_examples/bin'
[7.361s] Level 1:colcon.colcon_core.environment:checking '/home/david/bumperbot_ws/install/bumperbot_cpp_examples/lib/pkgconfig/bumperbot_cpp_examples.pc'
[7.361s] Level 1:colcon.colcon_core.environment:checking '/home/david/bumperbot_ws/install/bumperbot_cpp_examples/lib/python3.10/site-packages'
[7.362s] Level 1:colcon.colcon_core.environment:checking '/home/david/bumperbot_ws/install/bumperbot_cpp_examples/bin'
[7.380s] INFO:colcon.colcon_core.shell:Creating package script '/home/david/bumperbot_ws/install/bumperbot_cpp_examples/share/bumperbot_cpp_examples/package.ps1'
[7.381s] INFO:colcon.colcon_core.shell:Creating package descriptor '/home/david/bumperbot_ws/install/bumperbot_cpp_examples/share/bumperbot_cpp_examples/package.dsv'
[7.381s] INFO:colcon.colcon_core.shell:Creating package script '/home/david/bumperbot_ws/install/bumperbot_cpp_examples/share/bumperbot_cpp_examples/package.sh'
[7.382s] INFO:colcon.colcon_core.shell:Creating package script '/home/david/bumperbot_ws/install/bumperbot_cpp_examples/share/bumperbot_cpp_examples/package.bash'
[7.382s] INFO:colcon.colcon_core.shell:Creating package script '/home/david/bumperbot_ws/install/bumperbot_cpp_examples/share/bumperbot_cpp_examples/package.zsh'
[7.383s] Level 1:colcon.colcon_core.environment:create_file_with_runtime_dependencies(/home/david/bumperbot_ws/install/bumperbot_cpp_examples/share/colcon-core/packages/bumperbot_cpp_examples)
[7.432s] Level 1:colcon.colcon_core.environment:create_environment_scripts_only(bumperbot_cpp_examples)
[7.455s] Level 1:colcon.colcon_core.environment:checking '/home/david/bumperbot_ws/install/bumperbot_cpp_examples' for CMake module files
[7.455s] Level 1:colcon.colcon_core.environment:checking '/home/david/bumperbot_ws/install/bumperbot_cpp_examples' for CMake config files
[7.456s] Level 1:colcon.colcon_core.shell:create_environment_hook('bumperbot_cpp_examples', 'cmake_prefix_path')
[7.474s] INFO:colcon.colcon_core.shell:Creating environment hook '/home/david/bumperbot_ws/install/bumperbot_cpp_examples/share/bumperbot_cpp_examples/hook/cmake_prefix_path.ps1'
[7.474s] INFO:colcon.colcon_core.shell:Creating environment descriptor '/home/david/bumperbot_ws/install/bumperbot_cpp_examples/share/bumperbot_cpp_examples/hook/cmake_prefix_path.dsv'
[7.475s] INFO:colcon.colcon_core.shell:Creating environment hook '/home/david/bumperbot_ws/install/bumperbot_cpp_examples/share/bumperbot_cpp_examples/hook/cmake_prefix_path.sh'
[7.475s] Level 1:colcon.colcon_core.environment:checking '/home/david/bumperbot_ws/install/bumperbot_cpp_examples/lib'
[7.475s] Level 1:colcon.colcon_core.environment:checking '/home/david/bumperbot_ws/install/bumperbot_cpp_examples/bin'
[7.475s] Level 1:colcon.colcon_core.environment:checking '/home/david/bumperbot_ws/install/bumperbot_cpp_examples/lib/pkgconfig/bumperbot_cpp_examples.pc'
[7.475s] Level 1:colcon.colcon_core.environment:checking '/home/david/bumperbot_ws/install/bumperbot_cpp_examples/lib/python3.10/site-packages'
[7.476s] Level 1:colcon.colcon_core.environment:checking '/home/david/bumperbot_ws/install/bumperbot_cpp_examples/bin'
[7.492s] INFO:colcon.colcon_core.shell:Creating package script '/home/david/bumperbot_ws/install/bumperbot_cpp_examples/share/bumperbot_cpp_examples/package.ps1'
[7.492s] INFO:colcon.colcon_core.shell:Creating package descriptor '/home/david/bumperbot_ws/install/bumperbot_cpp_examples/share/bumperbot_cpp_examples/package.dsv'
[7.493s] INFO:colcon.colcon_core.shell:Creating package script '/home/david/bumperbot_ws/install/bumperbot_cpp_examples/share/bumperbot_cpp_examples/package.sh'
[7.493s] INFO:colcon.colcon_core.shell:Creating package script '/home/david/bumperbot_ws/install/bumperbot_cpp_examples/share/bumperbot_cpp_examples/package.bash'
[7.493s] INFO:colcon.colcon_core.shell:Creating package script '/home/david/bumperbot_ws/install/bumperbot_cpp_examples/share/bumperbot_cpp_examples/package.zsh'
[7.494s] Level 1:colcon.colcon_core.environment:create_file_with_runtime_dependencies(/home/david/bumperbot_ws/install/bumperbot_cpp_examples/share/colcon-core/packages/bumperbot_cpp_examples)
[8.103s] DEBUG:colcon.colcon_core.event_handler.log_command:Invoking command in '/home/david/bumperbot_ws/src/bumperbot_py_examples': PYTHONPATH=/home/david/bumperbot_ws/build/bumperbot_py_examples/prefix_override:/home/david/bumperbot_ws/install/bumperbot_py_examples/lib/python3.10/site-packages:${PYTHONPATH} /usr/bin/python3 setup.py egg_info --egg-base ../../build/bumperbot_py_examples build --build-base /home/david/bumperbot_ws/build/bumperbot_py_examples/build install --record /home/david/bumperbot_ws/build/bumperbot_py_examples/install.log --single-version-externally-managed
[8.528s] DEBUG:colcon.colcon_core.event_handler.log_command:Invoked command in '/home/david/bumperbot_ws/src/bumperbot_py_examples' returned '0': PYTHONPATH=/home/david/bumperbot_ws/build/bumperbot_py_examples/prefix_override:/home/david/bumperbot_ws/install/bumperbot_py_examples/lib/python3.10/site-packages:${PYTHONPATH} /usr/bin/python3 setup.py egg_info --egg-base ../../build/bumperbot_py_examples build --build-base /home/david/bumperbot_ws/build/bumperbot_py_examples/build install --record /home/david/bumperbot_ws/build/bumperbot_py_examples/install.log --single-version-externally-managed
[8.546s] Level 1:colcon.colcon_core.environment:checking '/home/david/bumperbot_ws/install/bumperbot_py_examples' for CMake module files
[8.547s] Level 1:colcon.colcon_core.environment:checking '/home/david/bumperbot_ws/install/bumperbot_py_examples' for CMake config files
[8.547s] Level 1:colcon.colcon_core.environment:checking '/home/david/bumperbot_ws/install/bumperbot_py_examples/lib'
[8.547s] Level 1:colcon.colcon_core.environment:checking '/home/david/bumperbot_ws/install/bumperbot_py_examples/bin'
[8.547s] Level 1:colcon.colcon_core.environment:checking '/home/david/bumperbot_ws/install/bumperbot_py_examples/lib/pkgconfig/bumperbot_py_examples.pc'
[8.548s] Level 1:colcon.colcon_core.environment:checking '/home/david/bumperbot_ws/install/bumperbot_py_examples/lib/python3.10/site-packages'
[8.548s] Level 1:colcon.colcon_core.shell:create_environment_hook('bumperbot_py_examples', 'pythonpath')
[8.567s] INFO:colcon.colcon_core.shell:Creating environment hook '/home/david/bumperbot_ws/install/bumperbot_py_examples/share/bumperbot_py_examples/hook/pythonpath.ps1'
[8.568s] INFO:colcon.colcon_core.shell:Creating environment descriptor '/home/david/bumperbot_ws/install/bumperbot_py_examples/share/bumperbot_py_examples/hook/pythonpath.dsv'
[8.568s] INFO:colcon.colcon_core.shell:Creating environment hook '/home/david/bumperbot_ws/install/bumperbot_py_examples/share/bumperbot_py_examples/hook/pythonpath.sh'
[8.568s] Level 1:colcon.colcon_core.environment:checking '/home/david/bumperbot_ws/install/bumperbot_py_examples/bin'
[8.569s] Level 1:colcon.colcon_core.environment:create_environment_scripts_only(bumperbot_py_examples)
[8.585s] INFO:colcon.colcon_core.shell:Creating package script '/home/david/bumperbot_ws/install/bumperbot_py_examples/share/bumperbot_py_examples/package.ps1'
[8.585s] INFO:colcon.colcon_core.shell:Creating package descriptor '/home/david/bumperbot_ws/install/bumperbot_py_examples/share/bumperbot_py_examples/package.dsv'
[8.586s] INFO:colcon.colcon_core.shell:Creating package script '/home/david/bumperbot_ws/install/bumperbot_py_examples/share/bumperbot_py_examples/package.sh'
[8.586s] INFO:colcon.colcon_core.shell:Creating package script '/home/david/bumperbot_ws/install/bumperbot_py_examples/share/bumperbot_py_examples/package.bash'
[8.587s] INFO:colcon.colcon_core.shell:Creating package script '/home/david/bumperbot_ws/install/bumperbot_py_examples/share/bumperbot_py_examples/package.zsh'
[8.587s] Level 1:colcon.colcon_core.environment:create_file_with_runtime_dependencies(/home/david/bumperbot_ws/install/bumperbot_py_examples/share/colcon-core/packages/bumperbot_py_examples)
[8.587s] DEBUG:colcon.colcon_parallel_executor.executor.parallel:closing loop
[8.588s] DEBUG:colcon.colcon_parallel_executor.executor.parallel:loop closed
[8.588s] DEBUG:colcon.colcon_parallel_executor.executor.parallel:run_until_complete finished with '0'
[8.588s] DEBUG:colcon.colcon_core.event_reactor:joining thread
[8.643s] INFO:colcon.colcon_core.plugin_system:Skipping extension 'colcon_notification.desktop_notification.terminal_notifier': Not used on non-Darwin systems
[8.643s] INFO:colcon.colcon_core.plugin_system:Skipping extension 'colcon_notification.desktop_notification.win32': Not used on non-Windows systems
[8.644s] INFO:colcon.colcon_notification.desktop_notification:Sending desktop notification using 'notify2'
[8.661s] DEBUG:colcon.colcon_core.event_reactor:joined thread
[8.682s] INFO:colcon.colcon_core.shell:Creating prefix script '/home/david/bumperbot_ws/install/local_setup.ps1'
[8.695s] INFO:colcon.colcon_core.shell:Creating prefix util module '/home/david/bumperbot_ws/install/_local_setup_util_ps1.py'
[8.709s] INFO:colcon.colcon_core.shell:Creating prefix chain script '/home/david/bumperbot_ws/install/setup.ps1'
[8.746s] INFO:colcon.colcon_core.shell:Creating prefix script '/home/david/bumperbot_ws/install/local_setup.sh'
[8.747s] INFO:colcon.colcon_core.shell:Creating prefix util module '/home/david/bumperbot_ws/install/_local_setup_util_sh.py'
[8.748s] INFO:colcon.colcon_core.shell:Creating prefix chain script '/home/david/bumperbot_ws/install/setup.sh'
[8.766s] INFO:colcon.colcon_core.shell:Creating prefix script '/home/david/bumperbot_ws/install/local_setup.bash'
[8.784s] INFO:colcon.colcon_core.shell:Creating prefix chain script '/home/david/bumperbot_ws/install/setup.bash'
[8.814s] INFO:colcon.colcon_core.shell:Creating prefix script '/home/david/bumperbot_ws/install/local_setup.zsh'
[8.828s] INFO:colcon.colcon_core.shell:Creating prefix chain script '/home/david/bumperbot_ws/install/setup.zsh'
