[0.241s] Invoking command in '/home/david/bumperbot_ws/build/bumperbot_description': CMAKE_PREFIX_PATH=/opt/ros/humble /usr/bin/cmake /home/david/bumperbot_ws/src/bumperbot_description -DCMAKE_INSTALL_PREFIX=/home/david/bumperbot_ws/install/bumperbot_description
[0.803s] -- The C compiler identification is GNU 11.4.0
[1.123s] -- The CXX compiler identification is GNU 11.4.0
[1.297s] -- Detecting C compiler ABI info
[1.391s] -- Detecting C compiler ABI info - done
[1.400s] -- Check for working C compiler: /usr/bin/cc - skipped
[1.400s] -- Detecting C compile features
[1.409s] -- Detecting C compile features - done
[1.426s] -- Detecting CXX compiler ABI info
[1.619s] -- Detecting CXX compiler ABI info - done
[1.628s] -- Check for working CXX compiler: /usr/bin/c++ - skipped
[1.628s] -- Detecting CXX compile features
[1.629s] -- Detecting CXX compile features - done
[1.908s] -- Found ament_cmake: 1.3.8 (/opt/ros/humble/share/ament_cmake/cmake)
[2.311s] -- Found Python3: /usr/bin/python3 (found version "3.10.12") found components: Interpreter 
[3.029s] -- Found ament_lint_auto: 0.12.10 (/opt/ros/humble/share/ament_lint_auto/cmake)
[3.565s] -- Added test 'lint_cmake' to check CMake code style
[3.625s] -- Added test 'xmllint' to check XML markup files
[3.653s] -- Configuring done
[3.667s] -- Generating done
[3.671s] -- Build files have been written to: /home/david/bumperbot_ws/build/bumperbot_description
[3.692s] Invoked command in '/home/david/bumperbot_ws/build/bumperbot_description' returned '0': CMAKE_PREFIX_PATH=/opt/ros/humble /usr/bin/cmake /home/david/bumperbot_ws/src/bumperbot_description -DCMAKE_INSTALL_PREFIX=/home/david/bumperbot_ws/install/bumperbot_description
[3.699s] Invoking command in '/home/david/bumperbot_ws/build/bumperbot_description': CMAKE_PREFIX_PATH=/opt/ros/humble /usr/bin/cmake --build /home/david/bumperbot_ws/build/bumperbot_description -- -j4 -l4
[3.780s] Invoked command in '/home/david/bumperbot_ws/build/bumperbot_description' returned '0': CMAKE_PREFIX_PATH=/opt/ros/humble /usr/bin/cmake --build /home/david/bumperbot_ws/build/bumperbot_description -- -j4 -l4
[3.808s] Invoking command in '/home/david/bumperbot_ws/build/bumperbot_description': CMAKE_PREFIX_PATH=/opt/ros/humble /usr/bin/cmake --install /home/david/bumperbot_ws/build/bumperbot_description
[3.821s] -- Install configuration: ""
[3.821s] -- Installing: /home/david/bumperbot_ws/install/bumperbot_description/share/ament_index/resource_index/package_run_dependencies/bumperbot_description
[3.821s] -- Installing: /home/david/bumperbot_ws/install/bumperbot_description/share/ament_index/resource_index/parent_prefix_path/bumperbot_description
[3.822s] -- Installing: /home/david/bumperbot_ws/install/bumperbot_description/share/bumperbot_description/environment/ament_prefix_path.sh
[3.822s] -- Installing: /home/david/bumperbot_ws/install/bumperbot_description/share/bumperbot_description/environment/ament_prefix_path.dsv
[3.822s] -- Installing: /home/david/bumperbot_ws/install/bumperbot_description/share/bumperbot_description/environment/path.sh
[3.823s] -- Installing: /home/david/bumperbot_ws/install/bumperbot_description/share/bumperbot_description/environment/path.dsv
[3.823s] -- Installing: /home/david/bumperbot_ws/install/bumperbot_description/share/bumperbot_description/local_setup.bash
[3.824s] -- Installing: /home/david/bumperbot_ws/install/bumperbot_description/share/bumperbot_description/local_setup.sh
[3.824s] -- Installing: /home/david/bumperbot_ws/install/bumperbot_description/share/bumperbot_description/local_setup.zsh
[3.824s] -- Installing: /home/david/bumperbot_ws/install/bumperbot_description/share/bumperbot_description/local_setup.dsv
[3.824s] -- Installing: /home/david/bumperbot_ws/install/bumperbot_description/share/bumperbot_description/package.dsv
[3.824s] -- Installing: /home/david/bumperbot_ws/install/bumperbot_description/share/ament_index/resource_index/packages/bumperbot_description
[3.824s] -- Installing: /home/david/bumperbot_ws/install/bumperbot_description/share/bumperbot_description/cmake/bumperbot_descriptionConfig.cmake
[3.825s] -- Installing: /home/david/bumperbot_ws/install/bumperbot_description/share/bumperbot_description/cmake/bumperbot_descriptionConfig-version.cmake
[3.825s] -- Installing: /home/david/bumperbot_ws/install/bumperbot_description/share/bumperbot_description/package.xml
[3.831s] Invoked command in '/home/david/bumperbot_ws/build/bumperbot_description' returned '0': CMAKE_PREFIX_PATH=/opt/ros/humble /usr/bin/cmake --install /home/david/bumperbot_ws/build/bumperbot_description
