[0.033s] Invoking command in '/media/david/Storage/David/Research/Github/ROS/ROS2/build/bumperbot_msgs': CMAKE_PREFIX_PATH=/opt/ros/humble /usr/bin/cmake --build /media/david/Storage/David/Research/Github/ROS/ROS2/build/bumperbot_msgs -- -j4 -l4
[0.168s] [  2%] Built target bumperbot_msgs__cpp
[0.186s] [ 12%] Built target bumperbot_msgs__rosidl_generator_c
[0.257s] [ 12%] Built target ament_cmake_python_copy_bumperbot_msgs
[0.289s] [ 23%] Built target bumperbot_msgs__rosidl_typesupport_cpp
[0.315s] [ 33%] Built target bumperbot_msgs__rosidl_typesupport_fastrtps_cpp
[0.412s] [ 43%] Built target bumperbot_msgs__rosidl_typesupport_introspection_cpp
[0.460s] [ 53%] Built target bumperbot_msgs__rosidl_typesupport_fastrtps_c
[0.470s] [ 64%] Built target bumperbot_msgs__rosidl_typesupport_introspection_c
[1.220s] running egg_info
[1.222s] writing bumperbot_msgs.egg-info/PKG-INFO
[1.223s] writing dependency_links to bumperbot_msgs.egg-info/dependency_links.txt
[1.223s] writing top-level names to bumperbot_msgs.egg-info/top_level.txt
[1.229s] reading manifest file 'bumperbot_msgs.egg-info/SOURCES.txt'
[1.233s] writing manifest file 'bumperbot_msgs.egg-info/SOURCES.txt'
[1.291s] [ 64%] Built target ament_cmake_python_build_bumperbot_msgs_egg
[1.357s] [ 74%] Built target bumperbot_msgs__rosidl_typesupport_c
[1.400s] [ 74%] Built target bumperbot_msgs
[1.438s] [ 76%] Built target bumperbot_msgs__py
[1.510s] [ 84%] Built target bumperbot_msgs__rosidl_generator_py
[1.568s] [ 89%] Built target bumperbot_msgs__rosidl_typesupport_fastrtps_c__pyext
[1.617s] [ 94%] Built target bumperbot_msgs__rosidl_typesupport_c__pyext
[1.663s] [100%] Built target bumperbot_msgs__rosidl_typesupport_introspection_c__pyext
[1.698s] Invoked command in '/media/david/Storage/David/Research/Github/ROS/ROS2/build/bumperbot_msgs' returned '0': CMAKE_PREFIX_PATH=/opt/ros/humble /usr/bin/cmake --build /media/david/Storage/David/Research/Github/ROS/ROS2/build/bumperbot_msgs -- -j4 -l4
[1.912s] Invoking command in '/media/david/Storage/David/Research/Github/ROS/ROS2/build/bumperbot_msgs': CMAKE_PREFIX_PATH=/opt/ros/humble /usr/bin/cmake --install /media/david/Storage/David/Research/Github/ROS/ROS2/build/bumperbot_msgs
[1.925s] -- Install configuration: ""
[1.927s] -- Up-to-date: /media/david/Storage/David/Research/Github/ROS/ROS2/install/bumperbot_msgs/share/ament_index/resource_index/rosidl_interfaces/bumperbot_msgs
[1.928s] -- Up-to-date: /media/david/Storage/David/Research/Github/ROS/ROS2/install/bumperbot_msgs/include/bumperbot_msgs/bumperbot_msgs
[1.930s] -- Up-to-date: /media/david/Storage/David/Research/Github/ROS/ROS2/install/bumperbot_msgs/include/bumperbot_msgs/bumperbot_msgs/msg
[1.932s] -- Up-to-date: /media/david/Storage/David/Research/Github/ROS/ROS2/install/bumperbot_msgs/include/bumperbot_msgs/bumperbot_msgs/msg/rosidl_generator_c__visibility_control.h
[1.934s] -- Up-to-date: /media/david/Storage/David/Research/Github/ROS/ROS2/install/bumperbot_msgs/include/bumperbot_msgs/bumperbot_msgs/srv
[1.937s] -- Up-to-date: /media/david/Storage/David/Research/Github/ROS/ROS2/install/bumperbot_msgs/include/bumperbot_msgs/bumperbot_msgs/srv/add_two_ints.h
[1.938s] -- Up-to-date: /media/david/Storage/David/Research/Github/ROS/ROS2/install/bumperbot_msgs/include/bumperbot_msgs/bumperbot_msgs/srv/detail
[1.941s] -- Up-to-date: /media/david/Storage/David/Research/Github/ROS/ROS2/install/bumperbot_msgs/include/bumperbot_msgs/bumperbot_msgs/srv/detail/add_two_ints__functions.c
[1.943s] -- Up-to-date: /media/david/Storage/David/Research/Github/ROS/ROS2/install/bumperbot_msgs/include/bumperbot_msgs/bumperbot_msgs/srv/detail/add_two_ints__functions.h
[1.947s] -- Up-to-date: /media/david/Storage/David/Research/Github/ROS/ROS2/install/bumperbot_msgs/include/bumperbot_msgs/bumperbot_msgs/srv/detail/add_two_ints__struct.h
[1.950s] -- Up-to-date: /media/david/Storage/David/Research/Github/ROS/ROS2/install/bumperbot_msgs/include/bumperbot_msgs/bumperbot_msgs/srv/detail/add_two_ints__type_support.h
[1.953s] -- Up-to-date: /media/david/Storage/David/Research/Github/ROS/ROS2/install/bumperbot_msgs/include/bumperbot_msgs/bumperbot_msgs/srv/detail/get_transform__functions.c
[1.955s] -- Up-to-date: /media/david/Storage/David/Research/Github/ROS/ROS2/install/bumperbot_msgs/include/bumperbot_msgs/bumperbot_msgs/srv/detail/get_transform__functions.h
[1.966s] -- Up-to-date: /media/david/Storage/David/Research/Github/ROS/ROS2/install/bumperbot_msgs/include/bumperbot_msgs/bumperbot_msgs/srv/detail/get_transform__struct.h
[1.968s] -- Up-to-date: /media/david/Storage/David/Research/Github/ROS/ROS2/install/bumperbot_msgs/include/bumperbot_msgs/bumperbot_msgs/srv/detail/get_transform__type_support.h
[1.970s] -- Up-to-date: /media/david/Storage/David/Research/Github/ROS/ROS2/install/bumperbot_msgs/include/bumperbot_msgs/bumperbot_msgs/srv/get_transform.h
[1.972s] -- Up-to-date: /media/david/Storage/David/Research/Github/ROS/ROS2/install/bumperbot_msgs/share/bumperbot_msgs/environment/library_path.sh
[1.975s] -- Up-to-date: /media/david/Storage/David/Research/Github/ROS/ROS2/install/bumperbot_msgs/share/bumperbot_msgs/environment/library_path.dsv
[1.981s] -- Up-to-date: /media/david/Storage/David/Research/Github/ROS/ROS2/install/bumperbot_msgs/lib/libbumperbot_msgs__rosidl_generator_c.so
[1.981s] -- Up-to-date: /media/david/Storage/David/Research/Github/ROS/ROS2/install/bumperbot_msgs/include/bumperbot_msgs/bumperbot_msgs
[1.984s] -- Up-to-date: /media/david/Storage/David/Research/Github/ROS/ROS2/install/bumperbot_msgs/include/bumperbot_msgs/bumperbot_msgs/msg
[1.986s] -- Up-to-date: /media/david/Storage/David/Research/Github/ROS/ROS2/install/bumperbot_msgs/include/bumperbot_msgs/bumperbot_msgs/msg/rosidl_typesupport_fastrtps_c__visibility_control.h
[1.987s] -- Up-to-date: /media/david/Storage/David/Research/Github/ROS/ROS2/install/bumperbot_msgs/include/bumperbot_msgs/bumperbot_msgs/srv
[1.989s] -- Up-to-date: /media/david/Storage/David/Research/Github/ROS/ROS2/install/bumperbot_msgs/include/bumperbot_msgs/bumperbot_msgs/srv/detail
[1.992s] -- Up-to-date: /media/david/Storage/David/Research/Github/ROS/ROS2/install/bumperbot_msgs/include/bumperbot_msgs/bumperbot_msgs/srv/detail/add_two_ints__rosidl_typesupport_fastrtps_c.h
[1.995s] -- Up-to-date: /media/david/Storage/David/Research/Github/ROS/ROS2/install/bumperbot_msgs/include/bumperbot_msgs/bumperbot_msgs/srv/detail/get_transform__rosidl_typesupport_fastrtps_c.h
[1.998s] -- Up-to-date: /media/david/Storage/David/Research/Github/ROS/ROS2/install/bumperbot_msgs/lib/libbumperbot_msgs__rosidl_typesupport_fastrtps_c.so
[2.002s] -- Up-to-date: /media/david/Storage/David/Research/Github/ROS/ROS2/install/bumperbot_msgs/include/bumperbot_msgs/bumperbot_msgs
[2.005s] -- Up-to-date: /media/david/Storage/David/Research/Github/ROS/ROS2/install/bumperbot_msgs/include/bumperbot_msgs/bumperbot_msgs/srv
[2.007s] -- Up-to-date: /media/david/Storage/David/Research/Github/ROS/ROS2/install/bumperbot_msgs/include/bumperbot_msgs/bumperbot_msgs/srv/add_two_ints.hpp
[2.009s] -- Up-to-date: /media/david/Storage/David/Research/Github/ROS/ROS2/install/bumperbot_msgs/include/bumperbot_msgs/bumperbot_msgs/srv/detail
[2.012s] -- Up-to-date: /media/david/Storage/David/Research/Github/ROS/ROS2/install/bumperbot_msgs/include/bumperbot_msgs/bumperbot_msgs/srv/detail/add_two_ints__builder.hpp
[2.014s] -- Up-to-date: /media/david/Storage/David/Research/Github/ROS/ROS2/install/bumperbot_msgs/include/bumperbot_msgs/bumperbot_msgs/srv/detail/add_two_ints__struct.hpp
[2.017s] -- Up-to-date: /media/david/Storage/David/Research/Github/ROS/ROS2/install/bumperbot_msgs/include/bumperbot_msgs/bumperbot_msgs/srv/detail/add_two_ints__traits.hpp
[2.019s] -- Up-to-date: /media/david/Storage/David/Research/Github/ROS/ROS2/install/bumperbot_msgs/include/bumperbot_msgs/bumperbot_msgs/srv/detail/get_transform__builder.hpp
[2.020s] -- Up-to-date: /media/david/Storage/David/Research/Github/ROS/ROS2/install/bumperbot_msgs/include/bumperbot_msgs/bumperbot_msgs/srv/detail/get_transform__struct.hpp
[2.022s] -- Up-to-date: /media/david/Storage/David/Research/Github/ROS/ROS2/install/bumperbot_msgs/include/bumperbot_msgs/bumperbot_msgs/srv/detail/get_transform__traits.hpp
[2.026s] -- Up-to-date: /media/david/Storage/David/Research/Github/ROS/ROS2/install/bumperbot_msgs/include/bumperbot_msgs/bumperbot_msgs/srv/get_transform.hpp
[2.028s] -- Up-to-date: /media/david/Storage/David/Research/Github/ROS/ROS2/install/bumperbot_msgs/include/bumperbot_msgs/bumperbot_msgs
[2.030s] -- Up-to-date: /media/david/Storage/David/Research/Github/ROS/ROS2/install/bumperbot_msgs/include/bumperbot_msgs/bumperbot_msgs/msg
[2.032s] -- Up-to-date: /media/david/Storage/David/Research/Github/ROS/ROS2/install/bumperbot_msgs/include/bumperbot_msgs/bumperbot_msgs/msg/rosidl_typesupport_fastrtps_cpp__visibility_control.h
[2.034s] -- Up-to-date: /media/david/Storage/David/Research/Github/ROS/ROS2/install/bumperbot_msgs/include/bumperbot_msgs/bumperbot_msgs/srv
[2.039s] -- Up-to-date: /media/david/Storage/David/Research/Github/ROS/ROS2/install/bumperbot_msgs/include/bumperbot_msgs/bumperbot_msgs/srv/detail
[2.042s] -- Up-to-date: /media/david/Storage/David/Research/Github/ROS/ROS2/install/bumperbot_msgs/include/bumperbot_msgs/bumperbot_msgs/srv/detail/add_two_ints__rosidl_typesupport_fastrtps_cpp.hpp
[2.043s] -- Up-to-date: /media/david/Storage/David/Research/Github/ROS/ROS2/install/bumperbot_msgs/include/bumperbot_msgs/bumperbot_msgs/srv/detail/dds_fastrtps
[2.047s] -- Up-to-date: /media/david/Storage/David/Research/Github/ROS/ROS2/install/bumperbot_msgs/include/bumperbot_msgs/bumperbot_msgs/srv/detail/get_transform__rosidl_typesupport_fastrtps_cpp.hpp
[2.050s] -- Up-to-date: /media/david/Storage/David/Research/Github/ROS/ROS2/install/bumperbot_msgs/lib/libbumperbot_msgs__rosidl_typesupport_fastrtps_cpp.so
[2.055s] -- Up-to-date: /media/david/Storage/David/Research/Github/ROS/ROS2/install/bumperbot_msgs/include/bumperbot_msgs/bumperbot_msgs
[2.060s] -- Up-to-date: /media/david/Storage/David/Research/Github/ROS/ROS2/install/bumperbot_msgs/include/bumperbot_msgs/bumperbot_msgs/msg
[2.060s] -- Up-to-date: /media/david/Storage/David/Research/Github/ROS/ROS2/install/bumperbot_msgs/include/bumperbot_msgs/bumperbot_msgs/msg/rosidl_typesupport_introspection_c__visibility_control.h
[2.061s] -- Up-to-date: /media/david/Storage/David/Research/Github/ROS/ROS2/install/bumperbot_msgs/include/bumperbot_msgs/bumperbot_msgs/srv
[2.064s] -- Up-to-date: /media/david/Storage/David/Research/Github/ROS/ROS2/install/bumperbot_msgs/include/bumperbot_msgs/bumperbot_msgs/srv/detail
[2.068s] -- Up-to-date: /media/david/Storage/David/Research/Github/ROS/ROS2/install/bumperbot_msgs/include/bumperbot_msgs/bumperbot_msgs/srv/detail/add_two_ints__rosidl_typesupport_introspection_c.h
[2.071s] -- Up-to-date: /media/david/Storage/David/Research/Github/ROS/ROS2/install/bumperbot_msgs/include/bumperbot_msgs/bumperbot_msgs/srv/detail/add_two_ints__type_support.c
[2.073s] -- Up-to-date: /media/david/Storage/David/Research/Github/ROS/ROS2/install/bumperbot_msgs/include/bumperbot_msgs/bumperbot_msgs/srv/detail/get_transform__rosidl_typesupport_introspection_c.h
[2.077s] -- Up-to-date: /media/david/Storage/David/Research/Github/ROS/ROS2/install/bumperbot_msgs/include/bumperbot_msgs/bumperbot_msgs/srv/detail/get_transform__type_support.c
[2.084s] -- Up-to-date: /media/david/Storage/David/Research/Github/ROS/ROS2/install/bumperbot_msgs/lib/libbumperbot_msgs__rosidl_typesupport_introspection_c.so
[2.089s] -- Up-to-date: /media/david/Storage/David/Research/Github/ROS/ROS2/install/bumperbot_msgs/lib/libbumperbot_msgs__rosidl_typesupport_c.so
[2.093s] -- Up-to-date: /media/david/Storage/David/Research/Github/ROS/ROS2/install/bumperbot_msgs/include/bumperbot_msgs/bumperbot_msgs
[2.096s] -- Up-to-date: /media/david/Storage/David/Research/Github/ROS/ROS2/install/bumperbot_msgs/include/bumperbot_msgs/bumperbot_msgs/srv
[2.099s] -- Up-to-date: /media/david/Storage/David/Research/Github/ROS/ROS2/install/bumperbot_msgs/include/bumperbot_msgs/bumperbot_msgs/srv/detail
[2.105s] -- Up-to-date: /media/david/Storage/David/Research/Github/ROS/ROS2/install/bumperbot_msgs/include/bumperbot_msgs/bumperbot_msgs/srv/detail/add_two_ints__rosidl_typesupport_introspection_cpp.hpp
[2.107s] -- Up-to-date: /media/david/Storage/David/Research/Github/ROS/ROS2/install/bumperbot_msgs/include/bumperbot_msgs/bumperbot_msgs/srv/detail/add_two_ints__type_support.cpp
[2.109s] -- Up-to-date: /media/david/Storage/David/Research/Github/ROS/ROS2/install/bumperbot_msgs/include/bumperbot_msgs/bumperbot_msgs/srv/detail/get_transform__rosidl_typesupport_introspection_cpp.hpp
[2.111s] -- Up-to-date: /media/david/Storage/David/Research/Github/ROS/ROS2/install/bumperbot_msgs/include/bumperbot_msgs/bumperbot_msgs/srv/detail/get_transform__type_support.cpp
[2.114s] -- Up-to-date: /media/david/Storage/David/Research/Github/ROS/ROS2/install/bumperbot_msgs/lib/libbumperbot_msgs__rosidl_typesupport_introspection_cpp.so
[2.119s] -- Up-to-date: /media/david/Storage/David/Research/Github/ROS/ROS2/install/bumperbot_msgs/lib/libbumperbot_msgs__rosidl_typesupport_cpp.so
[2.122s] -- Up-to-date: /media/david/Storage/David/Research/Github/ROS/ROS2/install/bumperbot_msgs/share/bumperbot_msgs/environment/pythonpath.sh
[2.124s] -- Up-to-date: /media/david/Storage/David/Research/Github/ROS/ROS2/install/bumperbot_msgs/share/bumperbot_msgs/environment/pythonpath.dsv
[2.126s] -- Up-to-date: /media/david/Storage/David/Research/Github/ROS/ROS2/install/bumperbot_msgs/local/lib/python3.10/dist-packages/bumperbot_msgs-0.0.0-py3.10.egg-info
[2.128s] -- Installing: /media/david/Storage/David/Research/Github/ROS/ROS2/install/bumperbot_msgs/local/lib/python3.10/dist-packages/bumperbot_msgs-0.0.0-py3.10.egg-info/dependency_links.txt
[2.135s] -- Installing: /media/david/Storage/David/Research/Github/ROS/ROS2/install/bumperbot_msgs/local/lib/python3.10/dist-packages/bumperbot_msgs-0.0.0-py3.10.egg-info/PKG-INFO
[2.140s] -- Installing: /media/david/Storage/David/Research/Github/ROS/ROS2/install/bumperbot_msgs/local/lib/python3.10/dist-packages/bumperbot_msgs-0.0.0-py3.10.egg-info/SOURCES.txt
[2.148s] -- Installing: /media/david/Storage/David/Research/Github/ROS/ROS2/install/bumperbot_msgs/local/lib/python3.10/dist-packages/bumperbot_msgs-0.0.0-py3.10.egg-info/top_level.txt
[2.154s] -- Up-to-date: /media/david/Storage/David/Research/Github/ROS/ROS2/install/bumperbot_msgs/local/lib/python3.10/dist-packages/bumperbot_msgs
[2.156s] -- Up-to-date: /media/david/Storage/David/Research/Github/ROS/ROS2/install/bumperbot_msgs/local/lib/python3.10/dist-packages/bumperbot_msgs/bumperbot_msgs_s__rosidl_typesupport_c.cpython-310-x86_64-linux-gnu.so
[2.160s] -- Up-to-date: /media/david/Storage/David/Research/Github/ROS/ROS2/install/bumperbot_msgs/local/lib/python3.10/dist-packages/bumperbot_msgs/bumperbot_msgs_s__rosidl_typesupport_fastrtps_c.cpython-310-x86_64-linux-gnu.so
[2.161s] -- Up-to-date: /media/david/Storage/David/Research/Github/ROS/ROS2/install/bumperbot_msgs/local/lib/python3.10/dist-packages/bumperbot_msgs/bumperbot_msgs_s__rosidl_typesupport_introspection_c.cpython-310-x86_64-linux-gnu.so
[2.161s] -- Up-to-date: /media/david/Storage/David/Research/Github/ROS/ROS2/install/bumperbot_msgs/local/lib/python3.10/dist-packages/bumperbot_msgs/libbumperbot_msgs__rosidl_generator_py.so
[2.165s] -- Up-to-date: /media/david/Storage/David/Research/Github/ROS/ROS2/install/bumperbot_msgs/local/lib/python3.10/dist-packages/bumperbot_msgs/srv
[2.167s] -- Up-to-date: /media/david/Storage/David/Research/Github/ROS/ROS2/install/bumperbot_msgs/local/lib/python3.10/dist-packages/bumperbot_msgs/srv/_add_two_ints.py
[2.169s] -- Up-to-date: /media/david/Storage/David/Research/Github/ROS/ROS2/install/bumperbot_msgs/local/lib/python3.10/dist-packages/bumperbot_msgs/srv/_add_two_ints_s.c
[2.170s] -- Up-to-date: /media/david/Storage/David/Research/Github/ROS/ROS2/install/bumperbot_msgs/local/lib/python3.10/dist-packages/bumperbot_msgs/srv/_get_transform.py
[2.172s] -- Up-to-date: /media/david/Storage/David/Research/Github/ROS/ROS2/install/bumperbot_msgs/local/lib/python3.10/dist-packages/bumperbot_msgs/srv/_get_transform_s.c
[2.174s] -- Up-to-date: /media/david/Storage/David/Research/Github/ROS/ROS2/install/bumperbot_msgs/local/lib/python3.10/dist-packages/bumperbot_msgs/srv/__init__.py
[2.175s] -- Up-to-date: /media/david/Storage/David/Research/Github/ROS/ROS2/install/bumperbot_msgs/local/lib/python3.10/dist-packages/bumperbot_msgs/_bumperbot_msgs_s.ep.rosidl_typesupport_c.c
[2.178s] -- Up-to-date: /media/david/Storage/David/Research/Github/ROS/ROS2/install/bumperbot_msgs/local/lib/python3.10/dist-packages/bumperbot_msgs/_bumperbot_msgs_s.ep.rosidl_typesupport_fastrtps_c.c
[2.179s] -- Up-to-date: /media/david/Storage/David/Research/Github/ROS/ROS2/install/bumperbot_msgs/local/lib/python3.10/dist-packages/bumperbot_msgs/_bumperbot_msgs_s.ep.rosidl_typesupport_introspection_c.c
[2.181s] -- Up-to-date: /media/david/Storage/David/Research/Github/ROS/ROS2/install/bumperbot_msgs/local/lib/python3.10/dist-packages/bumperbot_msgs/__init__.py
[2.274s] Listing '/media/david/Storage/David/Research/Github/ROS/ROS2/install/bumperbot_msgs/local/lib/python3.10/dist-packages/bumperbot_msgs'...
[2.275s] Listing '/media/david/Storage/David/Research/Github/ROS/ROS2/install/bumperbot_msgs/local/lib/python3.10/dist-packages/bumperbot_msgs/srv'...
[2.287s] -- Up-to-date: /media/david/Storage/David/Research/Github/ROS/ROS2/install/bumperbot_msgs/local/lib/python3.10/dist-packages/bumperbot_msgs/bumperbot_msgs_s__rosidl_typesupport_fastrtps_c.cpython-310-x86_64-linux-gnu.so
[2.296s] -- Up-to-date: /media/david/Storage/David/Research/Github/ROS/ROS2/install/bumperbot_msgs/local/lib/python3.10/dist-packages/bumperbot_msgs/bumperbot_msgs_s__rosidl_typesupport_introspection_c.cpython-310-x86_64-linux-gnu.so
[2.304s] -- Up-to-date: /media/david/Storage/David/Research/Github/ROS/ROS2/install/bumperbot_msgs/local/lib/python3.10/dist-packages/bumperbot_msgs/bumperbot_msgs_s__rosidl_typesupport_c.cpython-310-x86_64-linux-gnu.so
[2.310s] -- Up-to-date: /media/david/Storage/David/Research/Github/ROS/ROS2/install/bumperbot_msgs/lib/libbumperbot_msgs__rosidl_generator_py.so
[2.315s] -- Up-to-date: /media/david/Storage/David/Research/Github/ROS/ROS2/install/bumperbot_msgs/share/bumperbot_msgs/srv/AddTwoInts.idl
[2.318s] -- Up-to-date: /media/david/Storage/David/Research/Github/ROS/ROS2/install/bumperbot_msgs/share/bumperbot_msgs/srv/GetTransform.idl
[2.321s] -- Up-to-date: /media/david/Storage/David/Research/Github/ROS/ROS2/install/bumperbot_msgs/share/bumperbot_msgs/srv/AddTwoInts.srv
[2.324s] -- Up-to-date: /media/david/Storage/David/Research/Github/ROS/ROS2/install/bumperbot_msgs/share/bumperbot_msgs/srv/AddTwoInts_Request.msg
[2.326s] -- Up-to-date: /media/david/Storage/David/Research/Github/ROS/ROS2/install/bumperbot_msgs/share/bumperbot_msgs/srv/AddTwoInts_Response.msg
[2.329s] -- Up-to-date: /media/david/Storage/David/Research/Github/ROS/ROS2/install/bumperbot_msgs/share/bumperbot_msgs/srv/GetTransform.srv
[2.331s] -- Up-to-date: /media/david/Storage/David/Research/Github/ROS/ROS2/install/bumperbot_msgs/share/bumperbot_msgs/srv/GetTransform_Request.msg
[2.334s] -- Up-to-date: /media/david/Storage/David/Research/Github/ROS/ROS2/install/bumperbot_msgs/share/bumperbot_msgs/srv/GetTransform_Response.msg
[2.337s] -- Up-to-date: /media/david/Storage/David/Research/Github/ROS/ROS2/install/bumperbot_msgs/share/ament_index/resource_index/package_run_dependencies/bumperbot_msgs
[2.340s] -- Up-to-date: /media/david/Storage/David/Research/Github/ROS/ROS2/install/bumperbot_msgs/share/ament_index/resource_index/parent_prefix_path/bumperbot_msgs
[2.342s] -- Up-to-date: /media/david/Storage/David/Research/Github/ROS/ROS2/install/bumperbot_msgs/share/bumperbot_msgs/environment/ament_prefix_path.sh
[2.344s] -- Up-to-date: /media/david/Storage/David/Research/Github/ROS/ROS2/install/bumperbot_msgs/share/bumperbot_msgs/environment/ament_prefix_path.dsv
[2.346s] -- Up-to-date: /media/david/Storage/David/Research/Github/ROS/ROS2/install/bumperbot_msgs/share/bumperbot_msgs/environment/path.sh
[2.348s] -- Up-to-date: /media/david/Storage/David/Research/Github/ROS/ROS2/install/bumperbot_msgs/share/bumperbot_msgs/environment/path.dsv
[2.351s] -- Up-to-date: /media/david/Storage/David/Research/Github/ROS/ROS2/install/bumperbot_msgs/share/bumperbot_msgs/local_setup.bash
[2.354s] -- Up-to-date: /media/david/Storage/David/Research/Github/ROS/ROS2/install/bumperbot_msgs/share/bumperbot_msgs/local_setup.sh
[2.356s] -- Up-to-date: /media/david/Storage/David/Research/Github/ROS/ROS2/install/bumperbot_msgs/share/bumperbot_msgs/local_setup.zsh
[2.361s] -- Up-to-date: /media/david/Storage/David/Research/Github/ROS/ROS2/install/bumperbot_msgs/share/bumperbot_msgs/local_setup.dsv
[2.361s] -- Installing: /media/david/Storage/David/Research/Github/ROS/ROS2/install/bumperbot_msgs/share/bumperbot_msgs/package.dsv
[2.368s] -- Up-to-date: /media/david/Storage/David/Research/Github/ROS/ROS2/install/bumperbot_msgs/share/ament_index/resource_index/packages/bumperbot_msgs
[2.373s] -- Up-to-date: /media/david/Storage/David/Research/Github/ROS/ROS2/install/bumperbot_msgs/share/bumperbot_msgs/cmake/export_bumperbot_msgs__rosidl_generator_cExport.cmake
[2.376s] -- Up-to-date: /media/david/Storage/David/Research/Github/ROS/ROS2/install/bumperbot_msgs/share/bumperbot_msgs/cmake/export_bumperbot_msgs__rosidl_generator_cExport-noconfig.cmake
[2.382s] -- Up-to-date: /media/david/Storage/David/Research/Github/ROS/ROS2/install/bumperbot_msgs/share/bumperbot_msgs/cmake/export_bumperbot_msgs__rosidl_typesupport_fastrtps_cExport.cmake
[2.384s] -- Up-to-date: /media/david/Storage/David/Research/Github/ROS/ROS2/install/bumperbot_msgs/share/bumperbot_msgs/cmake/export_bumperbot_msgs__rosidl_typesupport_fastrtps_cExport-noconfig.cmake
[2.390s] -- Up-to-date: /media/david/Storage/David/Research/Github/ROS/ROS2/install/bumperbot_msgs/share/bumperbot_msgs/cmake/export_bumperbot_msgs__rosidl_generator_cppExport.cmake
[2.395s] -- Up-to-date: /media/david/Storage/David/Research/Github/ROS/ROS2/install/bumperbot_msgs/share/bumperbot_msgs/cmake/export_bumperbot_msgs__rosidl_typesupport_fastrtps_cppExport.cmake
[2.398s] -- Up-to-date: /media/david/Storage/David/Research/Github/ROS/ROS2/install/bumperbot_msgs/share/bumperbot_msgs/cmake/export_bumperbot_msgs__rosidl_typesupport_fastrtps_cppExport-noconfig.cmake
[2.402s] -- Up-to-date: /media/david/Storage/David/Research/Github/ROS/ROS2/install/bumperbot_msgs/share/bumperbot_msgs/cmake/bumperbot_msgs__rosidl_typesupport_introspection_cExport.cmake
[2.404s] -- Up-to-date: /media/david/Storage/David/Research/Github/ROS/ROS2/install/bumperbot_msgs/share/bumperbot_msgs/cmake/bumperbot_msgs__rosidl_typesupport_introspection_cExport-noconfig.cmake
[2.408s] -- Up-to-date: /media/david/Storage/David/Research/Github/ROS/ROS2/install/bumperbot_msgs/share/bumperbot_msgs/cmake/bumperbot_msgs__rosidl_typesupport_cExport.cmake
[2.410s] -- Up-to-date: /media/david/Storage/David/Research/Github/ROS/ROS2/install/bumperbot_msgs/share/bumperbot_msgs/cmake/bumperbot_msgs__rosidl_typesupport_cExport-noconfig.cmake
[2.414s] -- Up-to-date: /media/david/Storage/David/Research/Github/ROS/ROS2/install/bumperbot_msgs/share/bumperbot_msgs/cmake/bumperbot_msgs__rosidl_typesupport_introspection_cppExport.cmake
[2.416s] -- Up-to-date: /media/david/Storage/David/Research/Github/ROS/ROS2/install/bumperbot_msgs/share/bumperbot_msgs/cmake/bumperbot_msgs__rosidl_typesupport_introspection_cppExport-noconfig.cmake
[2.419s] -- Up-to-date: /media/david/Storage/David/Research/Github/ROS/ROS2/install/bumperbot_msgs/share/bumperbot_msgs/cmake/bumperbot_msgs__rosidl_typesupport_cppExport.cmake
[2.422s] -- Up-to-date: /media/david/Storage/David/Research/Github/ROS/ROS2/install/bumperbot_msgs/share/bumperbot_msgs/cmake/bumperbot_msgs__rosidl_typesupport_cppExport-noconfig.cmake
[2.425s] -- Up-to-date: /media/david/Storage/David/Research/Github/ROS/ROS2/install/bumperbot_msgs/share/bumperbot_msgs/cmake/export_bumperbot_msgs__rosidl_generator_pyExport.cmake
[2.427s] -- Up-to-date: /media/david/Storage/David/Research/Github/ROS/ROS2/install/bumperbot_msgs/share/bumperbot_msgs/cmake/export_bumperbot_msgs__rosidl_generator_pyExport-noconfig.cmake
[2.429s] -- Up-to-date: /media/david/Storage/David/Research/Github/ROS/ROS2/install/bumperbot_msgs/share/bumperbot_msgs/cmake/rosidl_cmake-extras.cmake
[2.431s] -- Up-to-date: /media/david/Storage/David/Research/Github/ROS/ROS2/install/bumperbot_msgs/share/bumperbot_msgs/cmake/ament_cmake_export_dependencies-extras.cmake
[2.433s] -- Up-to-date: /media/david/Storage/David/Research/Github/ROS/ROS2/install/bumperbot_msgs/share/bumperbot_msgs/cmake/ament_cmake_export_include_directories-extras.cmake
[2.435s] -- Up-to-date: /media/david/Storage/David/Research/Github/ROS/ROS2/install/bumperbot_msgs/share/bumperbot_msgs/cmake/ament_cmake_export_libraries-extras.cmake
[2.437s] -- Up-to-date: /media/david/Storage/David/Research/Github/ROS/ROS2/install/bumperbot_msgs/share/bumperbot_msgs/cmake/ament_cmake_export_targets-extras.cmake
[2.439s] -- Up-to-date: /media/david/Storage/David/Research/Github/ROS/ROS2/install/bumperbot_msgs/share/bumperbot_msgs/cmake/rosidl_cmake_export_typesupport_targets-extras.cmake
[2.441s] -- Up-to-date: /media/david/Storage/David/Research/Github/ROS/ROS2/install/bumperbot_msgs/share/bumperbot_msgs/cmake/rosidl_cmake_export_typesupport_libraries-extras.cmake
[2.443s] -- Up-to-date: /media/david/Storage/David/Research/Github/ROS/ROS2/install/bumperbot_msgs/share/bumperbot_msgs/cmake/bumperbot_msgsConfig.cmake
[2.444s] -- Up-to-date: /media/david/Storage/David/Research/Github/ROS/ROS2/install/bumperbot_msgs/share/bumperbot_msgs/cmake/bumperbot_msgsConfig-version.cmake
[2.446s] -- Up-to-date: /media/david/Storage/David/Research/Github/ROS/ROS2/install/bumperbot_msgs/share/bumperbot_msgs/package.xml
[2.460s] Invoked command in '/media/david/Storage/David/Research/Github/ROS/ROS2/build/bumperbot_msgs' returned '0': CMAKE_PREFIX_PATH=/opt/ros/humble /usr/bin/cmake --install /media/david/Storage/David/Research/Github/ROS/ROS2/build/bumperbot_msgs
