[9.598s] DEBUG:colcon:Command line arguments: ['/usr/bin/colcon', 'build']
[9.598s] DEBUG:colcon:Parsed command line arguments: Namespace(log_base=None, log_level=None, verb_name='build', build_base='build', install_base='install', merge_install=False, symlink_install=False, test_result_base=None, continue_on_error=False, executor='parallel', parallel_workers=4, event_handlers=None, ignore_user_meta=False, metas=['./colcon.meta'], base_paths=['.'], packages_ignore=None, packages_ignore_regex=None, paths=None, packages_up_to=None, packages_up_to_regex=None, packages_above=None, packages_above_and_dependencies=None, packages_above_depth=None, packages_select_by_dep=None, packages_skip_by_dep=None, packages_skip_up_to=None, packages_select_build_failed=False, packages_skip_build_finished=False, packages_select_test_failures=False, packages_skip_test_passed=False, packages_select=None, packages_skip=None, packages_select_regex=None, packages_skip_regex=None, packages_start=None, packages_end=None, allow_overriding=[], cmake_args=None, cmake_target=None, cmake_target_skip_unavailable=False, cmake_clean_cache=False, cmake_clean_first=False, cmake_force_configure=False, ament_cmake_args=None, catkin_cmake_args=None, catkin_skip_building_tests=False, verb_parser=<colcon_defaults.argument_parser.defaults.DefaultArgumentsDecorator object at 0x7f245eb52500>, verb_extension=<colcon_core.verb.build.BuildVerb object at 0x7f245eb51030>, main=<bound method BuildVerb.main of <colcon_core.verb.build.BuildVerb object at 0x7f245eb51030>>)
[9.662s] Level 1:colcon.colcon_core.package_discovery:discover_packages(colcon_meta) check parameters
[9.662s] Level 1:colcon.colcon_core.package_discovery:discover_packages(recursive) check parameters
[9.662s] Level 1:colcon.colcon_core.package_discovery:discover_packages(ignore) check parameters
[9.662s] Level 1:colcon.colcon_core.package_discovery:discover_packages(path) check parameters
[9.662s] Level 1:colcon.colcon_core.package_discovery:discover_packages(colcon_meta) discover
[9.662s] Level 1:colcon.colcon_core.package_discovery:discover_packages(recursive) discover
[9.662s] INFO:colcon.colcon_core.package_discovery:Crawling recursively for packages in '/home/david/bumperbot_ws'
[9.663s] Level 1:colcon.colcon_core.package_identification:_identify(.) by extensions ['ignore', 'ignore_ament_install']
[9.663s] Level 1:colcon.colcon_core.package_identification:_identify(.) by extension 'ignore'
[9.663s] Level 1:colcon.colcon_core.package_identification:_identify(.) by extension 'ignore_ament_install'
[9.663s] Level 1:colcon.colcon_core.package_identification:_identify(.) by extensions ['colcon_pkg']
[9.663s] Level 1:colcon.colcon_core.package_identification:_identify(.) by extension 'colcon_pkg'
[9.663s] Level 1:colcon.colcon_core.package_identification:_identify(.) by extensions ['colcon_meta']
[9.663s] Level 1:colcon.colcon_core.package_identification:_identify(.) by extension 'colcon_meta'
[9.663s] Level 1:colcon.colcon_core.package_identification:_identify(.) by extensions ['ros']
[9.663s] Level 1:colcon.colcon_core.package_identification:_identify(.) by extension 'ros'
[9.675s] Level 1:colcon.colcon_core.package_identification:_identify(.) by extensions ['cmake', 'python']
[9.675s] Level 1:colcon.colcon_core.package_identification:_identify(.) by extension 'cmake'
[9.675s] Level 1:colcon.colcon_core.package_identification:_identify(.) by extension 'python'
[9.675s] Level 1:colcon.colcon_core.package_identification:_identify(.) by extensions ['python_setup_py']
[9.675s] Level 1:colcon.colcon_core.package_identification:_identify(.) by extension 'python_setup_py'
[9.675s] Level 1:colcon.colcon_core.package_identification:_identify(build) by extensions ['ignore', 'ignore_ament_install']
[9.675s] Level 1:colcon.colcon_core.package_identification:_identify(build) by extension 'ignore'
[9.675s] Level 1:colcon.colcon_core.package_identification:_identify(build) ignored
[9.676s] Level 1:colcon.colcon_core.package_identification:_identify(install) by extensions ['ignore', 'ignore_ament_install']
[9.676s] Level 1:colcon.colcon_core.package_identification:_identify(install) by extension 'ignore'
[9.676s] Level 1:colcon.colcon_core.package_identification:_identify(install) ignored
[9.676s] Level 1:colcon.colcon_core.package_identification:_identify(log) by extensions ['ignore', 'ignore_ament_install']
[9.676s] Level 1:colcon.colcon_core.package_identification:_identify(log) by extension 'ignore'
[9.676s] Level 1:colcon.colcon_core.package_identification:_identify(log) ignored
[9.676s] Level 1:colcon.colcon_core.package_identification:_identify(src) by extensions ['ignore', 'ignore_ament_install']
[9.676s] Level 1:colcon.colcon_core.package_identification:_identify(src) by extension 'ignore'
[9.676s] Level 1:colcon.colcon_core.package_identification:_identify(src) by extension 'ignore_ament_install'
[9.677s] Level 1:colcon.colcon_core.package_identification:_identify(src) by extensions ['colcon_pkg']
[9.677s] Level 1:colcon.colcon_core.package_identification:_identify(src) by extension 'colcon_pkg'
[9.677s] Level 1:colcon.colcon_core.package_identification:_identify(src) by extensions ['colcon_meta']
[9.677s] Level 1:colcon.colcon_core.package_identification:_identify(src) by extension 'colcon_meta'
[9.677s] Level 1:colcon.colcon_core.package_identification:_identify(src) by extensions ['ros']
[9.677s] Level 1:colcon.colcon_core.package_identification:_identify(src) by extension 'ros'
[9.677s] Level 1:colcon.colcon_core.package_identification:_identify(src) by extensions ['cmake', 'python']
[9.677s] Level 1:colcon.colcon_core.package_identification:_identify(src) by extension 'cmake'
[9.677s] Level 1:colcon.colcon_core.package_identification:_identify(src) by extension 'python'
[9.677s] Level 1:colcon.colcon_core.package_identification:_identify(src) by extensions ['python_setup_py']
[9.677s] Level 1:colcon.colcon_core.package_identification:_identify(src) by extension 'python_setup_py'
[9.677s] Level 1:colcon.colcon_core.package_identification:_identify(src/bumperbot_cpp_examples) by extensions ['ignore', 'ignore_ament_install']
[9.678s] Level 1:colcon.colcon_core.package_identification:_identify(src/bumperbot_cpp_examples) by extension 'ignore'
[9.678s] Level 1:colcon.colcon_core.package_identification:_identify(src/bumperbot_cpp_examples) by extension 'ignore_ament_install'
[9.678s] Level 1:colcon.colcon_core.package_identification:_identify(src/bumperbot_cpp_examples) by extensions ['colcon_pkg']
[9.678s] Level 1:colcon.colcon_core.package_identification:_identify(src/bumperbot_cpp_examples) by extension 'colcon_pkg'
[9.678s] Level 1:colcon.colcon_core.package_identification:_identify(src/bumperbot_cpp_examples) by extensions ['colcon_meta']
[9.678s] Level 1:colcon.colcon_core.package_identification:_identify(src/bumperbot_cpp_examples) by extension 'colcon_meta'
[9.678s] Level 1:colcon.colcon_core.package_identification:_identify(src/bumperbot_cpp_examples) by extensions ['ros']
[9.678s] Level 1:colcon.colcon_core.package_identification:_identify(src/bumperbot_cpp_examples) by extension 'ros'
[9.682s] DEBUG:colcon.colcon_core.package_identification:Package 'src/bumperbot_cpp_examples' with type 'ros.ament_cmake' and name 'bumperbot_cpp_examples'
[9.683s] Level 1:colcon.colcon_core.package_identification:_identify(src/bumperbot_description) by extensions ['ignore', 'ignore_ament_install']
[9.683s] Level 1:colcon.colcon_core.package_identification:_identify(src/bumperbot_description) by extension 'ignore'
[9.683s] Level 1:colcon.colcon_core.package_identification:_identify(src/bumperbot_description) by extension 'ignore_ament_install'
[9.683s] Level 1:colcon.colcon_core.package_identification:_identify(src/bumperbot_description) by extensions ['colcon_pkg']
[9.683s] Level 1:colcon.colcon_core.package_identification:_identify(src/bumperbot_description) by extension 'colcon_pkg'
[9.683s] Level 1:colcon.colcon_core.package_identification:_identify(src/bumperbot_description) by extensions ['colcon_meta']
[9.683s] Level 1:colcon.colcon_core.package_identification:_identify(src/bumperbot_description) by extension 'colcon_meta'
[9.683s] Level 1:colcon.colcon_core.package_identification:_identify(src/bumperbot_description) by extensions ['ros']
[9.683s] Level 1:colcon.colcon_core.package_identification:_identify(src/bumperbot_description) by extension 'ros'
[9.684s] DEBUG:colcon.colcon_core.package_identification:Package 'src/bumperbot_description' with type 'ros.ament_cmake' and name 'bumperbot_description'
[9.684s] Level 1:colcon.colcon_core.package_identification:_identify(src/bumperbot_py_examples) by extensions ['ignore', 'ignore_ament_install']
[9.684s] Level 1:colcon.colcon_core.package_identification:_identify(src/bumperbot_py_examples) by extension 'ignore'
[9.685s] Level 1:colcon.colcon_core.package_identification:_identify(src/bumperbot_py_examples) by extension 'ignore_ament_install'
[9.685s] Level 1:colcon.colcon_core.package_identification:_identify(src/bumperbot_py_examples) by extensions ['colcon_pkg']
[9.685s] Level 1:colcon.colcon_core.package_identification:_identify(src/bumperbot_py_examples) by extension 'colcon_pkg'
[9.685s] Level 1:colcon.colcon_core.package_identification:_identify(src/bumperbot_py_examples) by extensions ['colcon_meta']
[9.685s] Level 1:colcon.colcon_core.package_identification:_identify(src/bumperbot_py_examples) by extension 'colcon_meta'
[9.685s] Level 1:colcon.colcon_core.package_identification:_identify(src/bumperbot_py_examples) by extensions ['ros']
[9.685s] Level 1:colcon.colcon_core.package_identification:_identify(src/bumperbot_py_examples) by extension 'ros'
[9.686s] DEBUG:colcon.colcon_core.package_identification:Package 'src/bumperbot_py_examples' with type 'ros.ament_python' and name 'bumperbot_py_examples'
[9.686s] Level 1:colcon.colcon_core.package_discovery:discover_packages(recursive) using defaults
[9.686s] Level 1:colcon.colcon_core.package_discovery:discover_packages(ignore) discover
[9.687s] Level 1:colcon.colcon_core.package_discovery:discover_packages(ignore) using defaults
[9.687s] Level 1:colcon.colcon_core.package_discovery:discover_packages(path) discover
[9.687s] Level 1:colcon.colcon_core.package_discovery:discover_packages(path) using defaults
[9.878s] Level 1:colcon.colcon_core.package_discovery:discover_packages(prefix_path) check parameters
[9.879s] Level 1:colcon.colcon_core.package_discovery:discover_packages(prefix_path) discover
[9.927s] DEBUG:colcon.colcon_installed_package_information.package_discovery:Found 331 installed packages in /opt/ros/humble
[9.928s] Level 1:colcon.colcon_core.package_discovery:discover_packages(prefix_path) using defaults
[10.064s] Level 5:colcon.colcon_core.verb:set package 'bumperbot_cpp_examples' build argument 'cmake_args' from command line to 'None'
[10.064s] Level 5:colcon.colcon_core.verb:set package 'bumperbot_cpp_examples' build argument 'cmake_target' from command line to 'None'
[10.064s] Level 5:colcon.colcon_core.verb:set package 'bumperbot_cpp_examples' build argument 'cmake_target_skip_unavailable' from command line to 'False'
[10.064s] Level 5:colcon.colcon_core.verb:set package 'bumperbot_cpp_examples' build argument 'cmake_clean_cache' from command line to 'False'
[10.064s] Level 5:colcon.colcon_core.verb:set package 'bumperbot_cpp_examples' build argument 'cmake_clean_first' from command line to 'False'
[10.064s] Level 5:colcon.colcon_core.verb:set package 'bumperbot_cpp_examples' build argument 'cmake_force_configure' from command line to 'False'
[10.064s] Level 5:colcon.colcon_core.verb:set package 'bumperbot_cpp_examples' build argument 'ament_cmake_args' from command line to 'None'
[10.064s] Level 5:colcon.colcon_core.verb:set package 'bumperbot_cpp_examples' build argument 'catkin_cmake_args' from command line to 'None'
[10.064s] Level 5:colcon.colcon_core.verb:set package 'bumperbot_cpp_examples' build argument 'catkin_skip_building_tests' from command line to 'False'
[10.064s] DEBUG:colcon.colcon_core.verb:Building package 'bumperbot_cpp_examples' with the following arguments: {'ament_cmake_args': None, 'build_base': '/home/david/bumperbot_ws/build/bumperbot_cpp_examples', 'catkin_cmake_args': None, 'catkin_skip_building_tests': False, 'cmake_args': None, 'cmake_clean_cache': False, 'cmake_clean_first': False, 'cmake_force_configure': False, 'cmake_target': None, 'cmake_target_skip_unavailable': False, 'install_base': '/home/david/bumperbot_ws/install/bumperbot_cpp_examples', 'merge_install': False, 'path': '/home/david/bumperbot_ws/src/bumperbot_cpp_examples', 'symlink_install': False, 'test_result_base': None}
[10.081s] Level 5:colcon.colcon_core.verb:set package 'bumperbot_description' build argument 'cmake_args' from command line to 'None'
[10.082s] Level 5:colcon.colcon_core.verb:set package 'bumperbot_description' build argument 'cmake_target' from command line to 'None'
[10.082s] Level 5:colcon.colcon_core.verb:set package 'bumperbot_description' build argument 'cmake_target_skip_unavailable' from command line to 'False'
[10.082s] Level 5:colcon.colcon_core.verb:set package 'bumperbot_description' build argument 'cmake_clean_cache' from command line to 'False'
[10.082s] Level 5:colcon.colcon_core.verb:set package 'bumperbot_description' build argument 'cmake_clean_first' from command line to 'False'
[10.082s] Level 5:colcon.colcon_core.verb:set package 'bumperbot_description' build argument 'cmake_force_configure' from command line to 'False'
[10.082s] Level 5:colcon.colcon_core.verb:set package 'bumperbot_description' build argument 'ament_cmake_args' from command line to 'None'
[10.082s] Level 5:colcon.colcon_core.verb:set package 'bumperbot_description' build argument 'catkin_cmake_args' from command line to 'None'
[10.082s] Level 5:colcon.colcon_core.verb:set package 'bumperbot_description' build argument 'catkin_skip_building_tests' from command line to 'False'
[10.082s] DEBUG:colcon.colcon_core.verb:Building package 'bumperbot_description' with the following arguments: {'ament_cmake_args': None, 'build_base': '/home/david/bumperbot_ws/build/bumperbot_description', 'catkin_cmake_args': None, 'catkin_skip_building_tests': False, 'cmake_args': None, 'cmake_clean_cache': False, 'cmake_clean_first': False, 'cmake_force_configure': False, 'cmake_target': None, 'cmake_target_skip_unavailable': False, 'install_base': '/home/david/bumperbot_ws/install/bumperbot_description', 'merge_install': False, 'path': '/home/david/bumperbot_ws/src/bumperbot_description', 'symlink_install': False, 'test_result_base': None}
[10.099s] Level 5:colcon.colcon_core.verb:set package 'bumperbot_py_examples' build argument 'cmake_args' from command line to 'None'
[10.099s] Level 5:colcon.colcon_core.verb:set package 'bumperbot_py_examples' build argument 'cmake_target' from command line to 'None'
[10.099s] Level 5:colcon.colcon_core.verb:set package 'bumperbot_py_examples' build argument 'cmake_target_skip_unavailable' from command line to 'False'
[10.099s] Level 5:colcon.colcon_core.verb:set package 'bumperbot_py_examples' build argument 'cmake_clean_cache' from command line to 'False'
[10.099s] Level 5:colcon.colcon_core.verb:set package 'bumperbot_py_examples' build argument 'cmake_clean_first' from command line to 'False'
[10.099s] Level 5:colcon.colcon_core.verb:set package 'bumperbot_py_examples' build argument 'cmake_force_configure' from command line to 'False'
[10.099s] Level 5:colcon.colcon_core.verb:set package 'bumperbot_py_examples' build argument 'ament_cmake_args' from command line to 'None'
[10.099s] Level 5:colcon.colcon_core.verb:set package 'bumperbot_py_examples' build argument 'catkin_cmake_args' from command line to 'None'
[10.099s] Level 5:colcon.colcon_core.verb:set package 'bumperbot_py_examples' build argument 'catkin_skip_building_tests' from command line to 'False'
[10.099s] DEBUG:colcon.colcon_core.verb:Building package 'bumperbot_py_examples' with the following arguments: {'ament_cmake_args': None, 'build_base': '/home/david/bumperbot_ws/build/bumperbot_py_examples', 'catkin_cmake_args': None, 'catkin_skip_building_tests': False, 'cmake_args': None, 'cmake_clean_cache': False, 'cmake_clean_first': False, 'cmake_force_configure': False, 'cmake_target': None, 'cmake_target_skip_unavailable': False, 'install_base': '/home/david/bumperbot_ws/install/bumperbot_py_examples', 'merge_install': False, 'path': '/home/david/bumperbot_ws/src/bumperbot_py_examples', 'symlink_install': False, 'test_result_base': None}
[10.116s] INFO:colcon.colcon_core.executor:Executing jobs using 'parallel' executor
[10.134s] DEBUG:colcon.colcon_parallel_executor.executor.parallel:run_until_complete
[10.134s] INFO:colcon.colcon_ros.task.ament_cmake.build:Building ROS package in '/home/david/bumperbot_ws/src/bumperbot_cpp_examples' with build type 'ament_cmake'
[10.134s] INFO:colcon.colcon_cmake.task.cmake.build:Building CMake package in '/home/david/bumperbot_ws/src/bumperbot_cpp_examples'
[10.185s] INFO:colcon.colcon_core.plugin_system:Skipping extension 'colcon_core.shell.bat': Not used on non-Windows systems
[10.186s] INFO:colcon.colcon_core.shell:Skip shell extension 'powershell' for command environment: Not usable outside of PowerShell
[10.186s] DEBUG:colcon.colcon_core.shell:Skip shell extension 'dsv' for command environment
[10.237s] INFO:colcon.colcon_ros.task.ament_cmake.build:Building ROS package in '/home/david/bumperbot_ws/src/bumperbot_description' with build type 'ament_cmake'
[10.237s] INFO:colcon.colcon_cmake.task.cmake.build:Building CMake package in '/home/david/bumperbot_ws/src/bumperbot_description'
[10.258s] INFO:colcon.colcon_core.shell:Skip shell extension 'powershell' for command environment: Not usable outside of PowerShell
[10.258s] DEBUG:colcon.colcon_core.shell:Skip shell extension 'dsv' for command environment
[10.300s] INFO:colcon.colcon_ros.task.ament_python.build:Building ROS package in '/home/david/bumperbot_ws/src/bumperbot_py_examples' with build type 'ament_python'
[10.300s] Level 1:colcon.colcon_core.shell:create_environment_hook('bumperbot_py_examples', 'ament_prefix_path')
[10.319s] INFO:colcon.colcon_core.shell:Creating environment hook '/home/david/bumperbot_ws/install/bumperbot_py_examples/share/bumperbot_py_examples/hook/ament_prefix_path.ps1'
[10.324s] INFO:colcon.colcon_core.shell:Creating environment descriptor '/home/david/bumperbot_ws/install/bumperbot_py_examples/share/bumperbot_py_examples/hook/ament_prefix_path.dsv'
[10.325s] INFO:colcon.colcon_core.shell:Creating environment hook '/home/david/bumperbot_ws/install/bumperbot_py_examples/share/bumperbot_py_examples/hook/ament_prefix_path.sh'
[10.345s] INFO:colcon.colcon_core.shell:Skip shell extension 'powershell' for command environment: Not usable outside of PowerShell
[10.345s] DEBUG:colcon.colcon_core.shell:Skip shell extension 'dsv' for command environment
[10.415s] DEBUG:colcon.colcon_core.event_handler.log_command:Invoking command in '/home/david/bumperbot_ws/build/bumperbot_cpp_examples': CMAKE_PREFIX_PATH=/opt/ros/humble /usr/bin/cmake --build /home/david/bumperbot_ws/build/bumperbot_cpp_examples -- -j4 -l4
[10.467s] DEBUG:colcon.colcon_core.event_handler.log_command:Invoking command in '/home/david/bumperbot_ws/build/bumperbot_description': CMAKE_PREFIX_PATH=/opt/ros/humble /usr/bin/cmake --build /home/david/bumperbot_ws/build/bumperbot_description -- -j4 -l4
[11.423s] INFO:colcon.colcon_core.task.python.build:Building Python package in '/home/david/bumperbot_ws/src/bumperbot_py_examples'
[11.442s] INFO:colcon.colcon_core.shell:Skip shell extension 'powershell' for command environment: Not usable outside of PowerShell
[11.442s] DEBUG:colcon.colcon_core.shell:Skip shell extension 'dsv' for command environment
[13.772s] DEBUG:colcon.colcon_core.event_handler.log_command:Invoked command in '/home/david/bumperbot_ws/build/bumperbot_description' returned '0': CMAKE_PREFIX_PATH=/opt/ros/humble /usr/bin/cmake --build /home/david/bumperbot_ws/build/bumperbot_description -- -j4 -l4
[13.894s] DEBUG:colcon.colcon_core.event_handler.log_command:Invoking command in '/home/david/bumperbot_ws/build/bumperbot_description': CMAKE_PREFIX_PATH=/opt/ros/humble /usr/bin/cmake --install /home/david/bumperbot_ws/build/bumperbot_description
[14.549s] Level 1:colcon.colcon_core.environment:create_environment_scripts_only(bumperbot_description)
[14.552s] DEBUG:colcon.colcon_core.event_handler.log_command:Invoked command in '/home/david/bumperbot_ws/build/bumperbot_description' returned '0': CMAKE_PREFIX_PATH=/opt/ros/humble /usr/bin/cmake --install /home/david/bumperbot_ws/build/bumperbot_description
[15.085s] Level 1:colcon.colcon_core.environment:checking '/home/david/bumperbot_ws/install/bumperbot_description' for CMake module files
[15.087s] Level 1:colcon.colcon_core.environment:checking '/home/david/bumperbot_ws/install/bumperbot_description' for CMake config files
[15.089s] Level 1:colcon.colcon_core.shell:create_environment_hook('bumperbot_description', 'cmake_prefix_path')
[15.130s] INFO:colcon.colcon_core.shell:Creating environment hook '/home/david/bumperbot_ws/install/bumperbot_description/share/bumperbot_description/hook/cmake_prefix_path.ps1'
[15.131s] INFO:colcon.colcon_core.shell:Creating environment descriptor '/home/david/bumperbot_ws/install/bumperbot_description/share/bumperbot_description/hook/cmake_prefix_path.dsv'
[15.131s] INFO:colcon.colcon_core.shell:Creating environment hook '/home/david/bumperbot_ws/install/bumperbot_description/share/bumperbot_description/hook/cmake_prefix_path.sh'
[15.132s] Level 1:colcon.colcon_core.environment:checking '/home/david/bumperbot_ws/install/bumperbot_description/bin'
[15.132s] Level 1:colcon.colcon_core.environment:checking '/home/david/bumperbot_ws/install/bumperbot_description/lib/pkgconfig/bumperbot_description.pc'
[15.132s] Level 1:colcon.colcon_core.environment:checking '/home/david/bumperbot_ws/install/bumperbot_description/lib/python3.10/site-packages'
[15.133s] Level 1:colcon.colcon_core.environment:checking '/home/david/bumperbot_ws/install/bumperbot_description/bin'
[15.161s] INFO:colcon.colcon_core.shell:Creating package script '/home/david/bumperbot_ws/install/bumperbot_description/share/bumperbot_description/package.ps1'
[15.170s] INFO:colcon.colcon_core.shell:Creating package descriptor '/home/david/bumperbot_ws/install/bumperbot_description/share/bumperbot_description/package.dsv'
[15.194s] INFO:colcon.colcon_core.shell:Creating package script '/home/david/bumperbot_ws/install/bumperbot_description/share/bumperbot_description/package.sh'
[15.206s] INFO:colcon.colcon_core.shell:Creating package script '/home/david/bumperbot_ws/install/bumperbot_description/share/bumperbot_description/package.bash'
[15.229s] INFO:colcon.colcon_core.shell:Creating package script '/home/david/bumperbot_ws/install/bumperbot_description/share/bumperbot_description/package.zsh'
[15.241s] Level 1:colcon.colcon_core.environment:create_file_with_runtime_dependencies(/home/david/bumperbot_ws/install/bumperbot_description/share/colcon-core/packages/bumperbot_description)
[15.299s] Level 1:colcon.colcon_core.environment:create_environment_scripts_only(bumperbot_description)
[15.317s] Level 1:colcon.colcon_core.environment:checking '/home/david/bumperbot_ws/install/bumperbot_description' for CMake module files
[15.318s] Level 1:colcon.colcon_core.environment:checking '/home/david/bumperbot_ws/install/bumperbot_description' for CMake config files
[15.318s] Level 1:colcon.colcon_core.shell:create_environment_hook('bumperbot_description', 'cmake_prefix_path')
[15.335s] INFO:colcon.colcon_core.shell:Creating environment hook '/home/david/bumperbot_ws/install/bumperbot_description/share/bumperbot_description/hook/cmake_prefix_path.ps1'
[15.335s] INFO:colcon.colcon_core.shell:Creating environment descriptor '/home/david/bumperbot_ws/install/bumperbot_description/share/bumperbot_description/hook/cmake_prefix_path.dsv'
[15.336s] INFO:colcon.colcon_core.shell:Creating environment hook '/home/david/bumperbot_ws/install/bumperbot_description/share/bumperbot_description/hook/cmake_prefix_path.sh'
[15.336s] Level 1:colcon.colcon_core.environment:checking '/home/david/bumperbot_ws/install/bumperbot_description/bin'
[15.336s] Level 1:colcon.colcon_core.environment:checking '/home/david/bumperbot_ws/install/bumperbot_description/lib/pkgconfig/bumperbot_description.pc'
[15.336s] Level 1:colcon.colcon_core.environment:checking '/home/david/bumperbot_ws/install/bumperbot_description/lib/python3.10/site-packages'
[15.337s] Level 1:colcon.colcon_core.environment:checking '/home/david/bumperbot_ws/install/bumperbot_description/bin'
[15.353s] INFO:colcon.colcon_core.shell:Creating package script '/home/david/bumperbot_ws/install/bumperbot_description/share/bumperbot_description/package.ps1'
[15.354s] INFO:colcon.colcon_core.shell:Creating package descriptor '/home/david/bumperbot_ws/install/bumperbot_description/share/bumperbot_description/package.dsv'
[15.354s] INFO:colcon.colcon_core.shell:Creating package script '/home/david/bumperbot_ws/install/bumperbot_description/share/bumperbot_description/package.sh'
[15.354s] INFO:colcon.colcon_core.shell:Creating package script '/home/david/bumperbot_ws/install/bumperbot_description/share/bumperbot_description/package.bash'
[15.355s] INFO:colcon.colcon_core.shell:Creating package script '/home/david/bumperbot_ws/install/bumperbot_description/share/bumperbot_description/package.zsh'
[15.355s] Level 1:colcon.colcon_core.environment:create_file_with_runtime_dependencies(/home/david/bumperbot_ws/install/bumperbot_description/share/colcon-core/packages/bumperbot_description)
[16.494s] DEBUG:colcon.colcon_core.event_handler.log_command:Invoking command in '/home/david/bumperbot_ws/src/bumperbot_py_examples': PYTHONPATH=/home/david/bumperbot_ws/build/bumperbot_py_examples/prefix_override:/home/david/bumperbot_ws/install/bumperbot_py_examples/lib/python3.10/site-packages:${PYTHONPATH} /usr/bin/python3 setup.py egg_info --egg-base ../../build/bumperbot_py_examples build --build-base /home/david/bumperbot_ws/build/bumperbot_py_examples/build install --record /home/david/bumperbot_ws/build/bumperbot_py_examples/install.log --single-version-externally-managed
[16.941s] DEBUG:colcon.colcon_core.event_handler.log_command:Invoked command in '/home/david/bumperbot_ws/src/bumperbot_py_examples' returned '0': PYTHONPATH=/home/david/bumperbot_ws/build/bumperbot_py_examples/prefix_override:/home/david/bumperbot_ws/install/bumperbot_py_examples/lib/python3.10/site-packages:${PYTHONPATH} /usr/bin/python3 setup.py egg_info --egg-base ../../build/bumperbot_py_examples build --build-base /home/david/bumperbot_ws/build/bumperbot_py_examples/build install --record /home/david/bumperbot_ws/build/bumperbot_py_examples/install.log --single-version-externally-managed
[16.960s] Level 1:colcon.colcon_core.environment:checking '/home/david/bumperbot_ws/install/bumperbot_py_examples' for CMake module files
[16.961s] Level 1:colcon.colcon_core.environment:checking '/home/david/bumperbot_ws/install/bumperbot_py_examples' for CMake config files
[16.962s] Level 1:colcon.colcon_core.environment:checking '/home/david/bumperbot_ws/install/bumperbot_py_examples/lib'
[16.963s] Level 1:colcon.colcon_core.environment:checking '/home/david/bumperbot_ws/install/bumperbot_py_examples/bin'
[16.963s] Level 1:colcon.colcon_core.environment:checking '/home/david/bumperbot_ws/install/bumperbot_py_examples/lib/pkgconfig/bumperbot_py_examples.pc'
[16.963s] Level 1:colcon.colcon_core.environment:checking '/home/david/bumperbot_ws/install/bumperbot_py_examples/lib/python3.10/site-packages'
[16.963s] Level 1:colcon.colcon_core.shell:create_environment_hook('bumperbot_py_examples', 'pythonpath')
[16.988s] INFO:colcon.colcon_core.shell:Creating environment hook '/home/david/bumperbot_ws/install/bumperbot_py_examples/share/bumperbot_py_examples/hook/pythonpath.ps1'
[16.989s] INFO:colcon.colcon_core.shell:Creating environment descriptor '/home/david/bumperbot_ws/install/bumperbot_py_examples/share/bumperbot_py_examples/hook/pythonpath.dsv'
[16.989s] INFO:colcon.colcon_core.shell:Creating environment hook '/home/david/bumperbot_ws/install/bumperbot_py_examples/share/bumperbot_py_examples/hook/pythonpath.sh'
[16.990s] Level 1:colcon.colcon_core.environment:checking '/home/david/bumperbot_ws/install/bumperbot_py_examples/bin'
[16.990s] Level 1:colcon.colcon_core.environment:create_environment_scripts_only(bumperbot_py_examples)
[17.008s] INFO:colcon.colcon_core.shell:Creating package script '/home/david/bumperbot_ws/install/bumperbot_py_examples/share/bumperbot_py_examples/package.ps1'
[17.008s] INFO:colcon.colcon_core.shell:Creating package descriptor '/home/david/bumperbot_ws/install/bumperbot_py_examples/share/bumperbot_py_examples/package.dsv'
[17.009s] INFO:colcon.colcon_core.shell:Creating package script '/home/david/bumperbot_ws/install/bumperbot_py_examples/share/bumperbot_py_examples/package.sh'
[17.009s] INFO:colcon.colcon_core.shell:Creating package script '/home/david/bumperbot_ws/install/bumperbot_py_examples/share/bumperbot_py_examples/package.bash'
[17.010s] INFO:colcon.colcon_core.shell:Creating package script '/home/david/bumperbot_ws/install/bumperbot_py_examples/share/bumperbot_py_examples/package.zsh'
[17.010s] Level 1:colcon.colcon_core.environment:create_file_with_runtime_dependencies(/home/david/bumperbot_ws/install/bumperbot_py_examples/share/colcon-core/packages/bumperbot_py_examples)
[22.184s] DEBUG:colcon.colcon_core.event_handler.log_command:Invoked command in '/home/david/bumperbot_ws/build/bumperbot_cpp_examples' returned '2': CMAKE_PREFIX_PATH=/opt/ros/humble /usr/bin/cmake --build /home/david/bumperbot_ws/build/bumperbot_cpp_examples -- -j4 -l4
[22.232s] Level 1:colcon.colcon_core.environment:create_environment_scripts_only(bumperbot_cpp_examples)
[22.248s] Level 1:colcon.colcon_core.environment:checking '/home/david/bumperbot_ws/install/bumperbot_cpp_examples' for CMake module files
[22.249s] Level 1:colcon.colcon_core.environment:checking '/home/david/bumperbot_ws/install/bumperbot_cpp_examples' for CMake config files
[22.249s] Level 1:colcon.colcon_core.shell:create_environment_hook('bumperbot_cpp_examples', 'cmake_prefix_path')
[22.266s] INFO:colcon.colcon_core.shell:Creating environment hook '/home/david/bumperbot_ws/install/bumperbot_cpp_examples/share/bumperbot_cpp_examples/hook/cmake_prefix_path.ps1'
[22.267s] INFO:colcon.colcon_core.shell:Creating environment descriptor '/home/david/bumperbot_ws/install/bumperbot_cpp_examples/share/bumperbot_cpp_examples/hook/cmake_prefix_path.dsv'
[22.267s] INFO:colcon.colcon_core.shell:Creating environment hook '/home/david/bumperbot_ws/install/bumperbot_cpp_examples/share/bumperbot_cpp_examples/hook/cmake_prefix_path.sh'
[22.268s] Level 1:colcon.colcon_core.environment:checking '/home/david/bumperbot_ws/install/bumperbot_cpp_examples/lib'
[22.268s] Level 1:colcon.colcon_core.environment:checking '/home/david/bumperbot_ws/install/bumperbot_cpp_examples/bin'
[22.268s] Level 1:colcon.colcon_core.environment:checking '/home/david/bumperbot_ws/install/bumperbot_cpp_examples/lib/pkgconfig/bumperbot_cpp_examples.pc'
[22.268s] Level 1:colcon.colcon_core.environment:checking '/home/david/bumperbot_ws/install/bumperbot_cpp_examples/lib/python3.10/site-packages'
[22.268s] Level 1:colcon.colcon_core.environment:checking '/home/david/bumperbot_ws/install/bumperbot_cpp_examples/bin'
[22.285s] INFO:colcon.colcon_core.shell:Creating package script '/home/david/bumperbot_ws/install/bumperbot_cpp_examples/share/bumperbot_cpp_examples/package.ps1'
[22.286s] INFO:colcon.colcon_core.shell:Creating package descriptor '/home/david/bumperbot_ws/install/bumperbot_cpp_examples/share/bumperbot_cpp_examples/package.dsv'
[22.286s] INFO:colcon.colcon_core.shell:Creating package script '/home/david/bumperbot_ws/install/bumperbot_cpp_examples/share/bumperbot_cpp_examples/package.sh'
[22.287s] INFO:colcon.colcon_core.shell:Creating package script '/home/david/bumperbot_ws/install/bumperbot_cpp_examples/share/bumperbot_cpp_examples/package.bash'
[22.287s] INFO:colcon.colcon_core.shell:Creating package script '/home/david/bumperbot_ws/install/bumperbot_cpp_examples/share/bumperbot_cpp_examples/package.zsh'
[22.288s] Level 1:colcon.colcon_core.environment:create_file_with_runtime_dependencies(/home/david/bumperbot_ws/install/bumperbot_cpp_examples/share/colcon-core/packages/bumperbot_cpp_examples)
[22.298s] DEBUG:colcon.colcon_parallel_executor.executor.parallel:closing loop
[22.299s] DEBUG:colcon.colcon_parallel_executor.executor.parallel:loop closed
[22.299s] DEBUG:colcon.colcon_parallel_executor.executor.parallel:run_until_complete finished with '2'
[22.299s] DEBUG:colcon.colcon_core.event_reactor:joining thread
[22.335s] INFO:colcon.colcon_core.plugin_system:Skipping extension 'colcon_notification.desktop_notification.terminal_notifier': Not used on non-Darwin systems
[22.335s] INFO:colcon.colcon_core.plugin_system:Skipping extension 'colcon_notification.desktop_notification.win32': Not used on non-Windows systems
[22.335s] INFO:colcon.colcon_notification.desktop_notification:Sending desktop notification using 'notify2'
[22.349s] DEBUG:colcon.colcon_core.event_reactor:joined thread
[22.366s] INFO:colcon.colcon_core.shell:Creating prefix script '/home/david/bumperbot_ws/install/local_setup.ps1'
[22.381s] INFO:colcon.colcon_core.shell:Creating prefix util module '/home/david/bumperbot_ws/install/_local_setup_util_ps1.py'
[22.394s] INFO:colcon.colcon_core.shell:Creating prefix chain script '/home/david/bumperbot_ws/install/setup.ps1'
[22.412s] INFO:colcon.colcon_core.shell:Creating prefix script '/home/david/bumperbot_ws/install/local_setup.sh'
[22.412s] INFO:colcon.colcon_core.shell:Creating prefix util module '/home/david/bumperbot_ws/install/_local_setup_util_sh.py'
[22.413s] INFO:colcon.colcon_core.shell:Creating prefix chain script '/home/david/bumperbot_ws/install/setup.sh'
[22.430s] INFO:colcon.colcon_core.shell:Creating prefix script '/home/david/bumperbot_ws/install/local_setup.bash'
[22.438s] INFO:colcon.colcon_core.shell:Creating prefix chain script '/home/david/bumperbot_ws/install/setup.bash'
[22.455s] INFO:colcon.colcon_core.shell:Creating prefix script '/home/david/bumperbot_ws/install/local_setup.zsh'
[22.472s] INFO:colcon.colcon_core.shell:Creating prefix chain script '/home/david/bumperbot_ws/install/setup.zsh'
