[0.223s] Invoking command in '/home/david/bumperbot_ws/build/bumperbot_description': CMAKE_PREFIX_PATH=/opt/ros/humble /usr/bin/cmake --build /home/david/bumperbot_ws/build/bumperbot_description -- -j4 -l4
[0.996s] -- Found ament_cmake: 1.3.8 (/opt/ros/humble/share/ament_cmake/cmake)
[1.914s] -- Found ament_lint_auto: 0.12.10 (/opt/ros/humble/share/ament_lint_auto/cmake)
[2.771s] -- Added test 'lint_cmake' to check CMake code style
[2.797s] -- Added test 'xmllint' to check XML markup files
[2.826s] -- Configuring done
[2.851s] -- Generating done
[2.856s] -- Build files have been written to: /home/david/bumperbot_ws/build/bumperbot_description
[2.918s] Invoked command in '/home/david/bumperbot_ws/build/bumperbot_description' returned '0': CMAKE_PREFIX_PATH=/opt/ros/humble /usr/bin/cmake --build /home/david/bumperbot_ws/build/bumperbot_description -- -j4 -l4
[2.948s] Invoking command in '/home/david/bumperbot_ws/build/bumperbot_description': CMAKE_PREFIX_PATH=/opt/ros/humble /usr/bin/cmake --install /home/david/bumperbot_ws/build/bumperbot_description
[2.957s] -- Install configuration: ""
[2.958s] -- Installing: /home/david/bumperbot_ws/install/bumperbot_description/share/bumperbot_description/meshes
[2.958s] -- Installing: /home/david/bumperbot_ws/install/bumperbot_description/share/bumperbot_description/meshes/wheel_left_link.STL
[2.960s] -- Installing: /home/david/bumperbot_ws/install/bumperbot_description/share/bumperbot_description/meshes/wheel_right_link.STL
[2.963s] -- Installing: /home/david/bumperbot_ws/install/bumperbot_description/share/bumperbot_description/meshes/base_link.STL
[2.992s] -- Installing: /home/david/bumperbot_ws/install/bumperbot_description/share/bumperbot_description/meshes/caster_rear_link.STL
[2.993s] -- Installing: /home/david/bumperbot_ws/install/bumperbot_description/share/bumperbot_description/meshes/imu_link.STL
[2.993s] -- Installing: /home/david/bumperbot_ws/install/bumperbot_description/share/bumperbot_description/meshes/caster_front_link.STL
[2.994s] -- Installing: /home/david/bumperbot_ws/install/bumperbot_description/share/bumperbot_description/urdf
[2.994s] -- Installing: /home/david/bumperbot_ws/install/bumperbot_description/share/bumperbot_description/urdf/bumperbot.urdf.xacro
[3.009s] -- Up-to-date: /home/david/bumperbot_ws/install/bumperbot_description/share/ament_index/resource_index/package_run_dependencies/bumperbot_description
[3.010s] -- Up-to-date: /home/david/bumperbot_ws/install/bumperbot_description/share/ament_index/resource_index/parent_prefix_path/bumperbot_description
[3.010s] -- Up-to-date: /home/david/bumperbot_ws/install/bumperbot_description/share/bumperbot_description/environment/ament_prefix_path.sh
[3.010s] -- Installing: /home/david/bumperbot_ws/install/bumperbot_description/share/bumperbot_description/environment/ament_prefix_path.dsv
[3.010s] -- Up-to-date: /home/david/bumperbot_ws/install/bumperbot_description/share/bumperbot_description/environment/path.sh
[3.011s] -- Installing: /home/david/bumperbot_ws/install/bumperbot_description/share/bumperbot_description/environment/path.dsv
[3.011s] -- Up-to-date: /home/david/bumperbot_ws/install/bumperbot_description/share/bumperbot_description/local_setup.bash
[3.011s] -- Up-to-date: /home/david/bumperbot_ws/install/bumperbot_description/share/bumperbot_description/local_setup.sh
[3.011s] -- Up-to-date: /home/david/bumperbot_ws/install/bumperbot_description/share/bumperbot_description/local_setup.zsh
[3.011s] -- Installing: /home/david/bumperbot_ws/install/bumperbot_description/share/bumperbot_description/local_setup.dsv
[3.011s] -- Installing: /home/david/bumperbot_ws/install/bumperbot_description/share/bumperbot_description/package.dsv
[3.023s] -- Up-to-date: /home/david/bumperbot_ws/install/bumperbot_description/share/ament_index/resource_index/packages/bumperbot_description
[3.023s] -- Up-to-date: /home/david/bumperbot_ws/install/bumperbot_description/share/bumperbot_description/cmake/bumperbot_descriptionConfig.cmake
[3.023s] -- Up-to-date: /home/david/bumperbot_ws/install/bumperbot_description/share/bumperbot_description/cmake/bumperbot_descriptionConfig-version.cmake
[3.023s] -- Up-to-date: /home/david/bumperbot_ws/install/bumperbot_description/share/bumperbot_description/package.xml
[3.025s] Invoked command in '/home/david/bumperbot_ws/build/bumperbot_description' returned '0': CMAKE_PREFIX_PATH=/opt/ros/humble /usr/bin/cmake --install /home/david/bumperbot_ws/build/bumperbot_description
