[0.148s] DEBUG:colcon:Command line arguments: ['/usr/bin/colcon', 'build']
[0.148s] DEBUG:colcon:Parsed command line arguments: Namespace(log_base=None, log_level=None, verb_name='build', build_base='build', install_base='install', merge_install=False, symlink_install=False, test_result_base=None, continue_on_error=False, executor='parallel', parallel_workers=4, event_handlers=None, ignore_user_meta=False, metas=['./colcon.meta'], base_paths=['.'], packages_ignore=None, packages_ignore_regex=None, paths=None, packages_up_to=None, packages_up_to_regex=None, packages_above=None, packages_above_and_dependencies=None, packages_above_depth=None, packages_select_by_dep=None, packages_skip_by_dep=None, packages_skip_up_to=None, packages_select_build_failed=False, packages_skip_build_finished=False, packages_select_test_failures=False, packages_skip_test_passed=False, packages_select=None, packages_skip=None, packages_select_regex=None, packages_skip_regex=None, packages_start=None, packages_end=None, allow_overriding=[], cmake_args=None, cmake_target=None, cmake_target_skip_unavailable=False, cmake_clean_cache=False, cmake_clean_first=False, cmake_force_configure=False, ament_cmake_args=None, catkin_cmake_args=None, catkin_skip_building_tests=False, mixin_files=None, mixin=None, verb_parser=<colcon_mixin.mixin.mixin_argument.MixinArgumentDecorator object at 0x765106988940>, verb_extension=<colcon_core.verb.build.BuildVerb object at 0x765106988250>, main=<bound method BuildVerb.main of <colcon_core.verb.build.BuildVerb object at 0x765106988250>>, mixin_verb=('build',))
[0.383s] Level 1:colcon.colcon_core.package_discovery:discover_packages(colcon_meta) check parameters
[0.383s] Level 1:colcon.colcon_core.package_discovery:discover_packages(recursive) check parameters
[0.383s] Level 1:colcon.colcon_core.package_discovery:discover_packages(ignore) check parameters
[0.383s] Level 1:colcon.colcon_core.package_discovery:discover_packages(path) check parameters
[0.383s] Level 1:colcon.colcon_core.package_discovery:discover_packages(colcon_meta) discover
[0.384s] Level 1:colcon.colcon_core.package_discovery:discover_packages(recursive) discover
[0.384s] INFO:colcon.colcon_core.package_discovery:Crawling recursively for packages in '/media/david/Storage/David/Research/Github/ROS/ROS2'
[0.384s] Level 1:colcon.colcon_core.package_identification:_identify(.) by extensions ['ignore', 'ignore_ament_install']
[0.384s] Level 1:colcon.colcon_core.package_identification:_identify(.) by extension 'ignore'
[0.384s] Level 1:colcon.colcon_core.package_identification:_identify(.) by extension 'ignore_ament_install'
[0.384s] Level 1:colcon.colcon_core.package_identification:_identify(.) by extensions ['colcon_pkg']
[0.385s] Level 1:colcon.colcon_core.package_identification:_identify(.) by extension 'colcon_pkg'
[0.385s] Level 1:colcon.colcon_core.package_identification:_identify(.) by extensions ['colcon_meta']
[0.385s] Level 1:colcon.colcon_core.package_identification:_identify(.) by extension 'colcon_meta'
[0.385s] Level 1:colcon.colcon_core.package_identification:_identify(.) by extensions ['ros']
[0.385s] Level 1:colcon.colcon_core.package_identification:_identify(.) by extension 'ros'
[0.408s] Level 1:colcon.colcon_core.package_identification:_identify(.) by extensions ['cmake', 'python']
[0.408s] Level 1:colcon.colcon_core.package_identification:_identify(.) by extension 'cmake'
[0.408s] Level 1:colcon.colcon_core.package_identification:_identify(.) by extension 'python'
[0.408s] Level 1:colcon.colcon_core.package_identification:_identify(.) by extensions ['python_setup_py']
[0.408s] Level 1:colcon.colcon_core.package_identification:_identify(.) by extension 'python_setup_py'
[0.408s] Level 1:colcon.colcon_core.package_identification:_identify(build) by extensions ['ignore', 'ignore_ament_install']
[0.409s] Level 1:colcon.colcon_core.package_identification:_identify(build) by extension 'ignore'
[0.409s] Level 1:colcon.colcon_core.package_identification:_identify(build) ignored
[0.409s] Level 1:colcon.colcon_core.package_identification:_identify(install) by extensions ['ignore', 'ignore_ament_install']
[0.409s] Level 1:colcon.colcon_core.package_identification:_identify(install) by extension 'ignore'
[0.410s] Level 1:colcon.colcon_core.package_identification:_identify(install) ignored
[0.410s] Level 1:colcon.colcon_core.package_identification:_identify(log) by extensions ['ignore', 'ignore_ament_install']
[0.410s] Level 1:colcon.colcon_core.package_identification:_identify(log) by extension 'ignore'
[0.410s] Level 1:colcon.colcon_core.package_identification:_identify(log) ignored
[0.411s] Level 1:colcon.colcon_core.package_identification:_identify(src) by extensions ['ignore', 'ignore_ament_install']
[0.411s] Level 1:colcon.colcon_core.package_identification:_identify(src) by extension 'ignore'
[0.411s] Level 1:colcon.colcon_core.package_identification:_identify(src) by extension 'ignore_ament_install'
[0.411s] Level 1:colcon.colcon_core.package_identification:_identify(src) by extensions ['colcon_pkg']
[0.411s] Level 1:colcon.colcon_core.package_identification:_identify(src) by extension 'colcon_pkg'
[0.411s] Level 1:colcon.colcon_core.package_identification:_identify(src) by extensions ['colcon_meta']
[0.412s] Level 1:colcon.colcon_core.package_identification:_identify(src) by extension 'colcon_meta'
[0.412s] Level 1:colcon.colcon_core.package_identification:_identify(src) by extensions ['ros']
[0.412s] Level 1:colcon.colcon_core.package_identification:_identify(src) by extension 'ros'
[0.412s] Level 1:colcon.colcon_core.package_identification:_identify(src) by extensions ['cmake', 'python']
[0.412s] Level 1:colcon.colcon_core.package_identification:_identify(src) by extension 'cmake'
[0.412s] Level 1:colcon.colcon_core.package_identification:_identify(src) by extension 'python'
[0.413s] Level 1:colcon.colcon_core.package_identification:_identify(src) by extensions ['python_setup_py']
[0.413s] Level 1:colcon.colcon_core.package_identification:_identify(src) by extension 'python_setup_py'
[0.413s] Level 1:colcon.colcon_core.package_identification:_identify(src/bumperbot_controller) by extensions ['ignore', 'ignore_ament_install']
[0.413s] Level 1:colcon.colcon_core.package_identification:_identify(src/bumperbot_controller) by extension 'ignore'
[0.413s] Level 1:colcon.colcon_core.package_identification:_identify(src/bumperbot_controller) by extension 'ignore_ament_install'
[0.414s] Level 1:colcon.colcon_core.package_identification:_identify(src/bumperbot_controller) by extensions ['colcon_pkg']
[0.414s] Level 1:colcon.colcon_core.package_identification:_identify(src/bumperbot_controller) by extension 'colcon_pkg'
[0.414s] Level 1:colcon.colcon_core.package_identification:_identify(src/bumperbot_controller) by extensions ['colcon_meta']
[0.414s] Level 1:colcon.colcon_core.package_identification:_identify(src/bumperbot_controller) by extension 'colcon_meta'
[0.414s] Level 1:colcon.colcon_core.package_identification:_identify(src/bumperbot_controller) by extensions ['ros']
[0.414s] Level 1:colcon.colcon_core.package_identification:_identify(src/bumperbot_controller) by extension 'ros'
[0.419s] DEBUG:colcon.colcon_core.package_identification:Package 'src/bumperbot_controller' with type 'ros.ament_cmake' and name 'bumperbot_controller'
[0.419s] Level 1:colcon.colcon_core.package_identification:_identify(src/bumperbot_cpp_examples) by extensions ['ignore', 'ignore_ament_install']
[0.419s] Level 1:colcon.colcon_core.package_identification:_identify(src/bumperbot_cpp_examples) by extension 'ignore'
[0.420s] Level 1:colcon.colcon_core.package_identification:_identify(src/bumperbot_cpp_examples) by extension 'ignore_ament_install'
[0.420s] Level 1:colcon.colcon_core.package_identification:_identify(src/bumperbot_cpp_examples) by extensions ['colcon_pkg']
[0.420s] Level 1:colcon.colcon_core.package_identification:_identify(src/bumperbot_cpp_examples) by extension 'colcon_pkg'
[0.420s] Level 1:colcon.colcon_core.package_identification:_identify(src/bumperbot_cpp_examples) by extensions ['colcon_meta']
[0.420s] Level 1:colcon.colcon_core.package_identification:_identify(src/bumperbot_cpp_examples) by extension 'colcon_meta'
[0.420s] Level 1:colcon.colcon_core.package_identification:_identify(src/bumperbot_cpp_examples) by extensions ['ros']
[0.420s] Level 1:colcon.colcon_core.package_identification:_identify(src/bumperbot_cpp_examples) by extension 'ros'
[0.422s] DEBUG:colcon.colcon_core.package_identification:Package 'src/bumperbot_cpp_examples' with type 'ros.ament_cmake' and name 'bumperbot_cpp_examples'
[0.422s] Level 1:colcon.colcon_core.package_identification:_identify(src/bumperbot_description) by extensions ['ignore', 'ignore_ament_install']
[0.422s] Level 1:colcon.colcon_core.package_identification:_identify(src/bumperbot_description) by extension 'ignore'
[0.422s] Level 1:colcon.colcon_core.package_identification:_identify(src/bumperbot_description) by extension 'ignore_ament_install'
[0.422s] Level 1:colcon.colcon_core.package_identification:_identify(src/bumperbot_description) by extensions ['colcon_pkg']
[0.423s] Level 1:colcon.colcon_core.package_identification:_identify(src/bumperbot_description) by extension 'colcon_pkg'
[0.423s] Level 1:colcon.colcon_core.package_identification:_identify(src/bumperbot_description) by extensions ['colcon_meta']
[0.423s] Level 1:colcon.colcon_core.package_identification:_identify(src/bumperbot_description) by extension 'colcon_meta'
[0.423s] Level 1:colcon.colcon_core.package_identification:_identify(src/bumperbot_description) by extensions ['ros']
[0.423s] Level 1:colcon.colcon_core.package_identification:_identify(src/bumperbot_description) by extension 'ros'
[0.424s] DEBUG:colcon.colcon_core.package_identification:Package 'src/bumperbot_description' with type 'ros.ament_cmake' and name 'bumperbot_description'
[0.424s] Level 1:colcon.colcon_core.package_identification:_identify(src/bumperbot_py_examples) by extensions ['ignore', 'ignore_ament_install']
[0.425s] Level 1:colcon.colcon_core.package_identification:_identify(src/bumperbot_py_examples) by extension 'ignore'
[0.425s] Level 1:colcon.colcon_core.package_identification:_identify(src/bumperbot_py_examples) by extension 'ignore_ament_install'
[0.425s] Level 1:colcon.colcon_core.package_identification:_identify(src/bumperbot_py_examples) by extensions ['colcon_pkg']
[0.425s] Level 1:colcon.colcon_core.package_identification:_identify(src/bumperbot_py_examples) by extension 'colcon_pkg'
[0.425s] Level 1:colcon.colcon_core.package_identification:_identify(src/bumperbot_py_examples) by extensions ['colcon_meta']
[0.425s] Level 1:colcon.colcon_core.package_identification:_identify(src/bumperbot_py_examples) by extension 'colcon_meta'
[0.425s] Level 1:colcon.colcon_core.package_identification:_identify(src/bumperbot_py_examples) by extensions ['ros']
[0.426s] Level 1:colcon.colcon_core.package_identification:_identify(src/bumperbot_py_examples) by extension 'ros'
[0.427s] DEBUG:colcon.colcon_core.package_identification:Package 'src/bumperbot_py_examples' with type 'ros.ament_python' and name 'bumperbot_py_examples'
[0.427s] Level 1:colcon.colcon_core.package_discovery:discover_packages(recursive) using defaults
[0.427s] Level 1:colcon.colcon_core.package_discovery:discover_packages(ignore) discover
[0.427s] Level 1:colcon.colcon_core.package_discovery:discover_packages(ignore) using defaults
[0.427s] Level 1:colcon.colcon_core.package_discovery:discover_packages(path) discover
[0.427s] Level 1:colcon.colcon_core.package_discovery:discover_packages(path) using defaults
[0.454s] Level 1:colcon.colcon_core.package_discovery:discover_packages(prefix_path) check parameters
[0.454s] Level 1:colcon.colcon_core.package_discovery:discover_packages(prefix_path) discover
[0.461s] DEBUG:colcon.colcon_installed_package_information.package_discovery:Found 4 installed packages in /media/david/Storage/David/Research/Github/ROS/ROS2/install
[0.462s] DEBUG:colcon.colcon_installed_package_information.package_discovery:Found 331 installed packages in /opt/ros/humble
[0.465s] Level 1:colcon.colcon_core.package_discovery:discover_packages(prefix_path) using defaults
[0.516s] Level 5:colcon.colcon_core.verb:set package 'bumperbot_controller' build argument 'cmake_args' from command line to 'None'
[0.516s] Level 5:colcon.colcon_core.verb:set package 'bumperbot_controller' build argument 'cmake_target' from command line to 'None'
[0.516s] Level 5:colcon.colcon_core.verb:set package 'bumperbot_controller' build argument 'cmake_target_skip_unavailable' from command line to 'False'
[0.517s] Level 5:colcon.colcon_core.verb:set package 'bumperbot_controller' build argument 'cmake_clean_cache' from command line to 'False'
[0.517s] Level 5:colcon.colcon_core.verb:set package 'bumperbot_controller' build argument 'cmake_clean_first' from command line to 'False'
[0.517s] Level 5:colcon.colcon_core.verb:set package 'bumperbot_controller' build argument 'cmake_force_configure' from command line to 'False'
[0.517s] Level 5:colcon.colcon_core.verb:set package 'bumperbot_controller' build argument 'ament_cmake_args' from command line to 'None'
[0.517s] Level 5:colcon.colcon_core.verb:set package 'bumperbot_controller' build argument 'catkin_cmake_args' from command line to 'None'
[0.517s] Level 5:colcon.colcon_core.verb:set package 'bumperbot_controller' build argument 'catkin_skip_building_tests' from command line to 'False'
[0.517s] DEBUG:colcon.colcon_core.verb:Building package 'bumperbot_controller' with the following arguments: {'ament_cmake_args': None, 'build_base': '/media/david/Storage/David/Research/Github/ROS/ROS2/build/bumperbot_controller', 'catkin_cmake_args': None, 'catkin_skip_building_tests': False, 'cmake_args': None, 'cmake_clean_cache': False, 'cmake_clean_first': False, 'cmake_force_configure': False, 'cmake_target': None, 'cmake_target_skip_unavailable': False, 'install_base': '/media/david/Storage/David/Research/Github/ROS/ROS2/install/bumperbot_controller', 'merge_install': False, 'path': '/media/david/Storage/David/Research/Github/ROS/ROS2/src/bumperbot_controller', 'symlink_install': False, 'test_result_base': None}
[0.518s] Level 5:colcon.colcon_core.verb:set package 'bumperbot_cpp_examples' build argument 'cmake_args' from command line to 'None'
[0.518s] Level 5:colcon.colcon_core.verb:set package 'bumperbot_cpp_examples' build argument 'cmake_target' from command line to 'None'
[0.518s] Level 5:colcon.colcon_core.verb:set package 'bumperbot_cpp_examples' build argument 'cmake_target_skip_unavailable' from command line to 'False'
[0.518s] Level 5:colcon.colcon_core.verb:set package 'bumperbot_cpp_examples' build argument 'cmake_clean_cache' from command line to 'False'
[0.518s] Level 5:colcon.colcon_core.verb:set package 'bumperbot_cpp_examples' build argument 'cmake_clean_first' from command line to 'False'
[0.518s] Level 5:colcon.colcon_core.verb:set package 'bumperbot_cpp_examples' build argument 'cmake_force_configure' from command line to 'False'
[0.518s] Level 5:colcon.colcon_core.verb:set package 'bumperbot_cpp_examples' build argument 'ament_cmake_args' from command line to 'None'
[0.518s] Level 5:colcon.colcon_core.verb:set package 'bumperbot_cpp_examples' build argument 'catkin_cmake_args' from command line to 'None'
[0.518s] Level 5:colcon.colcon_core.verb:set package 'bumperbot_cpp_examples' build argument 'catkin_skip_building_tests' from command line to 'False'
[0.518s] DEBUG:colcon.colcon_core.verb:Building package 'bumperbot_cpp_examples' with the following arguments: {'ament_cmake_args': None, 'build_base': '/media/david/Storage/David/Research/Github/ROS/ROS2/build/bumperbot_cpp_examples', 'catkin_cmake_args': None, 'catkin_skip_building_tests': False, 'cmake_args': None, 'cmake_clean_cache': False, 'cmake_clean_first': False, 'cmake_force_configure': False, 'cmake_target': None, 'cmake_target_skip_unavailable': False, 'install_base': '/media/david/Storage/David/Research/Github/ROS/ROS2/install/bumperbot_cpp_examples', 'merge_install': False, 'path': '/media/david/Storage/David/Research/Github/ROS/ROS2/src/bumperbot_cpp_examples', 'symlink_install': False, 'test_result_base': None}
[0.519s] Level 5:colcon.colcon_core.verb:set package 'bumperbot_description' build argument 'cmake_args' from command line to 'None'
[0.519s] Level 5:colcon.colcon_core.verb:set package 'bumperbot_description' build argument 'cmake_target' from command line to 'None'
[0.519s] Level 5:colcon.colcon_core.verb:set package 'bumperbot_description' build argument 'cmake_target_skip_unavailable' from command line to 'False'
[0.519s] Level 5:colcon.colcon_core.verb:set package 'bumperbot_description' build argument 'cmake_clean_cache' from command line to 'False'
[0.520s] Level 5:colcon.colcon_core.verb:set package 'bumperbot_description' build argument 'cmake_clean_first' from command line to 'False'
[0.520s] Level 5:colcon.colcon_core.verb:set package 'bumperbot_description' build argument 'cmake_force_configure' from command line to 'False'
[0.520s] Level 5:colcon.colcon_core.verb:set package 'bumperbot_description' build argument 'ament_cmake_args' from command line to 'None'
[0.520s] Level 5:colcon.colcon_core.verb:set package 'bumperbot_description' build argument 'catkin_cmake_args' from command line to 'None'
[0.520s] Level 5:colcon.colcon_core.verb:set package 'bumperbot_description' build argument 'catkin_skip_building_tests' from command line to 'False'
[0.520s] DEBUG:colcon.colcon_core.verb:Building package 'bumperbot_description' with the following arguments: {'ament_cmake_args': None, 'build_base': '/media/david/Storage/David/Research/Github/ROS/ROS2/build/bumperbot_description', 'catkin_cmake_args': None, 'catkin_skip_building_tests': False, 'cmake_args': None, 'cmake_clean_cache': False, 'cmake_clean_first': False, 'cmake_force_configure': False, 'cmake_target': None, 'cmake_target_skip_unavailable': False, 'install_base': '/media/david/Storage/David/Research/Github/ROS/ROS2/install/bumperbot_description', 'merge_install': False, 'path': '/media/david/Storage/David/Research/Github/ROS/ROS2/src/bumperbot_description', 'symlink_install': False, 'test_result_base': None}
[0.521s] Level 5:colcon.colcon_core.verb:set package 'bumperbot_py_examples' build argument 'cmake_args' from command line to 'None'
[0.521s] Level 5:colcon.colcon_core.verb:set package 'bumperbot_py_examples' build argument 'cmake_target' from command line to 'None'
[0.521s] Level 5:colcon.colcon_core.verb:set package 'bumperbot_py_examples' build argument 'cmake_target_skip_unavailable' from command line to 'False'
[0.521s] Level 5:colcon.colcon_core.verb:set package 'bumperbot_py_examples' build argument 'cmake_clean_cache' from command line to 'False'
[0.521s] Level 5:colcon.colcon_core.verb:set package 'bumperbot_py_examples' build argument 'cmake_clean_first' from command line to 'False'
[0.521s] Level 5:colcon.colcon_core.verb:set package 'bumperbot_py_examples' build argument 'cmake_force_configure' from command line to 'False'
[0.521s] Level 5:colcon.colcon_core.verb:set package 'bumperbot_py_examples' build argument 'ament_cmake_args' from command line to 'None'
[0.521s] Level 5:colcon.colcon_core.verb:set package 'bumperbot_py_examples' build argument 'catkin_cmake_args' from command line to 'None'
[0.521s] Level 5:colcon.colcon_core.verb:set package 'bumperbot_py_examples' build argument 'catkin_skip_building_tests' from command line to 'False'
[0.521s] DEBUG:colcon.colcon_core.verb:Building package 'bumperbot_py_examples' with the following arguments: {'ament_cmake_args': None, 'build_base': '/media/david/Storage/David/Research/Github/ROS/ROS2/build/bumperbot_py_examples', 'catkin_cmake_args': None, 'catkin_skip_building_tests': False, 'cmake_args': None, 'cmake_clean_cache': False, 'cmake_clean_first': False, 'cmake_force_configure': False, 'cmake_target': None, 'cmake_target_skip_unavailable': False, 'install_base': '/media/david/Storage/David/Research/Github/ROS/ROS2/install/bumperbot_py_examples', 'merge_install': False, 'path': '/media/david/Storage/David/Research/Github/ROS/ROS2/src/bumperbot_py_examples', 'symlink_install': False, 'test_result_base': None}
[0.522s] INFO:colcon.colcon_core.executor:Executing jobs using 'parallel' executor
[0.523s] DEBUG:colcon.colcon_parallel_executor.executor.parallel:run_until_complete
[0.523s] INFO:colcon.colcon_ros.task.ament_cmake.build:Building ROS package in '/media/david/Storage/David/Research/Github/ROS/ROS2/src/bumperbot_controller' with build type 'ament_cmake'
[0.524s] INFO:colcon.colcon_cmake.task.cmake.build:Building CMake package in '/media/david/Storage/David/Research/Github/ROS/ROS2/src/bumperbot_controller'
[0.527s] INFO:colcon.colcon_core.plugin_system:Skipping extension 'colcon_core.shell.bat': Not used on non-Windows systems
[0.527s] INFO:colcon.colcon_core.shell:Skip shell extension 'powershell' for command environment: Not usable outside of PowerShell
[0.527s] DEBUG:colcon.colcon_core.shell:Skip shell extension 'dsv' for command environment
[0.542s] INFO:colcon.colcon_ros.task.ament_cmake.build:Building ROS package in '/media/david/Storage/David/Research/Github/ROS/ROS2/src/bumperbot_cpp_examples' with build type 'ament_cmake'
[0.542s] INFO:colcon.colcon_cmake.task.cmake.build:Building CMake package in '/media/david/Storage/David/Research/Github/ROS/ROS2/src/bumperbot_cpp_examples'
[0.543s] INFO:colcon.colcon_core.shell:Skip shell extension 'powershell' for command environment: Not usable outside of PowerShell
[0.543s] DEBUG:colcon.colcon_core.shell:Skip shell extension 'dsv' for command environment
[0.553s] INFO:colcon.colcon_ros.task.ament_cmake.build:Building ROS package in '/media/david/Storage/David/Research/Github/ROS/ROS2/src/bumperbot_description' with build type 'ament_cmake'
[0.554s] INFO:colcon.colcon_cmake.task.cmake.build:Building CMake package in '/media/david/Storage/David/Research/Github/ROS/ROS2/src/bumperbot_description'
[0.554s] INFO:colcon.colcon_core.shell:Skip shell extension 'powershell' for command environment: Not usable outside of PowerShell
[0.554s] DEBUG:colcon.colcon_core.shell:Skip shell extension 'dsv' for command environment
[0.564s] INFO:colcon.colcon_ros.task.ament_python.build:Building ROS package in '/media/david/Storage/David/Research/Github/ROS/ROS2/src/bumperbot_py_examples' with build type 'ament_python'
[0.564s] Level 1:colcon.colcon_core.shell:create_environment_hook('bumperbot_py_examples', 'ament_prefix_path')
[0.565s] INFO:colcon.colcon_core.shell:Creating environment hook '/media/david/Storage/David/Research/Github/ROS/ROS2/install/bumperbot_py_examples/share/bumperbot_py_examples/hook/ament_prefix_path.ps1'
[0.567s] INFO:colcon.colcon_core.shell:Creating environment descriptor '/media/david/Storage/David/Research/Github/ROS/ROS2/install/bumperbot_py_examples/share/bumperbot_py_examples/hook/ament_prefix_path.dsv'
[0.568s] INFO:colcon.colcon_core.shell:Creating environment hook '/media/david/Storage/David/Research/Github/ROS/ROS2/install/bumperbot_py_examples/share/bumperbot_py_examples/hook/ament_prefix_path.sh'
[0.570s] INFO:colcon.colcon_core.shell:Skip shell extension 'powershell' for command environment: Not usable outside of PowerShell
[0.570s] DEBUG:colcon.colcon_core.shell:Skip shell extension 'dsv' for command environment
[0.589s] DEBUG:colcon.colcon_core.event_handler.log_command:Invoking command in '/media/david/Storage/David/Research/Github/ROS/ROS2/build/bumperbot_controller': CMAKE_PREFIX_PATH=${CMAKE_PREFIX_PATH}:/media/david/Storage/David/Research/Github/ROS/ROS2/install/bumperbot_py_examples:/opt/ros/humble /usr/bin/cmake --build /media/david/Storage/David/Research/Github/ROS/ROS2/build/bumperbot_controller -- -j4 -l4
[0.601s] DEBUG:colcon.colcon_core.event_handler.log_command:Invoking command in '/media/david/Storage/David/Research/Github/ROS/ROS2/build/bumperbot_cpp_examples': CMAKE_PREFIX_PATH=${CMAKE_PREFIX_PATH}:/media/david/Storage/David/Research/Github/ROS/ROS2/install/bumperbot_py_examples:/opt/ros/humble /usr/bin/cmake --build /media/david/Storage/David/Research/Github/ROS/ROS2/build/bumperbot_cpp_examples -- -j4 -l4
[0.612s] DEBUG:colcon.colcon_core.event_handler.log_command:Invoking command in '/media/david/Storage/David/Research/Github/ROS/ROS2/build/bumperbot_description': CMAKE_PREFIX_PATH=${CMAKE_PREFIX_PATH}:/media/david/Storage/David/Research/Github/ROS/ROS2/install/bumperbot_py_examples:/opt/ros/humble /usr/bin/cmake --build /media/david/Storage/David/Research/Github/ROS/ROS2/build/bumperbot_description -- -j4 -l4
[1.202s] INFO:colcon.colcon_core.task.python.build:Building Python package in '/media/david/Storage/David/Research/Github/ROS/ROS2/src/bumperbot_py_examples'
[1.203s] INFO:colcon.colcon_core.shell:Skip shell extension 'powershell' for command environment: Not usable outside of PowerShell
[1.203s] DEBUG:colcon.colcon_core.shell:Skip shell extension 'dsv' for command environment
[1.220s] DEBUG:colcon.colcon_core.event_handler.log_command:Invoked command in '/media/david/Storage/David/Research/Github/ROS/ROS2/build/bumperbot_description' returned '0': CMAKE_PREFIX_PATH=${CMAKE_PREFIX_PATH}:/media/david/Storage/David/Research/Github/ROS/ROS2/install/bumperbot_py_examples:/opt/ros/humble /usr/bin/cmake --build /media/david/Storage/David/Research/Github/ROS/ROS2/build/bumperbot_description -- -j4 -l4
[1.224s] DEBUG:colcon.colcon_core.event_handler.log_command:Invoked command in '/media/david/Storage/David/Research/Github/ROS/ROS2/build/bumperbot_cpp_examples' returned '0': CMAKE_PREFIX_PATH=${CMAKE_PREFIX_PATH}:/media/david/Storage/David/Research/Github/ROS/ROS2/install/bumperbot_py_examples:/opt/ros/humble /usr/bin/cmake --build /media/david/Storage/David/Research/Github/ROS/ROS2/build/bumperbot_cpp_examples -- -j4 -l4
[1.292s] DEBUG:colcon.colcon_core.event_handler.log_command:Invoking command in '/media/david/Storage/David/Research/Github/ROS/ROS2/build/bumperbot_description': CMAKE_PREFIX_PATH=${CMAKE_PREFIX_PATH}:/media/david/Storage/David/Research/Github/ROS/ROS2/install/bumperbot_py_examples:/opt/ros/humble /usr/bin/cmake --install /media/david/Storage/David/Research/Github/ROS/ROS2/build/bumperbot_description
[1.310s] DEBUG:colcon.colcon_core.event_handler.log_command:Invoking command in '/media/david/Storage/David/Research/Github/ROS/ROS2/build/bumperbot_cpp_examples': CMAKE_PREFIX_PATH=${CMAKE_PREFIX_PATH}:/media/david/Storage/David/Research/Github/ROS/ROS2/install/bumperbot_py_examples:/opt/ros/humble /usr/bin/cmake --install /media/david/Storage/David/Research/Github/ROS/ROS2/build/bumperbot_cpp_examples
[1.318s] DEBUG:colcon.colcon_core.event_handler.log_command:Invoked command in '/media/david/Storage/David/Research/Github/ROS/ROS2/build/bumperbot_controller' returned '0': CMAKE_PREFIX_PATH=${CMAKE_PREFIX_PATH}:/media/david/Storage/David/Research/Github/ROS/ROS2/install/bumperbot_py_examples:/opt/ros/humble /usr/bin/cmake --build /media/david/Storage/David/Research/Github/ROS/ROS2/build/bumperbot_controller -- -j4 -l4
[1.392s] DEBUG:colcon.colcon_core.event_handler.log_command:Invoking command in '/media/david/Storage/David/Research/Github/ROS/ROS2/build/bumperbot_controller': CMAKE_PREFIX_PATH=${CMAKE_PREFIX_PATH}:/media/david/Storage/David/Research/Github/ROS/ROS2/install/bumperbot_py_examples:/opt/ros/humble /usr/bin/cmake --install /media/david/Storage/David/Research/Github/ROS/ROS2/build/bumperbot_controller
[1.412s] Level 1:colcon.colcon_core.environment:create_environment_scripts_only(bumperbot_cpp_examples)
[1.414s] DEBUG:colcon.colcon_core.event_handler.log_command:Invoked command in '/media/david/Storage/David/Research/Github/ROS/ROS2/build/bumperbot_cpp_examples' returned '0': CMAKE_PREFIX_PATH=${CMAKE_PREFIX_PATH}:/media/david/Storage/David/Research/Github/ROS/ROS2/install/bumperbot_py_examples:/opt/ros/humble /usr/bin/cmake --install /media/david/Storage/David/Research/Github/ROS/ROS2/build/bumperbot_cpp_examples
[1.419s] Level 1:colcon.colcon_core.environment:checking '/media/david/Storage/David/Research/Github/ROS/ROS2/install/bumperbot_cpp_examples' for CMake module files
[1.429s] Level 1:colcon.colcon_core.environment:checking '/media/david/Storage/David/Research/Github/ROS/ROS2/install/bumperbot_cpp_examples' for CMake config files
[1.441s] Level 1:colcon.colcon_core.shell:create_environment_hook('bumperbot_cpp_examples', 'cmake_prefix_path')
[1.442s] INFO:colcon.colcon_core.shell:Creating environment hook '/media/david/Storage/David/Research/Github/ROS/ROS2/install/bumperbot_cpp_examples/share/bumperbot_cpp_examples/hook/cmake_prefix_path.ps1'
[1.448s] INFO:colcon.colcon_core.shell:Creating environment descriptor '/media/david/Storage/David/Research/Github/ROS/ROS2/install/bumperbot_cpp_examples/share/bumperbot_cpp_examples/hook/cmake_prefix_path.dsv'
[1.451s] INFO:colcon.colcon_core.shell:Creating environment hook '/media/david/Storage/David/Research/Github/ROS/ROS2/install/bumperbot_cpp_examples/share/bumperbot_cpp_examples/hook/cmake_prefix_path.sh'
[1.457s] Level 1:colcon.colcon_core.environment:checking '/media/david/Storage/David/Research/Github/ROS/ROS2/install/bumperbot_cpp_examples/lib'
[1.458s] Level 1:colcon.colcon_core.environment:checking '/media/david/Storage/David/Research/Github/ROS/ROS2/install/bumperbot_cpp_examples/bin'
[1.458s] Level 1:colcon.colcon_core.environment:checking '/media/david/Storage/David/Research/Github/ROS/ROS2/install/bumperbot_cpp_examples/lib/pkgconfig/bumperbot_cpp_examples.pc'
[1.459s] Level 1:colcon.colcon_core.environment:checking '/media/david/Storage/David/Research/Github/ROS/ROS2/install/bumperbot_cpp_examples/lib/python3.10/site-packages'
[1.461s] Level 1:colcon.colcon_core.environment:checking '/media/david/Storage/David/Research/Github/ROS/ROS2/install/bumperbot_cpp_examples/bin'
[1.462s] INFO:colcon.colcon_core.shell:Creating package script '/media/david/Storage/David/Research/Github/ROS/ROS2/install/bumperbot_cpp_examples/share/bumperbot_cpp_examples/package.ps1'
[1.467s] INFO:colcon.colcon_core.shell:Creating package descriptor '/media/david/Storage/David/Research/Github/ROS/ROS2/install/bumperbot_cpp_examples/share/bumperbot_cpp_examples/package.dsv'
[1.469s] INFO:colcon.colcon_core.shell:Creating package script '/media/david/Storage/David/Research/Github/ROS/ROS2/install/bumperbot_cpp_examples/share/bumperbot_cpp_examples/package.sh'
[1.472s] INFO:colcon.colcon_core.shell:Creating package script '/media/david/Storage/David/Research/Github/ROS/ROS2/install/bumperbot_cpp_examples/share/bumperbot_cpp_examples/package.bash'
[1.474s] INFO:colcon.colcon_core.shell:Creating package script '/media/david/Storage/David/Research/Github/ROS/ROS2/install/bumperbot_cpp_examples/share/bumperbot_cpp_examples/package.zsh'
[1.476s] Level 1:colcon.colcon_core.environment:create_file_with_runtime_dependencies(/media/david/Storage/David/Research/Github/ROS/ROS2/install/bumperbot_cpp_examples/share/colcon-core/packages/bumperbot_cpp_examples)
[1.488s] Level 1:colcon.colcon_core.environment:create_environment_scripts_only(bumperbot_description)
[1.489s] Level 1:colcon.colcon_core.environment:checking '/media/david/Storage/David/Research/Github/ROS/ROS2/install/bumperbot_description' for CMake module files
[1.489s] DEBUG:colcon.colcon_core.event_handler.log_command:Invoked command in '/media/david/Storage/David/Research/Github/ROS/ROS2/build/bumperbot_description' returned '0': CMAKE_PREFIX_PATH=${CMAKE_PREFIX_PATH}:/media/david/Storage/David/Research/Github/ROS/ROS2/install/bumperbot_py_examples:/opt/ros/humble /usr/bin/cmake --install /media/david/Storage/David/Research/Github/ROS/ROS2/build/bumperbot_description
[1.496s] Level 1:colcon.colcon_core.environment:checking '/media/david/Storage/David/Research/Github/ROS/ROS2/install/bumperbot_description' for CMake config files
[1.500s] Level 1:colcon.colcon_core.shell:create_environment_hook('bumperbot_description', 'cmake_prefix_path')
[1.500s] INFO:colcon.colcon_core.shell:Creating environment hook '/media/david/Storage/David/Research/Github/ROS/ROS2/install/bumperbot_description/share/bumperbot_description/hook/cmake_prefix_path.ps1'
[1.502s] INFO:colcon.colcon_core.shell:Creating environment descriptor '/media/david/Storage/David/Research/Github/ROS/ROS2/install/bumperbot_description/share/bumperbot_description/hook/cmake_prefix_path.dsv'
[1.503s] INFO:colcon.colcon_core.shell:Creating environment hook '/media/david/Storage/David/Research/Github/ROS/ROS2/install/bumperbot_description/share/bumperbot_description/hook/cmake_prefix_path.sh'
[1.506s] Level 1:colcon.colcon_core.environment:checking '/media/david/Storage/David/Research/Github/ROS/ROS2/install/bumperbot_description/bin'
[1.506s] Level 1:colcon.colcon_core.environment:checking '/media/david/Storage/David/Research/Github/ROS/ROS2/install/bumperbot_description/lib/pkgconfig/bumperbot_description.pc'
[1.507s] Level 1:colcon.colcon_core.environment:checking '/media/david/Storage/David/Research/Github/ROS/ROS2/install/bumperbot_description/lib/python3.10/site-packages'
[1.507s] Level 1:colcon.colcon_core.environment:checking '/media/david/Storage/David/Research/Github/ROS/ROS2/install/bumperbot_description/bin'
[1.508s] INFO:colcon.colcon_core.shell:Creating package script '/media/david/Storage/David/Research/Github/ROS/ROS2/install/bumperbot_description/share/bumperbot_description/package.ps1'
[1.510s] INFO:colcon.colcon_core.shell:Creating package descriptor '/media/david/Storage/David/Research/Github/ROS/ROS2/install/bumperbot_description/share/bumperbot_description/package.dsv'
[1.511s] INFO:colcon.colcon_core.shell:Creating package script '/media/david/Storage/David/Research/Github/ROS/ROS2/install/bumperbot_description/share/bumperbot_description/package.sh'
[1.513s] INFO:colcon.colcon_core.shell:Creating package script '/media/david/Storage/David/Research/Github/ROS/ROS2/install/bumperbot_description/share/bumperbot_description/package.bash'
[1.514s] INFO:colcon.colcon_core.shell:Creating package script '/media/david/Storage/David/Research/Github/ROS/ROS2/install/bumperbot_description/share/bumperbot_description/package.zsh'
[1.516s] Level 1:colcon.colcon_core.environment:create_file_with_runtime_dependencies(/media/david/Storage/David/Research/Github/ROS/ROS2/install/bumperbot_description/share/colcon-core/packages/bumperbot_description)
[1.585s] Level 1:colcon.colcon_core.environment:create_environment_scripts_only(bumperbot_description)
[1.585s] Level 1:colcon.colcon_core.environment:checking '/media/david/Storage/David/Research/Github/ROS/ROS2/install/bumperbot_description' for CMake module files
[1.594s] Level 1:colcon.colcon_core.environment:checking '/media/david/Storage/David/Research/Github/ROS/ROS2/install/bumperbot_description' for CMake config files
[1.598s] Level 1:colcon.colcon_core.shell:create_environment_hook('bumperbot_description', 'cmake_prefix_path')
[1.598s] INFO:colcon.colcon_core.shell:Creating environment hook '/media/david/Storage/David/Research/Github/ROS/ROS2/install/bumperbot_description/share/bumperbot_description/hook/cmake_prefix_path.ps1'
[1.600s] INFO:colcon.colcon_core.shell:Creating environment descriptor '/media/david/Storage/David/Research/Github/ROS/ROS2/install/bumperbot_description/share/bumperbot_description/hook/cmake_prefix_path.dsv'
[1.601s] INFO:colcon.colcon_core.shell:Creating environment hook '/media/david/Storage/David/Research/Github/ROS/ROS2/install/bumperbot_description/share/bumperbot_description/hook/cmake_prefix_path.sh'
[1.603s] Level 1:colcon.colcon_core.environment:checking '/media/david/Storage/David/Research/Github/ROS/ROS2/install/bumperbot_description/bin'
[1.603s] Level 1:colcon.colcon_core.environment:checking '/media/david/Storage/David/Research/Github/ROS/ROS2/install/bumperbot_description/lib/pkgconfig/bumperbot_description.pc'
[1.604s] Level 1:colcon.colcon_core.environment:checking '/media/david/Storage/David/Research/Github/ROS/ROS2/install/bumperbot_description/lib/python3.10/site-packages'
[1.604s] Level 1:colcon.colcon_core.environment:checking '/media/david/Storage/David/Research/Github/ROS/ROS2/install/bumperbot_description/bin'
[1.605s] INFO:colcon.colcon_core.shell:Creating package script '/media/david/Storage/David/Research/Github/ROS/ROS2/install/bumperbot_description/share/bumperbot_description/package.ps1'
[1.608s] INFO:colcon.colcon_core.shell:Creating package descriptor '/media/david/Storage/David/Research/Github/ROS/ROS2/install/bumperbot_description/share/bumperbot_description/package.dsv'
[1.609s] INFO:colcon.colcon_core.shell:Creating package script '/media/david/Storage/David/Research/Github/ROS/ROS2/install/bumperbot_description/share/bumperbot_description/package.sh'
[1.611s] INFO:colcon.colcon_core.shell:Creating package script '/media/david/Storage/David/Research/Github/ROS/ROS2/install/bumperbot_description/share/bumperbot_description/package.bash'
[1.613s] INFO:colcon.colcon_core.shell:Creating package script '/media/david/Storage/David/Research/Github/ROS/ROS2/install/bumperbot_description/share/bumperbot_description/package.zsh'
[1.614s] Level 1:colcon.colcon_core.environment:create_file_with_runtime_dependencies(/media/david/Storage/David/Research/Github/ROS/ROS2/install/bumperbot_description/share/colcon-core/packages/bumperbot_description)
[1.616s] Level 1:colcon.colcon_core.environment:create_environment_scripts_only(bumperbot_cpp_examples)
[1.617s] Level 1:colcon.colcon_core.environment:checking '/media/david/Storage/David/Research/Github/ROS/ROS2/install/bumperbot_cpp_examples' for CMake module files
[1.625s] Level 1:colcon.colcon_core.environment:checking '/media/david/Storage/David/Research/Github/ROS/ROS2/install/bumperbot_cpp_examples' for CMake config files
[1.631s] Level 1:colcon.colcon_core.shell:create_environment_hook('bumperbot_cpp_examples', 'cmake_prefix_path')
[1.632s] INFO:colcon.colcon_core.shell:Creating environment hook '/media/david/Storage/David/Research/Github/ROS/ROS2/install/bumperbot_cpp_examples/share/bumperbot_cpp_examples/hook/cmake_prefix_path.ps1'
[1.635s] INFO:colcon.colcon_core.shell:Creating environment descriptor '/media/david/Storage/David/Research/Github/ROS/ROS2/install/bumperbot_cpp_examples/share/bumperbot_cpp_examples/hook/cmake_prefix_path.dsv'
[1.637s] INFO:colcon.colcon_core.shell:Creating environment hook '/media/david/Storage/David/Research/Github/ROS/ROS2/install/bumperbot_cpp_examples/share/bumperbot_cpp_examples/hook/cmake_prefix_path.sh'
[1.639s] Level 1:colcon.colcon_core.environment:checking '/media/david/Storage/David/Research/Github/ROS/ROS2/install/bumperbot_cpp_examples/lib'
[1.639s] Level 1:colcon.colcon_core.environment:checking '/media/david/Storage/David/Research/Github/ROS/ROS2/install/bumperbot_cpp_examples/bin'
[1.640s] Level 1:colcon.colcon_core.environment:checking '/media/david/Storage/David/Research/Github/ROS/ROS2/install/bumperbot_cpp_examples/lib/pkgconfig/bumperbot_cpp_examples.pc'
[1.640s] Level 1:colcon.colcon_core.environment:checking '/media/david/Storage/David/Research/Github/ROS/ROS2/install/bumperbot_cpp_examples/lib/python3.10/site-packages'
[1.641s] Level 1:colcon.colcon_core.environment:checking '/media/david/Storage/David/Research/Github/ROS/ROS2/install/bumperbot_cpp_examples/bin'
[1.642s] INFO:colcon.colcon_core.shell:Creating package script '/media/david/Storage/David/Research/Github/ROS/ROS2/install/bumperbot_cpp_examples/share/bumperbot_cpp_examples/package.ps1'
[1.648s] INFO:colcon.colcon_core.shell:Creating package descriptor '/media/david/Storage/David/Research/Github/ROS/ROS2/install/bumperbot_cpp_examples/share/bumperbot_cpp_examples/package.dsv'
[1.651s] INFO:colcon.colcon_core.shell:Creating package script '/media/david/Storage/David/Research/Github/ROS/ROS2/install/bumperbot_cpp_examples/share/bumperbot_cpp_examples/package.sh'
[1.653s] INFO:colcon.colcon_core.shell:Creating package script '/media/david/Storage/David/Research/Github/ROS/ROS2/install/bumperbot_cpp_examples/share/bumperbot_cpp_examples/package.bash'
[1.655s] INFO:colcon.colcon_core.shell:Creating package script '/media/david/Storage/David/Research/Github/ROS/ROS2/install/bumperbot_cpp_examples/share/bumperbot_cpp_examples/package.zsh'
[1.656s] Level 1:colcon.colcon_core.environment:create_file_with_runtime_dependencies(/media/david/Storage/David/Research/Github/ROS/ROS2/install/bumperbot_cpp_examples/share/colcon-core/packages/bumperbot_cpp_examples)
[1.675s] Level 1:colcon.colcon_core.environment:create_environment_scripts_only(bumperbot_controller)
[1.675s] Level 1:colcon.colcon_core.environment:checking '/media/david/Storage/David/Research/Github/ROS/ROS2/install/bumperbot_controller' for CMake module files
[1.679s] DEBUG:colcon.colcon_core.event_handler.log_command:Invoked command in '/media/david/Storage/David/Research/Github/ROS/ROS2/build/bumperbot_controller' returned '0': CMAKE_PREFIX_PATH=${CMAKE_PREFIX_PATH}:/media/david/Storage/David/Research/Github/ROS/ROS2/install/bumperbot_py_examples:/opt/ros/humble /usr/bin/cmake --install /media/david/Storage/David/Research/Github/ROS/ROS2/build/bumperbot_controller
[1.685s] Level 1:colcon.colcon_core.environment:checking '/media/david/Storage/David/Research/Github/ROS/ROS2/install/bumperbot_controller' for CMake config files
[1.691s] Level 1:colcon.colcon_core.shell:create_environment_hook('bumperbot_controller', 'cmake_prefix_path')
[1.691s] INFO:colcon.colcon_core.shell:Creating environment hook '/media/david/Storage/David/Research/Github/ROS/ROS2/install/bumperbot_controller/share/bumperbot_controller/hook/cmake_prefix_path.ps1'
[1.692s] INFO:colcon.colcon_core.shell:Creating environment descriptor '/media/david/Storage/David/Research/Github/ROS/ROS2/install/bumperbot_controller/share/bumperbot_controller/hook/cmake_prefix_path.dsv'
[1.694s] INFO:colcon.colcon_core.shell:Creating environment hook '/media/david/Storage/David/Research/Github/ROS/ROS2/install/bumperbot_controller/share/bumperbot_controller/hook/cmake_prefix_path.sh'
[1.695s] Level 1:colcon.colcon_core.environment:checking '/media/david/Storage/David/Research/Github/ROS/ROS2/install/bumperbot_controller/lib'
[1.696s] Level 1:colcon.colcon_core.environment:checking '/media/david/Storage/David/Research/Github/ROS/ROS2/install/bumperbot_controller/bin'
[1.696s] Level 1:colcon.colcon_core.environment:checking '/media/david/Storage/David/Research/Github/ROS/ROS2/install/bumperbot_controller/lib/pkgconfig/bumperbot_controller.pc'
[1.697s] Level 1:colcon.colcon_core.environment:checking '/media/david/Storage/David/Research/Github/ROS/ROS2/install/bumperbot_controller/lib/python3.10/site-packages'
[1.697s] Level 1:colcon.colcon_core.environment:checking '/media/david/Storage/David/Research/Github/ROS/ROS2/install/bumperbot_controller/bin'
[1.698s] INFO:colcon.colcon_core.shell:Creating package script '/media/david/Storage/David/Research/Github/ROS/ROS2/install/bumperbot_controller/share/bumperbot_controller/package.ps1'
[1.700s] INFO:colcon.colcon_core.shell:Creating package descriptor '/media/david/Storage/David/Research/Github/ROS/ROS2/install/bumperbot_controller/share/bumperbot_controller/package.dsv'
[1.702s] INFO:colcon.colcon_core.shell:Creating package script '/media/david/Storage/David/Research/Github/ROS/ROS2/install/bumperbot_controller/share/bumperbot_controller/package.sh'
[1.704s] INFO:colcon.colcon_core.shell:Creating package script '/media/david/Storage/David/Research/Github/ROS/ROS2/install/bumperbot_controller/share/bumperbot_controller/package.bash'
[1.705s] INFO:colcon.colcon_core.shell:Creating package script '/media/david/Storage/David/Research/Github/ROS/ROS2/install/bumperbot_controller/share/bumperbot_controller/package.zsh'
[1.707s] Level 1:colcon.colcon_core.environment:create_file_with_runtime_dependencies(/media/david/Storage/David/Research/Github/ROS/ROS2/install/bumperbot_controller/share/colcon-core/packages/bumperbot_controller)
[1.757s] Level 1:colcon.colcon_core.environment:create_environment_scripts_only(bumperbot_controller)
[1.757s] Level 1:colcon.colcon_core.environment:checking '/media/david/Storage/David/Research/Github/ROS/ROS2/install/bumperbot_controller' for CMake module files
[1.764s] Level 1:colcon.colcon_core.environment:checking '/media/david/Storage/David/Research/Github/ROS/ROS2/install/bumperbot_controller' for CMake config files
[1.772s] Level 1:colcon.colcon_core.shell:create_environment_hook('bumperbot_controller', 'cmake_prefix_path')
[1.773s] INFO:colcon.colcon_core.shell:Creating environment hook '/media/david/Storage/David/Research/Github/ROS/ROS2/install/bumperbot_controller/share/bumperbot_controller/hook/cmake_prefix_path.ps1'
[1.774s] INFO:colcon.colcon_core.shell:Creating environment descriptor '/media/david/Storage/David/Research/Github/ROS/ROS2/install/bumperbot_controller/share/bumperbot_controller/hook/cmake_prefix_path.dsv'
[1.776s] INFO:colcon.colcon_core.shell:Creating environment hook '/media/david/Storage/David/Research/Github/ROS/ROS2/install/bumperbot_controller/share/bumperbot_controller/hook/cmake_prefix_path.sh'
[1.779s] Level 1:colcon.colcon_core.environment:checking '/media/david/Storage/David/Research/Github/ROS/ROS2/install/bumperbot_controller/lib'
[1.780s] Level 1:colcon.colcon_core.environment:checking '/media/david/Storage/David/Research/Github/ROS/ROS2/install/bumperbot_controller/bin'
[1.780s] Level 1:colcon.colcon_core.environment:checking '/media/david/Storage/David/Research/Github/ROS/ROS2/install/bumperbot_controller/lib/pkgconfig/bumperbot_controller.pc'
[1.781s] Level 1:colcon.colcon_core.environment:checking '/media/david/Storage/David/Research/Github/ROS/ROS2/install/bumperbot_controller/lib/python3.10/site-packages'
[1.782s] Level 1:colcon.colcon_core.environment:checking '/media/david/Storage/David/Research/Github/ROS/ROS2/install/bumperbot_controller/bin'
[1.783s] INFO:colcon.colcon_core.shell:Creating package script '/media/david/Storage/David/Research/Github/ROS/ROS2/install/bumperbot_controller/share/bumperbot_controller/package.ps1'
[1.785s] INFO:colcon.colcon_core.shell:Creating package descriptor '/media/david/Storage/David/Research/Github/ROS/ROS2/install/bumperbot_controller/share/bumperbot_controller/package.dsv'
[1.787s] INFO:colcon.colcon_core.shell:Creating package script '/media/david/Storage/David/Research/Github/ROS/ROS2/install/bumperbot_controller/share/bumperbot_controller/package.sh'
[1.789s] INFO:colcon.colcon_core.shell:Creating package script '/media/david/Storage/David/Research/Github/ROS/ROS2/install/bumperbot_controller/share/bumperbot_controller/package.bash'
[1.791s] INFO:colcon.colcon_core.shell:Creating package script '/media/david/Storage/David/Research/Github/ROS/ROS2/install/bumperbot_controller/share/bumperbot_controller/package.zsh'
[1.792s] Level 1:colcon.colcon_core.environment:create_file_with_runtime_dependencies(/media/david/Storage/David/Research/Github/ROS/ROS2/install/bumperbot_controller/share/colcon-core/packages/bumperbot_controller)
[2.096s] DEBUG:colcon.colcon_core.event_handler.log_command:Invoking command in '/media/david/Storage/David/Research/Github/ROS/ROS2/src/bumperbot_py_examples': PYTHONPATH=/media/david/Storage/David/Research/Github/ROS/ROS2/build/bumperbot_py_examples/prefix_override:/media/david/Storage/David/Research/Github/ROS/ROS2/install/bumperbot_py_examples/lib/python3.10/site-packages:${PYTHONPATH} /usr/bin/python3 -W ignore:setup.py install is deprecated setup.py egg_info --egg-base ../../build/bumperbot_py_examples build --build-base /media/david/Storage/David/Research/Github/ROS/ROS2/build/bumperbot_py_examples/build install --record /media/david/Storage/David/Research/Github/ROS/ROS2/build/bumperbot_py_examples/install.log --single-version-externally-managed install_data
[2.548s] Level 1:colcon.colcon_core.environment:checking '/media/david/Storage/David/Research/Github/ROS/ROS2/install/bumperbot_py_examples' for CMake module files
[2.549s] DEBUG:colcon.colcon_core.event_handler.log_command:Invoked command in '/media/david/Storage/David/Research/Github/ROS/ROS2/src/bumperbot_py_examples' returned '0': PYTHONPATH=/media/david/Storage/David/Research/Github/ROS/ROS2/build/bumperbot_py_examples/prefix_override:/media/david/Storage/David/Research/Github/ROS/ROS2/install/bumperbot_py_examples/lib/python3.10/site-packages:${PYTHONPATH} /usr/bin/python3 -W ignore:setup.py install is deprecated setup.py egg_info --egg-base ../../build/bumperbot_py_examples build --build-base /media/david/Storage/David/Research/Github/ROS/ROS2/build/bumperbot_py_examples/build install --record /media/david/Storage/David/Research/Github/ROS/ROS2/build/bumperbot_py_examples/install.log --single-version-externally-managed install_data
[2.552s] Level 1:colcon.colcon_core.environment:checking '/media/david/Storage/David/Research/Github/ROS/ROS2/install/bumperbot_py_examples' for CMake config files
[2.556s] Level 1:colcon.colcon_core.environment:checking '/media/david/Storage/David/Research/Github/ROS/ROS2/install/bumperbot_py_examples/lib'
[2.557s] Level 1:colcon.colcon_core.environment:checking '/media/david/Storage/David/Research/Github/ROS/ROS2/install/bumperbot_py_examples/bin'
[2.557s] Level 1:colcon.colcon_core.environment:checking '/media/david/Storage/David/Research/Github/ROS/ROS2/install/bumperbot_py_examples/lib/pkgconfig/bumperbot_py_examples.pc'
[2.558s] Level 1:colcon.colcon_core.environment:checking '/media/david/Storage/David/Research/Github/ROS/ROS2/install/bumperbot_py_examples/lib/python3.10/site-packages'
[2.558s] Level 1:colcon.colcon_core.shell:create_environment_hook('bumperbot_py_examples', 'pythonpath')
[2.558s] INFO:colcon.colcon_core.shell:Creating environment hook '/media/david/Storage/David/Research/Github/ROS/ROS2/install/bumperbot_py_examples/share/bumperbot_py_examples/hook/pythonpath.ps1'
[2.560s] INFO:colcon.colcon_core.shell:Creating environment descriptor '/media/david/Storage/David/Research/Github/ROS/ROS2/install/bumperbot_py_examples/share/bumperbot_py_examples/hook/pythonpath.dsv'
[2.561s] INFO:colcon.colcon_core.shell:Creating environment hook '/media/david/Storage/David/Research/Github/ROS/ROS2/install/bumperbot_py_examples/share/bumperbot_py_examples/hook/pythonpath.sh'
[2.563s] Level 1:colcon.colcon_core.environment:checking '/media/david/Storage/David/Research/Github/ROS/ROS2/install/bumperbot_py_examples/bin'
[2.563s] Level 1:colcon.colcon_core.environment:create_environment_scripts_only(bumperbot_py_examples)
[2.564s] INFO:colcon.colcon_core.shell:Creating package script '/media/david/Storage/David/Research/Github/ROS/ROS2/install/bumperbot_py_examples/share/bumperbot_py_examples/package.ps1'
[2.565s] INFO:colcon.colcon_core.shell:Creating package descriptor '/media/david/Storage/David/Research/Github/ROS/ROS2/install/bumperbot_py_examples/share/bumperbot_py_examples/package.dsv'
[2.567s] INFO:colcon.colcon_core.shell:Creating package script '/media/david/Storage/David/Research/Github/ROS/ROS2/install/bumperbot_py_examples/share/bumperbot_py_examples/package.sh'
[2.568s] INFO:colcon.colcon_core.shell:Creating package script '/media/david/Storage/David/Research/Github/ROS/ROS2/install/bumperbot_py_examples/share/bumperbot_py_examples/package.bash'
[2.570s] INFO:colcon.colcon_core.shell:Creating package script '/media/david/Storage/David/Research/Github/ROS/ROS2/install/bumperbot_py_examples/share/bumperbot_py_examples/package.zsh'
[2.571s] Level 1:colcon.colcon_core.environment:create_file_with_runtime_dependencies(/media/david/Storage/David/Research/Github/ROS/ROS2/install/bumperbot_py_examples/share/colcon-core/packages/bumperbot_py_examples)
[2.571s] DEBUG:colcon.colcon_parallel_executor.executor.parallel:closing loop
[2.572s] DEBUG:colcon.colcon_parallel_executor.executor.parallel:loop closed
[2.572s] DEBUG:colcon.colcon_parallel_executor.executor.parallel:run_until_complete finished with '0'
[2.572s] DEBUG:colcon.colcon_core.event_reactor:joining thread
[2.580s] INFO:colcon.colcon_core.plugin_system:Skipping extension 'colcon_notification.desktop_notification.terminal_notifier': Not used on non-Darwin systems
[2.580s] INFO:colcon.colcon_core.plugin_system:Skipping extension 'colcon_notification.desktop_notification.win32': Not used on non-Windows systems
[2.580s] INFO:colcon.colcon_notification.desktop_notification:Sending desktop notification using 'notify2'
[2.592s] DEBUG:colcon.colcon_core.event_reactor:joined thread
[2.593s] INFO:colcon.colcon_core.shell:Creating prefix script '/media/david/Storage/David/Research/Github/ROS/ROS2/install/local_setup.ps1'
[2.595s] INFO:colcon.colcon_core.shell:Creating prefix util module '/media/david/Storage/David/Research/Github/ROS/ROS2/install/_local_setup_util_ps1.py'
[2.600s] INFO:colcon.colcon_core.shell:Creating prefix chain script '/media/david/Storage/David/Research/Github/ROS/ROS2/install/setup.ps1'
[2.605s] INFO:colcon.colcon_core.shell:Creating prefix script '/media/david/Storage/David/Research/Github/ROS/ROS2/install/local_setup.sh'
[2.607s] INFO:colcon.colcon_core.shell:Creating prefix util module '/media/david/Storage/David/Research/Github/ROS/ROS2/install/_local_setup_util_sh.py'
[2.608s] INFO:colcon.colcon_core.shell:Creating prefix chain script '/media/david/Storage/David/Research/Github/ROS/ROS2/install/setup.sh'
[2.613s] INFO:colcon.colcon_core.shell:Creating prefix script '/media/david/Storage/David/Research/Github/ROS/ROS2/install/local_setup.bash'
[2.615s] INFO:colcon.colcon_core.shell:Creating prefix chain script '/media/david/Storage/David/Research/Github/ROS/ROS2/install/setup.bash'
[2.620s] INFO:colcon.colcon_core.shell:Creating prefix script '/media/david/Storage/David/Research/Github/ROS/ROS2/install/local_setup.zsh'
[2.622s] INFO:colcon.colcon_core.shell:Creating prefix chain script '/media/david/Storage/David/Research/Github/ROS/ROS2/install/setup.zsh'
