[0.068s] Invoking command in '/media/david/David/David/Research/Github/ROS/ROS2/build/bumperbot_controller': CMAKE_PREFIX_PATH=${CMAKE_PREFIX_PATH}:/media/david/David/David/Research/Github/ROS/ROS2/install/bumperbot_py_examples:/opt/ros/humble /usr/bin/cmake --build /media/david/David/David/Research/Github/ROS/ROS2/build/bumperbot_controller -- -j4 -l4
[0.572s] Invoked command in '/media/david/David/David/Research/Github/ROS/ROS2/build/bumperbot_controller' returned '0': CMAKE_PREFIX_PATH=${CMAKE_PREFIX_PATH}:/media/david/David/David/Research/Github/ROS/ROS2/install/bumperbot_py_examples:/opt/ros/humble /usr/bin/cmake --build /media/david/David/David/Research/Github/ROS/ROS2/build/bumperbot_controller -- -j4 -l4
[0.639s] Invoking command in '/media/david/David/David/Research/Github/ROS/ROS2/build/bumperbot_controller': CMAKE_PREFIX_PATH=${CMAKE_PREFIX_PATH}:/media/david/David/David/Research/Github/ROS/ROS2/install/bumperbot_py_examples:/opt/ros/humble /usr/bin/cmake --install /media/david/David/David/Research/Github/ROS/ROS2/build/bumperbot_controller
[0.655s] -- Install configuration: ""
[0.661s] -- Up-to-date: /media/david/David/David/Research/Github/ROS/ROS2/install/bumperbot_controller/share/bumperbot_controller/config
[0.662s] -- Installing: /media/david/David/David/Research/Github/ROS/ROS2/install/bumperbot_controller/share/bumperbot_controller/config/bumperbot_controllers.yaml
[0.678s] -- Up-to-date: /media/david/David/David/Research/Github/ROS/ROS2/install/bumperbot_controller/share/ament_index/resource_index/package_run_dependencies/bumperbot_controller
[0.681s] -- Up-to-date: /media/david/David/David/Research/Github/ROS/ROS2/install/bumperbot_controller/share/ament_index/resource_index/parent_prefix_path/bumperbot_controller
[0.684s] -- Up-to-date: /media/david/David/David/Research/Github/ROS/ROS2/install/bumperbot_controller/share/bumperbot_controller/environment/ament_prefix_path.sh
[0.690s] -- Up-to-date: /media/david/David/David/Research/Github/ROS/ROS2/install/bumperbot_controller/share/bumperbot_controller/environment/ament_prefix_path.dsv
[0.695s] -- Up-to-date: /media/david/David/David/Research/Github/ROS/ROS2/install/bumperbot_controller/share/bumperbot_controller/environment/path.sh
[0.696s] -- Up-to-date: /media/david/David/David/Research/Github/ROS/ROS2/install/bumperbot_controller/share/bumperbot_controller/environment/path.dsv
[0.709s] -- Up-to-date: /media/david/David/David/Research/Github/ROS/ROS2/install/bumperbot_controller/share/bumperbot_controller/local_setup.bash
[0.712s] -- Up-to-date: /media/david/David/David/Research/Github/ROS/ROS2/install/bumperbot_controller/share/bumperbot_controller/local_setup.sh
[0.715s] -- Up-to-date: /media/david/David/David/Research/Github/ROS/ROS2/install/bumperbot_controller/share/bumperbot_controller/local_setup.zsh
[0.717s] -- Up-to-date: /media/david/David/David/Research/Github/ROS/ROS2/install/bumperbot_controller/share/bumperbot_controller/local_setup.dsv
[0.722s] -- Installing: /media/david/David/David/Research/Github/ROS/ROS2/install/bumperbot_controller/share/bumperbot_controller/package.dsv
[0.736s] -- Up-to-date: /media/david/David/David/Research/Github/ROS/ROS2/install/bumperbot_controller/share/ament_index/resource_index/packages/bumperbot_controller
[0.745s] -- Up-to-date: /media/david/David/David/Research/Github/ROS/ROS2/install/bumperbot_controller/share/bumperbot_controller/cmake/bumperbot_controllerConfig.cmake
[0.748s] -- Up-to-date: /media/david/David/David/Research/Github/ROS/ROS2/install/bumperbot_controller/share/bumperbot_controller/cmake/bumperbot_controllerConfig-version.cmake
[0.766s] -- Up-to-date: /media/david/David/David/Research/Github/ROS/ROS2/install/bumperbot_controller/share/bumperbot_controller/package.xml
[0.818s] Invoked command in '/media/david/David/David/Research/Github/ROS/ROS2/build/bumperbot_controller' returned '0': CMAKE_PREFIX_PATH=${CMAKE_PREFIX_PATH}:/media/david/David/David/Research/Github/ROS/ROS2/install/bumperbot_py_examples:/opt/ros/humble /usr/bin/cmake --install /media/david/David/David/Research/Github/ROS/ROS2/build/bumperbot_controller
