[0.057s] Invoking command in '/media/david/Storage/David/Research/Github/ROS/ROS2/build/bumperbot_cpp_examples': AMENT_PREFIX_PATH=/media/david/Storage/David/Research/Github/ROS/ROS2/install/bumperbot_msgs:${AMENT_PREFIX_PATH} CMAKE_PREFIX_PATH=/media/david/Storage/David/Research/Github/ROS/ROS2/install/bumperbot_msgs:/opt/ros/humble LD_LIBRARY_PATH=/media/david/Storage/David/Research/Github/ROS/ROS2/install/bumperbot_msgs/lib:${LD_LIBRARY_PATH} PYTHONPATH=/media/david/Storage/David/Research/Github/ROS/ROS2/install/bumperbot_msgs/local/lib/python3.10/dist-packages:${PYTHONPATH} /usr/bin/cmake --build /media/david/Storage/David/Research/Github/ROS/ROS2/build/bumperbot_cpp_examples -- -j4 -l4
[0.332s] [ 14%] Built target simple_subscriber
[0.386s] [ 28%] Built target simple_turtlesim_kinematics
[0.394s] [ 50%] Built target simple_parameter
[0.417s] [ 57%] Built target simple_publisher
[0.466s] [35m[1mConsolidate compiler generated dependencies of target simple_service_client[0m
[0.524s] [ 71%] Built target simple_service_server
[0.551s] [ 85%] Built target simple_tf_kinematics
[0.627s] [ 92%] [32mBuilding CXX object CMakeFiles/simple_service_client.dir/src/simple_service_client.cpp.o[0m
[4.588s] [01m[K/media/david/Storage/David/Research/Github/ROS/ROS2/src/bumperbot_cpp_examples/src/simple_service_client.cpp:[m[K In constructor ‘[01m[KSimpleServiceClient::SimpleServiceClient(int, int)[m[K’:
[4.588s] [01m[K/media/david/Storage/David/Research/Github/ROS/ROS2/src/bumperbot_cpp_examples/src/simple_service_client.cpp:30:91:[m[K [01;31m[Kerror: [m[Kinvalid use of non-static member function ‘[01m[Kvoid SimpleServiceClient::responseCallback(rclcpp::Client<bumperbot_msgs::srv::AddTwoInts>::SharedFuture)[m[K’
[4.588s]    30 | st, std::bind([01;31m[KSimpleServiceClient::responseCallback[m[K, this, _1));
[4.588s]       |               [01;31m[K~~~~~~~~~~~~~~~~~~~~~^~~~~~~~~~~~~~~~[m[K
[4.589s] 
[4.589s] [01m[K/media/david/Storage/David/Research/Github/ROS/ROS2/src/bumperbot_cpp_examples/src/simple_service_client.cpp:37:10:[m[K [01;36m[Knote: [m[Kdeclared here
[4.590s]    37 |     void [01;36m[KresponseCallback[m[K(rclcpp::Client<bumperbot_msgs::srv::AddTwoInts>::SharedFuture future_)
[4.590s]       |          [01;36m[K^~~~~~~~~~~~~~~~[m[K
[4.591s] [01m[K/media/david/Storage/David/Research/Github/ROS/ROS2/src/bumperbot_cpp_examples/src/simple_service_client.cpp:[m[K In member function ‘[01m[Kvoid SimpleServiceClient::responseCallback(rclcpp::Client<bumperbot_msgs::srv::AddTwoInts>::SharedFuture)[m[K’:
[4.591s] [01m[K/media/david/Storage/David/Research/Github/ROS/ROS2/src/bumperbot_cpp_examples/src/simple_service_client.cpp:39:12:[m[K [01;31m[Kerror: [m[K‘[01m[Kfuture[m[K’ was not declared in this scope; did you mean ‘[01m[Kstd::future[m[K’?
[4.592s]    39 |         if([01;31m[Kfuture[m[K.valid())
[4.593s]       |            [01;31m[K^~~~~~[m[K
[4.593s]       |            [32m[Kstd::future[m[K
[4.593s] In file included from [01m[K/opt/ros/humble/include/rclcpp/rclcpp/executors.hpp:18[m[K,
[4.594s]                  from [01m[K/opt/ros/humble/include/rclcpp/rclcpp/rclcpp.hpp:155[m[K,
[4.597s]                  from [01m[K/media/david/Storage/David/Research/Github/ROS/ROS2/src/bumperbot_cpp_examples/src/simple_service_client.cpp:1[m[K:
[4.598s] [01m[K/usr/include/c++/11/future:124:11:[m[K [01;36m[Knote: [m[K‘[01m[Kstd::future[m[K’ declared here
[4.599s]   124 |     class [01;36m[Kfuture[m[K;
[4.599s]       |           [01;36m[K^~~~~~[m[K
[4.599s] [01m[K/media/david/Storage/David/Research/Github/ROS/ROS2/src/bumperbot_cpp_examples/src/simple_service_client.cpp:37:89:[m[K [01;35m[Kwarning: [m[Kunused parameter ‘[01m[Kfuture_[m[K’ [[01;35m[K]8;;https://gcc.gnu.org/onlinedocs/gcc/Warning-Options.html#index-Wunused-parameter-Wunused-parameter]8;;[m[K]
[4.599s]    37 | [01;35m[K_msgs::srv::AddTwoInts>::SharedFuture future_[m[K)
[4.600s]       | [01;35m[K~~~~~~~~~~~~~~~~~~~~~~~~~~~~~~~~~~~~~~^~~~~~~[m[K
[4.600s] 
[4.600s] In file included from [01m[K/opt/ros/humble/include/rclcpp/rclcpp/client.hpp:40[m[K,
[4.601s]                  from [01m[K/opt/ros/humble/include/rclcpp/rclcpp/callback_group.hpp:24[m[K,
[4.601s]                  from [01m[K/opt/ros/humble/include/rclcpp/rclcpp/any_executable.hpp:20[m[K,
[4.601s]                  from [01m[K/opt/ros/humble/include/rclcpp/rclcpp/memory_strategy.hpp:25[m[K,
[4.602s]                  from [01m[K/opt/ros/humble/include/rclcpp/rclcpp/memory_strategies.hpp:18[m[K,
[4.602s]                  from [01m[K/opt/ros/humble/include/rclcpp/rclcpp/executor_options.hpp:20[m[K,
[4.602s]                  from [01m[K/opt/ros/humble/include/rclcpp/rclcpp/executor.hpp:37[m[K,
[4.603s]                  from [01m[K/opt/ros/humble/include/rclcpp/rclcpp/executors/multi_threaded_executor.hpp:25[m[K,
[4.603s]                  from [01m[K/opt/ros/humble/include/rclcpp/rclcpp/executors.hpp:21[m[K,
[4.603s]                  from [01m[K/opt/ros/humble/include/rclcpp/rclcpp/rclcpp.hpp:155[m[K,
[4.604s]                  from [01m[K/media/david/Storage/David/Research/Github/ROS/ROS2/src/bumperbot_cpp_examples/src/simple_service_client.cpp:1[m[K:
[4.604s] [01m[K/media/david/Storage/David/Research/Github/ROS/ROS2/src/bumperbot_cpp_examples/src/simple_service_client.cpp:[m[K In function ‘[01m[Kint main(int, char**)[m[K’:
[4.604s] [01m[K/media/david/Storage/David/Research/Github/ROS/ROS2/src/bumperbot_cpp_examples/src/simple_service_client.cpp:54:40:[m[K [01;31m[Kerror: [m[Ktoo many arguments to function ‘[01m[Krclcpp::Logger rclcpp::get_logger(const string&)[m[K’
[4.605s]    54 |     RCLCPP_ERROR([01;31m[Krclcpp::get_logger("rclcpp", "Wrong number of arguments! Usage: simple_service_client A B")[m[K);
[4.605s]       |                  [01;31m[K~~~~~~~~~~~~~~~~~~^~~~~~~~~~~~~~~~~~~~~~~~~~~~~~~~~~~~~~~~~~~~~~~~~~~~~~~~~~~~~~~~~~~~~~~~~[m[K
[4.607s] 
[4.607s] In file included from [01m[K/opt/ros/humble/include/rclcpp/rclcpp/logging.hpp:23[m[K,
[4.608s]                  from [01m[K/opt/ros/humble/include/rclcpp/rclcpp/client.hpp:40[m[K,
[4.608s]                  from [01m[K/opt/ros/humble/include/rclcpp/rclcpp/callback_group.hpp:24[m[K,
[4.609s]                  from [01m[K/opt/ros/humble/include/rclcpp/rclcpp/any_executable.hpp:20[m[K,
[4.609s]                  from [01m[K/opt/ros/humble/include/rclcpp/rclcpp/memory_strategy.hpp:25[m[K,
[4.609s]                  from [01m[K/opt/ros/humble/include/rclcpp/rclcpp/memory_strategies.hpp:18[m[K,
[4.610s]                  from [01m[K/opt/ros/humble/include/rclcpp/rclcpp/executor_options.hpp:20[m[K,
[4.610s]                  from [01m[K/opt/ros/humble/include/rclcpp/rclcpp/executor.hpp:37[m[K,
[4.610s]                  from [01m[K/opt/ros/humble/include/rclcpp/rclcpp/executors/multi_threaded_executor.hpp:25[m[K,
[4.611s]                  from [01m[K/opt/ros/humble/include/rclcpp/rclcpp/executors.hpp:21[m[K,
[4.611s]                  from [01m[K/opt/ros/humble/include/rclcpp/rclcpp/rclcpp.hpp:155[m[K,
[4.611s]                  from [01m[K/media/david/Storage/David/Research/Github/ROS/ROS2/src/bumperbot_cpp_examples/src/simple_service_client.cpp:1[m[K:
[4.612s] [01m[K/opt/ros/humble/include/rclcpp/rclcpp/logger.hpp:106:17:[m[K [01;36m[Knote: [m[Kdeclared here
[4.612s]   106 |   friend Logger [01;36m[Krclcpp[m[K::get_logger(const std::string & name);
[4.612s]       |                 [01;36m[K^~~~~~[m[K
[4.613s] In file included from [01m[K/opt/ros/humble/include/rclcpp/rclcpp/client.hpp:40[m[K,
[4.613s]                  from [01m[K/opt/ros/humble/include/rclcpp/rclcpp/callback_group.hpp:24[m[K,
[4.613s]                  from [01m[K/opt/ros/humble/include/rclcpp/rclcpp/any_executable.hpp:20[m[K,
[4.613s]                  from [01m[K/opt/ros/humble/include/rclcpp/rclcpp/memory_strategy.hpp:25[m[K,
[4.614s]                  from [01m[K/opt/ros/humble/include/rclcpp/rclcpp/memory_strategies.hpp:18[m[K,
[4.614s]                  from [01m[K/opt/ros/humble/include/rclcpp/rclcpp/executor_options.hpp:20[m[K,
[4.614s]                  from [01m[K/opt/ros/humble/include/rclcpp/rclcpp/executor.hpp:37[m[K,
[4.615s]                  from [01m[K/opt/ros/humble/include/rclcpp/rclcpp/executors/multi_threaded_executor.hpp:25[m[K,
[4.615s]                  from [01m[K/opt/ros/humble/include/rclcpp/rclcpp/executors.hpp:21[m[K,
[4.616s]                  from [01m[K/opt/ros/humble/include/rclcpp/rclcpp/rclcpp.hpp:155[m[K,
[4.617s]                  from [01m[K/media/david/Storage/David/Research/Github/ROS/ROS2/src/bumperbot_cpp_examples/src/simple_service_client.cpp:1[m[K:
[4.618s] [01m[K/media/david/Storage/David/Research/Github/ROS/ROS2/src/bumperbot_cpp_examples/src/simple_service_client.cpp:54:40:[m[K [01;31m[Kerror: [m[Ktoo many arguments to function ‘[01m[Krclcpp::Logger rclcpp::get_logger(const string&)[m[K’
[4.619s]    54 |     RCLCPP_ERROR([01;31m[Krclcpp::get_logger("rclcpp", "Wrong number of arguments! Usage: simple_service_client A B")[m[K);
[4.620s]       |                  [01;31m[K~~~~~~~~~~~~~~~~~~^~~~~~~~~~~~~~~~~~~~~~~~~~~~~~~~~~~~~~~~~~~~~~~~~~~~~~~~~~~~~~~~~~~~~~~~~[m[K
[4.620s] 
[4.620s] In file included from [01m[K/opt/ros/humble/include/rclcpp/rclcpp/logging.hpp:23[m[K,
[4.621s]                  from [01m[K/opt/ros/humble/include/rclcpp/rclcpp/client.hpp:40[m[K,
[4.622s]                  from [01m[K/opt/ros/humble/include/rclcpp/rclcpp/callback_group.hpp:24[m[K,
[4.622s]                  from [01m[K/opt/ros/humble/include/rclcpp/rclcpp/any_executable.hpp:20[m[K,
[4.624s]                  from [01m[K/opt/ros/humble/include/rclcpp/rclcpp/memory_strategy.hpp:25[m[K,
[4.625s]                  from [01m[K/opt/ros/humble/include/rclcpp/rclcpp/memory_strategies.hpp:18[m[K,
[4.625s]                  from [01m[K/opt/ros/humble/include/rclcpp/rclcpp/executor_options.hpp:20[m[K,
[4.625s]                  from [01m[K/opt/ros/humble/include/rclcpp/rclcpp/executor.hpp:37[m[K,
[4.626s]                  from [01m[K/opt/ros/humble/include/rclcpp/rclcpp/executors/multi_threaded_executor.hpp:25[m[K,
[4.626s]                  from [01m[K/opt/ros/humble/include/rclcpp/rclcpp/executors.hpp:21[m[K,
[4.627s]                  from [01m[K/opt/ros/humble/include/rclcpp/rclcpp/rclcpp.hpp:155[m[K,
[4.627s]                  from [01m[K/media/david/Storage/David/Research/Github/ROS/ROS2/src/bumperbot_cpp_examples/src/simple_service_client.cpp:1[m[K:
[4.627s] [01m[K/opt/ros/humble/include/rclcpp/rclcpp/logger.hpp:106:17:[m[K [01;36m[Knote: [m[Kdeclared here
[4.628s]   106 |   friend Logger [01;36m[Krclcpp[m[K::get_logger(const std::string & name);
[4.628s]       |                 [01;36m[K^~~~~~[m[K
[4.628s] In file included from [01m[K/opt/ros/humble/include/rclcpp/rclcpp/logging.hpp:24[m[K,
[4.628s]                  from [01m[K/opt/ros/humble/include/rclcpp/rclcpp/client.hpp:40[m[K,
[4.629s]                  from [01m[K/opt/ros/humble/include/rclcpp/rclcpp/callback_group.hpp:24[m[K,
[4.629s]                  from [01m[K/opt/ros/humble/include/rclcpp/rclcpp/any_executable.hpp:20[m[K,
[4.629s]                  from [01m[K/opt/ros/humble/include/rclcpp/rclcpp/memory_strategy.hpp:25[m[K,
[4.630s]                  from [01m[K/opt/ros/humble/include/rclcpp/rclcpp/memory_strategies.hpp:18[m[K,
[4.630s]                  from [01m[K/opt/ros/humble/include/rclcpp/rclcpp/executor_options.hpp:20[m[K,
[4.630s]                  from [01m[K/opt/ros/humble/include/rclcpp/rclcpp/executor.hpp:37[m[K,
[4.631s]                  from [01m[K/opt/ros/humble/include/rclcpp/rclcpp/executors/multi_threaded_executor.hpp:25[m[K,
[4.631s]                  from [01m[K/opt/ros/humble/include/rclcpp/rclcpp/executors.hpp:21[m[K,
[4.631s]                  from [01m[K/opt/ros/humble/include/rclcpp/rclcpp/rclcpp.hpp:155[m[K,
[4.631s]                  from [01m[K/media/david/Storage/David/Research/Github/ROS/ROS2/src/bumperbot_cpp_examples/src/simple_service_client.cpp:1[m[K:
[4.632s] [01m[K/media/david/Storage/David/Research/Github/ROS/ROS2/src/bumperbot_cpp_examples/src/simple_service_client.cpp:54:40:[m[K [01;31m[Kerror: [m[Ktoo many arguments to function ‘[01m[Krclcpp::Logger rclcpp::get_logger(const string&)[m[K’
[4.632s]    54 |     RCLCPP_ERROR([01;31m[Krclcpp::get_logger("rclcpp", "Wrong number of arguments! Usage: simple_service_client A B")[m[K);
[4.635s]       |                  [01;31m[K~~~~~~~~~~~~~~~~~~^~~~~~~~~~~~~~~~~~~~~~~~~~~~~~~~~~~~~~~~~~~~~~~~~~~~~~~~~~~~~~~~~~~~~~~~~[m[K
[4.635s] 
[4.636s] In file included from [01m[K/opt/ros/humble/include/rclcpp/rclcpp/logging.hpp:23[m[K,
[4.636s]                  from [01m[K/opt/ros/humble/include/rclcpp/rclcpp/client.hpp:40[m[K,
[4.636s]                  from [01m[K/opt/ros/humble/include/rclcpp/rclcpp/callback_group.hpp:24[m[K,
[4.637s]                  from [01m[K/opt/ros/humble/include/rclcpp/rclcpp/any_executable.hpp:20[m[K,
[4.637s]                  from [01m[K/opt/ros/humble/include/rclcpp/rclcpp/memory_strategy.hpp:25[m[K,
[4.637s]                  from [01m[K/opt/ros/humble/include/rclcpp/rclcpp/memory_strategies.hpp:18[m[K,
[4.638s]                  from [01m[K/opt/ros/humble/include/rclcpp/rclcpp/executor_options.hpp:20[m[K,
[4.638s]                  from [01m[K/opt/ros/humble/include/rclcpp/rclcpp/executor.hpp:37[m[K,
[4.638s]                  from [01m[K/opt/ros/humble/include/rclcpp/rclcpp/executors/multi_threaded_executor.hpp:25[m[K,
[4.639s]                  from [01m[K/opt/ros/humble/include/rclcpp/rclcpp/executors.hpp:21[m[K,
[4.639s]                  from [01m[K/opt/ros/humble/include/rclcpp/rclcpp/rclcpp.hpp:155[m[K,
[4.639s]                  from [01m[K/media/david/Storage/David/Research/Github/ROS/ROS2/src/bumperbot_cpp_examples/src/simple_service_client.cpp:1[m[K:
[4.640s] [01m[K/opt/ros/humble/include/rclcpp/rclcpp/logger.hpp:106:17:[m[K [01;36m[Knote: [m[Kdeclared here
[4.640s]   106 |   friend Logger [01;36m[Krclcpp[m[K::get_logger(const std::string & name);
[4.640s]       |                 [01;36m[K^~~~~~[m[K
[4.641s] In file included from [01m[K/opt/ros/humble/include/rclcpp/rclcpp/logging.hpp:24[m[K,
[4.641s]                  from [01m[K/opt/ros/humble/include/rclcpp/rclcpp/client.hpp:40[m[K,
[4.641s]                  from [01m[K/opt/ros/humble/include/rclcpp/rclcpp/callback_group.hpp:24[m[K,
[4.642s]                  from [01m[K/opt/ros/humble/include/rclcpp/rclcpp/any_executable.hpp:20[m[K,
[4.642s]                  from [01m[K/opt/ros/humble/include/rclcpp/rclcpp/memory_strategy.hpp:25[m[K,
[4.642s]                  from [01m[K/opt/ros/humble/include/rclcpp/rclcpp/memory_strategies.hpp:18[m[K,
[4.643s]                  from [01m[K/opt/ros/humble/include/rclcpp/rclcpp/executor_options.hpp:20[m[K,
[4.643s]                  from [01m[K/opt/ros/humble/include/rclcpp/rclcpp/executor.hpp:37[m[K,
[4.643s]                  from [01m[K/opt/ros/humble/include/rclcpp/rclcpp/executors/multi_threaded_executor.hpp:25[m[K,
[4.643s]                  from [01m[K/opt/ros/humble/include/rclcpp/rclcpp/executors.hpp:21[m[K,
[4.644s]                  from [01m[K/opt/ros/humble/include/rclcpp/rclcpp/rclcpp.hpp:155[m[K,
[4.644s]                  from [01m[K/media/david/Storage/David/Research/Github/ROS/ROS2/src/bumperbot_cpp_examples/src/simple_service_client.cpp:1[m[K:
[4.644s] [01m[K/media/david/Storage/David/Research/Github/ROS/ROS2/src/bumperbot_cpp_examples/src/simple_service_client.cpp:54:40:[m[K [01;31m[Kerror: [m[Ktoo many arguments to function ‘[01m[Krclcpp::Logger rclcpp::get_logger(const string&)[m[K’
[4.645s]    54 |     RCLCPP_ERROR([01;31m[Krclcpp::get_logger("rclcpp", "Wrong number of arguments! Usage: simple_service_client A B")[m[K);
[4.645s]       |                  [01;31m[K~~~~~~~~~~~~~~~~~~^~~~~~~~~~~~~~~~~~~~~~~~~~~~~~~~~~~~~~~~~~~~~~~~~~~~~~~~~~~~~~~~~~~~~~~~~[m[K
[4.645s] 
[4.646s] In file included from [01m[K/opt/ros/humble/include/rclcpp/rclcpp/logging.hpp:23[m[K,
[4.646s]                  from [01m[K/opt/ros/humble/include/rclcpp/rclcpp/client.hpp:40[m[K,
[4.646s]                  from [01m[K/opt/ros/humble/include/rclcpp/rclcpp/callback_group.hpp:24[m[K,
[4.647s]                  from [01m[K/opt/ros/humble/include/rclcpp/rclcpp/any_executable.hpp:20[m[K,
[4.647s]                  from [01m[K/opt/ros/humble/include/rclcpp/rclcpp/memory_strategy.hpp:25[m[K,
[4.647s]                  from [01m[K/opt/ros/humble/include/rclcpp/rclcpp/memory_strategies.hpp:18[m[K,
[4.648s]                  from [01m[K/opt/ros/humble/include/rclcpp/rclcpp/executor_options.hpp:20[m[K,
[4.648s]                  from [01m[K/opt/ros/humble/include/rclcpp/rclcpp/executor.hpp:37[m[K,
[4.648s]                  from [01m[K/opt/ros/humble/include/rclcpp/rclcpp/executors/multi_threaded_executor.hpp:25[m[K,
[4.649s]                  from [01m[K/opt/ros/humble/include/rclcpp/rclcpp/executors.hpp:21[m[K,
[4.649s]                  from [01m[K/opt/ros/humble/include/rclcpp/rclcpp/rclcpp.hpp:155[m[K,
[4.649s]                  from [01m[K/media/david/Storage/David/Research/Github/ROS/ROS2/src/bumperbot_cpp_examples/src/simple_service_client.cpp:1[m[K:
[4.649s] [01m[K/opt/ros/humble/include/rclcpp/rclcpp/logger.hpp:106:17:[m[K [01;36m[Knote: [m[Kdeclared here
[4.650s]   106 |   friend Logger [01;36m[Krclcpp[m[K::get_logger(const std::string & name);
[4.650s]       |                 [01;36m[K^~~~~~[m[K
[4.650s] In file included from [01m[K/opt/ros/humble/include/rclcpp/rclcpp/logging.hpp:24[m[K,
[4.651s]                  from [01m[K/opt/ros/humble/include/rclcpp/rclcpp/client.hpp:40[m[K,
[4.651s]                  from [01m[K/opt/ros/humble/include/rclcpp/rclcpp/callback_group.hpp:24[m[K,
[4.653s]                  from [01m[K/opt/ros/humble/include/rclcpp/rclcpp/any_executable.hpp:20[m[K,
[4.653s]                  from [01m[K/opt/ros/humble/include/rclcpp/rclcpp/memory_strategy.hpp:25[m[K,
[4.653s]                  from [01m[K/opt/ros/humble/include/rclcpp/rclcpp/memory_strategies.hpp:18[m[K,
[4.654s]                  from [01m[K/opt/ros/humble/include/rclcpp/rclcpp/executor_options.hpp:20[m[K,
[4.654s]                  from [01m[K/opt/ros/humble/include/rclcpp/rclcpp/executor.hpp:37[m[K,
[4.654s]                  from [01m[K/opt/ros/humble/include/rclcpp/rclcpp/executors/multi_threaded_executor.hpp:25[m[K,
[4.655s]                  from [01m[K/opt/ros/humble/include/rclcpp/rclcpp/executors.hpp:21[m[K,
[4.655s]                  from [01m[K/opt/ros/humble/include/rclcpp/rclcpp/rclcpp.hpp:155[m[K,
[4.655s]                  from [01m[K/media/david/Storage/David/Research/Github/ROS/ROS2/src/bumperbot_cpp_examples/src/simple_service_client.cpp:1[m[K:
[4.656s] [01m[K/media/david/Storage/David/Research/Github/ROS/ROS2/src/bumperbot_cpp_examples/src/simple_service_client.cpp:54:9:[m[K [01;31m[Kerror: [m[Kexpected primary-expression before ‘[01m[K)[m[K’ token
[4.658s]    54 |         [01;31m[KRCLCPP_ERROR[m[K(rclcpp::get_logger("rclcpp", "Wrong number of arguments! Usage: simple_service_client A B"));
[4.659s]       |         [01;31m[K^~~~~~~~~~~~[m[K
[5.410s] gmake[2]: *** [CMakeFiles/simple_service_client.dir/build.make:76: CMakeFiles/simple_service_client.dir/src/simple_service_client.cpp.o] Error 1
[5.410s] gmake[1]: *** [CMakeFiles/Makefile2:305: CMakeFiles/simple_service_client.dir/all] Error 2
[5.411s] gmake: *** [Makefile:146: all] Error 2
[5.414s] Invoked command in '/media/david/Storage/David/Research/Github/ROS/ROS2/build/bumperbot_cpp_examples' returned '2': AMENT_PREFIX_PATH=/media/david/Storage/David/Research/Github/ROS/ROS2/install/bumperbot_msgs:${AMENT_PREFIX_PATH} CMAKE_PREFIX_PATH=/media/david/Storage/David/Research/Github/ROS/ROS2/install/bumperbot_msgs:/opt/ros/humble LD_LIBRARY_PATH=/media/david/Storage/David/Research/Github/ROS/ROS2/install/bumperbot_msgs/lib:${LD_LIBRARY_PATH} PYTHONPATH=/media/david/Storage/David/Research/Github/ROS/ROS2/install/bumperbot_msgs/local/lib/python3.10/dist-packages:${PYTHONPATH} /usr/bin/cmake --build /media/david/Storage/David/Research/Github/ROS/ROS2/build/bumperbot_cpp_examples -- -j4 -l4
