[0.158s] DEBUG:colcon:Command line arguments: ['/usr/bin/colcon', 'build']
[0.158s] DEBUG:colcon:Parsed command line arguments: Namespace(log_base=None, log_level=None, verb_name='build', build_base='build', install_base='install', merge_install=False, symlink_install=False, test_result_base=None, continue_on_error=False, executor='parallel', parallel_workers=4, event_handlers=None, ignore_user_meta=False, metas=['./colcon.meta'], base_paths=['.'], packages_ignore=None, packages_ignore_regex=None, paths=None, packages_up_to=None, packages_up_to_regex=None, packages_above=None, packages_above_and_dependencies=None, packages_above_depth=None, packages_select_by_dep=None, packages_skip_by_dep=None, packages_skip_up_to=None, packages_select_build_failed=False, packages_skip_build_finished=False, packages_select_test_failures=False, packages_skip_test_passed=False, packages_select=None, packages_skip=None, packages_select_regex=None, packages_skip_regex=None, packages_start=None, packages_end=None, allow_overriding=[], cmake_args=None, cmake_target=None, cmake_target_skip_unavailable=False, cmake_clean_cache=False, cmake_clean_first=False, cmake_force_configure=False, ament_cmake_args=None, catkin_cmake_args=None, catkin_skip_building_tests=False, verb_parser=<colcon_defaults.argument_parser.defaults.DefaultArgumentsDecorator object at 0x79fd10d55f90>, verb_extension=<colcon_core.verb.build.BuildVerb object at 0x79fd10d559f0>, main=<bound method BuildVerb.main of <colcon_core.verb.build.BuildVerb object at 0x79fd10d559f0>>)
[0.410s] Level 1:colcon.colcon_core.package_discovery:discover_packages(colcon_meta) check parameters
[0.410s] Level 1:colcon.colcon_core.package_discovery:discover_packages(recursive) check parameters
[0.411s] Level 1:colcon.colcon_core.package_discovery:discover_packages(ignore) check parameters
[0.411s] Level 1:colcon.colcon_core.package_discovery:discover_packages(path) check parameters
[0.411s] Level 1:colcon.colcon_core.package_discovery:discover_packages(colcon_meta) discover
[0.411s] Level 1:colcon.colcon_core.package_discovery:discover_packages(recursive) discover
[0.411s] INFO:colcon.colcon_core.package_discovery:Crawling recursively for packages in '/media/david/David/David/Research/Github/ROS/ROS2'
[0.411s] Level 1:colcon.colcon_core.package_identification:_identify(.) by extensions ['ignore', 'ignore_ament_install']
[0.411s] Level 1:colcon.colcon_core.package_identification:_identify(.) by extension 'ignore'
[0.411s] Level 1:colcon.colcon_core.package_identification:_identify(.) by extension 'ignore_ament_install'
[0.412s] Level 1:colcon.colcon_core.package_identification:_identify(.) by extensions ['colcon_pkg']
[0.412s] Level 1:colcon.colcon_core.package_identification:_identify(.) by extension 'colcon_pkg'
[0.412s] Level 1:colcon.colcon_core.package_identification:_identify(.) by extensions ['colcon_meta']
[0.412s] Level 1:colcon.colcon_core.package_identification:_identify(.) by extension 'colcon_meta'
[0.412s] Level 1:colcon.colcon_core.package_identification:_identify(.) by extensions ['ros']
[0.412s] Level 1:colcon.colcon_core.package_identification:_identify(.) by extension 'ros'
[0.428s] Level 1:colcon.colcon_core.package_identification:_identify(.) by extensions ['cmake', 'python']
[0.428s] Level 1:colcon.colcon_core.package_identification:_identify(.) by extension 'cmake'
[0.428s] Level 1:colcon.colcon_core.package_identification:_identify(.) by extension 'python'
[0.428s] Level 1:colcon.colcon_core.package_identification:_identify(.) by extensions ['python_setup_py']
[0.428s] Level 1:colcon.colcon_core.package_identification:_identify(.) by extension 'python_setup_py'
[0.429s] Level 1:colcon.colcon_core.package_identification:_identify(build) by extensions ['ignore', 'ignore_ament_install']
[0.429s] Level 1:colcon.colcon_core.package_identification:_identify(build) by extension 'ignore'
[0.429s] Level 1:colcon.colcon_core.package_identification:_identify(build) ignored
[0.429s] Level 1:colcon.colcon_core.package_identification:_identify(install) by extensions ['ignore', 'ignore_ament_install']
[0.430s] Level 1:colcon.colcon_core.package_identification:_identify(install) by extension 'ignore'
[0.430s] Level 1:colcon.colcon_core.package_identification:_identify(install) ignored
[0.430s] Level 1:colcon.colcon_core.package_identification:_identify(log) by extensions ['ignore', 'ignore_ament_install']
[0.431s] Level 1:colcon.colcon_core.package_identification:_identify(log) by extension 'ignore'
[0.431s] Level 1:colcon.colcon_core.package_identification:_identify(log) ignored
[0.432s] Level 1:colcon.colcon_core.package_identification:_identify(src) by extensions ['ignore', 'ignore_ament_install']
[0.433s] Level 1:colcon.colcon_core.package_identification:_identify(src) by extension 'ignore'
[0.434s] Level 1:colcon.colcon_core.package_identification:_identify(src) by extension 'ignore_ament_install'
[0.434s] Level 1:colcon.colcon_core.package_identification:_identify(src) by extensions ['colcon_pkg']
[0.434s] Level 1:colcon.colcon_core.package_identification:_identify(src) by extension 'colcon_pkg'
[0.435s] Level 1:colcon.colcon_core.package_identification:_identify(src) by extensions ['colcon_meta']
[0.435s] Level 1:colcon.colcon_core.package_identification:_identify(src) by extension 'colcon_meta'
[0.435s] Level 1:colcon.colcon_core.package_identification:_identify(src) by extensions ['ros']
[0.435s] Level 1:colcon.colcon_core.package_identification:_identify(src) by extension 'ros'
[0.436s] Level 1:colcon.colcon_core.package_identification:_identify(src) by extensions ['cmake', 'python']
[0.436s] Level 1:colcon.colcon_core.package_identification:_identify(src) by extension 'cmake'
[0.436s] Level 1:colcon.colcon_core.package_identification:_identify(src) by extension 'python'
[0.436s] Level 1:colcon.colcon_core.package_identification:_identify(src) by extensions ['python_setup_py']
[0.436s] Level 1:colcon.colcon_core.package_identification:_identify(src) by extension 'python_setup_py'
[0.437s] Level 1:colcon.colcon_core.package_identification:_identify(src/bumperbot_cpp_examples) by extensions ['ignore', 'ignore_ament_install']
[0.437s] Level 1:colcon.colcon_core.package_identification:_identify(src/bumperbot_cpp_examples) by extension 'ignore'
[0.437s] Level 1:colcon.colcon_core.package_identification:_identify(src/bumperbot_cpp_examples) by extension 'ignore_ament_install'
[0.437s] Level 1:colcon.colcon_core.package_identification:_identify(src/bumperbot_cpp_examples) by extensions ['colcon_pkg']
[0.437s] Level 1:colcon.colcon_core.package_identification:_identify(src/bumperbot_cpp_examples) by extension 'colcon_pkg'
[0.438s] Level 1:colcon.colcon_core.package_identification:_identify(src/bumperbot_cpp_examples) by extensions ['colcon_meta']
[0.438s] Level 1:colcon.colcon_core.package_identification:_identify(src/bumperbot_cpp_examples) by extension 'colcon_meta'
[0.438s] Level 1:colcon.colcon_core.package_identification:_identify(src/bumperbot_cpp_examples) by extensions ['ros']
[0.438s] Level 1:colcon.colcon_core.package_identification:_identify(src/bumperbot_cpp_examples) by extension 'ros'
[0.443s] DEBUG:colcon.colcon_core.package_identification:Package 'src/bumperbot_cpp_examples' with type 'ros.ament_cmake' and name 'bumperbot_cpp_examples'
[0.443s] Level 1:colcon.colcon_core.package_identification:_identify(src/bumperbot_description) by extensions ['ignore', 'ignore_ament_install']
[0.443s] Level 1:colcon.colcon_core.package_identification:_identify(src/bumperbot_description) by extension 'ignore'
[0.443s] Level 1:colcon.colcon_core.package_identification:_identify(src/bumperbot_description) by extension 'ignore_ament_install'
[0.444s] Level 1:colcon.colcon_core.package_identification:_identify(src/bumperbot_description) by extensions ['colcon_pkg']
[0.444s] Level 1:colcon.colcon_core.package_identification:_identify(src/bumperbot_description) by extension 'colcon_pkg'
[0.444s] Level 1:colcon.colcon_core.package_identification:_identify(src/bumperbot_description) by extensions ['colcon_meta']
[0.444s] Level 1:colcon.colcon_core.package_identification:_identify(src/bumperbot_description) by extension 'colcon_meta'
[0.444s] Level 1:colcon.colcon_core.package_identification:_identify(src/bumperbot_description) by extensions ['ros']
[0.444s] Level 1:colcon.colcon_core.package_identification:_identify(src/bumperbot_description) by extension 'ros'
[0.446s] DEBUG:colcon.colcon_core.package_identification:Package 'src/bumperbot_description' with type 'ros.ament_cmake' and name 'bumperbot_description'
[0.446s] Level 1:colcon.colcon_core.package_identification:_identify(src/bumperbot_py_examples) by extensions ['ignore', 'ignore_ament_install']
[0.447s] Level 1:colcon.colcon_core.package_identification:_identify(src/bumperbot_py_examples) by extension 'ignore'
[0.447s] Level 1:colcon.colcon_core.package_identification:_identify(src/bumperbot_py_examples) by extension 'ignore_ament_install'
[0.447s] Level 1:colcon.colcon_core.package_identification:_identify(src/bumperbot_py_examples) by extensions ['colcon_pkg']
[0.447s] Level 1:colcon.colcon_core.package_identification:_identify(src/bumperbot_py_examples) by extension 'colcon_pkg'
[0.447s] Level 1:colcon.colcon_core.package_identification:_identify(src/bumperbot_py_examples) by extensions ['colcon_meta']
[0.447s] Level 1:colcon.colcon_core.package_identification:_identify(src/bumperbot_py_examples) by extension 'colcon_meta'
[0.448s] Level 1:colcon.colcon_core.package_identification:_identify(src/bumperbot_py_examples) by extensions ['ros']
[0.448s] Level 1:colcon.colcon_core.package_identification:_identify(src/bumperbot_py_examples) by extension 'ros'
[0.451s] DEBUG:colcon.colcon_core.package_identification:Package 'src/bumperbot_py_examples' with type 'ros.ament_python' and name 'bumperbot_py_examples'
[0.451s] Level 1:colcon.colcon_core.package_discovery:discover_packages(recursive) using defaults
[0.451s] Level 1:colcon.colcon_core.package_discovery:discover_packages(ignore) discover
[0.451s] Level 1:colcon.colcon_core.package_discovery:discover_packages(ignore) using defaults
[0.451s] Level 1:colcon.colcon_core.package_discovery:discover_packages(path) discover
[0.451s] Level 1:colcon.colcon_core.package_discovery:discover_packages(path) using defaults
[0.501s] Level 1:colcon.colcon_core.package_discovery:discover_packages(prefix_path) check parameters
[0.501s] Level 1:colcon.colcon_core.package_discovery:discover_packages(prefix_path) discover
[0.507s] DEBUG:colcon.colcon_installed_package_information.package_discovery:Found 3 installed packages in /media/david/David/David/Research/Github/ROS/ROS2/install
[0.510s] DEBUG:colcon.colcon_installed_package_information.package_discovery:Found 331 installed packages in /opt/ros/humble
[0.512s] Level 1:colcon.colcon_core.package_discovery:discover_packages(prefix_path) using defaults
[0.577s] Level 5:colcon.colcon_core.verb:set package 'bumperbot_cpp_examples' build argument 'cmake_args' from command line to 'None'
[0.577s] Level 5:colcon.colcon_core.verb:set package 'bumperbot_cpp_examples' build argument 'cmake_target' from command line to 'None'
[0.577s] Level 5:colcon.colcon_core.verb:set package 'bumperbot_cpp_examples' build argument 'cmake_target_skip_unavailable' from command line to 'False'
[0.577s] Level 5:colcon.colcon_core.verb:set package 'bumperbot_cpp_examples' build argument 'cmake_clean_cache' from command line to 'False'
[0.577s] Level 5:colcon.colcon_core.verb:set package 'bumperbot_cpp_examples' build argument 'cmake_clean_first' from command line to 'False'
[0.577s] Level 5:colcon.colcon_core.verb:set package 'bumperbot_cpp_examples' build argument 'cmake_force_configure' from command line to 'False'
[0.577s] Level 5:colcon.colcon_core.verb:set package 'bumperbot_cpp_examples' build argument 'ament_cmake_args' from command line to 'None'
[0.578s] Level 5:colcon.colcon_core.verb:set package 'bumperbot_cpp_examples' build argument 'catkin_cmake_args' from command line to 'None'
[0.578s] Level 5:colcon.colcon_core.verb:set package 'bumperbot_cpp_examples' build argument 'catkin_skip_building_tests' from command line to 'False'
[0.578s] DEBUG:colcon.colcon_core.verb:Building package 'bumperbot_cpp_examples' with the following arguments: {'ament_cmake_args': None, 'build_base': '/media/david/David/David/Research/Github/ROS/ROS2/build/bumperbot_cpp_examples', 'catkin_cmake_args': None, 'catkin_skip_building_tests': False, 'cmake_args': None, 'cmake_clean_cache': False, 'cmake_clean_first': False, 'cmake_force_configure': False, 'cmake_target': None, 'cmake_target_skip_unavailable': False, 'install_base': '/media/david/David/David/Research/Github/ROS/ROS2/install/bumperbot_cpp_examples', 'merge_install': False, 'path': '/media/david/David/David/Research/Github/ROS/ROS2/src/bumperbot_cpp_examples', 'symlink_install': False, 'test_result_base': None}
[0.579s] Level 5:colcon.colcon_core.verb:set package 'bumperbot_description' build argument 'cmake_args' from command line to 'None'
[0.579s] Level 5:colcon.colcon_core.verb:set package 'bumperbot_description' build argument 'cmake_target' from command line to 'None'
[0.579s] Level 5:colcon.colcon_core.verb:set package 'bumperbot_description' build argument 'cmake_target_skip_unavailable' from command line to 'False'
[0.579s] Level 5:colcon.colcon_core.verb:set package 'bumperbot_description' build argument 'cmake_clean_cache' from command line to 'False'
[0.579s] Level 5:colcon.colcon_core.verb:set package 'bumperbot_description' build argument 'cmake_clean_first' from command line to 'False'
[0.579s] Level 5:colcon.colcon_core.verb:set package 'bumperbot_description' build argument 'cmake_force_configure' from command line to 'False'
[0.579s] Level 5:colcon.colcon_core.verb:set package 'bumperbot_description' build argument 'ament_cmake_args' from command line to 'None'
[0.579s] Level 5:colcon.colcon_core.verb:set package 'bumperbot_description' build argument 'catkin_cmake_args' from command line to 'None'
[0.579s] Level 5:colcon.colcon_core.verb:set package 'bumperbot_description' build argument 'catkin_skip_building_tests' from command line to 'False'
[0.579s] DEBUG:colcon.colcon_core.verb:Building package 'bumperbot_description' with the following arguments: {'ament_cmake_args': None, 'build_base': '/media/david/David/David/Research/Github/ROS/ROS2/build/bumperbot_description', 'catkin_cmake_args': None, 'catkin_skip_building_tests': False, 'cmake_args': None, 'cmake_clean_cache': False, 'cmake_clean_first': False, 'cmake_force_configure': False, 'cmake_target': None, 'cmake_target_skip_unavailable': False, 'install_base': '/media/david/David/David/Research/Github/ROS/ROS2/install/bumperbot_description', 'merge_install': False, 'path': '/media/david/David/David/Research/Github/ROS/ROS2/src/bumperbot_description', 'symlink_install': False, 'test_result_base': None}
[0.580s] Level 5:colcon.colcon_core.verb:set package 'bumperbot_py_examples' build argument 'cmake_args' from command line to 'None'
[0.580s] Level 5:colcon.colcon_core.verb:set package 'bumperbot_py_examples' build argument 'cmake_target' from command line to 'None'
[0.580s] Level 5:colcon.colcon_core.verb:set package 'bumperbot_py_examples' build argument 'cmake_target_skip_unavailable' from command line to 'False'
[0.581s] Level 5:colcon.colcon_core.verb:set package 'bumperbot_py_examples' build argument 'cmake_clean_cache' from command line to 'False'
[0.581s] Level 5:colcon.colcon_core.verb:set package 'bumperbot_py_examples' build argument 'cmake_clean_first' from command line to 'False'
[0.581s] Level 5:colcon.colcon_core.verb:set package 'bumperbot_py_examples' build argument 'cmake_force_configure' from command line to 'False'
[0.581s] Level 5:colcon.colcon_core.verb:set package 'bumperbot_py_examples' build argument 'ament_cmake_args' from command line to 'None'
[0.581s] Level 5:colcon.colcon_core.verb:set package 'bumperbot_py_examples' build argument 'catkin_cmake_args' from command line to 'None'
[0.581s] Level 5:colcon.colcon_core.verb:set package 'bumperbot_py_examples' build argument 'catkin_skip_building_tests' from command line to 'False'
[0.581s] DEBUG:colcon.colcon_core.verb:Building package 'bumperbot_py_examples' with the following arguments: {'ament_cmake_args': None, 'build_base': '/media/david/David/David/Research/Github/ROS/ROS2/build/bumperbot_py_examples', 'catkin_cmake_args': None, 'catkin_skip_building_tests': False, 'cmake_args': None, 'cmake_clean_cache': False, 'cmake_clean_first': False, 'cmake_force_configure': False, 'cmake_target': None, 'cmake_target_skip_unavailable': False, 'install_base': '/media/david/David/David/Research/Github/ROS/ROS2/install/bumperbot_py_examples', 'merge_install': False, 'path': '/media/david/David/David/Research/Github/ROS/ROS2/src/bumperbot_py_examples', 'symlink_install': False, 'test_result_base': None}
[0.581s] INFO:colcon.colcon_core.executor:Executing jobs using 'parallel' executor
[0.583s] DEBUG:colcon.colcon_parallel_executor.executor.parallel:run_until_complete
[0.583s] INFO:colcon.colcon_ros.task.ament_cmake.build:Building ROS package in '/media/david/David/David/Research/Github/ROS/ROS2/src/bumperbot_cpp_examples' with build type 'ament_cmake'
[0.584s] INFO:colcon.colcon_cmake.task.cmake.build:Building CMake package in '/media/david/David/David/Research/Github/ROS/ROS2/src/bumperbot_cpp_examples'
[0.587s] INFO:colcon.colcon_core.plugin_system:Skipping extension 'colcon_core.shell.bat': Not used on non-Windows systems
[0.587s] INFO:colcon.colcon_core.shell:Skip shell extension 'powershell' for command environment: Not usable outside of PowerShell
[0.587s] DEBUG:colcon.colcon_core.shell:Skip shell extension 'dsv' for command environment
[0.601s] INFO:colcon.colcon_ros.task.ament_cmake.build:Building ROS package in '/media/david/David/David/Research/Github/ROS/ROS2/src/bumperbot_description' with build type 'ament_cmake'
[0.601s] INFO:colcon.colcon_cmake.task.cmake.build:Building CMake package in '/media/david/David/David/Research/Github/ROS/ROS2/src/bumperbot_description'
[0.601s] INFO:colcon.colcon_core.shell:Skip shell extension 'powershell' for command environment: Not usable outside of PowerShell
[0.602s] DEBUG:colcon.colcon_core.shell:Skip shell extension 'dsv' for command environment
[0.617s] INFO:colcon.colcon_ros.task.ament_python.build:Building ROS package in '/media/david/David/David/Research/Github/ROS/ROS2/src/bumperbot_py_examples' with build type 'ament_python'
[0.618s] Level 1:colcon.colcon_core.shell:create_environment_hook('bumperbot_py_examples', 'ament_prefix_path')
[0.618s] INFO:colcon.colcon_core.shell:Creating environment hook '/media/david/David/David/Research/Github/ROS/ROS2/install/bumperbot_py_examples/share/bumperbot_py_examples/hook/ament_prefix_path.ps1'
[0.620s] INFO:colcon.colcon_core.shell:Creating environment descriptor '/media/david/David/David/Research/Github/ROS/ROS2/install/bumperbot_py_examples/share/bumperbot_py_examples/hook/ament_prefix_path.dsv'
[0.622s] INFO:colcon.colcon_core.shell:Creating environment hook '/media/david/David/David/Research/Github/ROS/ROS2/install/bumperbot_py_examples/share/bumperbot_py_examples/hook/ament_prefix_path.sh'
[0.624s] INFO:colcon.colcon_core.shell:Skip shell extension 'powershell' for command environment: Not usable outside of PowerShell
[0.624s] DEBUG:colcon.colcon_core.shell:Skip shell extension 'dsv' for command environment
[0.650s] DEBUG:colcon.colcon_core.event_handler.log_command:Invoking command in '/media/david/David/David/Research/Github/ROS/ROS2/build/bumperbot_cpp_examples': CMAKE_PREFIX_PATH=${CMAKE_PREFIX_PATH}:/media/david/David/David/Research/Github/ROS/ROS2/install/bumperbot_py_examples:/opt/ros/humble /usr/bin/cmake --build /media/david/David/David/Research/Github/ROS/ROS2/build/bumperbot_cpp_examples -- -j4 -l4
[0.663s] DEBUG:colcon.colcon_core.event_handler.log_command:Invoking command in '/media/david/David/David/Research/Github/ROS/ROS2/build/bumperbot_description': CMAKE_PREFIX_PATH=${CMAKE_PREFIX_PATH}:/media/david/David/David/Research/Github/ROS/ROS2/install/bumperbot_py_examples:/opt/ros/humble /usr/bin/cmake --build /media/david/David/David/Research/Github/ROS/ROS2/build/bumperbot_description -- -j4 -l4
[1.324s] INFO:colcon.colcon_core.task.python.build:Building Python package in '/media/david/David/David/Research/Github/ROS/ROS2/src/bumperbot_py_examples'
[1.324s] INFO:colcon.colcon_core.shell:Skip shell extension 'powershell' for command environment: Not usable outside of PowerShell
[1.325s] DEBUG:colcon.colcon_core.shell:Skip shell extension 'dsv' for command environment
[1.337s] DEBUG:colcon.colcon_core.event_handler.log_command:Invoked command in '/media/david/David/David/Research/Github/ROS/ROS2/build/bumperbot_cpp_examples' returned '0': CMAKE_PREFIX_PATH=${CMAKE_PREFIX_PATH}:/media/david/David/David/Research/Github/ROS/ROS2/install/bumperbot_py_examples:/opt/ros/humble /usr/bin/cmake --build /media/david/David/David/Research/Github/ROS/ROS2/build/bumperbot_cpp_examples -- -j4 -l4
[1.397s] DEBUG:colcon.colcon_core.event_handler.log_command:Invoking command in '/media/david/David/David/Research/Github/ROS/ROS2/build/bumperbot_cpp_examples': CMAKE_PREFIX_PATH=${CMAKE_PREFIX_PATH}:/media/david/David/David/Research/Github/ROS/ROS2/install/bumperbot_py_examples:/opt/ros/humble /usr/bin/cmake --install /media/david/David/David/Research/Github/ROS/ROS2/build/bumperbot_cpp_examples
[1.463s] Level 1:colcon.colcon_core.environment:create_environment_scripts_only(bumperbot_cpp_examples)
[1.466s] DEBUG:colcon.colcon_core.event_handler.log_command:Invoked command in '/media/david/David/David/Research/Github/ROS/ROS2/build/bumperbot_cpp_examples' returned '0': CMAKE_PREFIX_PATH=${CMAKE_PREFIX_PATH}:/media/david/David/David/Research/Github/ROS/ROS2/install/bumperbot_py_examples:/opt/ros/humble /usr/bin/cmake --install /media/david/David/David/Research/Github/ROS/ROS2/build/bumperbot_cpp_examples
[1.469s] Level 1:colcon.colcon_core.environment:checking '/media/david/David/David/Research/Github/ROS/ROS2/install/bumperbot_cpp_examples' for CMake module files
[1.476s] Level 1:colcon.colcon_core.environment:checking '/media/david/David/David/Research/Github/ROS/ROS2/install/bumperbot_cpp_examples' for CMake config files
[1.480s] Level 1:colcon.colcon_core.shell:create_environment_hook('bumperbot_cpp_examples', 'cmake_prefix_path')
[1.480s] INFO:colcon.colcon_core.shell:Creating environment hook '/media/david/David/David/Research/Github/ROS/ROS2/install/bumperbot_cpp_examples/share/bumperbot_cpp_examples/hook/cmake_prefix_path.ps1'
[1.485s] INFO:colcon.colcon_core.shell:Creating environment descriptor '/media/david/David/David/Research/Github/ROS/ROS2/install/bumperbot_cpp_examples/share/bumperbot_cpp_examples/hook/cmake_prefix_path.dsv'
[1.488s] INFO:colcon.colcon_core.shell:Creating environment hook '/media/david/David/David/Research/Github/ROS/ROS2/install/bumperbot_cpp_examples/share/bumperbot_cpp_examples/hook/cmake_prefix_path.sh'
[1.491s] Level 1:colcon.colcon_core.environment:checking '/media/david/David/David/Research/Github/ROS/ROS2/install/bumperbot_cpp_examples/lib'
[1.492s] Level 1:colcon.colcon_core.environment:checking '/media/david/David/David/Research/Github/ROS/ROS2/install/bumperbot_cpp_examples/bin'
[1.492s] Level 1:colcon.colcon_core.environment:checking '/media/david/David/David/Research/Github/ROS/ROS2/install/bumperbot_cpp_examples/lib/pkgconfig/bumperbot_cpp_examples.pc'
[1.493s] Level 1:colcon.colcon_core.environment:checking '/media/david/David/David/Research/Github/ROS/ROS2/install/bumperbot_cpp_examples/lib/python3.10/site-packages'
[1.493s] Level 1:colcon.colcon_core.environment:checking '/media/david/David/David/Research/Github/ROS/ROS2/install/bumperbot_cpp_examples/bin'
[1.494s] INFO:colcon.colcon_core.shell:Creating package script '/media/david/David/David/Research/Github/ROS/ROS2/install/bumperbot_cpp_examples/share/bumperbot_cpp_examples/package.ps1'
[1.496s] INFO:colcon.colcon_core.shell:Creating package descriptor '/media/david/David/David/Research/Github/ROS/ROS2/install/bumperbot_cpp_examples/share/bumperbot_cpp_examples/package.dsv'
[1.499s] INFO:colcon.colcon_core.shell:Creating package script '/media/david/David/David/Research/Github/ROS/ROS2/install/bumperbot_cpp_examples/share/bumperbot_cpp_examples/package.sh'
[1.502s] INFO:colcon.colcon_core.shell:Creating package script '/media/david/David/David/Research/Github/ROS/ROS2/install/bumperbot_cpp_examples/share/bumperbot_cpp_examples/package.bash'
[1.504s] INFO:colcon.colcon_core.shell:Creating package script '/media/david/David/David/Research/Github/ROS/ROS2/install/bumperbot_cpp_examples/share/bumperbot_cpp_examples/package.zsh'
[1.506s] Level 1:colcon.colcon_core.environment:create_file_with_runtime_dependencies(/media/david/David/David/Research/Github/ROS/ROS2/install/bumperbot_cpp_examples/share/colcon-core/packages/bumperbot_cpp_examples)
[1.572s] Level 1:colcon.colcon_core.environment:create_environment_scripts_only(bumperbot_cpp_examples)
[1.573s] Level 1:colcon.colcon_core.environment:checking '/media/david/David/David/Research/Github/ROS/ROS2/install/bumperbot_cpp_examples' for CMake module files
[1.584s] Level 1:colcon.colcon_core.environment:checking '/media/david/David/David/Research/Github/ROS/ROS2/install/bumperbot_cpp_examples' for CMake config files
[1.591s] Level 1:colcon.colcon_core.shell:create_environment_hook('bumperbot_cpp_examples', 'cmake_prefix_path')
[1.592s] INFO:colcon.colcon_core.shell:Creating environment hook '/media/david/David/David/Research/Github/ROS/ROS2/install/bumperbot_cpp_examples/share/bumperbot_cpp_examples/hook/cmake_prefix_path.ps1'
[1.593s] INFO:colcon.colcon_core.shell:Creating environment descriptor '/media/david/David/David/Research/Github/ROS/ROS2/install/bumperbot_cpp_examples/share/bumperbot_cpp_examples/hook/cmake_prefix_path.dsv'
[1.596s] INFO:colcon.colcon_core.shell:Creating environment hook '/media/david/David/David/Research/Github/ROS/ROS2/install/bumperbot_cpp_examples/share/bumperbot_cpp_examples/hook/cmake_prefix_path.sh'
[1.600s] Level 1:colcon.colcon_core.environment:checking '/media/david/David/David/Research/Github/ROS/ROS2/install/bumperbot_cpp_examples/lib'
[1.601s] Level 1:colcon.colcon_core.environment:checking '/media/david/David/David/Research/Github/ROS/ROS2/install/bumperbot_cpp_examples/bin'
[1.602s] Level 1:colcon.colcon_core.environment:checking '/media/david/David/David/Research/Github/ROS/ROS2/install/bumperbot_cpp_examples/lib/pkgconfig/bumperbot_cpp_examples.pc'
[1.603s] Level 1:colcon.colcon_core.environment:checking '/media/david/David/David/Research/Github/ROS/ROS2/install/bumperbot_cpp_examples/lib/python3.10/site-packages'
[1.605s] Level 1:colcon.colcon_core.environment:checking '/media/david/David/David/Research/Github/ROS/ROS2/install/bumperbot_cpp_examples/bin'
[1.606s] INFO:colcon.colcon_core.shell:Creating package script '/media/david/David/David/Research/Github/ROS/ROS2/install/bumperbot_cpp_examples/share/bumperbot_cpp_examples/package.ps1'
[1.607s] INFO:colcon.colcon_core.shell:Creating package descriptor '/media/david/David/David/Research/Github/ROS/ROS2/install/bumperbot_cpp_examples/share/bumperbot_cpp_examples/package.dsv'
[1.610s] INFO:colcon.colcon_core.shell:Creating package script '/media/david/David/David/Research/Github/ROS/ROS2/install/bumperbot_cpp_examples/share/bumperbot_cpp_examples/package.sh'
[1.612s] INFO:colcon.colcon_core.shell:Creating package script '/media/david/David/David/Research/Github/ROS/ROS2/install/bumperbot_cpp_examples/share/bumperbot_cpp_examples/package.bash'
[1.613s] INFO:colcon.colcon_core.shell:Creating package script '/media/david/David/David/Research/Github/ROS/ROS2/install/bumperbot_cpp_examples/share/bumperbot_cpp_examples/package.zsh'
[1.619s] Level 1:colcon.colcon_core.environment:create_file_with_runtime_dependencies(/media/david/David/David/Research/Github/ROS/ROS2/install/bumperbot_cpp_examples/share/colcon-core/packages/bumperbot_cpp_examples)
[1.866s] DEBUG:colcon.colcon_core.event_handler.log_command:Invoked command in '/media/david/David/David/Research/Github/ROS/ROS2/build/bumperbot_description' returned '0': CMAKE_PREFIX_PATH=${CMAKE_PREFIX_PATH}:/media/david/David/David/Research/Github/ROS/ROS2/install/bumperbot_py_examples:/opt/ros/humble /usr/bin/cmake --build /media/david/David/David/Research/Github/ROS/ROS2/build/bumperbot_description -- -j4 -l4
[1.899s] DEBUG:colcon.colcon_core.event_handler.log_command:Invoking command in '/media/david/David/David/Research/Github/ROS/ROS2/build/bumperbot_description': CMAKE_PREFIX_PATH=${CMAKE_PREFIX_PATH}:/media/david/David/David/Research/Github/ROS/ROS2/install/bumperbot_py_examples:/opt/ros/humble /usr/bin/cmake --install /media/david/David/David/Research/Github/ROS/ROS2/build/bumperbot_description
[2.068s] Level 1:colcon.colcon_core.environment:create_environment_scripts_only(bumperbot_description)
[2.069s] Level 1:colcon.colcon_core.environment:checking '/media/david/David/David/Research/Github/ROS/ROS2/install/bumperbot_description' for CMake module files
[2.070s] DEBUG:colcon.colcon_core.event_handler.log_command:Invoked command in '/media/david/David/David/Research/Github/ROS/ROS2/build/bumperbot_description' returned '0': CMAKE_PREFIX_PATH=${CMAKE_PREFIX_PATH}:/media/david/David/David/Research/Github/ROS/ROS2/install/bumperbot_py_examples:/opt/ros/humble /usr/bin/cmake --install /media/david/David/David/Research/Github/ROS/ROS2/build/bumperbot_description
[2.075s] Level 1:colcon.colcon_core.environment:checking '/media/david/David/David/Research/Github/ROS/ROS2/install/bumperbot_description' for CMake config files
[2.078s] Level 1:colcon.colcon_core.shell:create_environment_hook('bumperbot_description', 'cmake_prefix_path')
[2.079s] INFO:colcon.colcon_core.shell:Creating environment hook '/media/david/David/David/Research/Github/ROS/ROS2/install/bumperbot_description/share/bumperbot_description/hook/cmake_prefix_path.ps1'
[2.080s] INFO:colcon.colcon_core.shell:Creating environment descriptor '/media/david/David/David/Research/Github/ROS/ROS2/install/bumperbot_description/share/bumperbot_description/hook/cmake_prefix_path.dsv'
[2.083s] INFO:colcon.colcon_core.shell:Creating environment hook '/media/david/David/David/Research/Github/ROS/ROS2/install/bumperbot_description/share/bumperbot_description/hook/cmake_prefix_path.sh'
[2.085s] Level 1:colcon.colcon_core.environment:checking '/media/david/David/David/Research/Github/ROS/ROS2/install/bumperbot_description/bin'
[2.086s] Level 1:colcon.colcon_core.environment:checking '/media/david/David/David/Research/Github/ROS/ROS2/install/bumperbot_description/lib/pkgconfig/bumperbot_description.pc'
[2.087s] Level 1:colcon.colcon_core.environment:checking '/media/david/David/David/Research/Github/ROS/ROS2/install/bumperbot_description/lib/python3.10/site-packages'
[2.087s] Level 1:colcon.colcon_core.environment:checking '/media/david/David/David/Research/Github/ROS/ROS2/install/bumperbot_description/bin'
[2.088s] INFO:colcon.colcon_core.shell:Creating package script '/media/david/David/David/Research/Github/ROS/ROS2/install/bumperbot_description/share/bumperbot_description/package.ps1'
[2.090s] INFO:colcon.colcon_core.shell:Creating package descriptor '/media/david/David/David/Research/Github/ROS/ROS2/install/bumperbot_description/share/bumperbot_description/package.dsv'
[2.092s] INFO:colcon.colcon_core.shell:Creating package script '/media/david/David/David/Research/Github/ROS/ROS2/install/bumperbot_description/share/bumperbot_description/package.sh'
[2.093s] INFO:colcon.colcon_core.shell:Creating package script '/media/david/David/David/Research/Github/ROS/ROS2/install/bumperbot_description/share/bumperbot_description/package.bash'
[2.094s] INFO:colcon.colcon_core.shell:Creating package script '/media/david/David/David/Research/Github/ROS/ROS2/install/bumperbot_description/share/bumperbot_description/package.zsh'
[2.095s] Level 1:colcon.colcon_core.environment:create_file_with_runtime_dependencies(/media/david/David/David/Research/Github/ROS/ROS2/install/bumperbot_description/share/colcon-core/packages/bumperbot_description)
[2.106s] DEBUG:colcon.colcon_core.event_handler.log_command:Invoking command in '/media/david/David/David/Research/Github/ROS/ROS2/src/bumperbot_py_examples': PYTHONPATH=/media/david/David/David/Research/Github/ROS/ROS2/build/bumperbot_py_examples/prefix_override:/media/david/David/David/Research/Github/ROS/ROS2/install/bumperbot_py_examples/lib/python3.10/site-packages:${PYTHONPATH} /usr/bin/python3 -W ignore:setup.py install is deprecated setup.py egg_info --egg-base ../../build/bumperbot_py_examples build --build-base /media/david/David/David/Research/Github/ROS/ROS2/build/bumperbot_py_examples/build install --record /media/david/David/David/Research/Github/ROS/ROS2/build/bumperbot_py_examples/install.log --single-version-externally-managed install_data
[2.149s] Level 1:colcon.colcon_core.environment:create_environment_scripts_only(bumperbot_description)
[2.149s] Level 1:colcon.colcon_core.environment:checking '/media/david/David/David/Research/Github/ROS/ROS2/install/bumperbot_description' for CMake module files
[2.156s] Level 1:colcon.colcon_core.environment:checking '/media/david/David/David/Research/Github/ROS/ROS2/install/bumperbot_description' for CMake config files
[2.160s] Level 1:colcon.colcon_core.shell:create_environment_hook('bumperbot_description', 'cmake_prefix_path')
[2.161s] INFO:colcon.colcon_core.shell:Creating environment hook '/media/david/David/David/Research/Github/ROS/ROS2/install/bumperbot_description/share/bumperbot_description/hook/cmake_prefix_path.ps1'
[2.162s] INFO:colcon.colcon_core.shell:Creating environment descriptor '/media/david/David/David/Research/Github/ROS/ROS2/install/bumperbot_description/share/bumperbot_description/hook/cmake_prefix_path.dsv'
[2.164s] INFO:colcon.colcon_core.shell:Creating environment hook '/media/david/David/David/Research/Github/ROS/ROS2/install/bumperbot_description/share/bumperbot_description/hook/cmake_prefix_path.sh'
[2.168s] Level 1:colcon.colcon_core.environment:checking '/media/david/David/David/Research/Github/ROS/ROS2/install/bumperbot_description/bin'
[2.169s] Level 1:colcon.colcon_core.environment:checking '/media/david/David/David/Research/Github/ROS/ROS2/install/bumperbot_description/lib/pkgconfig/bumperbot_description.pc'
[2.170s] Level 1:colcon.colcon_core.environment:checking '/media/david/David/David/Research/Github/ROS/ROS2/install/bumperbot_description/lib/python3.10/site-packages'
[2.170s] Level 1:colcon.colcon_core.environment:checking '/media/david/David/David/Research/Github/ROS/ROS2/install/bumperbot_description/bin'
[2.171s] INFO:colcon.colcon_core.shell:Creating package script '/media/david/David/David/Research/Github/ROS/ROS2/install/bumperbot_description/share/bumperbot_description/package.ps1'
[2.173s] INFO:colcon.colcon_core.shell:Creating package descriptor '/media/david/David/David/Research/Github/ROS/ROS2/install/bumperbot_description/share/bumperbot_description/package.dsv'
[2.175s] INFO:colcon.colcon_core.shell:Creating package script '/media/david/David/David/Research/Github/ROS/ROS2/install/bumperbot_description/share/bumperbot_description/package.sh'
[2.176s] INFO:colcon.colcon_core.shell:Creating package script '/media/david/David/David/Research/Github/ROS/ROS2/install/bumperbot_description/share/bumperbot_description/package.bash'
[2.178s] INFO:colcon.colcon_core.shell:Creating package script '/media/david/David/David/Research/Github/ROS/ROS2/install/bumperbot_description/share/bumperbot_description/package.zsh'
[2.179s] Level 1:colcon.colcon_core.environment:create_file_with_runtime_dependencies(/media/david/David/David/Research/Github/ROS/ROS2/install/bumperbot_description/share/colcon-core/packages/bumperbot_description)
[2.606s] Level 1:colcon.colcon_core.environment:checking '/media/david/David/David/Research/Github/ROS/ROS2/install/bumperbot_py_examples' for CMake module files
[2.607s] DEBUG:colcon.colcon_core.event_handler.log_command:Invoked command in '/media/david/David/David/Research/Github/ROS/ROS2/src/bumperbot_py_examples' returned '0': PYTHONPATH=/media/david/David/David/Research/Github/ROS/ROS2/build/bumperbot_py_examples/prefix_override:/media/david/David/David/Research/Github/ROS/ROS2/install/bumperbot_py_examples/lib/python3.10/site-packages:${PYTHONPATH} /usr/bin/python3 -W ignore:setup.py install is deprecated setup.py egg_info --egg-base ../../build/bumperbot_py_examples build --build-base /media/david/David/David/Research/Github/ROS/ROS2/build/bumperbot_py_examples/build install --record /media/david/David/David/Research/Github/ROS/ROS2/build/bumperbot_py_examples/install.log --single-version-externally-managed install_data
[2.610s] Level 1:colcon.colcon_core.environment:checking '/media/david/David/David/Research/Github/ROS/ROS2/install/bumperbot_py_examples' for CMake config files
[2.614s] Level 1:colcon.colcon_core.environment:checking '/media/david/David/David/Research/Github/ROS/ROS2/install/bumperbot_py_examples/lib'
[2.616s] Level 1:colcon.colcon_core.environment:checking '/media/david/David/David/Research/Github/ROS/ROS2/install/bumperbot_py_examples/bin'
[2.616s] Level 1:colcon.colcon_core.environment:checking '/media/david/David/David/Research/Github/ROS/ROS2/install/bumperbot_py_examples/lib/pkgconfig/bumperbot_py_examples.pc'
[2.617s] Level 1:colcon.colcon_core.environment:checking '/media/david/David/David/Research/Github/ROS/ROS2/install/bumperbot_py_examples/lib/python3.10/site-packages'
[2.618s] Level 1:colcon.colcon_core.shell:create_environment_hook('bumperbot_py_examples', 'pythonpath')
[2.619s] INFO:colcon.colcon_core.shell:Creating environment hook '/media/david/David/David/Research/Github/ROS/ROS2/install/bumperbot_py_examples/share/bumperbot_py_examples/hook/pythonpath.ps1'
[2.620s] INFO:colcon.colcon_core.shell:Creating environment descriptor '/media/david/David/David/Research/Github/ROS/ROS2/install/bumperbot_py_examples/share/bumperbot_py_examples/hook/pythonpath.dsv'
[2.621s] INFO:colcon.colcon_core.shell:Creating environment hook '/media/david/David/David/Research/Github/ROS/ROS2/install/bumperbot_py_examples/share/bumperbot_py_examples/hook/pythonpath.sh'
[2.623s] Level 1:colcon.colcon_core.environment:checking '/media/david/David/David/Research/Github/ROS/ROS2/install/bumperbot_py_examples/bin'
[2.623s] Level 1:colcon.colcon_core.environment:create_environment_scripts_only(bumperbot_py_examples)
[2.624s] INFO:colcon.colcon_core.shell:Creating package script '/media/david/David/David/Research/Github/ROS/ROS2/install/bumperbot_py_examples/share/bumperbot_py_examples/package.ps1'
[2.625s] INFO:colcon.colcon_core.shell:Creating package descriptor '/media/david/David/David/Research/Github/ROS/ROS2/install/bumperbot_py_examples/share/bumperbot_py_examples/package.dsv'
[2.626s] INFO:colcon.colcon_core.shell:Creating package script '/media/david/David/David/Research/Github/ROS/ROS2/install/bumperbot_py_examples/share/bumperbot_py_examples/package.sh'
[2.627s] INFO:colcon.colcon_core.shell:Creating package script '/media/david/David/David/Research/Github/ROS/ROS2/install/bumperbot_py_examples/share/bumperbot_py_examples/package.bash'
[2.628s] INFO:colcon.colcon_core.shell:Creating package script '/media/david/David/David/Research/Github/ROS/ROS2/install/bumperbot_py_examples/share/bumperbot_py_examples/package.zsh'
[2.629s] Level 1:colcon.colcon_core.environment:create_file_with_runtime_dependencies(/media/david/David/David/Research/Github/ROS/ROS2/install/bumperbot_py_examples/share/colcon-core/packages/bumperbot_py_examples)
[2.630s] DEBUG:colcon.colcon_parallel_executor.executor.parallel:closing loop
[2.630s] DEBUG:colcon.colcon_parallel_executor.executor.parallel:loop closed
[2.631s] DEBUG:colcon.colcon_parallel_executor.executor.parallel:run_until_complete finished with '0'
[2.631s] DEBUG:colcon.colcon_core.event_reactor:joining thread
[2.638s] INFO:colcon.colcon_core.plugin_system:Skipping extension 'colcon_notification.desktop_notification.terminal_notifier': Not used on non-Darwin systems
[2.639s] INFO:colcon.colcon_core.plugin_system:Skipping extension 'colcon_notification.desktop_notification.win32': Not used on non-Windows systems
[2.639s] INFO:colcon.colcon_notification.desktop_notification:Sending desktop notification using 'notify2'
[2.652s] DEBUG:colcon.colcon_core.event_reactor:joined thread
[2.652s] INFO:colcon.colcon_core.shell:Creating prefix script '/media/david/David/David/Research/Github/ROS/ROS2/install/local_setup.ps1'
[2.654s] INFO:colcon.colcon_core.shell:Creating prefix util module '/media/david/David/David/Research/Github/ROS/ROS2/install/_local_setup_util_ps1.py'
[2.657s] INFO:colcon.colcon_core.shell:Creating prefix chain script '/media/david/David/David/Research/Github/ROS/ROS2/install/setup.ps1'
[2.662s] INFO:colcon.colcon_core.shell:Creating prefix script '/media/david/David/David/Research/Github/ROS/ROS2/install/local_setup.sh'
[2.663s] INFO:colcon.colcon_core.shell:Creating prefix util module '/media/david/David/David/Research/Github/ROS/ROS2/install/_local_setup_util_sh.py'
[2.665s] INFO:colcon.colcon_core.shell:Creating prefix chain script '/media/david/David/David/Research/Github/ROS/ROS2/install/setup.sh'
[2.669s] INFO:colcon.colcon_core.shell:Creating prefix script '/media/david/David/David/Research/Github/ROS/ROS2/install/local_setup.bash'
[2.670s] INFO:colcon.colcon_core.shell:Creating prefix chain script '/media/david/David/David/Research/Github/ROS/ROS2/install/setup.bash'
[2.674s] INFO:colcon.colcon_core.shell:Creating prefix script '/media/david/David/David/Research/Github/ROS/ROS2/install/local_setup.zsh'
[2.676s] INFO:colcon.colcon_core.shell:Creating prefix chain script '/media/david/David/David/Research/Github/ROS/ROS2/install/setup.zsh'
