[0.120s] Invoking command in '/media/david/Storage/David/Research/Github/ROS/ROS2/build/bumperbot_cpp_examples': CMAKE_PREFIX_PATH=${CMAKE_PREFIX_PATH}:/media/david/Storage/David/Research/Github/ROS/ROS2/install/bumperbot_py_examples:/opt/ros/humble /usr/bin/cmake --build /media/david/Storage/David/Research/Github/ROS/ROS2/build/bumperbot_cpp_examples -- -j4 -l4
[0.392s] [ 20%] Built target simple_publisher
[0.401s] [ 40%] Built target simple_subscriber
[0.403s] [ 60%] Built target simple_turtlesim_kinematics
[0.412s] [ 80%] Built target simple_parameter
[0.480s] [ 90%] [32mBuilding CXX object CMakeFiles/simple_tf_kinematics.dir/src/simple_tf_kinematics.cpp.o[0m
[5.772s] In file included from [01m[K/media/david/Storage/David/Research/Github/ROS/ROS2/src/bumperbot_cpp_examples/src/simple_tf_kinematics.cpp:1[m[K:
[5.772s] [01m[K/media/david/Storage/David/Research/Github/ROS/ROS2/src/bumperbot_cpp_examples/include/bumperbot_cpp_examples/simple_tf_kinematics.hpp:27:24:[m[K [01;31m[Kerror: [m[Kexpected ‘[01m[K;[m[K’ at end of member declaration
[5.773s]    27 |     void timerCallback([01;31m[K)[m[K
[5.773s]       |                        [01;31m[K^[m[K
[5.774s]       |                         [32m[K;[m[K
[5.774s] [01m[K/media/david/Storage/David/Research/Github/ROS/ROS2/src/bumperbot_cpp_examples/src/simple_tf_kinematics.cpp:3:37:[m[K [01;31m[Kerror: [m[Kexpected ‘[01m[K;[m[K’ before ‘[01m[KSimpleTfKinematics[m[K’
[5.778s]     3 | using namespace std::chrono_literals
[5.779s]       |                                     [01;31m[K^[m[K
[5.779s]       |                                     [32m[K;[m[K
[5.780s]     4 | 
[5.780s]     5 | [32m[KSimpleTfKinematics[m[K::SimpleTfKinematics(const std::string &name)
[5.781s]       | [32m[K~~~~~~~~~~~~~~~~~~[m[K                   
[5.784s] [01m[K/media/david/Storage/David/Research/Github/ROS/ROS2/src/bumperbot_cpp_examples/src/simple_tf_kinematics.cpp:[m[K In constructor ‘[01m[KSimpleTfKinematics::SimpleTfKinematics(const string&)[m[K’:
[5.784s] [01m[K/media/david/Storage/David/Research/Github/ROS/ROS2/src/bumperbot_cpp_examples/src/simple_tf_kinematics.cpp:12:84:[m[K [01;31m[Kerror: [m[Kno match for ‘[01m[Koperator=[m[K’ (operand types are ‘[01m[Kstd::unique_ptr<tf2_ros::TransformBroadcaster>[m[K’ and ‘[01m[Kstd::shared_ptr<tf2_ros::TransformBroadcaster>[m[K’)
[5.785s]    12 | red<tf2_ros::TransformBroadcaster>(*this[01;31m[K)[m[K;
[5.785s]       |                                         [01;31m[K^[m[K
[5.786s] 
[5.786s] In file included from [01m[K/usr/include/c++/11/memory:76[m[K,
[5.787s]                  from [01m[K/opt/ros/humble/include/rclcpp/rclcpp/rclcpp.hpp:153[m[K,
[5.787s]                  from [01m[K/media/david/Storage/David/Research/Github/ROS/ROS2/src/bumperbot_cpp_examples/include/bumperbot_cpp_examples/simple_tf_kinematics.hpp:4[m[K,
[5.788s]                  from [01m[K/media/david/Storage/David/Research/Github/ROS/ROS2/src/bumperbot_cpp_examples/src/simple_tf_kinematics.cpp:1[m[K:
[5.789s] [01m[K/usr/include/c++/11/bits/unique_ptr.h:386:9:[m[K [01;36m[Knote: [m[Kcandidate: ‘[01m[Ktemplate<class _Up, class _Ep> typename std::enable_if<std::__and_<std::__and_<std::is_convertible<typename std::unique_ptr<_Up, _Ep>::pointer, typename std::__uniq_ptr_impl<_Tp, _Dp>::pointer>, std::__not_<std::is_array<_Up> > >, std::is_assignable<_T2&, _U2&&> >::value, std::unique_ptr<_Tp, _Dp>&>::type std::unique_ptr<_Tp, _Dp>::operator=(std::unique_ptr<_Up, _Ep>&&) [with _Up = _Up; _Ep = _Ep; _Tp = tf2_ros::TransformBroadcaster; _Dp = std::default_delete<tf2_ros::TransformBroadcaster>][m[K’
[5.789s]   386 |         [01;36m[Koperator[m[K=(unique_ptr<_Up, _Ep>&& __u) noexcept
[5.790s]       |         [01;36m[K^~~~~~~~[m[K
[5.790s] [01m[K/usr/include/c++/11/bits/unique_ptr.h:386:9:[m[K [01;36m[Knote: [m[K  template argument deduction/substitution failed:
[5.791s] [01m[K/media/david/Storage/David/Research/Github/ROS/ROS2/src/bumperbot_cpp_examples/src/simple_tf_kinematics.cpp:12:84:[m[K [01;36m[Knote: [m[K  ‘[01m[Kstd::shared_ptr<tf2_ros::TransformBroadcaster>[m[K’ is not derived from ‘[01m[Kstd::unique_ptr<_Tp, _Dp>[m[K’
[5.791s]    12 | red<tf2_ros::TransformBroadcaster>(*this[01;36m[K)[m[K;
[5.791s]       |                                         [01;36m[K^[m[K
[5.792s] 
[5.793s] In file included from [01m[K/usr/include/c++/11/memory:76[m[K,
[5.794s]                  from [01m[K/opt/ros/humble/include/rclcpp/rclcpp/rclcpp.hpp:153[m[K,
[5.794s]                  from [01m[K/media/david/Storage/David/Research/Github/ROS/ROS2/src/bumperbot_cpp_examples/include/bumperbot_cpp_examples/simple_tf_kinematics.hpp:4[m[K,
[5.794s]                  from [01m[K/media/david/Storage/David/Research/Github/ROS/ROS2/src/bumperbot_cpp_examples/src/simple_tf_kinematics.cpp:1[m[K:
[5.795s] [01m[K/usr/include/c++/11/bits/unique_ptr.h:371:19:[m[K [01;36m[Knote: [m[Kcandidate: ‘[01m[Kstd::unique_ptr<_Tp, _Dp>& std::unique_ptr<_Tp, _Dp>::operator=(std::unique_ptr<_Tp, _Dp>&&) [with _Tp = tf2_ros::TransformBroadcaster; _Dp = std::default_delete<tf2_ros::TransformBroadcaster>][m[K’
[5.796s]   371 |       unique_ptr& [01;36m[Koperator[m[K=(unique_ptr&&) = default;
[5.796s]       |                   [01;36m[K^~~~~~~~[m[K
[5.797s] [01m[K/usr/include/c++/11/bits/unique_ptr.h:371:29:[m[K [01;36m[Knote: [m[K  no known conversion for argument 1 from ‘[01m[Kstd::shared_ptr<tf2_ros::TransformBroadcaster>[m[K’ to ‘[01m[Kstd::unique_ptr<tf2_ros::TransformBroadcaster>&&[m[K’
[5.797s]   371 |       unique_ptr& operator=([01;36m[Kunique_ptr&&[m[K) = default;
[5.798s]       |                             [01;36m[K^~~~~~~~~~~~[m[K
[5.798s] [01m[K/usr/include/c++/11/bits/unique_ptr.h:395:7:[m[K [01;36m[Knote: [m[Kcandidate: ‘[01m[Kstd::unique_ptr<_Tp, _Dp>& std::unique_ptr<_Tp, _Dp>::operator=(std::nullptr_t) [with _Tp = tf2_ros::TransformBroadcaster; _Dp = std::default_delete<tf2_ros::TransformBroadcaster>; std::nullptr_t = std::nullptr_t][m[K’
[5.804s]   395 |       [01;36m[Koperator[m[K=(nullptr_t) noexcept
[5.806s]       |       [01;36m[K^~~~~~~~[m[K
[5.806s] [01m[K/usr/include/c++/11/bits/unique_ptr.h:395:17:[m[K [01;36m[Knote: [m[K  no known conversion for argument 1 from ‘[01m[Kstd::shared_ptr<tf2_ros::TransformBroadcaster>[m[K’ to ‘[01m[Kstd::nullptr_t[m[K’
[5.807s]   395 |       operator=([01;36m[Knullptr_t[m[K) noexcept
[5.807s]       |                 [01;36m[K^~~~~~~~~[m[K
[5.808s] [01m[K/media/david/Storage/David/Research/Github/ROS/ROS2/src/bumperbot_cpp_examples/src/simple_tf_kinematics.cpp:[m[K In member function ‘[01m[Kvoid SimpleTfKinematics::timerCallback()[m[K’:
[5.808s] [01m[K/media/david/Storage/David/Research/Github/ROS/ROS2/src/bumperbot_cpp_examples/src/simple_tf_kinematics.cpp:36:65:[m[K [01;31m[Kerror: [m[Kexpected ‘[01m[K;[m[K’ before ‘[01m[K:[m[K’ token
[5.809s]    36 | tamped_.header.stamp = get_clock()->now()[01;31m[K:[m[K
[5.809s]       |                                          [01;31m[K^[m[K
[5.810s]       |                                          [32m[K;[m[K
[6.994s] gmake[2]: *** [CMakeFiles/simple_tf_kinematics.dir/build.make:76: CMakeFiles/simple_tf_kinematics.dir/src/simple_tf_kinematics.cpp.o] Error 1
[6.995s] gmake[1]: *** [CMakeFiles/Makefile2:249: CMakeFiles/simple_tf_kinematics.dir/all] Error 2
[6.996s] gmake: *** [Makefile:146: all] Error 2
[6.998s] Invoked command in '/media/david/Storage/David/Research/Github/ROS/ROS2/build/bumperbot_cpp_examples' returned '2': CMAKE_PREFIX_PATH=${CMAKE_PREFIX_PATH}:/media/david/Storage/David/Research/Github/ROS/ROS2/install/bumperbot_py_examples:/opt/ros/humble /usr/bin/cmake --build /media/david/Storage/David/Research/Github/ROS/ROS2/build/bumperbot_cpp_examples -- -j4 -l4
