[0.061s] Invoking command in '/media/david/Storage/David/Research/Github/ROS/ROS2/build/bumperbot_cpp_examples': AMENT_PREFIX_PATH=/media/david/Storage/David/Research/Github/ROS/ROS2/install/bumperbot_msgs:${AMENT_PREFIX_PATH} CMAKE_PREFIX_PATH=/media/david/Storage/David/Research/Github/ROS/ROS2/install/bumperbot_msgs:/opt/ros/humble LD_LIBRARY_PATH=/media/david/Storage/David/Research/Github/ROS/ROS2/install/bumperbot_msgs/lib:${LD_LIBRARY_PATH} PYTHONPATH=/media/david/Storage/David/Research/Github/ROS/ROS2/install/bumperbot_msgs/local/lib/python3.10/dist-packages:${PYTHONPATH} /usr/bin/cmake --build /media/david/Storage/David/Research/Github/ROS/ROS2/build/bumperbot_cpp_examples -- -j4 -l4
[0.193s] -- Found ament_cmake: 1.3.8 (/opt/ros/humble/share/ament_cmake/cmake)
[0.829s] -- Found rclcpp: 16.0.8 (/opt/ros/humble/share/rclcpp/cmake)
[0.990s] -- Found rosidl_generator_c: 3.1.5 (/opt/ros/humble/share/rosidl_generator_c/cmake)
[0.996s] -- Found rosidl_adapter: 3.1.5 (/opt/ros/humble/share/rosidl_adapter/cmake)
[1.019s] -- Found rosidl_generator_cpp: 3.1.5 (/opt/ros/humble/share/rosidl_generator_cpp/cmake)
[1.050s] -- Using all available rosidl_typesupport_c: rosidl_typesupport_fastrtps_c;rosidl_typesupport_introspection_c
[1.102s] -- Using all available rosidl_typesupport_cpp: rosidl_typesupport_fastrtps_cpp;rosidl_typesupport_introspection_cpp
[1.322s] -- Found rmw_implementation_cmake: 6.1.1 (/opt/ros/humble/share/rmw_implementation_cmake/cmake)
[1.341s] -- Found rmw_fastrtps_cpp: 6.2.6 (/opt/ros/humble/share/rmw_fastrtps_cpp/cmake)
[2.037s] -- Using RMW implementation 'rmw_fastrtps_cpp' as default
[2.622s] -- Found turtlesim: 1.4.2 (/opt/ros/humble/share/turtlesim/cmake)
[3.044s] -- Found geometry_msgs: 4.2.3 (/opt/ros/humble/share/geometry_msgs/cmake)
[3.211s] -- Found tf2_ros: 0.25.6 (/opt/ros/humble/share/tf2_ros/cmake)
[3.948s] -- Found bumperbot_msgs: 0.0.0 (/media/david/Storage/David/Research/Github/ROS/ROS2/install/bumperbot_msgs/share/bumperbot_msgs/cmake)
[4.274s] -- Configuring done
[4.516s] -- Generating done
[4.548s] -- Build files have been written to: /media/david/Storage/David/Research/Github/ROS/ROS2/build/bumperbot_cpp_examples
[4.717s] [35m[1mConsolidate compiler generated dependencies of target simple_parameter[0m
[4.722s] [35m[1mConsolidate compiler generated dependencies of target simple_subscriber[0m
[4.726s] [35m[1mConsolidate compiler generated dependencies of target simple_turtlesim_kinematics[0m
[4.727s] [35m[1mConsolidate compiler generated dependencies of target simple_publisher[0m
[5.268s] [ 16%] Built target simple_publisher
[5.298s] [ 33%] Built target simple_parameter
[5.315s] [ 58%] Built target simple_turtlesim_kinematics
[5.318s] [ 66%] Built target simple_subscriber
[5.411s] [35m[1mConsolidate compiler generated dependencies of target simple_tf_kinematics[0m
[5.453s] [ 75%] [32mBuilding CXX object CMakeFiles/simple_service_server.dir/src/simple_service_server.cpp.o[0m
[5.658s] [ 91%] Built target simple_tf_kinematics
[11.700s] [01m[K/media/david/Storage/David/Research/Github/ROS/ROS2/src/bumperbot_cpp_examples/src/simple_service_server.cpp:21:25:[m[K [01;31m[Kerror: [m[K‘[01m[Kstd[m[K’ is not a type
[11.700s]    21 |                         [01;31m[Kstd[m[K:shared_ptr<bumperbot_msgs::srv::AddTwoInts::Reponse> res)
[11.701s]       |                         [01;31m[K^~~[m[K
[11.701s] [01m[K/media/david/Storage/David/Research/Github/ROS/ROS2/src/bumperbot_cpp_examples/src/simple_service_server.cpp:21:28:[m[K [01;31m[Kerror: [m[Kexpected ‘[01m[K,[m[K’ or ‘[01m[K...[m[K’ before ‘[01m[K:[m[K’ token
[11.702s]    21 |                         std[01;31m[K:[m[Kshared_ptr<bumperbot_msgs::srv::AddTwoInts::Reponse> res)
[11.702s]       |                            [01;31m[K^[m[K
[11.714s] [01m[K/media/david/Storage/David/Research/Github/ROS/ROS2/src/bumperbot_cpp_examples/src/simple_service_server.cpp:[m[K In constructor ‘[01m[KSimpleServiceServer::SimpleServiceServer()[m[K’:
[11.714s] [01m[K/media/david/Storage/David/Research/Github/ROS/ROS2/src/bumperbot_cpp_examples/src/simple_service_server.cpp:15:5:[m[K [01;31m[Kerror: [m[Kexpected ‘[01m[K;[m[K’ before ‘[01m[K}[m[K’ token
[11.714s]    15 |     [01;31m[K}[m[K
[11.715s]       |     [01;31m[K^[m[K
[11.735s] [01m[K/media/david/Storage/David/Research/Github/ROS/ROS2/src/bumperbot_cpp_examples/src/simple_service_server.cpp:[m[K In member function ‘[01m[Kvoid SimpleServiceServer::serviceCallback(std::shared_ptr<bumperbot_msgs::srv::AddTwoInts_Request_<std::allocator<void> > >, int)[m[K’:
[11.736s] [01m[K/media/david/Storage/David/Research/Github/ROS/ROS2/src/bumperbot_cpp_examples/src/simple_service_server.cpp:24:16:[m[K [01;35m[Kwarning: [m[Kvalue computed is not used [[01;35m[K]8;;https://gcc.gnu.org/onlinedocs/gcc/Warning-Options.html#index-Wunused-value-Wunused-value]8;;[m[K]
[11.736s]    24 |         [01;35m[Kreq->a + req->b[m[K;
[11.737s]       |         [01;35m[K~~~~~~~^~~~~~~~[m[K
[11.741s] In file included from [01m[K/opt/ros/humble/include/rclcpp/rclcpp/client.hpp:40[m[K,
[11.742s]                  from [01m[K/opt/ros/humble/include/rclcpp/rclcpp/callback_group.hpp:24[m[K,
[11.742s]                  from [01m[K/opt/ros/humble/include/rclcpp/rclcpp/any_executable.hpp:20[m[K,
[11.742s]                  from [01m[K/opt/ros/humble/include/rclcpp/rclcpp/memory_strategy.hpp:25[m[K,
[11.742s]                  from [01m[K/opt/ros/humble/include/rclcpp/rclcpp/memory_strategies.hpp:18[m[K,
[11.743s]                  from [01m[K/opt/ros/humble/include/rclcpp/rclcpp/executor_options.hpp:20[m[K,
[11.743s]                  from [01m[K/opt/ros/humble/include/rclcpp/rclcpp/executor.hpp:37[m[K,
[11.743s]                  from [01m[K/opt/ros/humble/include/rclcpp/rclcpp/executors/multi_threaded_executor.hpp:25[m[K,
[11.744s]                  from [01m[K/opt/ros/humble/include/rclcpp/rclcpp/executors.hpp:21[m[K,
[11.746s]                  from [01m[K/opt/ros/humble/include/rclcpp/rclcpp/rclcpp.hpp:155[m[K,
[11.747s]                  from [01m[K/media/david/Storage/David/Research/Github/ROS/ROS2/src/bumperbot_cpp_examples/src/simple_service_server.cpp:1[m[K:
[11.747s] [01m[K/media/david/Storage/David/Research/Github/ROS/ROS2/src/bumperbot_cpp_examples/src/simple_service_server.cpp:25:62:[m[K [01;31m[Kerror: [m[K‘[01m[Kres[m[K’ was not declared in this scope; did you mean ‘[01m[Kreq[m[K’?
[11.748s]    25 |         RCLCPP_INFO_STREAM(get_logger(), "Response sum: " << [01;31m[Kres[m[K->sum);
[11.748s]       |                                                              [01;31m[K^~~[m[K
[12.235s] In file included from [01m[K/opt/ros/humble/include/rclcpp/rclcpp/service.hpp:36[m[K,
[12.235s]                  from [01m[K/opt/ros/humble/include/rclcpp/rclcpp/callback_group.hpp:28[m[K,
[12.236s]                  from [01m[K/opt/ros/humble/include/rclcpp/rclcpp/any_executable.hpp:20[m[K,
[12.236s]                  from [01m[K/opt/ros/humble/include/rclcpp/rclcpp/memory_strategy.hpp:25[m[K,
[12.237s]                  from [01m[K/opt/ros/humble/include/rclcpp/rclcpp/memory_strategies.hpp:18[m[K,
[12.237s]                  from [01m[K/opt/ros/humble/include/rclcpp/rclcpp/executor_options.hpp:20[m[K,
[12.237s]                  from [01m[K/opt/ros/humble/include/rclcpp/rclcpp/executor.hpp:37[m[K,
[12.238s]                  from [01m[K/opt/ros/humble/include/rclcpp/rclcpp/executors/multi_threaded_executor.hpp:25[m[K,
[12.238s]                  from [01m[K/opt/ros/humble/include/rclcpp/rclcpp/executors.hpp:21[m[K,
[12.238s]                  from [01m[K/opt/ros/humble/include/rclcpp/rclcpp/rclcpp.hpp:155[m[K,
[12.239s]                  from [01m[K/media/david/Storage/David/Research/Github/ROS/ROS2/src/bumperbot_cpp_examples/src/simple_service_server.cpp:1[m[K:
[12.239s] /opt/ros/humble/include/rclcpp/rclcpp/any_service_callback.hpp: In instantiation of ‘[01m[Kvoid rclcpp::AnyServiceCallback<ServiceT>::set(CallbackT&&) [with CallbackT = std::_Bind<void (SimpleServiceServer::*(SimpleServiceServer*, std::_Placeholder<1>, std::_Placeholder<2>))(std::shared_ptr<bumperbot_msgs::srv::AddTwoInts_Request_<std::allocator<void> > >, int)>; typename std::enable_if<(! rclcpp::detail::can_be_nullptr<CallbackT>::value), int>::type <anonymous> = 0; ServiceT = bumperbot_msgs::srv::AddTwoInts][m[K’:
[12.239s] [01m[K/opt/ros/humble/include/rclcpp/rclcpp/create_service.hpp:43:27:[m[K   required from ‘[01m[Ktypename rclcpp::Service<ServiceT>::SharedPtr rclcpp::create_service(std::shared_ptr<rclcpp::node_interfaces::NodeBaseInterface>, std::shared_ptr<rclcpp::node_interfaces::NodeServicesInterface>, const string&, CallbackT&&, const rmw_qos_profile_t&, rclcpp::CallbackGroup::SharedPtr) [with ServiceT = bumperbot_msgs::srv::AddTwoInts; CallbackT = std::_Bind<void (SimpleServiceServer::*(SimpleServiceServer*, std::_Placeholder<1>, std::_Placeholder<2>))(std::shared_ptr<bumperbot_msgs::srv::AddTwoInts_Request_<std::allocator<void> > >, int)>; typename rclcpp::Service<ServiceT>::SharedPtr = std::shared_ptr<rclcpp::Service<bumperbot_msgs::srv::AddTwoInts> >; std::string = std::__cxx11::basic_string<char>; rmw_qos_profile_t = rmw_qos_profile_s; rclcpp::CallbackGroup::SharedPtr = std::shared_ptr<rclcpp::CallbackGroup>][m[K’
[12.239s] [01m[K/opt/ros/humble/include/rclcpp/rclcpp/node_impl.hpp:147:53:[m[K   required from ‘[01m[Ktypename rclcpp::Service<ServiceT>::SharedPtr rclcpp::Node::create_service(const string&, CallbackT&&, const rmw_qos_profile_t&, rclcpp::CallbackGroup::SharedPtr) [with ServiceT = bumperbot_msgs::srv::AddTwoInts; CallbackT = std::_Bind<void (SimpleServiceServer::*(SimpleServiceServer*, std::_Placeholder<1>, std::_Placeholder<2>))(std::shared_ptr<bumperbot_msgs::srv::AddTwoInts_Request_<std::allocator<void> > >, int)>; typename rclcpp::Service<ServiceT>::SharedPtr = std::shared_ptr<rclcpp::Service<bumperbot_msgs::srv::AddTwoInts> >; std::string = std::__cxx11::basic_string<char>; rmw_qos_profile_t = rmw_qos_profile_s; rclcpp::CallbackGroup::SharedPtr = std::shared_ptr<rclcpp::CallbackGroup>][m[K’
[12.240s] [01m[K/media/david/Storage/David/Research/Github/ROS/ROS2/src/bumperbot_cpp_examples/src/simple_service_server.cpp:11:67:[m[K   required from here
[12.240s] [01m[K/opt/ros/humble/include/rclcpp/rclcpp/any_service_callback.hpp:103:17:[m[K [01;31m[Kerror: [m[Kno match for ‘[01m[Koperator=[m[K’ (operand types are ‘[01m[Kstd::variant<std::monostate, std::function<void(std::shared_ptr<bumperbot_msgs::srv::AddTwoInts_Request_<std::allocator<void> > >, std::shared_ptr<bumperbot_msgs::srv::AddTwoInts_Response_<std::allocator<void> > >)>, std::function<void(std::shared_ptr<rmw_request_id_s>, std::shared_ptr<bumperbot_msgs::srv::AddTwoInts_Request_<std::allocator<void> > >, std::shared_ptr<bumperbot_msgs::srv::AddTwoInts_Response_<std::allocator<void> > >)>, std::function<void(std::shared_ptr<rmw_request_id_s>, std::shared_ptr<bumperbot_msgs::srv::AddTwoInts_Request_<std::allocator<void> > >)>, std::function<void(std::shared_ptr<rclcpp::Service<bumperbot_msgs::srv::AddTwoInts> >, std::shared_ptr<rmw_request_id_s>, std::shared_ptr<bumperbot_msgs::srv::AddTwoInts_Request_<std::allocator<void> > >)> >[m[K’ and ‘[01m[Kstd::_Bind<void (SimpleServiceServer::*(SimpleServiceServer*, std::_Placeholder<1>, std::_Placeholder<2>))(std::shared_ptr<bumperbot_msgs::srv::AddTwoInts_Request_<std::allocator<void> > >, int)>[m[K’)
[12.240s]   103 |       [01;31m[Kcallback_ = std::forward<CallbackT>(callback)[m[K;
[12.241s]       |       [01;31m[K~~~~~~~~~~^~~~~~~~~~~~~~~~~~~~~~~~~~~~~~~~~~~[m[K
[12.241s] In file included from [01m[K/opt/ros/humble/include/rclcpp/rclcpp/client.hpp:28[m[K,
[12.241s]                  from [01m[K/opt/ros/humble/include/rclcpp/rclcpp/callback_group.hpp:24[m[K,
[12.242s]                  from [01m[K/opt/ros/humble/include/rclcpp/rclcpp/any_executable.hpp:20[m[K,
[12.242s]                  from [01m[K/opt/ros/humble/include/rclcpp/rclcpp/memory_strategy.hpp:25[m[K,
[12.242s]                  from [01m[K/opt/ros/humble/include/rclcpp/rclcpp/memory_strategies.hpp:18[m[K,
[12.243s]                  from [01m[K/opt/ros/humble/include/rclcpp/rclcpp/executor_options.hpp:20[m[K,
[12.243s]                  from [01m[K/opt/ros/humble/include/rclcpp/rclcpp/executor.hpp:37[m[K,
[12.243s]                  from [01m[K/opt/ros/humble/include/rclcpp/rclcpp/executors/multi_threaded_executor.hpp:25[m[K,
[12.244s]                  from [01m[K/opt/ros/humble/include/rclcpp/rclcpp/executors.hpp:21[m[K,
[12.244s]                  from [01m[K/opt/ros/humble/include/rclcpp/rclcpp/rclcpp.hpp:155[m[K,
[12.244s]                  from [01m[K/media/david/Storage/David/Research/Github/ROS/ROS2/src/bumperbot_cpp_examples/src/simple_service_server.cpp:1[m[K:
[12.245s] [01m[K/usr/include/c++/11/variant:1461:9:[m[K [01;36m[Knote: [m[Kcandidate: ‘[01m[Ktemplate<class _Tp> std::enable_if_t<((__exactly_once<std::variant<_Types>::__accepted_type<_Tp&&, typename std::enable_if<__not_self<_Tp&&>, void>::type> > && is_constructible_v<std::variant<_Types>::__accepted_type<_Tp&&, typename std::enable_if<__not_self<_Tp&&>, void>::type>, _Tp>) && is_assignable_v<std::variant<_Types>::__accepted_type<_Tp&&, typename std::enable_if<__not_self<_Tp&&>, void>::type>&, _Tp>), std::variant<_Types>&> std::variant<_Types>::operator=(_Tp&&) [with _Tp = _Tp; _Types = {std::monostate, std::function<void(std::shared_ptr<bumperbot_msgs::srv::AddTwoInts_Request_<std::allocator<void> > >, std::shared_ptr<bumperbot_msgs::srv::AddTwoInts_Response_<std::allocator<void> > >)>, std::function<void(std::shared_ptr<rmw_request_id_s>, std::shared_ptr<bumperbot_msgs::srv::AddTwoInts_Request_<std::allocator<void> > >, std::shared_ptr<bumperbot_msgs::srv::AddTwoInts_Response_<std::allocator<void> > >)>, std::function<void(std::shared_ptr<rmw_request_id_s>, std::shared_ptr<bumperbot_msgs::srv::AddTwoInts_Request_<std::allocator<void> > >)>, std::function<void(std::shared_ptr<rclcpp::Service<bumperbot_msgs::srv::AddTwoInts> >, std::shared_ptr<rmw_request_id_s>, std::shared_ptr<bumperbot_msgs::srv::AddTwoInts_Request_<std::allocator<void> > >)>}][m[K’
[12.245s]  1461 |         [01;36m[Koperator[m[K=(_Tp&& __rhs)
[12.245s]       |         [01;36m[K^~~~~~~~[m[K
[12.246s] [01m[K/usr/include/c++/11/variant:1461:9:[m[K [01;36m[Knote: [m[K  template argument deduction/substitution failed:
[12.246s] /usr/include/c++/11/variant: In substitution of ‘[01m[Ktemplate<class ... _Types> template<class _Tp, class> using __accepted_type = std::variant<_Types>::__to_type<__accepted_index<_Tp> > [with _Tp = std::_Bind<void (SimpleServiceServer::*(SimpleServiceServer*, std::_Placeholder<1>, std::_Placeholder<2>))(std::shared_ptr<bumperbot_msgs::srv::AddTwoInts_Request_<std::allocator<void> > >, int)>&&; <template-parameter-2-2> = void; _Types = {std::monostate, std::function<void(std::shared_ptr<bumperbot_msgs::srv::AddTwoInts_Request_<std::allocator<void> > >, std::shared_ptr<bumperbot_msgs::srv::AddTwoInts_Response_<std::allocator<void> > >)>, std::function<void(std::shared_ptr<rmw_request_id_s>, std::shared_ptr<bumperbot_msgs::srv::AddTwoInts_Request_<std::allocator<void> > >, std::shared_ptr<bumperbot_msgs::srv::AddTwoInts_Response_<std::allocator<void> > >)>, std::function<void(std::shared_ptr<rmw_request_id_s>, std::shared_ptr<bumperbot_msgs::srv::AddTwoInts_Request_<std::allocator<void> > >)>, std::function<void(std::shared_ptr<rclcpp::Service<bumperbot_msgs::srv::AddTwoInts> >, std::shared_ptr<rmw_request_id_s>, std::shared_ptr<bumperbot_msgs::srv::AddTwoInts_Request_<std::allocator<void> > >)>}][m[K’:
[12.246s] [01m[K/usr/include/c++/11/variant:1457:14:[m[K   required by substitution of ‘[01m[Ktemplate<class _Tp> std::enable_if_t<((__exactly_once<std::variant<std::monostate, std::function<void(std::shared_ptr<bumperbot_msgs::srv::AddTwoInts_Request_<std::allocator<void> > >, std::shared_ptr<bumperbot_msgs::srv::AddTwoInts_Response_<std::allocator<void> > >)>, std::function<void(std::shared_ptr<rmw_request_id_s>, std::shared_ptr<bumperbot_msgs::srv::AddTwoInts_Request_<std::allocator<void> > >, std::shared_ptr<bumperbot_msgs::srv::AddTwoInts_Response_<std::allocator<void> > >)>, std::function<void(std::shared_ptr<rmw_request_id_s>, std::shared_ptr<bumperbot_msgs::srv::AddTwoInts_Request_<std::allocator<void> > >)>, std::function<void(std::shared_ptr<rclcpp::Service<bumperbot_msgs::srv::AddTwoInts> >, std::shared_ptr<rmw_request_id_s>, std::shared_ptr<bumperbot_msgs::srv::AddTwoInts_Request_<std::allocator<void> > >)> >::__accepted_type<_Tp&&, typename std::enable_if<__not_self<_Tp&&>, void>::type> > && is_constructible_v<std::variant<std::monostate, std::function<void(std::shared_ptr<bumperbot_msgs::srv::AddTwoInts_Request_<std::allocator<void> > >, std::shared_ptr<bumperbot_msgs::srv::AddTwoInts_Response_<std::allocator<void> > >)>, std::function<void(std::shared_ptr<rmw_request_id_s>, std::shared_ptr<bumperbot_msgs::srv::AddTwoInts_Request_<std::allocator<void> > >, std::shared_ptr<bumperbot_msgs::srv::AddTwoInts_Response_<std::allocator<void> > >)>, std::function<void(std::shared_ptr<rmw_request_id_s>, std::shared_ptr<bumperbot_msgs::srv::AddTwoInts_Request_<std::allocator<void> > >)>, std::function<void(std::shared_ptr<rclcpp::Service<bumperbot_msgs::srv::AddTwoInts> >, std::shared_ptr<rmw_request_id_s>, std::shared_ptr<bumperbot_msgs::srv::AddTwoInts_Request_<std::allocator<void> > >)> >::__accepted_type<_Tp&&, typename std::enable_if<__not_self<_Tp&&>, void>::type>, _Tp>) && is_assignable_v<std::variant<std::monostate, std::function<void(std::shared_ptr<bumperbot_msgs::srv::AddTwoInts_Request_<std::allocator<void> > >, std::shared_ptr<bumperbot_msgs::srv::AddTwoInts_Response_<std::allocator<void> > >)>, std::function<void(std::shared_ptr<rmw_request_id_s>, std::shared_ptr<bumperbot_msgs::srv::AddTwoInts_Request_<std::allocator<void> > >, std::shared_ptr<bumperbot_msgs::srv::AddTwoInts_Response_<std::allocator<void> > >)>, std::function<void(std::shared_ptr<rmw_request_id_s>, std::shared_ptr<bumperbot_msgs::srv::AddTwoInts_Request_<std::allocator<void> > >)>, std::function<void(std::shared_ptr<rclcpp::Service<bumperbot_msgs::srv::AddTwoInts> >, std::shared_ptr<rmw_request_id_s>, std::shared_ptr<bumperbot_msgs::srv::AddTwoInts_Request_<std::allocator<void> > >)> >::__accepted_type<_Tp&&, typename std::enable_if<__not_self<_Tp&&>, void>::type>&, _Tp>), std::variant<std::monostate, std::function<void(std::shared_ptr<bumperbot_msgs::srv::AddTwoInts_Request_<std::allocator<void> > >, std::shared_ptr<bumperbot_msgs::srv::AddTwoInts_Response_<std::allocator<void> > >)>, std::function<void(std::shared_ptr<rmw_request_id_s>, std::shared_ptr<bumperbot_msgs::srv::AddTwoInts_Request_<std::allocator<void> > >, std::shared_ptr<bumperbot_msgs::srv::AddTwoInts_Response_<std::allocator<void> > >)>, std::function<void(std::shared_ptr<rmw_request_id_s>, std::shared_ptr<bumperbot_msgs::srv::AddTwoInts_Request_<std::allocator<void> > >)>, std::function<void(std::shared_ptr<rclcpp::Service<bumperbot_msgs::srv::AddTwoInts> >, std::shared_ptr<rmw_request_id_s>, std::shared_ptr<bumperbot_msgs::srv::AddTwoInts_Request_<std::allocator<void> > >)> >&> std::variant<std::monostate, std::function<void(std::shared_ptr<bumperbot_msgs::srv::AddTwoInts_Request_<std::allocator<void> > >, std::shared_ptr<bumperbot_msgs::srv::AddTwoInts_Response_<std::allocator<void> > >)>, std::function<void(std::shared_ptr<rmw_request_id_s>, std::shared_ptr<bumperbot_msgs::srv::AddTwoInts_Request_<std::allocator<void> > >, std::shared_ptr<bumperbot_msgs::srv::AddTwoInts_Response_<std::allocator<void> > >)>, std::function<void(std::shared_ptr<rmw_request_id_s>, std::shared_ptr<bumperbot_msgs::srv::AddTwoInts_Request_<std::allocator<void> > >)>, std::function<void(std::shared_ptr<rclcpp::Service<bumperbot_msgs::srv::AddTwoInts> >, std::shared_ptr<rmw_request_id_s>, std::shared_ptr<bumperbot_msgs::srv::AddTwoInts_Request_<std::allocator<void> > >)> >::operator=<_Tp>(_Tp&&) [with _Tp = std::_Bind<void (SimpleServiceServer::*(SimpleServiceServer*, std::_Placeholder<1>, std::_Placeholder<2>))(std::shared_ptr<bumperbot_msgs::srv::AddTwoInts_Request_<std::allocator<void> > >, int)>][m[K’
[12.247s] [01m[K/opt/ros/humble/include/rclcpp/rclcpp/any_service_callback.hpp:103:17:[m[K   required from ‘[01m[Kvoid rclcpp::AnyServiceCallback<ServiceT>::set(CallbackT&&) [with CallbackT = std::_Bind<void (SimpleServiceServer::*(SimpleServiceServer*, std::_Placeholder<1>, std::_Placeholder<2>))(std::shared_ptr<bumperbot_msgs::srv::AddTwoInts_Request_<std::allocator<void> > >, int)>; typename std::enable_if<(! rclcpp::detail::can_be_nullptr<CallbackT>::value), int>::type <anonymous> = 0; ServiceT = bumperbot_msgs::srv::AddTwoInts][m[K’
[12.247s] [01m[K/opt/ros/humble/include/rclcpp/rclcpp/create_service.hpp:43:27:[m[K   required from ‘[01m[Ktypename rclcpp::Service<ServiceT>::SharedPtr rclcpp::create_service(std::shared_ptr<rclcpp::node_interfaces::NodeBaseInterface>, std::shared_ptr<rclcpp::node_interfaces::NodeServicesInterface>, const string&, CallbackT&&, const rmw_qos_profile_t&, rclcpp::CallbackGroup::SharedPtr) [with ServiceT = bumperbot_msgs::srv::AddTwoInts; CallbackT = std::_Bind<void (SimpleServiceServer::*(SimpleServiceServer*, std::_Placeholder<1>, std::_Placeholder<2>))(std::shared_ptr<bumperbot_msgs::srv::AddTwoInts_Request_<std::allocator<void> > >, int)>; typename rclcpp::Service<ServiceT>::SharedPtr = std::shared_ptr<rclcpp::Service<bumperbot_msgs::srv::AddTwoInts> >; std::string = std::__cxx11::basic_string<char>; rmw_qos_profile_t = rmw_qos_profile_s; rclcpp::CallbackGroup::SharedPtr = std::shared_ptr<rclcpp::CallbackGroup>][m[K’
[12.248s] [01m[K/opt/ros/humble/include/rclcpp/rclcpp/node_impl.hpp:147:53:[m[K   required from ‘[01m[Ktypename rclcpp::Service<ServiceT>::SharedPtr rclcpp::Node::create_service(const string&, CallbackT&&, const rmw_qos_profile_t&, rclcpp::CallbackGroup::SharedPtr) [with ServiceT = bumperbot_msgs::srv::AddTwoInts; CallbackT = std::_Bind<void (SimpleServiceServer::*(SimpleServiceServer*, std::_Placeholder<1>, std::_Placeholder<2>))(std::shared_ptr<bumperbot_msgs::srv::AddTwoInts_Request_<std::allocator<void> > >, int)>; typename rclcpp::Service<ServiceT>::SharedPtr = std::shared_ptr<rclcpp::Service<bumperbot_msgs::srv::AddTwoInts> >; std::string = std::__cxx11::basic_string<char>; rmw_qos_profile_t = rmw_qos_profile_s; rclcpp::CallbackGroup::SharedPtr = std::shared_ptr<rclcpp::CallbackGroup>][m[K’
[12.248s] [01m[K/media/david/Storage/David/Research/Github/ROS/ROS2/src/bumperbot_cpp_examples/src/simple_service_server.cpp:11:67:[m[K   required from here
[12.248s] [01m[K/usr/include/c++/11/variant:1375:15:[m[K [01;31m[Kerror: [m[Kno type named ‘[01m[Ktype[m[K’ in ‘[01m[Kstruct std::enable_if<false, void>[m[K’
[12.248s]  1375 |         using [01;31m[K__accepted_type[m[K = __to_type<__accepted_index<_Tp>>;
[12.249s]       |               [01;31m[K^~~~~~~~~~~~~~~[m[K
[12.249s] /opt/ros/humble/include/rclcpp/rclcpp/any_service_callback.hpp: In instantiation of ‘[01m[Kvoid rclcpp::AnyServiceCallback<ServiceT>::set(CallbackT&&) [with CallbackT = std::_Bind<void (SimpleServiceServer::*(SimpleServiceServer*, std::_Placeholder<1>, std::_Placeholder<2>))(std::shared_ptr<bumperbot_msgs::srv::AddTwoInts_Request_<std::allocator<void> > >, int)>; typename std::enable_if<(! rclcpp::detail::can_be_nullptr<CallbackT>::value), int>::type <anonymous> = 0; ServiceT = bumperbot_msgs::srv::AddTwoInts][m[K’:
[12.249s] [01m[K/opt/ros/humble/include/rclcpp/rclcpp/create_service.hpp:43:27:[m[K   required from ‘[01m[Ktypename rclcpp::Service<ServiceT>::SharedPtr rclcpp::create_service(std::shared_ptr<rclcpp::node_interfaces::NodeBaseInterface>, std::shared_ptr<rclcpp::node_interfaces::NodeServicesInterface>, const string&, CallbackT&&, const rmw_qos_profile_t&, rclcpp::CallbackGroup::SharedPtr) [with ServiceT = bumperbot_msgs::srv::AddTwoInts; CallbackT = std::_Bind<void (SimpleServiceServer::*(SimpleServiceServer*, std::_Placeholder<1>, std::_Placeholder<2>))(std::shared_ptr<bumperbot_msgs::srv::AddTwoInts_Request_<std::allocator<void> > >, int)>; typename rclcpp::Service<ServiceT>::SharedPtr = std::shared_ptr<rclcpp::Service<bumperbot_msgs::srv::AddTwoInts> >; std::string = std::__cxx11::basic_string<char>; rmw_qos_profile_t = rmw_qos_profile_s; rclcpp::CallbackGroup::SharedPtr = std::shared_ptr<rclcpp::CallbackGroup>][m[K’
[12.250s] [01m[K/opt/ros/humble/include/rclcpp/rclcpp/node_impl.hpp:147:53:[m[K   required from ‘[01m[Ktypename rclcpp::Service<ServiceT>::SharedPtr rclcpp::Node::create_service(const string&, CallbackT&&, const rmw_qos_profile_t&, rclcpp::CallbackGroup::SharedPtr) [with ServiceT = bumperbot_msgs::srv::AddTwoInts; CallbackT = std::_Bind<void (SimpleServiceServer::*(SimpleServiceServer*, std::_Placeholder<1>, std::_Placeholder<2>))(std::shared_ptr<bumperbot_msgs::srv::AddTwoInts_Request_<std::allocator<void> > >, int)>; typename rclcpp::Service<ServiceT>::SharedPtr = std::shared_ptr<rclcpp::Service<bumperbot_msgs::srv::AddTwoInts> >; std::string = std::__cxx11::basic_string<char>; rmw_qos_profile_t = rmw_qos_profile_s; rclcpp::CallbackGroup::SharedPtr = std::shared_ptr<rclcpp::CallbackGroup>][m[K’
[12.250s] [01m[K/media/david/Storage/David/Research/Github/ROS/ROS2/src/bumperbot_cpp_examples/src/simple_service_server.cpp:11:67:[m[K   required from here
[12.250s] [01m[K/usr/include/c++/11/variant:1398:16:[m[K [01;36m[Knote: [m[Kcandidate: ‘[01m[Kstd::variant<_Types>& std::variant<_Types>::operator=(const std::variant<_Types>&) [with _Types = {std::monostate, std::function<void(std::shared_ptr<bumperbot_msgs::srv::AddTwoInts_Request_<std::allocator<void> > >, std::shared_ptr<bumperbot_msgs::srv::AddTwoInts_Response_<std::allocator<void> > >)>, std::function<void(std::shared_ptr<rmw_request_id_s>, std::shared_ptr<bumperbot_msgs::srv::AddTwoInts_Request_<std::allocator<void> > >, std::shared_ptr<bumperbot_msgs::srv::AddTwoInts_Response_<std::allocator<void> > >)>, std::function<void(std::shared_ptr<rmw_request_id_s>, std::shared_ptr<bumperbot_msgs::srv::AddTwoInts_Request_<std::allocator<void> > >)>, std::function<void(std::shared_ptr<rclcpp::Service<bumperbot_msgs::srv::AddTwoInts> >, std::shared_ptr<rmw_request_id_s>, std::shared_ptr<bumperbot_msgs::srv::AddTwoInts_Request_<std::allocator<void> > >)>}][m[K’
[12.251s]  1398 |       variant& [01;36m[Koperator[m[K=(const variant&) = default;
[12.251s]       |                [01;36m[K^~~~~~~~[m[K
[12.251s] [01m[K/usr/include/c++/11/variant:1398:26:[m[K [01;36m[Knote: [m[K  no known conversion for argument 1 from ‘[01m[Kstd::_Bind<void (SimpleServiceServer::*(SimpleServiceServer*, std::_Placeholder<1>, std::_Placeholder<2>))(std::shared_ptr<bumperbot_msgs::srv::AddTwoInts_Request_<std::allocator<void> > >, int)>[m[K’ to ‘[01m[Kconst std::variant<std::monostate, std::function<void(std::shared_ptr<bumperbot_msgs::srv::AddTwoInts_Request_<std::allocator<void> > >, std::shared_ptr<bumperbot_msgs::srv::AddTwoInts_Response_<std::allocator<void> > >)>, std::function<void(std::shared_ptr<rmw_request_id_s>, std::shared_ptr<bumperbot_msgs::srv::AddTwoInts_Request_<std::allocator<void> > >, std::shared_ptr<bumperbot_msgs::srv::AddTwoInts_Response_<std::allocator<void> > >)>, std::function<void(std::shared_ptr<rmw_request_id_s>, std::shared_ptr<bumperbot_msgs::srv::AddTwoInts_Request_<std::allocator<void> > >)>, std::function<void(std::shared_ptr<rclcpp::Service<bumperbot_msgs::srv::AddTwoInts> >, std::shared_ptr<rmw_request_id_s>, std::shared_ptr<bumperbot_msgs::srv::AddTwoInts_Request_<std::allocator<void> > >)> >&[m[K’
[12.254s]  1398 |       variant& operator=([01;36m[Kconst variant&[m[K) = default;
[12.255s]       |                          [01;36m[K^~~~~~~~~~~~~~[m[K
[12.256s] [01m[K/usr/include/c++/11/variant:1399:16:[m[K [01;36m[Knote: [m[Kcandidate: ‘[01m[Kstd::variant<_Types>& std::variant<_Types>::operator=(std::variant<_Types>&&) [with _Types = {std::monostate, std::function<void(std::shared_ptr<bumperbot_msgs::srv::AddTwoInts_Request_<std::allocator<void> > >, std::shared_ptr<bumperbot_msgs::srv::AddTwoInts_Response_<std::allocator<void> > >)>, std::function<void(std::shared_ptr<rmw_request_id_s>, std::shared_ptr<bumperbot_msgs::srv::AddTwoInts_Request_<std::allocator<void> > >, std::shared_ptr<bumperbot_msgs::srv::AddTwoInts_Response_<std::allocator<void> > >)>, std::function<void(std::shared_ptr<rmw_request_id_s>, std::shared_ptr<bumperbot_msgs::srv::AddTwoInts_Request_<std::allocator<void> > >)>, std::function<void(std::shared_ptr<rclcpp::Service<bumperbot_msgs::srv::AddTwoInts> >, std::shared_ptr<rmw_request_id_s>, std::shared_ptr<bumperbot_msgs::srv::AddTwoInts_Request_<std::allocator<void> > >)>}][m[K’
[12.256s]  1399 |       variant& [01;36m[Koperator[m[K=(variant&&) = default;
[12.257s]       |                [01;36m[K^~~~~~~~[m[K
[12.257s] [01m[K/usr/include/c++/11/variant:1399:26:[m[K [01;36m[Knote: [m[K  no known conversion for argument 1 from ‘[01m[Kstd::_Bind<void (SimpleServiceServer::*(SimpleServiceServer*, std::_Placeholder<1>, std::_Placeholder<2>))(std::shared_ptr<bumperbot_msgs::srv::AddTwoInts_Request_<std::allocator<void> > >, int)>[m[K’ to ‘[01m[Kstd::variant<std::monostate, std::function<void(std::shared_ptr<bumperbot_msgs::srv::AddTwoInts_Request_<std::allocator<void> > >, std::shared_ptr<bumperbot_msgs::srv::AddTwoInts_Response_<std::allocator<void> > >)>, std::function<void(std::shared_ptr<rmw_request_id_s>, std::shared_ptr<bumperbot_msgs::srv::AddTwoInts_Request_<std::allocator<void> > >, std::shared_ptr<bumperbot_msgs::srv::AddTwoInts_Response_<std::allocator<void> > >)>, std::function<void(std::shared_ptr<rmw_request_id_s>, std::shared_ptr<bumperbot_msgs::srv::AddTwoInts_Request_<std::allocator<void> > >)>, std::function<void(std::shared_ptr<rclcpp::Service<bumperbot_msgs::srv::AddTwoInts> >, std::shared_ptr<rmw_request_id_s>, std::shared_ptr<bumperbot_msgs::srv::AddTwoInts_Request_<std::allocator<void> > >)> >&&[m[K’
[12.258s]  1399 |       variant& operator=([01;36m[Kvariant&&[m[K) = default;
[12.259s]       |                          [01;36m[K^~~~~~~~~[m[K
[12.771s] gmake[2]: *** [CMakeFiles/simple_service_server.dir/build.make:76: CMakeFiles/simple_service_server.dir/src/simple_service_server.cpp.o] Error 1
[12.772s] gmake[1]: *** [CMakeFiles/Makefile2:277: CMakeFiles/simple_service_server.dir/all] Error 2
[12.772s] gmake: *** [Makefile:146: all] Error 2
[12.775s] Invoked command in '/media/david/Storage/David/Research/Github/ROS/ROS2/build/bumperbot_cpp_examples' returned '2': AMENT_PREFIX_PATH=/media/david/Storage/David/Research/Github/ROS/ROS2/install/bumperbot_msgs:${AMENT_PREFIX_PATH} CMAKE_PREFIX_PATH=/media/david/Storage/David/Research/Github/ROS/ROS2/install/bumperbot_msgs:/opt/ros/humble LD_LIBRARY_PATH=/media/david/Storage/David/Research/Github/ROS/ROS2/install/bumperbot_msgs/lib:${LD_LIBRARY_PATH} PYTHONPATH=/media/david/Storage/David/Research/Github/ROS/ROS2/install/bumperbot_msgs/local/lib/python3.10/dist-packages:${PYTHONPATH} /usr/bin/cmake --build /media/david/Storage/David/Research/Github/ROS/ROS2/build/bumperbot_cpp_examples -- -j4 -l4
