[0.066s] Invoking command in '/media/david/Storage/David/Research/Github/ROS/ROS2/build/bumperbot_controller': CMAKE_PREFIX_PATH=${CMAKE_PREFIX_PATH}:/media/david/Storage/David/Research/Github/ROS/ROS2/install/bumperbot_py_examples:/opt/ros/humble /usr/bin/cmake --build /media/david/Storage/David/Research/Github/ROS/ROS2/build/bumperbot_controller -- -j4 -l4
[0.265s] [100%] Built target simple_controller
[0.335s] [100%] Built target ament_cmake_python_copy_bumperbot_controller
[1.192s] running egg_info
[1.194s] writing bumperbot_controller.egg-info/PKG-INFO
[1.196s] writing dependency_links to bumperbot_controller.egg-info/dependency_links.txt
[1.198s] writing top-level names to bumperbot_controller.egg-info/top_level.txt
[1.203s] reading manifest file 'bumperbot_controller.egg-info/SOURCES.txt'
[1.204s] writing manifest file 'bumperbot_controller.egg-info/SOURCES.txt'
[1.268s] [100%] Built target ament_cmake_python_build_bumperbot_controller_egg
[1.296s] Invoked command in '/media/david/Storage/David/Research/Github/ROS/ROS2/build/bumperbot_controller' returned '0': CMAKE_PREFIX_PATH=${CMAKE_PREFIX_PATH}:/media/david/Storage/David/Research/Github/ROS/ROS2/install/bumperbot_py_examples:/opt/ros/humble /usr/bin/cmake --build /media/david/Storage/David/Research/Github/ROS/ROS2/build/bumperbot_controller -- -j4 -l4
[1.546s] Invoking command in '/media/david/Storage/David/Research/Github/ROS/ROS2/build/bumperbot_controller': CMAKE_PREFIX_PATH=${CMAKE_PREFIX_PATH}:/media/david/Storage/David/Research/Github/ROS/ROS2/install/bumperbot_py_examples:/opt/ros/humble /usr/bin/cmake --install /media/david/Storage/David/Research/Github/ROS/ROS2/build/bumperbot_controller
[1.598s] -- Install configuration: ""
[1.606s] -- Up-to-date: /media/david/Storage/David/Research/Github/ROS/ROS2/install/bumperbot_controller/share/bumperbot_controller/environment/pythonpath.sh
[1.616s] -- Up-to-date: /media/david/Storage/David/Research/Github/ROS/ROS2/install/bumperbot_controller/share/bumperbot_controller/environment/pythonpath.dsv
[1.635s] -- Up-to-date: /media/david/Storage/David/Research/Github/ROS/ROS2/install/bumperbot_controller/local/lib/python3.10/dist-packages/bumperbot_controller-0.0.0-py3.10.egg-info
[1.636s] -- Installing: /media/david/Storage/David/Research/Github/ROS/ROS2/install/bumperbot_controller/local/lib/python3.10/dist-packages/bumperbot_controller-0.0.0-py3.10.egg-info/dependency_links.txt
[1.637s] -- Installing: /media/david/Storage/David/Research/Github/ROS/ROS2/install/bumperbot_controller/local/lib/python3.10/dist-packages/bumperbot_controller-0.0.0-py3.10.egg-info/PKG-INFO
[1.638s] -- Installing: /media/david/Storage/David/Research/Github/ROS/ROS2/install/bumperbot_controller/local/lib/python3.10/dist-packages/bumperbot_controller-0.0.0-py3.10.egg-info/SOURCES.txt
[1.638s] -- Installing: /media/david/Storage/David/Research/Github/ROS/ROS2/install/bumperbot_controller/local/lib/python3.10/dist-packages/bumperbot_controller-0.0.0-py3.10.egg-info/top_level.txt
[1.652s] -- Up-to-date: /media/david/Storage/David/Research/Github/ROS/ROS2/install/bumperbot_controller/local/lib/python3.10/dist-packages/bumperbot_controller
[1.653s] -- Up-to-date: /media/david/Storage/David/Research/Github/ROS/ROS2/install/bumperbot_controller/local/lib/python3.10/dist-packages/bumperbot_controller/simple_controller.py
[1.653s] -- Up-to-date: /media/david/Storage/David/Research/Github/ROS/ROS2/install/bumperbot_controller/local/lib/python3.10/dist-packages/bumperbot_controller/__init__.py
[1.955s] Listing '/media/david/Storage/David/Research/Github/ROS/ROS2/install/bumperbot_controller/local/lib/python3.10/dist-packages/bumperbot_controller'...
[1.973s] -- Up-to-date: /media/david/Storage/David/Research/Github/ROS/ROS2/install/bumperbot_controller/include/include
[1.976s] -- Up-to-date: /media/david/Storage/David/Research/Github/ROS/ROS2/install/bumperbot_controller/include/include/bumperbot_controller
[1.979s] -- Up-to-date: /media/david/Storage/David/Research/Github/ROS/ROS2/install/bumperbot_controller/include/include/bumperbot_controller/simple_controller.hpp
[1.984s] -- Up-to-date: /media/david/Storage/David/Research/Github/ROS/ROS2/install/bumperbot_controller/lib/bumperbot_controller/simple_controller
[1.989s] -- Up-to-date: /media/david/Storage/David/Research/Github/ROS/ROS2/install/bumperbot_controller/share/bumperbot_controller/launch
[1.991s] -- Up-to-date: /media/david/Storage/David/Research/Github/ROS/ROS2/install/bumperbot_controller/share/bumperbot_controller/launch/controller.launch.py
[1.994s] -- Up-to-date: /media/david/Storage/David/Research/Github/ROS/ROS2/install/bumperbot_controller/share/bumperbot_controller/launch/joystick_teleop.launch.py
[2.002s] -- Up-to-date: /media/david/Storage/David/Research/Github/ROS/ROS2/install/bumperbot_controller/share/bumperbot_controller/config
[2.009s] -- Up-to-date: /media/david/Storage/David/Research/Github/ROS/ROS2/install/bumperbot_controller/share/bumperbot_controller/config/bumperbot_controllers.yaml
[2.014s] -- Up-to-date: /media/david/Storage/David/Research/Github/ROS/ROS2/install/bumperbot_controller/share/bumperbot_controller/config/joy_config.yaml
[2.016s] -- Up-to-date: /media/david/Storage/David/Research/Github/ROS/ROS2/install/bumperbot_controller/share/bumperbot_controller/config/joy_teleop.yaml
[2.021s] -- Up-to-date: /media/david/Storage/David/Research/Github/ROS/ROS2/install/bumperbot_controller/lib/bumperbot_controller/simple_controller.py
[2.028s] -- Up-to-date: /media/david/Storage/David/Research/Github/ROS/ROS2/install/bumperbot_controller/share/ament_index/resource_index/package_run_dependencies/bumperbot_controller
[2.033s] -- Up-to-date: /media/david/Storage/David/Research/Github/ROS/ROS2/install/bumperbot_controller/share/ament_index/resource_index/parent_prefix_path/bumperbot_controller
[2.035s] -- Up-to-date: /media/david/Storage/David/Research/Github/ROS/ROS2/install/bumperbot_controller/share/bumperbot_controller/environment/ament_prefix_path.sh
[2.038s] -- Up-to-date: /media/david/Storage/David/Research/Github/ROS/ROS2/install/bumperbot_controller/share/bumperbot_controller/environment/ament_prefix_path.dsv
[2.040s] -- Up-to-date: /media/david/Storage/David/Research/Github/ROS/ROS2/install/bumperbot_controller/share/bumperbot_controller/environment/path.sh
[2.043s] -- Up-to-date: /media/david/Storage/David/Research/Github/ROS/ROS2/install/bumperbot_controller/share/bumperbot_controller/environment/path.dsv
[2.045s] -- Up-to-date: /media/david/Storage/David/Research/Github/ROS/ROS2/install/bumperbot_controller/share/bumperbot_controller/local_setup.bash
[2.048s] -- Up-to-date: /media/david/Storage/David/Research/Github/ROS/ROS2/install/bumperbot_controller/share/bumperbot_controller/local_setup.sh
[2.051s] -- Up-to-date: /media/david/Storage/David/Research/Github/ROS/ROS2/install/bumperbot_controller/share/bumperbot_controller/local_setup.zsh
[2.053s] -- Up-to-date: /media/david/Storage/David/Research/Github/ROS/ROS2/install/bumperbot_controller/share/bumperbot_controller/local_setup.dsv
[2.055s] -- Installing: /media/david/Storage/David/Research/Github/ROS/ROS2/install/bumperbot_controller/share/bumperbot_controller/package.dsv
[2.061s] -- Up-to-date: /media/david/Storage/David/Research/Github/ROS/ROS2/install/bumperbot_controller/share/ament_index/resource_index/packages/bumperbot_controller
[2.064s] -- Up-to-date: /media/david/Storage/David/Research/Github/ROS/ROS2/install/bumperbot_controller/share/bumperbot_controller/cmake/bumperbot_controllerConfig.cmake
[2.065s] -- Up-to-date: /media/david/Storage/David/Research/Github/ROS/ROS2/install/bumperbot_controller/share/bumperbot_controller/cmake/bumperbot_controllerConfig-version.cmake
[2.068s] -- Up-to-date: /media/david/Storage/David/Research/Github/ROS/ROS2/install/bumperbot_controller/share/bumperbot_controller/package.xml
[2.073s] Invoked command in '/media/david/Storage/David/Research/Github/ROS/ROS2/build/bumperbot_controller' returned '0': CMAKE_PREFIX_PATH=${CMAKE_PREFIX_PATH}:/media/david/Storage/David/Research/Github/ROS/ROS2/install/bumperbot_py_examples:/opt/ros/humble /usr/bin/cmake --install /media/david/Storage/David/Research/Github/ROS/ROS2/build/bumperbot_controller
