[0.047s] Invoking command in '/media/david/Storage/David/Research/Github/ROS/ROS2/build/bumperbot_cpp_examples': AMENT_PREFIX_PATH=/media/david/Storage/David/Research/Github/ROS/ROS2/install/bumperbot_msgs:${AMENT_PREFIX_PATH} CMAKE_PREFIX_PATH=/media/david/Storage/David/Research/Github/ROS/ROS2/install/bumperbot_msgs:/opt/ros/humble LD_LIBRARY_PATH=/media/david/Storage/David/Research/Github/ROS/ROS2/install/bumperbot_msgs/lib:${LD_LIBRARY_PATH} PYTHONPATH=/media/david/Storage/David/Research/Github/ROS/ROS2/install/bumperbot_msgs/local/lib/python3.10/dist-packages:${PYTHONPATH} /usr/bin/cmake --build /media/david/Storage/David/Research/Github/ROS/ROS2/build/bumperbot_cpp_examples -- -j4 -l4
[0.372s] [ 16%] Built target simple_parameter
[0.404s] [ 33%] Built target simple_subscriber
[0.463s] [ 50%] Built target simple_turtlesim_kinematics
[0.493s] [ 66%] Built target simple_publisher
[0.518s] [35m[1mConsolidate compiler generated dependencies of target simple_service_server[0m
[0.603s] [ 83%] Built target simple_tf_kinematics
[0.774s] [ 91%] [32mBuilding CXX object CMakeFiles/simple_service_server.dir/src/simple_service_server.cpp.o[0m
[6.342s] [01m[K/media/david/Storage/David/Research/Github/ROS/ROS2/src/bumperbot_cpp_examples/src/simple_service_server.cpp:[m[K In constructor ‘[01m[KSimpleServiceServer::SimpleServiceServer()[m[K’:
[6.342s] [01m[K/media/david/Storage/David/Research/Github/ROS/ROS2/src/bumperbot_cpp_examples/src/simple_service_server.cpp:15:5:[m[K [01;31m[Kerror: [m[Kexpected ‘[01m[K;[m[K’ before ‘[01m[K}[m[K’ token
[6.343s]    15 |     [01;31m[K}[m[K
[6.343s]       |     [01;31m[K^[m[K
[6.350s] [01m[K/media/david/Storage/David/Research/Github/ROS/ROS2/src/bumperbot_cpp_examples/src/simple_service_server.cpp:[m[K In member function ‘[01m[Kvoid SimpleServiceServer::serviceCallback(std::shared_ptr<bumperbot_msgs::srv::AddTwoInts_Request_<std::allocator<void> > >, std::shared_ptr<bumperbot_msgs::srv::AddTwoInts_Response_<std::allocator<void> > >)[m[K’:
[6.351s] [01m[K/media/david/Storage/David/Research/Github/ROS/ROS2/src/bumperbot_cpp_examples/src/simple_service_server.cpp:24:16:[m[K [01;35m[Kwarning: [m[Kvalue computed is not used [[01;35m[K]8;;https://gcc.gnu.org/onlinedocs/gcc/Warning-Options.html#index-Wunused-value-Wunused-value]8;;[m[K]
[6.351s]    24 |         [01;35m[Kreq->a + req->b[m[K;
[6.352s]       |         [01;35m[K~~~~~~~^~~~~~~~[m[K
[7.438s] gmake[2]: *** [CMakeFiles/simple_service_server.dir/build.make:76: CMakeFiles/simple_service_server.dir/src/simple_service_server.cpp.o] Error 1
[7.440s] gmake[1]: *** [CMakeFiles/Makefile2:277: CMakeFiles/simple_service_server.dir/all] Error 2
[7.440s] gmake: *** [Makefile:146: all] Error 2
[7.444s] Invoked command in '/media/david/Storage/David/Research/Github/ROS/ROS2/build/bumperbot_cpp_examples' returned '2': AMENT_PREFIX_PATH=/media/david/Storage/David/Research/Github/ROS/ROS2/install/bumperbot_msgs:${AMENT_PREFIX_PATH} CMAKE_PREFIX_PATH=/media/david/Storage/David/Research/Github/ROS/ROS2/install/bumperbot_msgs:/opt/ros/humble LD_LIBRARY_PATH=/media/david/Storage/David/Research/Github/ROS/ROS2/install/bumperbot_msgs/lib:${LD_LIBRARY_PATH} PYTHONPATH=/media/david/Storage/David/Research/Github/ROS/ROS2/install/bumperbot_msgs/local/lib/python3.10/dist-packages:${PYTHONPATH} /usr/bin/cmake --build /media/david/Storage/David/Research/Github/ROS/ROS2/build/bumperbot_cpp_examples -- -j4 -l4
